magiclantern@debian-magiclantern:~/sauce/simplified/qemu-eos-build$ cd ..

magiclantern@debian-magiclantern:~/sauce/simplified$ ls

magiclantern_simplified  qemu-eos  qemu-eos-build

magiclantern@debian-magiclantern:~/sauce/simplified$ cd magiclantern_simplified/

magiclantern@debian-magiclantern:~/sauce/simplified/magiclantern_simplified$ ls

build_tools  doc       icons      Makefile            Makefile.setup            minimal    repo_rules.txt  TODO.txt

contrib      Doxyfile  include    Makefile.filerules  Makefile.setup.toolchain  modules    scripts

COPYING      doxygen   installer  Makefile.inc        Makefile.top              platform   src

data         features  logo.png   Makefile.obsolete   Makefile.user.default     README.md  tcc

magiclantern@debian-magiclantern:~/sauce/simplified/magiclantern_simplified$ sudo apt-get install zlib1g-dev libglib2.0 autoconf libtool libsdl-console flex bison libgtk2.0-dev mtools

Reading package lists... Done

Building dependency tree... Done

Reading state information... Done

Note, selecting 'libglib2.0-dev-bin' for regex 'libglib2.0'

Note, selecting 'libglib2.0-tests' for regex 'libglib2.0'

Note, selecting 'libglib2.0-bin' for regex 'libglib2.0'

Note, selecting 'libglib2.0-cil' for regex 'libglib2.0'

Note, selecting 'libglib2.0-dev' for regex 'libglib2.0'

Note, selecting 'libglib2.0-doc' for regex 'libglib2.0'

Note, selecting 'libglib2.0-cil-dev' for regex 'libglib2.0'

Note, selecting 'libglib2.0-data' for regex 'libglib2.0'

Note, selecting 'libglib2.0-0-dbg' for regex 'libglib2.0'

Note, selecting 'libglib2.0-0' for regex 'libglib2.0'

autoconf is already the newest version (2.69-14).

autoconf set to manually installed.

bison is already the newest version (2:3.7.5+dfsg-1).

flex is already the newest version (2.6.4-8).

libglib2.0-0 is already the newest version (2.66.8-1).

libglib2.0-0 set to manually installed.

libglib2.0-bin is already the newest version (2.66.8-1).

libglib2.0-bin set to manually installed.

libglib2.0-data is already the newest version (2.66.8-1).

libglib2.0-data set to manually installed.

libglib2.0-dev is already the newest version (2.66.8-1).

libglib2.0-dev set to manually installed.

libglib2.0-dev-bin is already the newest version (2.66.8-1).

libglib2.0-dev-bin set to manually installed.

libgtk2.0-dev is already the newest version (2.24.33-2).

libglib2.0-cil is already the newest version (2.12.40-3).

libglib2.0-cil set to manually installed.

libtool is already the newest version (2.4.6-15).

libtool set to manually installed.

zlib1g-dev is already the newest version (1:1.2.11.dfsg-2+deb11u2).

zlib1g-dev set to manually installed.

The following additional packages will be installed:

  libsdl-image1.2 libsdl1.2debian python3-dbusmock

Suggested packages:

  devhelp floppyd

The following NEW packages will be installed:

  libglib2.0-cil-dev libglib2.0-doc libglib2.0-tests libsdl-console libsdl-image1.2 libsdl1.2debian mtools python3-dbusmock

0 upgraded, 8 newly installed, 0 to remove and 0 not upgraded.

Need to get 3,728 kB of archives.

After this operation, 33.1 MB of additional disk space will be used.

Do you want to continue? [Y/n] y

Get:1 http://deb.debian.org/debian bullseye/main amd64 libglib2.0-cil-dev amd64 2.12.40-3 [143 kB]

Get:2 http://deb.debian.org/debian bullseye/main amd64 libglib2.0-doc all 2.66.8-1 [1,500 kB]

Get:3 http://deb.debian.org/debian bullseye/main amd64 python3-dbusmock all 0.22.0-1 [65.2 kB]

Get:4 http://deb.debian.org/debian bullseye/main amd64 libglib2.0-tests amd64 2.66.8-1 [1,577 kB]

Get:5 http://deb.debian.org/debian bullseye/main amd64 libsdl1.2debian amd64 1.2.15+dfsg2-6 [195 kB]

Get:6 http://deb.debian.org/debian bullseye/main amd64 libsdl-image1.2 amd64 1.2.12-12 [36.7 kB]

Get:7 http://deb.debian.org/debian bullseye/main amd64 libsdl-console amd64 2.1-6+b1 [15.4 kB]

Get:8 http://deb.debian.org/debian bullseye/main amd64 mtools amd64 4.0.26-1 [196 kB]

Fetched 3,728 kB in 4s (950 kB/s)

Selecting previously unselected package libglib2.0-cil-dev.

(Reading database ... 179063 files and directories currently installed.)

Preparing to unpack .../0-libglib2.0-cil-dev_2.12.40-3_amd64.deb ...

Unpacking libglib2.0-cil-dev (2.12.40-3) ...

Selecting previously unselected package libglib2.0-doc.

Preparing to unpack .../1-libglib2.0-doc_2.66.8-1_all.deb ...

Unpacking libglib2.0-doc (2.66.8-1) ...

Selecting previously unselected package python3-dbusmock.

Preparing to unpack .../2-python3-dbusmock_0.22.0-1_all.deb ...

Unpacking python3-dbusmock (0.22.0-1) ...

Selecting previously unselected package libglib2.0-tests.

Preparing to unpack .../3-libglib2.0-tests_2.66.8-1_amd64.deb ...

Unpacking libglib2.0-tests (2.66.8-1) ...

Selecting previously unselected package libsdl1.2debian:amd64.

Preparing to unpack .../4-libsdl1.2debian_1.2.15+dfsg2-6_amd64.deb ...

Unpacking libsdl1.2debian:amd64 (1.2.15+dfsg2-6) ...

Selecting previously unselected package libsdl-image1.2:amd64.

Preparing to unpack .../5-libsdl-image1.2_1.2.12-12_amd64.deb ...

Unpacking libsdl-image1.2:amd64 (1.2.12-12) ...

Selecting previously unselected package libsdl-console:amd64.

Preparing to unpack .../6-libsdl-console_2.1-6+b1_amd64.deb ...

Unpacking libsdl-console:amd64 (2.1-6+b1) ...

Selecting previously unselected package mtools.

Preparing to unpack .../7-mtools_4.0.26-1_amd64.deb ...

Unpacking mtools (4.0.26-1) ...

Setting up mtools (4.0.26-1) ...

Setting up libglib2.0-doc (2.66.8-1) ...

Setting up python3-dbusmock (0.22.0-1) ...

Setting up libsdl1.2debian:amd64 (1.2.15+dfsg2-6) ...

Setting up libglib2.0-tests (2.66.8-1) ...

Setting up libglib2.0-cil-dev (2.12.40-3) ...

Setting up libsdl-image1.2:amd64 (1.2.12-12) ...

Setting up libsdl-console:amd64 (2.1-6+b1) ...

Processing triggers for man-db (2.9.4-2) ...

Processing triggers for libc-bin (2.31-13+deb11u5) ...

magiclantern@debian-magiclantern:~/sauce/simplified/magiclantern_simplified$ sudo apt-get install libsdl-console-dev

Reading package lists... Done

Building dependency tree... Done

Reading state information... Done

The following additional packages will be installed:

  libasound2-dev libcaca-dev libdeflate-dev libglu1-mesa-dev libjbig-dev libjpeg-dev libjpeg62-turbo-dev liblzma-dev libpulse-dev

  libsdl-image1.2-dev libsdl1.2-dev libslang2-dev libtiff-dev libtiffxx5 libwebp-dev

Suggested packages:

  libasound2-doc liblzma-doc

The following NEW packages will be installed:

  libasound2-dev libcaca-dev libdeflate-dev libglu1-mesa-dev libjbig-dev libjpeg-dev libjpeg62-turbo-dev liblzma-dev libpulse-dev

  libsdl-console-dev libsdl-image1.2-dev libsdl1.2-dev libslang2-dev libtiff-dev libtiffxx5 libwebp-dev

0 upgraded, 16 newly installed, 0 to remove and 0 not upgraded.

Need to get 4,197 kB of archives.

After this operation, 15.1 MB of additional disk space will be used.

Do you want to continue? [Y/n] y

Get:1 http://deb.debian.org/debian bullseye/main amd64 libasound2-dev amd64 1.2.4-1.1 [126 kB]

Get:2 http://deb.debian.org/debian bullseye/main amd64 libslang2-dev amd64 2.3.2-5 [485 kB]

Get:3 http://deb.debian.org/debian bullseye/main amd64 libcaca-dev amd64 0.99.beta19-2.2 [893 kB]

Get:4 http://deb.debian.org/debian bullseye/main amd64 libdeflate-dev amd64 1.7-1 [46.9 kB]

Get:5 http://deb.debian.org/debian bullseye/main amd64 libglu1-mesa-dev amd64 9.0.1-1 [207 kB]

Get:6 http://deb.debian.org/debian bullseye/main amd64 libjbig-dev amd64 2.1-3.1+b2 [30.5 kB]

Get:7 http://deb.debian.org/debian bullseye/main amd64 libjpeg62-turbo-dev amd64 1:2.0.6-4 [278 kB]

Get:8 http://deb.debian.org/debian bullseye/main amd64 libjpeg-dev amd64 1:2.0.6-4 [67.8 kB]

Get:9 http://deb.debian.org/debian bullseye/main amd64 liblzma-dev amd64 5.2.5-2.1~deb11u1 [229 kB]

Get:10 http://deb.debian.org/debian bullseye/main amd64 libpulse-dev amd64 14.2-2 [104 kB]

Get:11 http://deb.debian.org/debian bullseye/main amd64 libsdl1.2-dev amd64 1.2.15+dfsg2-6 [730 kB]

Get:12 http://deb.debian.org/debian bullseye/main amd64 libtiffxx5 amd64 4.2.0-1+deb11u1 [128 kB]

Get:13 http://deb.debian.org/debian bullseye/main amd64 libtiff-dev amd64 4.2.0-1+deb11u1 [415 kB]

Get:14 http://deb.debian.org/debian bullseye/main amd64 libwebp-dev amd64 0.6.1-2.1 [341 kB]

Get:15 http://deb.debian.org/debian bullseye/main amd64 libsdl-image1.2-dev amd64 1.2.12-12 [41.2 kB]

Get:16 http://deb.debian.org/debian bullseye/main amd64 libsdl-console-dev amd64 2.1-6+b1 [74.0 kB]

Fetched 4,197 kB in 3s (1,205 kB/s)            

Selecting previously unselected package libasound2-dev:amd64.

(Reading database ... 180508 files and directories currently installed.)

Preparing to unpack .../00-libasound2-dev_1.2.4-1.1_amd64.deb ...

Unpacking libasound2-dev:amd64 (1.2.4-1.1) ...

Selecting previously unselected package libslang2-dev:amd64.

Preparing to unpack .../01-libslang2-dev_2.3.2-5_amd64.deb ...

Unpacking libslang2-dev:amd64 (2.3.2-5) ...

Selecting previously unselected package libcaca-dev.

Preparing to unpack .../02-libcaca-dev_0.99.beta19-2.2_amd64.deb ...

Unpacking libcaca-dev (0.99.beta19-2.2) ...

Selecting previously unselected package libdeflate-dev:amd64.

Preparing to unpack .../03-libdeflate-dev_1.7-1_amd64.deb ...

Unpacking libdeflate-dev:amd64 (1.7-1) ...

Selecting previously unselected package libglu1-mesa-dev:amd64.

Preparing to unpack .../04-libglu1-mesa-dev_9.0.1-1_amd64.deb ...

Unpacking libglu1-mesa-dev:amd64 (9.0.1-1) ...

Selecting previously unselected package libjbig-dev:amd64.

Preparing to unpack .../05-libjbig-dev_2.1-3.1+b2_amd64.deb ...

Unpacking libjbig-dev:amd64 (2.1-3.1+b2) ...

Selecting previously unselected package libjpeg62-turbo-dev:amd64.

Preparing to unpack .../06-libjpeg62-turbo-dev_1%3a2.0.6-4_amd64.deb ...

Unpacking libjpeg62-turbo-dev:amd64 (1:2.0.6-4) ...

Selecting previously unselected package libjpeg-dev:amd64.

Preparing to unpack .../07-libjpeg-dev_1%3a2.0.6-4_amd64.deb ...

Unpacking libjpeg-dev:amd64 (1:2.0.6-4) ...

Selecting previously unselected package liblzma-dev:amd64.

Preparing to unpack .../08-liblzma-dev_5.2.5-2.1~deb11u1_amd64.deb ...

Unpacking liblzma-dev:amd64 (5.2.5-2.1~deb11u1) ...

Selecting previously unselected package libpulse-dev:amd64.

Preparing to unpack .../09-libpulse-dev_14.2-2_amd64.deb ...

Unpacking libpulse-dev:amd64 (14.2-2) ...

Selecting previously unselected package libsdl1.2-dev.

Preparing to unpack .../10-libsdl1.2-dev_1.2.15+dfsg2-6_amd64.deb ...

Unpacking libsdl1.2-dev (1.2.15+dfsg2-6) ...

Selecting previously unselected package libtiffxx5:amd64.

Preparing to unpack .../11-libtiffxx5_4.2.0-1+deb11u1_amd64.deb ...

Unpacking libtiffxx5:amd64 (4.2.0-1+deb11u1) ...

Selecting previously unselected package libtiff-dev:amd64.

Preparing to unpack .../12-libtiff-dev_4.2.0-1+deb11u1_amd64.deb ...

Unpacking libtiff-dev:amd64 (4.2.0-1+deb11u1) ...

Selecting previously unselected package libwebp-dev:amd64.

Preparing to unpack .../13-libwebp-dev_0.6.1-2.1_amd64.deb ...

Unpacking libwebp-dev:amd64 (0.6.1-2.1) ...

Selecting previously unselected package libsdl-image1.2-dev:amd64.

Preparing to unpack .../14-libsdl-image1.2-dev_1.2.12-12_amd64.deb ...

Unpacking libsdl-image1.2-dev:amd64 (1.2.12-12) ...

Selecting previously unselected package libsdl-console-dev.

Preparing to unpack .../15-libsdl-console-dev_2.1-6+b1_amd64.deb ...

Unpacking libsdl-console-dev (2.1-6+b1) ...

Setting up libslang2-dev:amd64 (2.3.2-5) ...

Setting up libjbig-dev:amd64 (2.1-3.1+b2) ...

Setting up libwebp-dev:amd64 (0.6.1-2.1) ...

Setting up libjpeg62-turbo-dev:amd64 (1:2.0.6-4) ...

Setting up libglu1-mesa-dev:amd64 (9.0.1-1) ...

Setting up libpulse-dev:amd64 (14.2-2) ...

Setting up liblzma-dev:amd64 (5.2.5-2.1~deb11u1) ...

Setting up libasound2-dev:amd64 (1.2.4-1.1) ...

Setting up libcaca-dev (0.99.beta19-2.2) ...

Setting up libdeflate-dev:amd64 (1.7-1) ...

Setting up libtiffxx5:amd64 (4.2.0-1+deb11u1) ...

Setting up libjpeg-dev:amd64 (1:2.0.6-4) ...

Setting up libsdl1.2-dev (1.2.15+dfsg2-6) ...

Setting up libtiff-dev:amd64 (4.2.0-1+deb11u1) ...

Setting up libsdl-image1.2-dev:amd64 (1.2.12-12) ...

Setting up libsdl-console-dev (2.1-6+b1) ...

Processing triggers for man-db (2.9.4-2) ...

Processing triggers for libc-bin (2.31-13+deb11u5) ...

magiclantern@debian-magiclantern:~/sauce/simplified/magiclantern_simplified$ 

