Extracting templates from packages: 100%
Selecting previously unselected package libjs-jquery-hotkeys.
(Reading database ... 182667 files and directories currently installed.)
Preparing to unpack .../00-libjs-jquery-hotkeys_0~20130707+git2d51e3a9+dfsg-2.1_all.deb ...
Unpacking libjs-jquery-hotkeys (0~20130707+git2d51e3a9+dfsg-2.1) ...
Selecting previously unselected package dcraw.
Preparing to unpack .../01-dcraw_9.28-2_amd64.deb ...
Unpacking dcraw (9.28-2) ...
Selecting previously unselected package fotoxx-common.
Preparing to unpack .../02-fotoxx-common_20.08-2_all.deb ...
Unpacking fotoxx-common (20.08-2) ...
Selecting previously unselected package libimage-exiftool-perl.
Preparing to unpack .../03-libimage-exiftool-perl_12.16+dfsg-2_all.deb ...
Unpacking libimage-exiftool-perl (12.16+dfsg-2) ...
Selecting previously unselected package fotoxx.
Preparing to unpack .../04-fotoxx_20.08-2_amd64.deb ...
Unpacking fotoxx (20.08-2) ...
Selecting previously unselected package liberfa1:amd64.
Preparing to unpack .../05-liberfa1_1.7.2-1_amd64.deb ...
Unpacking liberfa1:amd64 (1.7.2-1) ...
Selecting previously unselected package libjs-jquery-datatables.
Preparing to unpack .../06-libjs-jquery-datatables_1.10.21+dfsg-2+deb11u1_all.deb ...
Unpacking libjs-jquery-datatables (1.10.21+dfsg-2+deb11u1) ...
Selecting previously unselected package libjs-jquery-isonscreen.
Preparing to unpack .../07-libjs-jquery-isonscreen_1.2.0-1.1_all.deb ...
Unpacking libjs-jquery-isonscreen (1.2.0-1.1) ...
Selecting previously unselected package libjs-jquery-metadata.
Preparing to unpack .../08-libjs-jquery-metadata_12-3_all.deb ...
Unpacking libjs-jquery-metadata (12-3) ...
Selecting previously unselected package libjs-jquery-tablesorter.
Preparing to unpack .../09-libjs-jquery-tablesorter_1%3a2.31.3+dfsg1-1_all.deb ...
Unpacking libjs-jquery-tablesorter (1:2.31.3+dfsg1-1) ...
Selecting previously unselected package libjs-jquery-throttle-debounce.
Preparing to unpack .../10-libjs-jquery-throttle-debounce_1.1+dfsg.1-1.1_all.deb ...
Unpacking libjs-jquery-throttle-debounce (1.1+dfsg.1-1.1) ...
Selecting previously unselected package liblbfgsb0:amd64.
Preparing to unpack .../11-liblbfgsb0_3.0+dfsg.3-9_amd64.deb ...
Unpacking liblbfgsb0:amd64 (3.0+dfsg.3-9) ...
Selecting previously unselected package libmime-charset-perl.
Preparing to unpack .../12-libmime-charset-perl_1.012.2-1_all.deb ...
Unpacking libmime-charset-perl (1.012.2-1) ...
Selecting previously unselected package libposix-strptime-perl.
Preparing to unpack .../13-libposix-strptime-perl_0.13-1+b7_amd64.deb ...
Unpacking libposix-strptime-perl (0.13-1+b7) ...
Selecting previously unselected package libsombok3:amd64.
Preparing to unpack .../14-libsombok3_2.4.0-2+b1_amd64.deb ...
Unpacking libsombok3:amd64 (2.4.0-2+b1) ...
Selecting previously unselected package libunicode-linebreak-perl.
Preparing to unpack .../15-libunicode-linebreak-perl_0.0.20190101-1+b3_amd64.deb ...
Unpacking libunicode-linebreak-perl (0.0.20190101-1+b3) ...
Selecting previously unselected package libwcs7:amd64.
Preparing to unpack .../16-libwcs7_7.4+ds-2_amd64.deb ...
Unpacking libwcs7:amd64 (7.4+ds-2) ...
Selecting previously unselected package montage-gridtools.
Preparing to unpack .../17-montage-gridtools_6.0+dfsg-7+b3_amd64.deb ...
Unpacking montage-gridtools (6.0+dfsg-7+b3) ...
Selecting previously unselected package python3-configobj.
Preparing to unpack .../18-python3-configobj_5.0.6-4_all.deb ...
Unpacking python3-configobj (5.0.6-4) ...
Selecting previously unselected package python3-sortedcontainers.
Preparing to unpack .../19-python3-sortedcontainers_2.1.0-2_all.deb ...
Unpacking python3-sortedcontainers (2.1.0-2) ...
Selecting previously unselected package python3-hypothesis.
Preparing to unpack .../20-python3-hypothesis_5.43.3-1_all.deb ...
Unpacking python3-hypothesis (5.43.3-1) ...
Selecting previously unselected package python3-numpy.
Preparing to unpack .../21-python3-numpy_1%3a1.19.5-1_amd64.deb ...
Unpacking python3-numpy (1:1.19.5-1) ...
Selecting previously unselected package python3-pytest-arraydiff.
Preparing to unpack .../22-python3-pytest-arraydiff_0.3-1_all.deb ...
Unpacking python3-pytest-arraydiff (0.3-1) ...
Selecting previously unselected package python3-pytest-astropy-header.
Preparing to unpack .../23-python3-pytest-astropy-header_0.1.2-3_all.deb ...
Unpacking python3-pytest-astropy-header (0.1.2-3) ...
Selecting previously unselected package python3-coverage.
Preparing to unpack .../24-python3-coverage_5.1+dfsg.1-2+b2_amd64.deb ...
Unpacking python3-coverage (5.1+dfsg.1-2+b2) ...
Selecting previously unselected package python3-nose2.
Preparing to unpack .../25-python3-nose2_0.9.2-1_all.deb ...
Unpacking python3-nose2 (0.9.2-1) ...
Selecting previously unselected package python3-cov-core.
Preparing to unpack .../26-python3-cov-core_1.15.0-3_all.deb ...
Unpacking python3-cov-core (1.15.0-3) ...
Selecting previously unselected package python3-pytest-cov.
Preparing to unpack .../27-python3-pytest-cov_2.10.1-1_all.deb ...
Unpacking python3-pytest-cov (2.10.1-1) ...
Selecting previously unselected package python3-pytest-doctestplus.
Preparing to unpack .../28-python3-pytest-doctestplus_0.9.0-1_all.deb ...
Unpacking python3-pytest-doctestplus (0.9.0-1) ...
Selecting previously unselected package python3-pytest-filter-subpackage.
Preparing to unpack .../29-python3-pytest-filter-subpackage_0.1.1-3_all.deb ...
Unpacking python3-pytest-filter-subpackage (0.1.1-3) ...
Selecting previously unselected package python3-psutil.
Preparing to unpack .../30-python3-psutil_5.8.0-1_amd64.deb ...
Unpacking python3-psutil (5.8.0-1) ...
Selecting previously unselected package python3-pytest-openfiles.
Preparing to unpack .../31-python3-pytest-openfiles_0.5.0-2_all.deb ...
Unpacking python3-pytest-openfiles (0.5.0-2) ...
Selecting previously unselected package python3-pytest-remotedata.
Preparing to unpack .../32-python3-pytest-remotedata_0.3.2-1_all.deb ...
Unpacking python3-pytest-remotedata (0.3.2-1) ...
Selecting previously unselected package python3-pytest-astropy.
Preparing to unpack .../33-python3-pytest-astropy_0.8.0-1_all.deb ...
Unpacking python3-pytest-astropy (0.8.0-1) ...
Selecting previously unselected package python3-ply.
Preparing to unpack .../34-python3-ply_3.11-4_all.deb ...
Unpacking python3-ply (3.11-4) ...
Selecting previously unselected package python3-erfa.
Preparing to unpack .../35-python3-erfa_1.7.2+ds-1_amd64.deb ...
Unpacking python3-erfa (1.7.2+ds-1) ...
Selecting previously unselected package python3-astropy.
Preparing to unpack .../36-python3-astropy_4.2-6_amd64.deb ...
Unpacking python3-astropy (4.2-6) ...
Selecting previously unselected package python3-decorator.
Preparing to unpack .../37-python3-decorator_4.4.2-2_all.deb ...
Unpacking python3-decorator (4.4.2-2) ...
Selecting previously unselected package python3-montage-wrapper.
Preparing to unpack .../38-python3-montage-wrapper_0.9.9-4_all.deb ...
Unpacking python3-montage-wrapper (0.9.9-4) ...
Selecting previously unselected package python3-montagepy.
Preparing to unpack .../39-python3-montagepy_6.0+dfsg-7+b3_amd64.deb ...
Unpacking python3-montagepy (6.0+dfsg-7+b3) ...
Selecting previously unselected package python3-scipy.
Preparing to unpack .../40-python3-scipy_1.6.0-2_amd64.deb ...
Unpacking python3-scipy (1.6.0-2) ...
Setting up liberfa1:amd64 (1.7.2-1) ...
Setting up libwcs7:amd64 (7.4+ds-2) ...
Setting up montage-gridtools (6.0+dfsg-7+b3) ...
Setting up libsombok3:amd64 (2.4.0-2+b1) ...
Setting up python3-ply (3.11-4) ...
Setting up dcraw (9.28-2) ...
Setting up python3-coverage (5.1+dfsg.1-2+b2) ...
Setting up python3-nose2 (0.9.2-1) ...
Setting up python3-sortedcontainers (2.1.0-2) ...
Setting up libjs-jquery-throttle-debounce (1.1+dfsg.1-1.1) ...
Setting up python3-montagepy (6.0+dfsg-7+b3) ...
Setting up libimage-exiftool-perl (12.16+dfsg-2) ...
Setting up python3-psutil (5.8.0-1) ...
Setting up libjs-jquery-datatables (1.10.21+dfsg-2+deb11u1) ...
Setting up fotoxx-common (20.08-2) ...
Setting up python3-decorator (4.4.2-2) ...
Setting up python3-configobj (5.0.6-4) ...
Setting up libposix-strptime-perl (0.13-1+b7) ...
Setting up libjs-jquery-metadata (12-3) ...
Setting up libjs-jquery-isonscreen (1.2.0-1.1) ...
Setting up python3-pytest-remotedata (0.3.2-1) ...
Setting up python3-numpy (1:1.19.5-1) ...
Setting up python3-pytest-doctestplus (0.9.0-1) ...
Setting up libjs-jquery-tablesorter (1:2.31.3+dfsg1-1) ...
Setting up libmime-charset-perl (1.012.2-1) ...
Setting up python3-pytest-openfiles (0.5.0-2) ...
Setting up python3-pytest-filter-subpackage (0.1.1-3) ...
Setting up libjs-jquery-hotkeys (0~20130707+git2d51e3a9+dfsg-2.1) ...
Setting up python3-pytest-astropy-header (0.1.2-3) ...
Setting up liblbfgsb0:amd64 (3.0+dfsg.3-9) ...
Setting up fotoxx (20.08-2) ...
Setting up python3-scipy (1.6.0-2) ...
Setting up python3-cov-core (1.15.0-3) ...
Setting up python3-hypothesis (5.43.3-1) ...
Setting up python3-pytest-cov (2.10.1-1) ...
Setting up python3-pytest-arraydiff (0.3-1) ...
Setting up python3-erfa (1.7.2+ds-1) ...
Setting up libunicode-linebreak-perl (0.0.20190101-1+b3) ...
Setting up python3-pytest-astropy (0.8.0-1) ...
Setting up python3-astropy (4.2-6) ...
Setting up python3-montage-wrapper (0.9.9-4) ...
Processing triggers for libc-bin (2.31-13+deb11u5) ...
Processing triggers for man-db (2.9.4-2) ...
Processing triggers for mailcap (3.69) ...
Processing triggers for desktop-file-utils (0.26-1) ...
Processing triggers for gnome-menus (3.36.0-1) ...

Selecting previously unselected package libheif1:amd64.
(Reading database ... 188107 files and directories currently installed.)
Preparing to unpack .../00-libheif1_1.11.0-1_amd64.deb ...
Unpacking libheif1:amd64 (1.11.0-1) ...
Selecting previously unselected package liblqr-1-0:amd64.
Preparing to unpack .../01-liblqr-1-0_0.4.2-2.1_amd64.deb ...
Unpacking liblqr-1-0:amd64 (0.4.2-2.1) ...
Selecting previously unselected package imagemagick-6-common.
Preparing to unpack .../02-imagemagick-6-common_8%3a6.9.11.60+dfsg-1.3_all.deb ...
Unpacking imagemagick-6-common (8:6.9.11.60+dfsg-1.3) ...
Selecting previously unselected package libmagickcore-6.q16-6:amd64.
Preparing to unpack .../03-libmagickcore-6.q16-6_8%3a6.9.11.60+dfsg-1.3_amd64.deb ...
Unpacking libmagickcore-6.q16-6:amd64 (8:6.9.11.60+dfsg-1.3) ...
Selecting previously unselected package libmagickwand-6.q16-6:amd64.
Preparing to unpack .../04-libmagickwand-6.q16-6_8%3a6.9.11.60+dfsg-1.3_amd64.deb ...
Unpacking libmagickwand-6.q16-6:amd64 (8:6.9.11.60+dfsg-1.3) ...
Selecting previously unselected package gsfonts.
Preparing to unpack .../05-gsfonts_1%3a8.11+urwcyr1.0.7~pre44-4.5_all.deb ...
Unpacking gsfonts (1:8.11+urwcyr1.0.7~pre44-4.5) ...
Selecting previously unselected package imagemagick-6.q16.
Preparing to unpack .../06-imagemagick-6.q16_8%3a6.9.11.60+dfsg-1.3_amd64.deb ...
Unpacking imagemagick-6.q16 (8:6.9.11.60+dfsg-1.3) ...
Selecting previously unselected package imagemagick.
Preparing to unpack .../07-imagemagick_8%3a6.9.11.60+dfsg-1.3_amd64.deb ...
Unpacking imagemagick (8:6.9.11.60+dfsg-1.3) ...
Selecting previously unselected package libjxr0:amd64.
Preparing to unpack .../08-libjxr0_1.1-6+b1_amd64.deb ...
Unpacking libjxr0:amd64 (1.1-6+b1) ...
Selecting previously unselected package libjxr-tools.
Preparing to unpack .../09-libjxr-tools_1.1-6+b1_amd64.deb ...
Unpacking libjxr-tools (1.1-6+b1) ...
Selecting previously unselected package libwmf0.2-7:amd64.
Preparing to unpack .../10-libwmf0.2-7_0.2.8.4-17_amd64.deb ...
Unpacking libwmf0.2-7:amd64 (0.2.8.4-17) ...
Selecting previously unselected package libmagickcore-6.q16-6-extra:amd64.
Preparing to unpack .../11-libmagickcore-6.q16-6-extra_8%3a6.9.11.60+dfsg-1.3_amd64.deb ...
Unpacking libmagickcore-6.q16-6-extra:amd64 (8:6.9.11.60+dfsg-1.3) ...
Selecting previously unselected package libnetpbm10.
Preparing to unpack .../12-libnetpbm10_2%3a10.0-15.4_amd64.deb ...
Unpacking libnetpbm10 (2:10.0-15.4) ...
Selecting previously unselected package netpbm.
Preparing to unpack .../13-netpbm_2%3a10.0-15.4_amd64.deb ...
Unpacking netpbm (2:10.0-15.4) ...
Setting up imagemagick-6-common (8:6.9.11.60+dfsg-1.3) ...
Setting up libwmf0.2-7:amd64 (0.2.8.4-17) ...
Setting up libjxr0:amd64 (1.1-6+b1) ...
Setting up libheif1:amd64 (1.11.0-1) ...
Setting up libnetpbm10 (2:10.0-15.4) ...
Setting up gsfonts (1:8.11+urwcyr1.0.7~pre44-4.5) ...
Setting up netpbm (2:10.0-15.4) ...
Setting up liblqr-1-0:amd64 (0.4.2-2.1) ...
Setting up libjxr-tools (1.1-6+b1) ...
Setting up libmagickcore-6.q16-6:amd64 (8:6.9.11.60+dfsg-1.3) ...
Setting up libmagickwand-6.q16-6:amd64 (8:6.9.11.60+dfsg-1.3) ...
Setting up libmagickcore-6.q16-6-extra:amd64 (8:6.9.11.60+dfsg-1.3) ...
Setting up imagemagick-6.q16 (8:6.9.11.60+dfsg-1.3) ...
update-alternatives: using /usr/bin/compare-im6.q16 to provide /usr/bin/compare (compare) in auto mode
update-alternatives: using /usr/bin/compare-im6.q16 to provide /usr/bin/compare-im6 (compare-im6) in auto mode
update-alternatives: using /usr/bin/animate-im6.q16 to provide /usr/bin/animate (animate) in auto mode
update-alternatives: using /usr/bin/animate-im6.q16 to provide /usr/bin/animate-im6 (animate-im6) in auto mode
update-alternatives: using /usr/bin/convert-im6.q16 to provide /usr/bin/convert (convert) in auto mode
update-alternatives: using /usr/bin/convert-im6.q16 to provide /usr/bin/convert-im6 (convert-im6) in auto mode
update-alternatives: using /usr/bin/composite-im6.q16 to provide /usr/bin/composite (composite) in auto mode
update-alternatives: using /usr/bin/composite-im6.q16 to provide /usr/bin/composite-im6 (composite-im6) in auto mode
update-alternatives: using /usr/bin/conjure-im6.q16 to provide /usr/bin/conjure (conjure) in auto mode
update-alternatives: using /usr/bin/conjure-im6.q16 to provide /usr/bin/conjure-im6 (conjure-im6) in auto mode
update-alternatives: using /usr/bin/import-im6.q16 to provide /usr/bin/import (import) in auto mode
update-alternatives: using /usr/bin/import-im6.q16 to provide /usr/bin/import-im6 (import-im6) in auto mode
update-alternatives: using /usr/bin/identify-im6.q16 to provide /usr/bin/identify (identify) in auto mode
update-alternatives: using /usr/bin/identify-im6.q16 to provide /usr/bin/identify-im6 (identify-im6) in auto mode
update-alternatives: using /usr/bin/stream-im6.q16 to provide /usr/bin/stream (stream) in auto mode
update-alternatives: using /usr/bin/stream-im6.q16 to provide /usr/bin/stream-im6 (stream-im6) in auto mode
update-alternatives: using /usr/bin/display-im6.q16 to provide /usr/bin/display (display) in auto mode
update-alternatives: using /usr/bin/display-im6.q16 to provide /usr/bin/display-im6 (display-im6) in auto mode
update-alternatives: using /usr/bin/montage-im6.q16 to provide /usr/bin/montage (montage) in auto mode
update-alternatives: using /usr/bin/montage-im6.q16 to provide /usr/bin/montage-im6 (montage-im6) in auto mode
update-alternatives: using /usr/bin/mogrify-im6.q16 to provide /usr/bin/mogrify (mogrify) in auto mode
update-alternatives: using /usr/bin/mogrify-im6.q16 to provide /usr/bin/mogrify-im6 (mogrify-im6) in auto mode
Setting up imagemagick (8:6.9.11.60+dfsg-1.3) ...
Processing triggers for fontconfig (2.13.1-4.2) ...
Processing triggers for desktop-file-utils (0.26-1) ...
Processing triggers for hicolor-icon-theme (0.17-2) ...
Processing triggers for gnome-menus (3.36.0-1) ...
Processing triggers for libc-bin (2.31-13+deb11u5) ...
Processing triggers for man-db (2.9.4-2) ...
Processing triggers for mailcap (3.69) ...

==========================================

magiclantern@debian-magiclantern:~$ montage

bash: montage: command not found

magiclantern@debian-magiclantern:~$ sudo apt install montage -y

[sudo] password for magiclantern: 

Reading package lists... Done

Building dependency tree... Done

Reading state information... Done

montage is already the newest version (6.0+dfsg-7+b3).

0 upgraded, 0 newly installed, 0 to remove and 0 not upgraded.

magiclantern@debian-magiclantern:~$ echo maybe install imagemagick?

maybe install imagemagick?

magiclantern@debian-magiclantern:~$ echo and stuff...

and stuff...

magiclantern@debian-magiclantern:~$ montage

Version: ImageMagick 6.9.11-60 Q16 x86_64 2021-01-25 https://imagemagick.org

Copyright: (C) 1999-2021 ImageMagick Studio LLC

License: https://imagemagick.org/script/license.php

Features: Cipher DPC Modules OpenMP(4.5) 

Delegates (built-in): bzlib djvu fftw fontconfig freetype heic jbig jng jp2 jpeg lcms lqr ltdl lzma openexr pangocairo png tiff webp wmf x xml zlib

Usage: montage-im6.q16 [options ...] file [ [options ...] file ...] file



Image Settings:

  -adjoin              join images into a single multi-image file

  -affine matrix       affine transform matrix

  -alpha option        on, activate, off, deactivate, set, opaque, copy

                       transparent, extract, background, or shape

  -authenticate password

                       decipher image with this password

  -blue-primary point  chromaticity blue primary point

  -bordercolor color   border color

  -caption string      assign a caption to an image

  -channel type        apply option to select image channels

  -colors value        preferred number of colors in the image

  -colorspace type     alternate image colorsapce

  -comment string      annotate image with comment

  -compose operator    composite operator

  -compress type       type of pixel compression when writing the image

  -define format:option

                       define one or more image format options

  -delay value         display the next image after pausing

  -density geometry    horizontal and vertical density of the image

  -depth value         image depth

  -display server      query font from this X server

  -dispose method      layer disposal method

  -dither method       apply error diffusion to image

  -draw string         annotate the image with a graphic primitive

  -encoding type       text encoding type

  -endian type         endianness (MSB or LSB) of the image

  -extract geometry    extract area from image

  -fill color          color to use when filling a graphic primitive

  -filter type         use this filter when resizing an image

  -font name           render text with this font

  -format "string"     output formatted image characteristics

  -gamma value         level of gamma correction

  -geometry geometry   preferred tile and border sizes

  -gravity direction   which direction to gravitate towards

  -green-primary point chromaticity green primary point

  -identify            identify the format and characteristics of the image

  -interlace type      type of image interlacing scheme

  -interpolate method  pixel color interpolation method

  -kerning value       set the space between two letters

  -label string        assign a label to an image

  -limit type value    pixel cache resource limit

  -matte               store matte channel if the image has one

  -mattecolor color    frame color

  -mode type           framing style

  -monitor             monitor progress

  -origin geometry     image origin

  -page geometry       size and location of an image canvas (setting)

  -pointsize value     font point size

  -profile filename    add, delete, or apply an image profile

  -quality value       JPEG/MIFF/PNG compression level

  -quantize colorspace reduce colors in this colorspace

  -quiet               suppress all warning messages

  -red-primary point   chromaticity red primary point

  -regard-warnings     pay attention to warning messages

  -repage geometry     size and location of an image canvas (operator)

  -respect-parentheses settings remain in effect until parenthesis boundary

  -sampling-factor geometry

                       horizontal and vertical sampling factor

  -scenes range        image scene range

  -seed value          seed a new sequence of pseudo-random numbers

  -set attribute value set an image attribute

  -shadow              add a shadow beneath a tile to simulate depth

  -size geometry       width and height of image

  -stroke color        color to use when stroking a graphic primitive

  -support factor      resize support: > 1.0 is blurry, < 1.0 is sharp

  -synchronize         synchronize image to storage device

  -taint               declare the image as modified

  -texture filename    name of texture to tile onto the image background

  -thumbnail geometry  create a thumbnail of the image

  -tile geometry       number of tiles per row and column

  -title string        decorate the montage image with a title

  -transparent-color color

                       transparent color

  -treedepth value     color tree depth

  -trim                trim image edges

  -units type          the units of image resolution

  -verbose             print detailed information about the image

  -virtual-pixel method

                       virtual pixel access method

  -white-point point   chromaticity white point



Image Operators:

  -adaptive-sharpen geometry

                       adaptively sharpen pixels; increase effect near edges

  -annotate geometry text

                       annotate the image with text

  -auto-orient         automagically orient image

  -blur geometry      reduce image noise and reduce detail levels

  -border geometry     surround image with a border of color

  -crop geometry       preferred size and location of the cropped image

  -extent geometry     set the image size

  -flatten             flatten a sequence of images

  -flip                flip image in the vertical direction

  -flop                flop image in the horizontal direction

  -frame geometry      surround image with an ornamental border

  -layers method       optimize, merge, or compare image layers

  -monochrome          transform image to black and white

  -polaroid angle      simulate a Polaroid picture

  -resize geometry     resize the image

  -rotate degrees      apply Paeth rotation to the image

  -scale geometry      scale the image

  -strip               strip image of all profiles and comments

  -transform           affine transform image

  -transpose           flip image vertically and rotate 90 degrees

  -transparent color   make this color transparent within the image

  -type type           image type

  -unsharp geometry    sharpen the image



Image Sequence Operators:

  -coalesce            merge a sequence of images

  -composite           composite image



Image Stack Operators:

  -clone indexes       clone an image

  -delete indexes      delete the image from the image sequence

  -duplicate count,indexes

                       duplicate an image one or more times

  -insert index        insert last image into the image sequence

  -reverse             reverse image sequence

  -swap indexes        swap two images in the image sequence



Miscellaneous Options:

  -debug events        display copious debugging information

  -help                print program options

  -list type           print a list of supported option arguments

  -log format          format of debugging information

  -version             print version information



In addition to those listed above, you can specify these standard X

resources as command line options:  -background, -bordercolor,

-borderwidth, -font, -mattecolor, or -title



By default, the image format of `file' is determined by its magic

number.  To specify a particular image format, precede the filename

with an image format name and a colon (i.e. ps:image) or specify the

image type as the filename suffix (i.e. image.ps).  Specify 'file' as

'-' for standard input or output.

magiclantern@debian-magiclantern:~$ echo FINALLYYY!!!

echo FINALLYYYmontage!

FINALLYYYmontage!

magiclantern@debian-magiclantern:~$ ^C

magiclantern@debian-magiclantern:~$ 

