magiclantern@debian-magiclantern:~$ cd sauce/simplified/magiclantern_simplified/

magiclantern@debian-magiclantern:~/sauce/simplified/magiclantern_simplified$ ls

build_tools  icons               Makefile.setup            repo_rules.txt

contrib      include             Makefile.setup.toolchain  scripts

COPYING      installer           Makefile.top              src

data         logo.png            Makefile.user.default     tcc

doc          Makefile            minimal                   TODO.txt

Doxyfile     Makefile.filerules  modules

doxygen      Makefile.inc        platform

features     Makefile.obsolete   README.md

magiclantern@debian-magiclantern:~/sauce/simplified/magiclantern_simplified$ cd platform/1100D.105/

magiclantern@debian-magiclantern:~/sauce/simplified/magiclantern_simplified/platform/1100D.105$ ls

cfn.c       gui.h        Makefile                   ML-SETUP.FIR

consts.h    include      Makefile.platform.default  stubs.S

features.h  internals.h  Makefile.setup.default

magiclantern@debian-magiclantern:~/sauce/simplified/magiclantern_simplified/platform/1100D.105$ make clean

Using /usr/bin/arm-none-eabi-gcc (from PATH).

[ RM       ]   *.o *.d autoexec autoexec.bin magiclantern magiclantern.bin

[ RM       ]   t3_105.sym magiclantern.sym

[ RM       ]   magiclantern.bin autoexec autoexec.map location.map tmp.lds

[ RM       ]   autoexec-fir autoexec-fir.bin

[ RM       ]   magiclantern.lds

[ RM       ]   dietlibc.a newlib-libc.a newlib-libm.a gcc-libgcc.a

[ RM       ]   version.c version.bin

[ RM       ]   xor_chk xor_chk.exe

[ RM dir   ]   zip

[ RM       ]   *.zip

[ RM       ]   sd.qcow2 cf.qcow2 guestmount.pid

magiclantern@debian-magiclantern:~/sauce/simplified/magiclantern_simplified/platform/1100D.105$ make docq

Using /usr/bin/arm-none-eabi-gcc (from PATH).

cd ../../doc && RST2LATEX=rst2latex.py python2 mkdoc.py

sh: 1: pandoc: not found

make: *** [../../Makefile.inc:58: docq] Error 1

magiclantern@debian-magiclantern:~/sauce/simplified/magiclantern_simplified/platform/1100D.105$ sudo apt install pandoc -y

Reading package lists... Done

Building dependency tree... Done

Reading state information... Done

The following additional packages will be installed:

  libcmark-gfm-extensions0 libcmark-gfm0 pandoc-data

Suggested packages:

  texlive-latex-recommended texlive-xetex texlive-luatex pandoc-citeproc

  texlive-latex-extra context wkhtmltopdf librsvg2-bin groff ghc nodejs php

  python ruby r-base-core libjs-mathjax node-katex

  citation-style-language-styles

The following NEW packages will be installed:

  libcmark-gfm-extensions0 libcmark-gfm0 pandoc pandoc-data

0 upgraded, 4 newly installed, 0 to remove and 0 not upgraded.

Need to get 19.0 MB of archives.

After this operation, 157 MB of additional disk space will be used.

Get:1 http://deb.debian.org/debian bullseye/main amd64 libcmark-gfm0 amd64 0.29.0.gfm.0-6 [117 kB]

Get:2 http://deb.debian.org/debian bullseye/main amd64 libcmark-gfm-extensions0 amd64 0.29.0.gfm.0-6 [46.1 kB]

Get:3 http://deb.debian.org/debian bullseye/main amd64 pandoc-data all 2.9.2.1-1 [376 kB]

Get:4 http://deb.debian.org/debian bullseye/main amd64 pandoc amd64 2.9.2.1-1+b1 [18.5 MB]

Fetched 19.0 MB in 10s (1,902 kB/s)                                                                                                                     

Selecting previously unselected package libcmark-gfm0:amd64.

(Reading database ... 189124 files and directories currently installed.)

Preparing to unpack .../libcmark-gfm0_0.29.0.gfm.0-6_amd64.deb ...

Unpacking libcmark-gfm0:amd64 (0.29.0.gfm.0-6) ...

Selecting previously unselected package libcmark-gfm-extensions0:amd64.

Preparing to unpack .../libcmark-gfm-extensions0_0.29.0.gfm.0-6_amd64.deb ...

Unpacking libcmark-gfm-extensions0:amd64 (0.29.0.gfm.0-6) ...

Selecting previously unselected package pandoc-data.

Preparing to unpack .../pandoc-data_2.9.2.1-1_all.deb ...

Unpacking pandoc-data (2.9.2.1-1) ...

Selecting previously unselected package pandoc.

Preparing to unpack .../pandoc_2.9.2.1-1+b1_amd64.deb ...

Unpacking pandoc (2.9.2.1-1+b1) ...

Setting up libcmark-gfm0:amd64 (0.29.0.gfm.0-6) ...

Setting up pandoc-data (2.9.2.1-1) ...

Setting up libcmark-gfm-extensions0:amd64 (0.29.0.gfm.0-6) ...

Setting up pandoc (2.9.2.1-1+b1) ...

Processing triggers for man-db (2.9.4-2) ...

Processing triggers for libc-bin (2.31-13+deb11u5) ...

magiclantern@debian-magiclantern:~/sauce/simplified/magiclantern_simplified/platform/1100D.105$ make clean

Using /usr/bin/arm-none-eabi-gcc (from PATH).

[ RM       ]   *.o *.d autoexec autoexec.bin magiclantern magiclantern.bin

[ RM       ]   t3_105.sym magiclantern.sym

[ RM       ]   magiclantern.bin autoexec autoexec.map location.map tmp.lds

[ RM       ]   autoexec-fir autoexec-fir.bin

[ RM       ]   magiclantern.lds

[ RM       ]   dietlibc.a newlib-libc.a newlib-libm.a gcc-libgcc.a

[ RM       ]   version.c version.bin

[ RM       ]   xor_chk xor_chk.exe

[ RM dir   ]   zip

[ RM       ]   *.zip

[ RM       ]   sd.qcow2 cf.qcow2 guestmount.pid

magiclantern@debian-magiclantern:~/sauce/simplified/magiclantern_simplified/platform/1100D.105$ make docq

Using /usr/bin/arm-none-eabi-gcc (from PATH).

cd ../../doc && RST2LATEX=rst2latex.py python2 mkdoc.py

[[Focus distance]]

[[Cropmarks]]

[[External Recorders]]

[[Unbricking]]

[[install]]

[[HDMI recorder]]

sh: 1: rst2latex.py: not found

make: *** [../../Makefile.inc:58: docq] Error 1

magiclantern@debian-magiclantern:~/sauce/simplified/magiclantern_simplified/platform/1100D.105$ sudo apt install rst2latex -y

Reading package lists... Done

Building dependency tree... Done

Reading state information... Done

E: Unable to locate package rst2latex

magiclantern@debian-magiclantern:~/sauce/simplified/magiclantern_simplified/platform/1100D.105$ sudo apt install rst2html -y

Reading package lists... Done

Building dependency tree... Done

Reading state information... Done

E: Unable to locate package rst2html

magiclantern@debian-magiclantern:~/sauce/simplified/magiclantern_simplified/platform/1100D.105$ echo synaptic again pls & maybe shall pip these all..

[1] 25591

synaptic again pls

bash: maybe: command not found

[1]+  Done                    echo synaptic again pls

magiclantern@debian-magiclantern:~/sauce/simplified/magiclantern_simplified/platform/1100D.105$ echo synaptic again pls and maybe shall pip these all..

synaptic again pls and maybe shall pip these all..

magiclantern@debian-magiclantern:~/sauce/simplified/magiclantern_simplified/platform/1100D.105$ 

Extracting templates from packages: 100%
Selecting previously unselected package libtbb2:amd64.
(Reading database ... 189358 files and directories currently installed.)
Preparing to unpack .../00-libtbb2_2020.3-1_amd64.deb ...
Unpacking libtbb2:amd64 (2020.3-1) ...
Selecting previously unselected package bowtie2.
Preparing to unpack .../01-bowtie2_2.4.2-2+b3_amd64.deb ...
Unpacking bowtie2 (2.4.2-2+b3) ...
Selecting previously unselected package bzip2-doc.
Preparing to unpack .../02-bzip2-doc_1.0.8-4_all.deb ...
Unpacking bzip2-doc (1.0.8-4) ...
Selecting previously unselected package cd-hit.
Preparing to unpack .../03-cd-hit_4.8.1-3_amd64.deb ...
Unpacking cd-hit (4.8.1-3) ...
Selecting previously unselected package libgfortran-10-dev:amd64.
Preparing to unpack .../04-libgfortran-10-dev_10.2.1-6_amd64.deb ...
Unpacking libgfortran-10-dev:amd64 (10.2.1-6) ...
Selecting previously unselected package gfortran-10.
Preparing to unpack .../05-gfortran-10_10.2.1-6_amd64.deb ...
Unpacking gfortran-10 (10.2.1-6) ...
Selecting previously unselected package gfortran.
Preparing to unpack .../06-gfortran_4%3a10.2.1-1_amd64.deb ...
Unpacking gfortran (4:10.2.1-1) ...
Selecting previously unselected package libblas-dev:amd64.
Preparing to unpack .../07-libblas-dev_3.9.0-3_amd64.deb ...
Unpacking libblas-dev:amd64 (3.9.0-3) ...
Selecting previously unselected package libbz2-dev:amd64.
Preparing to unpack .../08-libbz2-dev_1.0.8-4_amd64.deb ...
Unpacking libbz2-dev:amd64 (1.0.8-4) ...
Selecting previously unselected package libhts3:amd64.
Preparing to unpack .../09-libhts3_1.11-4_amd64.deb ...
Unpacking libhts3:amd64 (1.11-4) ...
Selecting previously unselected package liblapack-dev:amd64.
Preparing to unpack .../10-liblapack-dev_3.9.0-3_amd64.deb ...
Unpacking liblapack-dev:amd64 (3.9.0-3) ...
Selecting previously unselected package libncurses-dev:amd64.
Preparing to unpack .../11-libncurses-dev_6.2+20201114-2_amd64.deb ...
Unpacking libncurses-dev:amd64 (6.2+20201114-2) ...
Selecting previously unselected package libncurses5-dev:amd64.
Preparing to unpack .../12-libncurses5-dev_6.2+20201114-2_amd64.deb ...
Unpacking libncurses5-dev:amd64 (6.2+20201114-2) ...
Selecting previously unselected package libreadline-dev:amd64.
Preparing to unpack .../13-libreadline-dev_8.1-1_amd64.deb ...
Unpacking libreadline-dev:amd64 (8.1-1) ...
Selecting previously unselected package ncbi-data.
Preparing to unpack .../14-ncbi-data_6.1.20170106+dfsg1-9_all.deb ...
Unpacking ncbi-data (6.1.20170106+dfsg1-9) ...
Selecting previously unselected package ncbi-blast+.
Preparing to unpack .../15-ncbi-blast+_2.11.0+ds-1_amd64.deb ...
Unpacking ncbi-blast+ (2.11.0+ds-1) ...
Selecting previously unselected package python-biopython-doc.
Preparing to unpack .../16-python-biopython-doc_1.78+dfsg-4_all.deb ...
Unpacking python-biopython-doc (1.78+dfsg-4) ...
Selecting previously unselected package python3-reportlab-accel:amd64.
Preparing to unpack .../17-python3-reportlab-accel_3.5.59-2_amd64.deb ...
Unpacking python3-reportlab-accel:amd64 (3.5.59-2) ...
Selecting previously unselected package python3-reportlab.
Preparing to unpack .../18-python3-reportlab_3.5.59-2_all.deb ...
Unpacking python3-reportlab (3.5.59-2) ...
Selecting previously unselected package python3-biopython.
Preparing to unpack .../19-python3-biopython_1.78+dfsg-4_amd64.deb ...
Unpacking python3-biopython (1.78+dfsg-4) ...
Selecting previously unselected package python3-jinja2.
Preparing to unpack .../20-python3-jinja2_2.11.3-1_all.deb ...
Unpacking python3-jinja2 (2.11.3-1) ...
Selecting previously unselected package python3-renderpm:amd64.
Preparing to unpack .../21-python3-renderpm_3.5.59-2_amd64.deb ...
Unpacking python3-renderpm:amd64 (3.5.59-2) ...
Selecting previously unselected package python3-tzlocal.
Preparing to unpack .../22-python3-tzlocal_2.1-1_all.deb ...
Unpacking python3-tzlocal (2.1-1) ...
Selecting previously unselected package r-base-core.
Preparing to unpack .../23-r-base-core_4.0.4-1_amd64.deb ...
Unpacking r-base-core (4.0.4-1) ...
Selecting previously unselected package python3-rpy2.
Preparing to unpack .../24-python3-rpy2_3.4.2-1_amd64.deb ...
Unpacking python3-rpy2 (3.4.2-1) ...
Selecting previously unselected package python3-simplejson.
Preparing to unpack .../25-python3-simplejson_3.17.2-1_amd64.deb ...
Unpacking python3-simplejson (3.17.2-1) ...
Selecting previously unselected package python3-smartypants.
Preparing to unpack .../26-python3-smartypants_2.0.0-2_all.deb ...
Unpacking python3-smartypants (2.0.0-2) ...
Selecting previously unselected package r-base-dev.
Preparing to unpack .../27-r-base-dev_4.0.4-1_all.deb ...
Unpacking r-base-dev (4.0.4-1) ...
Selecting previously unselected package r-cran-boot.
Preparing to unpack .../28-r-cran-boot_1.3-27-1_all.deb ...
Unpacking r-cran-boot (1.3-27-1) ...
Selecting previously unselected package r-cran-mass.
Preparing to unpack .../29-r-cran-mass_7.3-53.1-1_amd64.deb ...
Unpacking r-cran-mass (7.3-53.1-1) ...
Selecting previously unselected package r-cran-class.
Preparing to unpack .../30-r-cran-class_7.3-18-1_amd64.deb ...
Unpacking r-cran-class (7.3-18-1) ...
Selecting previously unselected package r-cran-cluster.
Preparing to unpack .../31-r-cran-cluster_2.1.1-1_amd64.deb ...
Unpacking r-cran-cluster (2.1.1-1) ...
Selecting previously unselected package r-cran-codetools.
Preparing to unpack .../32-r-cran-codetools_0.2-18-1_all.deb ...
Unpacking r-cran-codetools (0.2-18-1) ...
Selecting previously unselected package r-cran-foreign.
Preparing to unpack .../33-r-cran-foreign_0.8.81-1_amd64.deb ...
Unpacking r-cran-foreign (0.8.81-1) ...
Selecting previously unselected package r-cran-kernsmooth.
Preparing to unpack .../34-r-cran-kernsmooth_2.23-18-1_amd64.deb ...
Unpacking r-cran-kernsmooth (2.23-18-1) ...
Selecting previously unselected package r-cran-lattice.
Preparing to unpack .../35-r-cran-lattice_0.20-41-1+b1_amd64.deb ...
Unpacking r-cran-lattice (0.20-41-1+b1) ...
Selecting previously unselected package r-cran-matrix.
Preparing to unpack .../36-r-cran-matrix_1.3-2-1_amd64.deb ...
Unpacking r-cran-matrix (1.3-2-1) ...
Selecting previously unselected package r-cran-nlme.
Preparing to unpack .../37-r-cran-nlme_3.1.152-1_amd64.deb ...
Unpacking r-cran-nlme (3.1.152-1) ...
Selecting previously unselected package r-cran-mgcv.
Preparing to unpack .../38-r-cran-mgcv_1.8-34-1_amd64.deb ...
Unpacking r-cran-mgcv (1.8-34-1) ...
Selecting previously unselected package r-cran-nnet.
Preparing to unpack .../39-r-cran-nnet_7.3-15-1_amd64.deb ...
Unpacking r-cran-nnet (7.3-15-1) ...
Selecting previously unselected package r-cran-survival.
Preparing to unpack .../40-r-cran-survival_3.2-7-1_amd64.deb ...
Unpacking r-cran-survival (3.2-7-1) ...
Selecting previously unselected package r-cran-rpart.
Preparing to unpack .../41-r-cran-rpart_4.1-15-2+b1_amd64.deb ...
Unpacking r-cran-rpart (4.1-15-2+b1) ...
Selecting previously unselected package r-cran-spatial.
Preparing to unpack .../42-r-cran-spatial_7.3-13-1_amd64.deb ...
Unpacking r-cran-spatial (7.3-13-1) ...
Selecting previously unselected package r-doc-html.
Preparing to unpack .../43-r-doc-html_4.0.4-1_all.deb ...
Unpacking r-doc-html (4.0.4-1) ...
Selecting previously unselected package r-recommended.
Preparing to unpack .../44-r-recommended_4.0.4-1_all.deb ...
Unpacking r-recommended (4.0.4-1) ...
Selecting previously unselected package rst2pdf.
Preparing to unpack .../45-rst2pdf_0.98-1_all.deb ...
Unpacking rst2pdf (0.98-1) ...
Selecting previously unselected package samtools.
Preparing to unpack .../46-samtools_1.11-1_amd64.deb ...
Unpacking samtools (1.11-1) ...
Selecting previously unselected package srst2.
Preparing to unpack .../47-srst2_0.2.0-8_amd64.deb ...
Unpacking srst2 (0.2.0-8) ...
Setting up cd-hit (4.8.1-3) ...
Setting up ncbi-data (6.1.20170106+dfsg1-9) ...
Setting up bzip2-doc (1.0.8-4) ...
Setting up libhts3:amd64 (1.11-4) ...
Setting up libncurses-dev:amd64 (6.2+20201114-2) ...
Setting up python3-renderpm:amd64 (3.5.59-2) ...
Setting up r-doc-html (4.0.4-1) ...
Setting up libtbb2:amd64 (2020.3-1) ...
Setting up libreadline-dev:amd64 (8.1-1) ...
Setting up samtools (1.11-1) ...
Setting up bowtie2 (2.4.2-2+b3) ...
Setting up ncbi-blast+ (2.11.0+ds-1) ...
Setting up python3-simplejson (3.17.2-1) ...
Setting up python3-jinja2 (2.11.3-1) ...
Setting up python3-reportlab-accel:amd64 (3.5.59-2) ...
Setting up r-base-core (4.0.4-1) ...

Creating config file /etc/R/Renviron with new version
Setting up r-cran-lattice (0.20-41-1+b1) ...
Setting up r-cran-nlme (3.1.152-1) ...
Setting up python3-reportlab (3.5.59-2) ...
Setting up python-biopython-doc (1.78+dfsg-4) ...
Setting up r-cran-cluster (2.1.1-1) ...
Setting up libncurses5-dev:amd64 (6.2+20201114-2) ...
Setting up r-cran-nnet (7.3-15-1) ...
Setting up libgfortran-10-dev:amd64 (10.2.1-6) ...
Setting up python3-tzlocal (2.1-1) ...
Setting up python3-biopython (1.78+dfsg-4) ...
Setting up python3-smartypants (2.0.0-2) ...
Setting up libblas-dev:amd64 (3.9.0-3) ...
update-alternatives: using /usr/lib/x86_64-linux-gnu/blas/libblas.so to provide /usr/lib/x86_64-linux-gnu/libblas.so (libblas.so-x86_64-linux-gnu) in auto mode
Setting up libbz2-dev:amd64 (1.0.8-4) ...
Setting up r-cran-codetools (0.2-18-1) ...
Setting up r-cran-boot (1.3-27-1) ...
Setting up srst2 (0.2.0-8) ...
Setting up r-cran-spatial (7.3-13-1) ...
Setting up r-cran-mass (7.3-53.1-1) ...
Setting up r-cran-foreign (0.8.81-1) ...
Setting up rst2pdf (0.98-1) ...
Setting up liblapack-dev:amd64 (3.9.0-3) ...
update-alternatives: using /usr/lib/x86_64-linux-gnu/lapack/liblapack.so to provide /usr/lib/x86_64-linux-gnu/liblapack.so (liblapack.so-x86_64-linux-gnu) in auto mode
Setting up gfortran-10 (10.2.1-6) ...
Setting up r-cran-matrix (1.3-2-1) ...
Setting up r-cran-kernsmooth (2.23-18-1) ...
Setting up r-cran-mgcv (1.8-34-1) ...
Setting up python3-rpy2 (3.4.2-1) ...
Setting up r-cran-class (7.3-18-1) ...
Setting up r-cran-survival (3.2-7-1) ...
Setting up gfortran (4:10.2.1-1) ...
update-alternatives: using /usr/bin/gfortran to provide /usr/bin/f95 (f95) in auto mode
update-alternatives: using /usr/bin/gfortran to provide /usr/bin/f77 (f77) in auto mode
Setting up r-base-dev (4.0.4-1) ...
Setting up r-cran-rpart (4.1-15-2+b1) ...
Setting up r-recommended (4.0.4-1) ...
Processing triggers for hicolor-icon-theme (0.17-2) ...
Processing triggers for gnome-menus (3.36.0-1) ...
Processing triggers for libc-bin (2.31-13+deb11u5) ...
Processing triggers for man-db (2.9.4-2) ...
Processing triggers for mailcap (3.69) ...
Processing triggers for desktop-file-utils (0.26-1) ...

magiclantern@debian-magiclantern:~/sauce/simplified/magiclantern_simplified/platform/1100D.105$ pip install rst2latex

ERROR: Could not find a version that satisfies the requirement rst2latex

ERROR: No matching distribution found for rst2latex

magiclantern@debian-magiclantern:~/sauce/simplified/magiclantern_simplified/platform/1100D.105$ sudo apt install python-docutils

Reading package lists... Done

Building dependency tree... Done

Reading state information... Done

Package python-docutils is not available, but is referred to by another package.

This may mean that the package is missing, has been obsoleted, or

is only available from another source



E: Package 'python-docutils' has no installation candidate

magiclantern@debian-magiclantern:~/sauce/simplified/magiclantern_simplified/platform/1100D.105$ sudo apt install python2-docutils

Reading package lists... Done

Building dependency tree... Done

Reading state information... Done

E: Unable to locate package python2-docutils

magiclantern@debian-magiclantern:~/sauce/simplified/magiclantern_simplified/platform/1100D.105$ echo synaptic again

synaptic again

magiclantern@debian-magiclantern:~/sauce/simplified/magiclantern_simplified/platform/1100D.105$ 

Extracting templates from packages: 100%
Preconfiguring packages ...
Selecting previously unselected package fonts-lato.
(Reading database ... 195960 files and directories currently installed.)
Preparing to unpack .../00-fonts-lato_2.0-2.1_all.deb ...
Unpacking fonts-lato (2.0-2.1) ...
Selecting previously unselected package tex-common.
Preparing to unpack .../01-tex-common_6.16_all.deb ...
Unpacking tex-common (6.16) ...
Selecting previously unselected package docutils-doc.
Preparing to unpack .../02-docutils-doc_0.16+dfsg-4_all.deb ...
Unpacking docutils-doc (0.16+dfsg-4) ...
Selecting previously unselected package dvisvgm.
Preparing to unpack .../03-dvisvgm_2.11.1-1_amd64.deb ...
Unpacking dvisvgm (2.11.1-1) ...
Selecting previously unselected package fonts-lmodern.
Preparing to unpack .../04-fonts-lmodern_2.004.5-6.1_all.deb ...
Unpacking fonts-lmodern (2.004.5-6.1) ...
Selecting previously unselected package fonts-texgyre.
Preparing to unpack .../05-fonts-texgyre_20180621-3.1_all.deb ...
Unpacking fonts-texgyre (20180621-3.1) ...
Selecting previously unselected package libapache-pom-java.
Preparing to unpack .../06-libapache-pom-java_18-1_all.deb ...
Unpacking libapache-pom-java (18-1) ...
Selecting previously unselected package libcommons-parent-java.
Preparing to unpack .../07-libcommons-parent-java_43-1_all.deb ...
Unpacking libcommons-parent-java (43-1) ...
Selecting previously unselected package libcommons-logging-java.
Preparing to unpack .../08-libcommons-logging-java_1.2-2_all.deb ...
Unpacking libcommons-logging-java (1.2-2) ...
Selecting previously unselected package libfontbox-java.
Preparing to unpack .../09-libfontbox-java_1%3a1.8.16-2_all.deb ...
Unpacking libfontbox-java (1:1.8.16-2) ...
Selecting previously unselected package libpdfbox-java.
Preparing to unpack .../10-libpdfbox-java_1%3a1.8.16-2_all.deb ...
Unpacking libpdfbox-java (1:1.8.16-2) ...
Selecting previously unselected package libptexenc1:amd64.
Preparing to unpack .../11-libptexenc1_2020.20200327.54578-7_amd64.deb ...
Unpacking libptexenc1:amd64 (2020.20200327.54578-7) ...
Selecting previously unselected package rubygems-integration.
Preparing to unpack .../12-rubygems-integration_1.18_all.deb ...
Unpacking rubygems-integration (1.18) ...
Selecting previously unselected package ruby2.7.
Preparing to unpack .../13-ruby2.7_2.7.4-1+deb11u1_amd64.deb ...
Unpacking ruby2.7 (2.7.4-1+deb11u1) ...
Selecting previously unselected package ruby-rubygems.
Preparing to unpack .../14-ruby-rubygems_3.2.5-2_all.deb ...
Unpacking ruby-rubygems (3.2.5-2) ...
Selecting previously unselected package ruby.
Preparing to unpack .../15-ruby_1%3a2.7+2_amd64.deb ...
Unpacking ruby (1:2.7+2) ...
Selecting previously unselected package rake.
Preparing to unpack .../16-rake_13.0.3-1_all.deb ...
Unpacking rake (13.0.3-1) ...
Selecting previously unselected package ruby-minitest.
Preparing to unpack .../17-ruby-minitest_5.13.0-1_all.deb ...
Unpacking ruby-minitest (5.13.0-1) ...
Selecting previously unselected package ruby-net-telnet.
Preparing to unpack .../18-ruby-net-telnet_0.1.1-2_all.deb ...
Unpacking ruby-net-telnet (0.1.1-2) ...
Selecting previously unselected package ruby-power-assert.
Preparing to unpack .../19-ruby-power-assert_1.1.7-2_all.deb ...
Unpacking ruby-power-assert (1.1.7-2) ...
Selecting previously unselected package ruby-test-unit.
Preparing to unpack .../20-ruby-test-unit_3.3.9-1_all.deb ...
Unpacking ruby-test-unit (3.3.9-1) ...
Selecting previously unselected package ruby-xmlrpc.
Preparing to unpack .../21-ruby-xmlrpc_0.3.0-2_all.deb ...
Unpacking ruby-xmlrpc (0.3.0-2) ...
Selecting previously unselected package libruby2.7:amd64.
Preparing to unpack .../22-libruby2.7_2.7.4-1+deb11u1_amd64.deb ...
Unpacking libruby2.7:amd64 (2.7.4-1+deb11u1) ...
Selecting previously unselected package libteckit0:amd64.
Preparing to unpack .../23-libteckit0_2.5.10+ds1-3_amd64.deb ...
Unpacking libteckit0:amd64 (2.5.10+ds1-3) ...
Selecting previously unselected package libtexlua53:amd64.
Preparing to unpack .../24-libtexlua53_2020.20200327.54578-7_amd64.deb ...
Unpacking libtexlua53:amd64 (2020.20200327.54578-7) ...
Selecting previously unselected package libtexluajit2:amd64.
Preparing to unpack .../25-libtexluajit2_2020.20200327.54578-7_amd64.deb ...
Unpacking libtexluajit2:amd64 (2020.20200327.54578-7) ...
Selecting previously unselected package libzzip-0-13:amd64.
Preparing to unpack .../26-libzzip-0-13_0.13.62-3.3+deb11u1_amd64.deb ...
Unpacking libzzip-0-13:amd64 (0.13.62-3.3+deb11u1) ...
Selecting previously unselected package lmodern.
Preparing to unpack .../27-lmodern_2.004.5-6.1_all.deb ...
Unpacking lmodern (2.004.5-6.1) ...
Selecting previously unselected package preview-latex-style.
Preparing to unpack .../28-preview-latex-style_12.2-1_all.deb ...
Unpacking preview-latex-style (12.2-1) ...
Selecting previously unselected package python-babel-localedata.
Preparing to unpack .../29-python-babel-localedata_2.8.0+dfsg.1-7_all.deb ...
Unpacking python-babel-localedata (2.8.0+dfsg.1-7) ...
Selecting previously unselected package python-pybtex-docutils-doc.
Preparing to unpack .../30-python-pybtex-docutils-doc_0.2.1-1.1_all.deb ...
Unpacking python-pybtex-docutils-doc (0.2.1-1.1) ...
Selecting previously unselected package python-recommonmark-doc.
Preparing to unpack .../31-python-recommonmark-doc_0.6.0+ds-1_all.deb ...
Unpacking python-recommonmark-doc (0.6.0+ds-1) ...
Selecting previously unselected package python3-alabaster.
Preparing to unpack .../32-python3-alabaster_0.7.8-1.1_all.deb ...
Unpacking python3-alabaster (0.7.8-1.1) ...
Selecting previously unselected package python3-babel.
Preparing to unpack .../33-python3-babel_2.8.0+dfsg.1-7_all.deb ...
Unpacking python3-babel (2.8.0+dfsg.1-7) ...
Selecting previously unselected package python3-commonmark.
Preparing to unpack .../34-python3-commonmark_0.9.1-3_all.deb ...
Unpacking python3-commonmark (0.9.1-3) ...
Selecting previously unselected package python3-sqlparse.
Preparing to unpack .../35-python3-sqlparse_0.4.1-1_all.deb ...
Unpacking python3-sqlparse (0.4.1-1) ...
Selecting previously unselected package python3-django.
Preparing to unpack .../36-python3-django_2%3a2.2.28-1~deb11u1_all.deb ...
Unpacking python3-django (2:2.2.28-1~deb11u1) ...
Selecting previously unselected package python3-django-markupfield.
Preparing to unpack .../37-python3-django-markupfield_2.0.0-1_all.deb ...
Unpacking python3-django-markupfield (2.0.0-1) ...
Selecting previously unselected package python3-imagesize.
Preparing to unpack .../38-python3-imagesize_1.2.0-2_all.deb ...
Unpacking python3-imagesize (1.2.0-2) ...
Selecting previously unselected package python3-latexcodec.
Preparing to unpack .../39-python3-latexcodec_2.0.1-1_all.deb ...
Unpacking python3-latexcodec (2.0.1-1) ...
Selecting previously unselected package python3-pybtex.
Preparing to unpack .../40-python3-pybtex_0.23.0-1_all.deb ...
Unpacking python3-pybtex (0.23.0-1) ...
Selecting previously unselected package python3-pybtex-docutils.
Preparing to unpack .../41-python3-pybtex-docutils_0.2.1-1.1_all.deb ...
Unpacking python3-pybtex-docutils (0.2.1-1.1) ...
Selecting previously unselected package sphinx-common.
Preparing to unpack .../42-sphinx-common_3.4.3-2_all.deb ...
Unpacking sphinx-common (3.4.3-2) ...
Selecting previously unselected package python3-snowballstemmer.
Preparing to unpack .../43-python3-snowballstemmer_2.1.0-1_all.deb ...
Unpacking python3-snowballstemmer (2.1.0-1) ...
Selecting previously unselected package python3-sphinx.
Preparing to unpack .../44-python3-sphinx_3.4.3-2_all.deb ...
Unpacking python3-sphinx (3.4.3-2) ...
Selecting previously unselected package python3-recommonmark.
Preparing to unpack .../45-python3-recommonmark_0.6.0+ds-1_all.deb ...
Unpacking python3-recommonmark (0.6.0+ds-1) ...
Selecting previously unselected package recommonmark-scripts.
Preparing to unpack .../46-recommonmark-scripts_0.6.0+ds-1_all.deb ...
Unpacking recommonmark-scripts (0.6.0+ds-1) ...
Selecting previously unselected package t1utils.
Preparing to unpack .../47-t1utils_1.41-4_amd64.deb ...
Unpacking t1utils (1.41-4) ...
Selecting previously unselected package teckit.
Preparing to unpack .../48-teckit_2.5.10+ds1-3_amd64.deb ...
Unpacking teckit (2.5.10+ds1-3) ...
Selecting previously unselected package tex-gyre.
Preparing to unpack .../49-tex-gyre_20180621-3.1_all.deb ...
Unpacking tex-gyre (20180621-3.1) ...
Selecting previously unselected package texlive-binaries.
Preparing to unpack .../50-texlive-binaries_2020.20200327.54578-7_amd64.deb ...
Unpacking texlive-binaries (2020.20200327.54578-7) ...
Selecting previously unselected package texlive-base.
Preparing to unpack .../51-texlive-base_2020.20210202-3_all.deb ...
Unpacking texlive-base (2020.20210202-3) ...
Selecting previously unselected package texlive-fonts-recommended.
Preparing to unpack .../52-texlive-fonts-recommended_2020.20210202-3_all.deb ...
Unpacking texlive-fonts-recommended (2020.20210202-3) ...
Selecting previously unselected package texlive-latex-base.
Preparing to unpack .../53-texlive-latex-base_2020.20210202-3_all.deb ...
Unpacking texlive-latex-base (2020.20210202-3) ...
Selecting previously unselected package texlive-latex-recommended.
Preparing to unpack .../54-texlive-latex-recommended_2020.20210202-3_all.deb ...
Unpacking texlive-latex-recommended (2020.20210202-3) ...
Selecting previously unselected package texlive-pictures.
Preparing to unpack .../55-texlive-pictures_2020.20210202-3_all.deb ...
Unpacking texlive-pictures (2020.20210202-3) ...
Selecting previously unselected package texlive-latex-extra.
Preparing to unpack .../56-texlive-latex-extra_2020.20210202-3_all.deb ...
Unpacking texlive-latex-extra (2020.20210202-3) ...
Selecting previously unselected package texlive-plain-generic.
Preparing to unpack .../57-texlive-plain-generic_2020.20210202-3_all.deb ...
Unpacking texlive-plain-generic (2020.20210202-3) ...
Selecting previously unselected package tipa.
Preparing to unpack .../58-tipa_2%3a1.3-20.1_all.deb ...
Unpacking tipa (2:1.3-20.1) ...
Selecting previously unselected package texlive-xetex.
Preparing to unpack .../59-texlive-xetex_2020.20210202-3_all.deb ...
Unpacking texlive-xetex (2020.20210202-3) ...
Setting up fonts-lato (2.0-2.1) ...
Setting up docutils-doc (0.16+dfsg-4) ...
Setting up python-recommonmark-doc (0.6.0+ds-1) ...
Setting up ruby-power-assert (1.1.7-2) ...
Setting up libtexlua53:amd64 (2020.20200327.54578-7) ...
Setting up python3-alabaster (0.7.8-1.1) ...
Setting up libtexluajit2:amd64 (2020.20200327.54578-7) ...
Setting up libfontbox-java (1:1.8.16-2) ...
Setting up dvisvgm (2.11.1-1) ...
Setting up python3-latexcodec (2.0.1-1) ...
Setting up rubygems-integration (1.18) ...
Setting up libzzip-0-13:amd64 (0.13.62-3.3+deb11u1) ...
Setting up python-babel-localedata (2.8.0+dfsg.1-7) ...
Setting up ruby-minitest (5.13.0-1) ...
Setting up tex-common (6.16) ...
update-language: texlive-base not installed and configured, doing nothing!
Setting up python3-sqlparse (0.4.1-1) ...
Setting up libptexenc1:amd64 (2020.20200327.54578-7) ...
Setting up ruby-test-unit (3.3.9-1) ...
Setting up python3-snowballstemmer (2.1.0-1) ...
Setting up libteckit0:amd64 (2.5.10+ds1-3) ...
Setting up libapache-pom-java (18-1) ...
Setting up ruby-net-telnet (0.1.1-2) ...
Setting up sphinx-common (3.4.3-2) ...
Setting up t1utils (1.41-4) ...
Setting up fonts-texgyre (20180621-3.1) ...
Setting up python3-pybtex (0.23.0-1) ...
Setting up texlive-binaries (2020.20200327.54578-7) ...
update-alternatives: using /usr/bin/xdvi-xaw to provide /usr/bin/xdvi.bin (xdvi.bin) in auto mode
update-alternatives: using /usr/bin/bibtex.original to provide /usr/bin/bibtex (bibtex) in auto mode
Setting up fonts-lmodern (2.004.5-6.1) ...
Setting up python-pybtex-docutils-doc (0.2.1-1.1) ...
Setting up texlive-base (2020.20210202-3) ...
mktexlsr: Updating /var/lib/texmf/ls-R-TEXLIVEDIST... 
mktexlsr: Updating /var/lib/texmf/ls-R-TEXMFMAIN... 
mktexlsr: Updating /var/lib/texmf/ls-R... 
mktexlsr: Done.
tl-paper: setting paper size for dvips to a4: /var/lib/texmf/dvips/config/config-paper.ps
tl-paper: setting paper size for dvipdfmx to a4: /var/lib/texmf/dvipdfmx/dvipdfmx-paper.cfg
tl-paper: setting paper size for xdvi to a4: /var/lib/texmf/xdvi/XDvi-paper
tl-paper: setting paper size for pdftex to a4: /var/lib/texmf/tex/generic/tex-ini-files/pdftexconfig.tex
tl-paper: setting paper size for dvipdfmx to letter: /var/lib/texmf/dvipdfmx/dvipdfmx-paper.cfg
tl-paper: setting paper size for dvips to letter: /var/lib/texmf/dvips/config/config-paper.ps
tl-paper: setting paper size for pdftex to letter: /var/lib/texmf/tex/generic/tex-ini-files/pdftexconfig.tex
tl-paper: setting paper size for xdvi to letter: /var/lib/texmf/xdvi/XDvi-paper
Setting up ruby-xmlrpc (0.3.0-2) ...
Setting up tex-gyre (20180621-3.1) ...
Setting up python3-imagesize (1.2.0-2) ...
Setting up python3-commonmark (0.9.1-3) ...
Setting up teckit (2.5.10+ds1-3) ...
Setting up python3-django (2:2.2.28-1~deb11u1) ...
Setting up libpdfbox-java (1:1.8.16-2) ...
Setting up python3-babel (2.8.0+dfsg.1-7) ...
update-alternatives: using /usr/bin/pybabel-python3 to provide /usr/bin/pybabel (pybabel) in auto mode
Setting up preview-latex-style (12.2-1) ...
Setting up libcommons-parent-java (43-1) ...
Setting up texlive-plain-generic (2020.20210202-3) ...
Setting up libcommons-logging-java (1.2-2) ...
Setting up texlive-latex-base (2020.20210202-3) ...
Setting up texlive-latex-recommended (2020.20210202-3) ...
Setting up python3-pybtex-docutils (0.2.1-1.1) ...
Setting up texlive-pictures (2020.20210202-3) ...
Setting up python3-django-markupfield (2.0.0-1) ...
Setting up lmodern (2.004.5-6.1) ...
Setting up texlive-fonts-recommended (2020.20210202-3) ...
Setting up python3-sphinx (3.4.3-2) ...
Setting up tipa (2:1.3-20.1) ...
Setting up texlive-latex-extra (2020.20210202-3) ...
Setting up python3-recommonmark (0.6.0+ds-1) ...
Setting up texlive-xetex (2020.20210202-3) ...
Setting up recommonmark-scripts (0.6.0+ds-1) ...
Setting up ruby2.7 (2.7.4-1+deb11u1) ...
Setting up ruby-rubygems (3.2.5-2) ...
Setting up ruby (1:2.7+2) ...
Setting up rake (13.0.3-1) ...
Setting up libruby2.7:amd64 (2.7.4-1+deb11u1) ...
Processing triggers for man-db (2.9.4-2) ...
Processing triggers for mailcap (3.69) ...
Processing triggers for fontconfig (2.13.1-4.2) ...
Processing triggers for desktop-file-utils (0.26-1) ...
Processing triggers for gnome-menus (3.36.0-1) ...
Processing triggers for libc-bin (2.31-13+deb11u5) ...
Processing triggers for tex-common (6.16) ...
Running updmap-sys. This may take some time... done.
Running mktexlsr /var/lib/texmf ... done.
Building format(s) --all.
	This may take some time... done.

