magiclantern@debian-magiclantern:~/sauce/simplified/magiclantern_simplified/platform/1100D.105$ sudo apt-get install texlive-fonts-extra

[sudo] password for magiclantern: 

Reading package lists... Done

Building dependency tree... Done

Reading state information... Done

texlive-fonts-extra is already the newest version (2020.20210202-3).

0 upgraded, 0 newly installed, 0 to remove and 0 not upgraded.

magiclantern@debian-magiclantern:~/sauce/simplified/magiclantern_simplified/platform/1100D.105$ echo for latter tho we should synaptic

for latter tho we should synaptic

magiclantern@debian-magiclantern:~/sauce/simplified/magiclantern_simplified/platform/1100D.105$ echo python-matplotlib whatever

python-matplotlib whatever

magiclantern@debian-magiclantern:~/sauce/simplified/magiclantern_simplified/platform/1100D.105$ 

Extracting templates from packages: 100%
Selecting previously unselected package tk8.6-blt2.5.
(Reading database ... 332317 files and directories currently installed.)
Preparing to unpack .../000-tk8.6-blt2.5_2.5.3+dfsg-4.1_amd64.deb ...
Unpacking tk8.6-blt2.5 (2.5.3+dfsg-4.1) ...
Selecting previously unselected package blt.
Preparing to unpack .../001-blt_2.5.3+dfsg-4.1_amd64.deb ...
Unpacking blt (2.5.3+dfsg-4.1) ...
Selecting previously unselected package cython3.
Preparing to unpack .../002-cython3_0.29.21-3+b1_amd64.deb ...
Unpacking cython3 (0.29.21-3+b1) ...
Selecting previously unselected package fonts-liberation.
Preparing to unpack .../003-fonts-liberation_1%3a1.07.4-11_all.deb ...
Unpacking fonts-liberation (1:1.07.4-11) ...
Selecting previously unselected package fonts-lyx.
Preparing to unpack .../004-fonts-lyx_2.3.6-1_all.deb ...
Unpacking fonts-lyx (2.3.6-1) ...
Selecting previously unselected package fonts-mathjax.
Preparing to unpack .../005-fonts-mathjax_2.7.9+dfsg-1_all.deb ...
Unpacking fonts-mathjax (2.7.9+dfsg-1) ...
Selecting previously unselected package gdal-data.
Preparing to unpack .../006-gdal-data_3.2.2+dfsg-2+deb11u2_all.deb ...
Unpacking gdal-data (3.2.2+dfsg-2+deb11u2) ...
Selecting previously unselected package libbabeltrace1:amd64.
Preparing to unpack .../007-libbabeltrace1_1.5.8-1+b3_amd64.deb ...
Unpacking libbabeltrace1:amd64 (1.5.8-1+b3) ...
Selecting previously unselected package libdebuginfod1:amd64.
Preparing to unpack .../008-libdebuginfod1_0.183-1_amd64.deb ...
Unpacking libdebuginfod1:amd64 (0.183-1) ...
Selecting previously unselected package libipt2.
Preparing to unpack .../009-libipt2_2.0.3-1_amd64.deb ...
Unpacking libipt2 (2.0.3-1) ...
Selecting previously unselected package libsource-highlight-common.
Preparing to unpack .../010-libsource-highlight-common_3.1.9-3_all.deb ...
Unpacking libsource-highlight-common (3.1.9-3) ...
Selecting previously unselected package libboost-regex1.74.0:amd64.
Preparing to unpack .../011-libboost-regex1.74.0_1.74.0-9_amd64.deb ...
Unpacking libboost-regex1.74.0:amd64 (1.74.0-9) ...
Selecting previously unselected package libsource-highlight4v5.
Preparing to unpack .../012-libsource-highlight4v5_3.1.9-3+b1_amd64.deb ...
Unpacking libsource-highlight4v5 (3.1.9-3+b1) ...
Selecting previously unselected package gdb.
Preparing to unpack .../013-gdb_10.1-1.7_amd64.deb ...
Unpacking gdb (10.1-1.7) ...
Selecting previously unselected package libann0.
Preparing to unpack .../014-libann0_1.1.2+doc-7_amd64.deb ...
Unpacking libann0 (1.1.2+doc-7) ...
Selecting previously unselected package libcdt5:amd64.
Preparing to unpack .../015-libcdt5_2.42.2-5_amd64.deb ...
Unpacking libcdt5:amd64 (2.42.2-5) ...
Selecting previously unselected package libcgraph6:amd64.
Preparing to unpack .../016-libcgraph6_2.42.2-5_amd64.deb ...
Unpacking libcgraph6:amd64 (2.42.2-5) ...
Selecting previously unselected package libgts-0.7-5:amd64.
Preparing to unpack .../017-libgts-0.7-5_0.7.6+darcs121130-4+b1_amd64.deb ...
Unpacking libgts-0.7-5:amd64 (0.7.6+darcs121130-4+b1) ...
Selecting previously unselected package libpathplan4:amd64.
Preparing to unpack .../018-libpathplan4_2.42.2-5_amd64.deb ...
Unpacking libpathplan4:amd64 (2.42.2-5) ...
Selecting previously unselected package libgvc6.
Preparing to unpack .../019-libgvc6_2.42.2-5_amd64.deb ...
Unpacking libgvc6 (2.42.2-5) ...
Selecting previously unselected package libgvpr2:amd64.
Preparing to unpack .../020-libgvpr2_2.42.2-5_amd64.deb ...
Unpacking libgvpr2:amd64 (2.42.2-5) ...
Selecting previously unselected package liblab-gamut1:amd64.
Preparing to unpack .../021-liblab-gamut1_2.42.2-5_amd64.deb ...
Unpacking liblab-gamut1:amd64 (2.42.2-5) ...
Selecting previously unselected package graphviz.
Preparing to unpack .../022-graphviz_2.42.2-5_amd64.deb ...
Unpacking graphviz (2.42.2-5) ...
Selecting previously unselected package libaec0:amd64.
Preparing to unpack .../023-libaec0_1.0.4-1_amd64.deb ...
Unpacking libaec0:amd64 (1.0.4-1) ...
Selecting previously unselected package libarpack2:amd64.
Preparing to unpack .../024-libarpack2_3.8.0-1_amd64.deb ...
Unpacking libarpack2:amd64 (3.8.0-1) ...
Selecting previously unselected package libsuperlu5:amd64.
Preparing to unpack .../025-libsuperlu5_5.2.2+dfsg1-2_amd64.deb ...
Unpacking libsuperlu5:amd64 (5.2.2+dfsg1-2) ...
Selecting previously unselected package libarmadillo10.
Preparing to unpack .../026-libarmadillo10_1%3a10.1.2+dfsg-6+b1_amd64.deb ...
Unpacking libarmadillo10 (1:10.1.2+dfsg-6+b1) ...
Selecting previously unselected package libblosc1.
Preparing to unpack .../027-libblosc1_1.20.1+ds1-2_amd64.deb ...
Unpacking libblosc1 (1.20.1+ds1-2) ...
Selecting previously unselected package libc6-dbg:amd64.
Preparing to unpack .../028-libc6-dbg_2.31-13+deb11u5_amd64.deb ...
Unpacking libc6-dbg:amd64 (2.31-13+deb11u5) ...
Selecting previously unselected package libcharls2:amd64.
Preparing to unpack .../029-libcharls2_2.2.0+dfsg-2_amd64.deb ...
Unpacking libcharls2:amd64 (2.2.0+dfsg-2) ...
Selecting previously unselected package libllvm9:amd64.
Preparing to unpack .../030-libllvm9_1%3a9.0.1-16.1_amd64.deb ...
Unpacking libllvm9:amd64 (1:9.0.1-16.1) ...
Selecting previously unselected package libclang-cpp9.
Preparing to unpack .../031-libclang-cpp9_1%3a9.0.1-16.1_amd64.deb ...
Unpacking libclang-cpp9 (1:9.0.1-16.1) ...
Selecting previously unselected package libdap27:amd64.
Preparing to unpack .../032-libdap27_3.20.7-6_amd64.deb ...
Unpacking libdap27:amd64 (3.20.7-6) ...
Selecting previously unselected package libdapclient6v5:amd64.
Preparing to unpack .../033-libdapclient6v5_3.20.7-6_amd64.deb ...
Unpacking libdapclient6v5:amd64 (3.20.7-6) ...
Selecting previously unselected package libepsilon1:amd64.
Preparing to unpack .../034-libepsilon1_0.9.2+dfsg-5_amd64.deb ...
Unpacking libepsilon1:amd64 (0.9.2+dfsg-5) ...
Selecting previously unselected package libfreexl1:amd64.
Preparing to unpack .../035-libfreexl1_1.0.6-1_amd64.deb ...
Unpacking libfreexl1:amd64 (1.0.6-1) ...
Selecting previously unselected package libfyba0:amd64.
Preparing to unpack .../036-libfyba0_4.1.1-7_amd64.deb ...
Unpacking libfyba0:amd64 (4.1.1-7) ...
Selecting previously unselected package libgeos-3.9.0:amd64.
Preparing to unpack .../037-libgeos-3.9.0_3.9.0-1_amd64.deb ...
Unpacking libgeos-3.9.0:amd64 (3.9.0-1) ...
Selecting previously unselected package libgeos-c1v5:amd64.
Preparing to unpack .../038-libgeos-c1v5_3.9.0-1_amd64.deb ...
Unpacking libgeos-c1v5:amd64 (3.9.0-1) ...
Selecting previously unselected package proj-data.
Preparing to unpack .../039-proj-data_7.2.1-1_all.deb ...
Unpacking proj-data (7.2.1-1) ...
Selecting previously unselected package libproj19:amd64.
Preparing to unpack .../040-libproj19_7.2.1-1_amd64.deb ...
Unpacking libproj19:amd64 (7.2.1-1) ...
Selecting previously unselected package libgeotiff5:amd64.
Preparing to unpack .../041-libgeotiff5_1.6.0-1_amd64.deb ...
Unpacking libgeotiff5:amd64 (1.6.0-1) ...
Selecting previously unselected package libhdf4-0-alt.
Preparing to unpack .../042-libhdf4-0-alt_4.2.15-3_amd64.deb ...
Unpacking libhdf4-0-alt (4.2.15-3) ...
Selecting previously unselected package libsz2:amd64.
Preparing to unpack .../043-libsz2_1.0.4-1_amd64.deb ...
Unpacking libsz2:amd64 (1.0.4-1) ...
Selecting previously unselected package libhdf5-103-1:amd64.
Preparing to unpack .../044-libhdf5-103-1_1.10.6+repack-4+deb11u1_amd64.deb ...
Unpacking libhdf5-103-1:amd64 (1.10.6+repack-4+deb11u1) ...
Selecting previously unselected package libminizip1:amd64.
Preparing to unpack .../045-libminizip1_1.1-8+b1_amd64.deb ...
Unpacking libminizip1:amd64 (1.1-8+b1) ...
Selecting previously unselected package liburiparser1:amd64.
Preparing to unpack .../046-liburiparser1_0.9.4+dfsg-1+deb11u1_amd64.deb ...
Unpacking liburiparser1:amd64 (0.9.4+dfsg-1+deb11u1) ...
Selecting previously unselected package libkmlbase1:amd64.
Preparing to unpack .../047-libkmlbase1_1.3.0-9_amd64.deb ...
Unpacking libkmlbase1:amd64 (1.3.0-9) ...
Selecting previously unselected package libkmldom1:amd64.
Preparing to unpack .../048-libkmldom1_1.3.0-9_amd64.deb ...
Unpacking libkmldom1:amd64 (1.3.0-9) ...
Selecting previously unselected package libkmlengine1:amd64.
Preparing to unpack .../049-libkmlengine1_1.3.0-9_amd64.deb ...
Unpacking libkmlengine1:amd64 (1.3.0-9) ...
Selecting previously unselected package mysql-common.
Preparing to unpack .../050-mysql-common_5.8+1.0.7_all.deb ...
Unpacking mysql-common (5.8+1.0.7) ...
Selecting previously unselected package mariadb-common.
Preparing to unpack .../051-mariadb-common_1%3a10.5.15-0+deb11u1_all.deb ...
Unpacking mariadb-common (1:10.5.15-0+deb11u1) ...
Selecting previously unselected package libmariadb3:amd64.
Preparing to unpack .../052-libmariadb3_1%3a10.5.15-0+deb11u1_amd64.deb ...
Unpacking libmariadb3:amd64 (1:10.5.15-0+deb11u1) ...
Selecting previously unselected package libhdf5-hl-100:amd64.
Preparing to unpack .../053-libhdf5-hl-100_1.10.6+repack-4+deb11u1_amd64.deb ...
Unpacking libhdf5-hl-100:amd64 (1.10.6+repack-4+deb11u1) ...
Selecting previously unselected package libnetcdf18:amd64.
Preparing to unpack .../054-libnetcdf18_1%3a4.7.4-1_amd64.deb ...
Unpacking libnetcdf18:amd64 (1:4.7.4-1) ...
Selecting previously unselected package libodbc1:amd64.
Preparing to unpack .../055-libodbc1_2.3.6-0.1+b1_amd64.deb ...
Unpacking libodbc1:amd64 (2.3.6-0.1+b1) ...
Selecting previously unselected package libogdi4.1.
Preparing to unpack .../056-libogdi4.1_4.1.0+ds-5_amd64.deb ...
Unpacking libogdi4.1 (4.1.0+ds-5) ...
Selecting previously unselected package libpq5:amd64.
Preparing to unpack .../057-libpq5_13.8-0+deb11u1_amd64.deb ...
Unpacking libpq5:amd64 (13.8-0+deb11u1) ...
Selecting previously unselected package libqhull8.0:amd64.
Preparing to unpack .../058-libqhull8.0_2020.2-3_amd64.deb ...
Unpacking libqhull8.0:amd64 (2020.2-3) ...
Selecting previously unselected package librttopo1:amd64.
Preparing to unpack .../059-librttopo1_1.1.0-2_amd64.deb ...
Unpacking librttopo1:amd64 (1.1.0-2) ...
Selecting previously unselected package libspatialite7:amd64.
Preparing to unpack .../060-libspatialite7_5.0.1-2_amd64.deb ...
Unpacking libspatialite7:amd64 (5.0.1-2) ...
Selecting previously unselected package libxerces-c3.2:amd64.
Preparing to unpack .../061-libxerces-c3.2_3.2.3+debian-3_amd64.deb ...
Unpacking libxerces-c3.2:amd64 (3.2.3+debian-3) ...
Selecting previously unselected package odbcinst.
Preparing to unpack .../062-odbcinst_2.3.6-0.1+b1_amd64.deb ...
Unpacking odbcinst (2.3.6-0.1+b1) ...
Selecting previously unselected package odbcinst1debian2:amd64.
Preparing to unpack .../063-odbcinst1debian2_2.3.6-0.1+b1_amd64.deb ...
Unpacking odbcinst1debian2:amd64 (2.3.6-0.1+b1) ...
Selecting previously unselected package libgdal28.
Preparing to unpack .../064-libgdal28_3.2.2+dfsg-2+deb11u2_amd64.deb ...
Unpacking libgdal28 (3.2.2+dfsg-2+deb11u2) ...
Selecting previously unselected package libgts-bin.
Preparing to unpack .../065-libgts-bin_0.7.6+darcs121130-4+b1_amd64.deb ...
Unpacking libgts-bin (0.7.6+darcs121130-4+b1) ...
Selecting previously unselected package libjs-jquery-ui.
Preparing to unpack .../066-libjs-jquery-ui_1.12.1+dfsg-8+deb11u1_all.deb ...
Unpacking libjs-jquery-ui (1.12.1+dfsg-8+deb11u1) ...
Selecting previously unselected package libjs-mathjax.
Preparing to unpack .../067-libjs-mathjax_2.7.9+dfsg-1_all.deb ...
Unpacking libjs-mathjax (2.7.9+dfsg-1) ...
Selecting previously unselected package libpfm4:amd64.
Preparing to unpack .../068-libpfm4_4.11.1+git32-gd0b85fb-1_amd64.deb ...
Unpacking libpfm4:amd64 (4.11.1+git32-gd0b85fb-1) ...
Selecting previously unselected package libpython3.9-dbg:amd64.
Preparing to unpack .../069-libpython3.9-dbg_3.9.2-1_amd64.deb ...
Unpacking libpython3.9-dbg:amd64 (3.9.2-1) ...
Selecting previously unselected package libpython3-dbg:amd64.
Preparing to unpack .../070-libpython3-dbg_3.9.2-3_amd64.deb ...
Unpacking libpython3-dbg:amd64 (3.9.2-3) ...
Selecting previously unselected package libpython3-all-dbg:amd64.
Preparing to unpack .../071-libpython3-all-dbg_3.9.2-3_amd64.deb ...
Unpacking libpython3-all-dbg:amd64 (3.9.2-3) ...
Selecting previously unselected package libz3-dev:amd64.
Preparing to unpack .../072-libz3-dev_4.8.10-1_amd64.deb ...
Unpacking libz3-dev:amd64 (4.8.10-1) ...
Selecting previously unselected package llvm-9-runtime.
Preparing to unpack .../073-llvm-9-runtime_1%3a9.0.1-16.1_amd64.deb ...
Unpacking llvm-9-runtime (1:9.0.1-16.1) ...
Selecting previously unselected package llvm-9.
Preparing to unpack .../074-llvm-9_1%3a9.0.1-16.1_amd64.deb ...
Unpacking llvm-9 (1:9.0.1-16.1) ...
Selecting previously unselected package llvm-9-tools.
Preparing to unpack .../075-llvm-9-tools_1%3a9.0.1-16.1_amd64.deb ...
Unpacking llvm-9-tools (1:9.0.1-16.1) ...
Selecting previously unselected package llvm-9-dev.
Preparing to unpack .../076-llvm-9-dev_1%3a9.0.1-16.1_amd64.deb ...
Unpacking llvm-9-dev (1:9.0.1-16.1) ...
Selecting previously unselected package sphinx-rtd-theme-common.
Preparing to unpack .../077-sphinx-rtd-theme-common_0.5.1+dfsg-1_all.deb ...
Unpacking sphinx-rtd-theme-common (0.5.1+dfsg-1) ...
Selecting previously unselected package numba-doc.
Preparing to unpack .../078-numba-doc_0.52.0-4_all.deb ...
Unpacking numba-doc (0.52.0-4) ...
Selecting previously unselected package proj-bin.
Preparing to unpack .../079-proj-bin_7.2.1-1_amd64.deb ...
Unpacking proj-bin (7.2.1-1) ...
Selecting previously unselected package python-cartopy-data.
Preparing to unpack .../080-python-cartopy-data_0.18.0+dfsg-2_all.deb ...
Unpacking python-cartopy-data (0.18.0+dfsg-2) ...
Selecting previously unselected package python-cycler-doc.
Preparing to unpack .../081-python-cycler-doc_0.10.0-3_all.deb ...
Unpacking python-cycler-doc (0.10.0-3) ...
Selecting previously unselected package ttf-bitstream-vera.
Preparing to unpack .../082-ttf-bitstream-vera_1.10-8.1_all.deb ...
Unpacking ttf-bitstream-vera (1.10-8.1) ...
Selecting previously unselected package python-matplotlib-data.
Preparing to unpack .../083-python-matplotlib-data_3.3.4-1_all.deb ...
Unpacking python-matplotlib-data (3.3.4-1) ...
Selecting previously unselected package python-matplotlib-doc.
Preparing to unpack .../084-python-matplotlib-doc_3.3.4-1_all.deb ...
Unpacking python-matplotlib-doc (3.3.4-1) ...
Selecting previously unselected package python-mpltoolkits.basemap-data.
Preparing to unpack .../085-python-mpltoolkits.basemap-data_1.2.2+dfsg-1_all.deb ...
Unpacking python-mpltoolkits.basemap-data (1.2.2+dfsg-1) ...
Selecting previously unselected package python-mpltoolkits.basemap-doc.
Preparing to unpack .../086-python-mpltoolkits.basemap-doc_1.2.2+dfsg-1_all.deb ...
Unpacking python-mpltoolkits.basemap-doc (1.2.2+dfsg-1) ...
Selecting previously unselected package python-mpmath-doc.
Preparing to unpack .../087-python-mpmath-doc_1.2.1-1_all.deb ...
Unpacking python-mpmath-doc (1.2.1-1) ...
Selecting previously unselected package python-odf-doc.
Preparing to unpack .../088-python-odf-doc_1.4.1-1_all.deb ...
Unpacking python-odf-doc (1.4.1-1) ...
Selecting previously unselected package python3-defusedxml.
Preparing to unpack .../089-python3-defusedxml_0.6.0-2_all.deb ...
Unpacking python3-defusedxml (0.6.0-2) ...
Selecting previously unselected package python3-odf.
Preparing to unpack .../090-python3-odf_1.4.1-1_all.deb ...
Unpacking python3-odf (1.4.1-1) ...
Selecting previously unselected package python-odf-tools.
Preparing to unpack .../091-python-odf-tools_1.4.1-1_all.deb ...
Unpacking python-odf-tools (1.4.1-1) ...
Selecting previously unselected package python-tables-data.
Preparing to unpack .../092-python-tables-data_3.6.1-3_all.deb ...
Unpacking python-tables-data (3.6.1-3) ...
Selecting previously unselected package python3-all.
Preparing to unpack .../093-python3-all_3.9.2-3_amd64.deb ...
Unpacking python3-all (3.9.2-3) ...
Selecting previously unselected package python3.9-dbg.
Preparing to unpack .../094-python3.9-dbg_3.9.2-1_amd64.deb ...
Unpacking python3.9-dbg (3.9.2-1) ...
Selecting previously unselected package python3-dbg.
Preparing to unpack .../095-python3-dbg_3.9.2-3_amd64.deb ...
Unpacking python3-dbg (3.9.2-3) ...
Selecting previously unselected package python3-all-dbg.
Preparing to unpack .../096-python3-all-dbg_3.9.2-3_amd64.deb ...
Unpacking python3-all-dbg (3.9.2-3) ...
Selecting previously unselected package python3-tk:amd64.
Preparing to unpack .../097-python3-tk_3.9.2-1_amd64.deb ...
Unpacking python3-tk:amd64 (3.9.2-1) ...
Selecting previously unselected package python3-cycler.
Preparing to unpack .../098-python3-cycler_0.10.0-3_all.deb ...
Unpacking python3-cycler (0.10.0-3) ...
Selecting previously unselected package python3-kiwisolver.
Preparing to unpack .../099-python3-kiwisolver_1.3.1-1+b1_amd64.deb ...
Unpacking python3-kiwisolver (1.3.1-1+b1) ...
Selecting previously unselected package python3-matplotlib.
Preparing to unpack .../100-python3-matplotlib_3.3.4-1_amd64.deb ...
Unpacking python3-matplotlib (3.3.4-1) ...
Selecting previously unselected package python3-pyavm.
Preparing to unpack .../101-python3-pyavm_0.9.4-7_all.deb ...
Unpacking python3-pyavm (0.9.4-7) ...
Selecting previously unselected package python3-pyregion.
Preparing to unpack .../102-python3-pyregion_2.0-11+b1_amd64.deb ...
Unpacking python3-pyregion (2.0-11+b1) ...
Selecting previously unselected package python3-astropy-healpix.
Preparing to unpack .../103-python3-astropy-healpix_0.6-1_amd64.deb ...
Unpacking python3-astropy-healpix (0.6-1) ...
Selecting previously unselected package python3-reproject.
Preparing to unpack .../104-python3-reproject_0.7.1-1+b2_amd64.deb ...
Unpacking python3-reproject (0.7.1-1+b2) ...
Selecting previously unselected package python3-shapely.
Preparing to unpack .../105-python3-shapely_1.7.1-2_amd64.deb ...
Unpacking python3-shapely (1.7.1-2) ...
Selecting previously unselected package python3-networkx.
Preparing to unpack .../106-python3-networkx_2.5+ds-2_all.deb ...
Unpacking python3-networkx (2.5+ds-2) ...
Selecting previously unselected package python3-skimage-lib:amd64.
Preparing to unpack .../107-python3-skimage-lib_0.18.1-2_amd64.deb ...
Unpacking python3-skimage-lib:amd64 (0.18.1-2) ...
Selecting previously unselected package python3-imageio.
Preparing to unpack .../108-python3-imageio_2.4.1-3_all.deb ...
Unpacking python3-imageio (2.4.1-3) ...
Selecting previously unselected package python3-pywt.
Preparing to unpack .../109-python3-pywt_1.1.1-1+b2_amd64.deb ...
Unpacking python3-pywt (1.1.1-1+b2) ...
Selecting previously unselected package python3-tifffile.
Preparing to unpack .../110-python3-tifffile_20210201-1_all.deb ...
Unpacking python3-tifffile (20210201-1) ...
Selecting previously unselected package python3-skimage.
Preparing to unpack .../111-python3-skimage_0.18.1-2_all.deb ...
Unpacking python3-skimage (0.18.1-2) ...
Selecting previously unselected package python3-aplpy.
Preparing to unpack .../112-python3-aplpy_2.0.3-2_all.deb ...
Unpacking python3-aplpy (2.0.3-2) ...
Selecting previously unselected package python3-blosc.
Preparing to unpack .../113-python3-blosc_1.9.2+ds1-3_amd64.deb ...
Unpacking python3-blosc (1.9.2+ds1-3) ...
Selecting previously unselected package python3-bottleneck.
Preparing to unpack .../114-python3-bottleneck_1.2.1+ds1-2+b4_amd64.deb ...
Unpacking python3-bottleneck (1.2.1+ds1-2+b4) ...
Selecting previously unselected package python3-cloudpickle.
Preparing to unpack .../115-python3-cloudpickle_1.6.0-1_all.deb ...
Unpacking python3-cloudpickle (1.6.0-1) ...
Selecting previously unselected package python3-fsspec.
Preparing to unpack .../116-python3-fsspec_0.8.4-1_all.deb ...
Unpacking python3-fsspec (0.8.4-1) ...
Selecting previously unselected package python3-toolz.
Preparing to unpack .../117-python3-toolz_0.9.0-1.1_all.deb ...
Unpacking python3-toolz (0.9.0-1.1) ...
Selecting previously unselected package python3-dask.
Preparing to unpack .../118-python3-dask_2021.01.0+dfsg-1_all.deb ...
Unpacking python3-dask (2021.01.0+dfsg-1) ...
Selecting previously unselected package python3-et-xmlfile.
Preparing to unpack .../119-python3-et-xmlfile_1.0.1-2.1_all.deb ...
Unpacking python3-et-xmlfile (1.0.1-2.1) ...
Selecting previously unselected package python3-gdal.
Preparing to unpack .../120-python3-gdal_3.2.2+dfsg-2+deb11u2_amd64.deb ...
Unpacking python3-gdal (3.2.2+dfsg-2+deb11u2) ...
Selecting previously unselected package python3-jdcal.
Preparing to unpack .../121-python3-jdcal_1.0-1.3_all.deb ...
Unpacking python3-jdcal (1.0-1.3) ...
Selecting previously unselected package python3-kiwisolver-dbg.
Preparing to unpack .../122-python3-kiwisolver-dbg_1.3.1-1+b1_amd64.deb ...
Unpacking python3-kiwisolver-dbg (1.3.1-1+b1) ...
Selecting previously unselected package python3-llvmlite.
Preparing to unpack .../123-python3-llvmlite_0.35.0-3_amd64.deb ...
Unpacking python3-llvmlite (0.35.0-3) ...
Selecting previously unselected package python3-locket.
Preparing to unpack .../124-python3-locket_0.2.0-1.1_all.deb ...
Unpacking python3-locket (0.2.0-1.1) ...
Selecting previously unselected package python3-matplotlib-dbg.
Preparing to unpack .../125-python3-matplotlib-dbg_3.3.4-1_amd64.deb ...
Unpacking python3-matplotlib-dbg (3.3.4-1) ...
Selecting previously unselected package python3-numba.
Preparing to unpack .../126-python3-numba_0.52.0-4_amd64.deb ...
Unpacking python3-numba (0.52.0-4) ...
Selecting previously unselected package python3-numexpr.
Preparing to unpack .../127-python3-numexpr_2.7.2-2_amd64.deb ...
Unpacking python3-numexpr (2.7.2-2) ...
Selecting previously unselected package python3-openpyxl.
Preparing to unpack .../128-python3-openpyxl_3.0.3-1_all.deb ...
Unpacking python3-openpyxl (3.0.3-1) ...
Selecting previously unselected package python3-pandas-lib:amd64.
Preparing to unpack .../129-python3-pandas-lib_1.1.5+dfsg-2_amd64.deb ...
Unpacking python3-pandas-lib:amd64 (1.1.5+dfsg-2) ...
Selecting previously unselected package python3-pandas.
Preparing to unpack .../130-python3-pandas_1.1.5+dfsg-2_all.deb ...
Unpacking python3-pandas (1.1.5+dfsg-2) ...
Selecting previously unselected package python3-partd.
Preparing to unpack .../131-python3-partd_1.0.0-1_all.deb ...
Unpacking python3-partd (1.0.0-1) ...
Selecting previously unselected package python3-pydot.
Preparing to unpack .../132-python3-pydot_1.4.2-1_all.deb ...
Unpacking python3-pydot (1.4.2-1) ...
Selecting previously unselected package python3-pygraphviz.
Preparing to unpack .../133-python3-pygraphviz_1.7-2_amd64.deb ...
Unpacking python3-pygraphviz (1.7-2) ...
Selecting previously unselected package python3-tables-lib.
Preparing to unpack .../134-python3-tables-lib_3.6.1-3_amd64.deb ...
Unpacking python3-tables-lib (3.6.1-3) ...
Selecting previously unselected package python3-tables.
Preparing to unpack .../135-python3-tables_3.6.1-3_all.deb ...
Unpacking python3-tables (3.6.1-3) ...
Selecting previously unselected package python3-xlwt.
Preparing to unpack .../136-python3-xlwt_1.3.0-3_all.deb ...
Unpacking python3-xlwt (1.3.0-3) ...
Selecting previously unselected package python3-zmq.
Preparing to unpack .../137-python3-zmq_20.0.0-1+b1_amd64.deb ...
Unpacking python3-zmq (20.0.0-1+b1) ...
Setting up python-mpltoolkits.basemap-data (1.2.2+dfsg-1) ...
Setting up libz3-dev:amd64 (4.8.10-1) ...
Setting up mysql-common (5.8+1.0.7) ...
update-alternatives: using /etc/mysql/my.cnf.fallback to provide /etc/mysql/my.cnf (my.cnf) in auto mode
Setting up tk8.6-blt2.5 (2.5.3+dfsg-4.1) ...
Setting up ttf-bitstream-vera (1.10-8.1) ...
Setting up fonts-mathjax (2.7.9+dfsg-1) ...
Setting up libxerces-c3.2:amd64 (3.2.3+debian-3) ...
Setting up libpython3.9-dbg:amd64 (3.9.2-1) ...
Setting up proj-data (7.2.1-1) ...
Setting up libjs-mathjax (2.7.9+dfsg-1) ...
Setting up python3-jdcal (1.0-1.3) ...
Setting up python3-skimage-lib:amd64 (0.18.1-2) ...
Setting up libogdi4.1 (4.1.0+ds-5) ...
Setting up llvm-9-tools (1:9.0.1-16.1) ...
Setting up libqhull8.0:amd64 (2020.2-3) ...
Setting up libcharls2:amd64 (2.2.0+dfsg-2) ...
Setting up libminizip1:amd64 (1.1-8+b1) ...
Setting up python3-defusedxml (0.6.0-2) ...
Setting up python-cycler-doc (0.10.0-3) ...
Setting up fonts-lyx (2.3.6-1) ...
Setting up blt (2.5.3+dfsg-4.1) ...
Setting up python3-pandas-lib:amd64 (1.1.5+dfsg-2) ...
Setting up python3-fsspec (0.8.4-1) ...
Setting up libdebuginfod1:amd64 (0.183-1) ...
Setting up liblab-gamut1:amd64 (2.42.2-5) ...
Setting up libarpack2:amd64 (3.8.0-1) ...
Setting up libpq5:amd64 (13.8-0+deb11u1) ...
Setting up libsuperlu5:amd64 (5.2.2+dfsg1-2) ...
Setting up python3-all (3.9.2-3) ...
Setting up python3-astropy-healpix (0.6-1) ...
Setting up python3-tk:amd64 (3.9.2-1) ...
Setting up libpython3-dbg:amd64 (3.9.2-3) ...
Setting up python3-pyavm (0.9.4-7) ...
Setting up libpython3-all-dbg:amd64 (3.9.2-3) ...
Setting up python3-tifffile (20210201-1) ...
Setting up python-mpmath-doc (1.2.1-1) ...
Setting up libepsilon1:amd64 (0.9.2+dfsg-5) ...
Setting up python3-networkx (2.5+ds-2) ...
Setting up libaec0:amd64 (1.0.4-1) ...
Setting up gdal-data (3.2.2+dfsg-2+deb11u2) ...
Setting up libsource-highlight-common (3.1.9-3) ...
Setting up python3-cloudpickle (1.6.0-1) ...
Setting up python3.9-dbg (3.9.2-1) ...
Setting up libc6-dbg:amd64 (2.31-13+deb11u5) ...
Setting up libdap27:amd64 (3.20.7-6) ...
Setting up libgts-0.7-5:amd64 (0.7.6+darcs121130-4+b1) ...
Setting up mariadb-common (1:10.5.15-0+deb11u1) ...
update-alternatives: using /etc/mysql/mariadb.cnf to provide /etc/mysql/my.cnf (my.cnf) in auto mode
Setting up libpfm4:amd64 (4.11.1+git32-gd0b85fb-1) ...
Setting up libjs-jquery-ui (1.12.1+dfsg-8+deb11u1) ...
Setting up python3-pandas (1.1.5+dfsg-2) ...
Setting up python-cartopy-data (0.18.0+dfsg-2) ...
Setting up libpathplan4:amd64 (2.42.2-5) ...
Setting up python3-zmq (20.0.0-1+b1) ...
Setting up libann0 (1.1.2+doc-7) ...
Setting up libboost-regex1.74.0:amd64 (1.74.0-9) ...
Setting up python3-cycler (0.10.0-3) ...
Setting up python-odf-doc (1.4.1-1) ...
Setting up python3-kiwisolver (1.3.1-1+b1) ...
Setting up python3-xlwt (1.3.0-3) ...
Setting up python3-bottleneck (1.2.1+ds1-2+b4) ...
Setting up cython3 (0.29.21-3+b1) ...
Setting up libipt2 (2.0.3-1) ...
Setting up libmariadb3:amd64 (1:10.5.15-0+deb11u1) ...
Setting up python3-numexpr (2.7.2-2) ...
Setting up libodbc1:amd64 (2.3.6-0.1+b1) ...
Setting up libbabeltrace1:amd64 (1.5.8-1+b3) ...
Setting up libhdf4-0-alt (4.2.15-3) ...
Setting up liburiparser1:amd64 (0.9.4+dfsg-1+deb11u1) ...
Setting up python-matplotlib-doc (3.3.4-1) ...
Setting up libfreexl1:amd64 (1.0.6-1) ...
Setting up libgeos-3.9.0:amd64 (3.9.0-1) ...
Setting up libfyba0:amd64 (4.1.1-7) ...
Setting up libkmlbase1:amd64 (1.3.0-9) ...
Setting up libblosc1 (1.20.1+ds1-2) ...
Setting up fonts-liberation (1:1.07.4-11) ...
Setting up libdapclient6v5:amd64 (3.20.7-6) ...
Setting up python3-et-xmlfile (1.0.1-2.1) ...
Setting up python3-toolz (0.9.0-1.1) ...
Setting up python-mpltoolkits.basemap-doc (1.2.2+dfsg-1) ...
Setting up libcdt5:amd64 (2.42.2-5) ...
Setting up libcgraph6:amd64 (2.42.2-5) ...
Setting up python3-pywt (1.1.1-1+b2) ...
Setting up python-matplotlib-data (3.3.4-1) ...
Setting up python3-locket (0.2.0-1.1) ...
Setting up libproj19:amd64 (7.2.1-1) ...
Setting up python-tables-data (3.6.1-3) ...
Setting up sphinx-rtd-theme-common (0.5.1+dfsg-1) ...
Setting up libllvm9:amd64 (1:9.0.1-16.1) ...
Setting up libsz2:amd64 (1.0.4-1) ...
Setting up libsource-highlight4v5 (3.1.9-3+b1) ...
Setting up python3-imageio (2.4.1-3) ...
/usr/lib/python3/dist-packages/imageio/plugins/_tifffile.py:2813: SyntaxWarning: "is" with a literal. Did you mean "=="?
  if key is 0:
Setting up python3-odf (1.4.1-1) ...
Setting up python3-dbg (3.9.2-3) ...
Setting up libkmldom1:amd64 (1.3.0-9) ...
Setting up python3-partd (1.0.0-1) ...
Setting up libgts-bin (0.7.6+darcs121130-4+b1) ...
Setting up python3-matplotlib (3.3.4-1) ...
Setting up libarmadillo10 (1:10.1.2+dfsg-6+b1) ...
Setting up libkmlengine1:amd64 (1.3.0-9) ...
Setting up python3-reproject (0.7.1-1+b2) ...
Setting up libclang-cpp9 (1:9.0.1-16.1) ...
Setting up python-odf-tools (1.4.1-1) ...
Setting up python3-dask (2021.01.0+dfsg-1) ...
Setting up proj-bin (7.2.1-1) ...
Setting up libgeotiff5:amd64 (1.6.0-1) ...
Setting up python3-blosc (1.9.2+ds1-3) ...
Setting up python3-pyregion (2.0-11+b1) ...
Setting up gdb (10.1-1.7) ...
Setting up python3-openpyxl (3.0.3-1) ...
Setting up python3-kiwisolver-dbg (1.3.1-1+b1) ...
Setting up libgvc6 (2.42.2-5) ...
Setting up libgeos-c1v5:amd64 (3.9.0-1) ...
Setting up llvm-9-runtime (1:9.0.1-16.1) ...
Setting up libgvpr2:amd64 (2.42.2-5) ...
Setting up libhdf5-103-1:amd64 (1.10.6+repack-4+deb11u1) ...
Setting up librttopo1:amd64 (1.1.0-2) ...
Setting up python3-all-dbg (3.9.2-3) ...
Setting up python3-skimage (0.18.1-2) ...
Setting up numba-doc (0.52.0-4) ...
Setting up libhdf5-hl-100:amd64 (1.10.6+repack-4+deb11u1) ...
Setting up libspatialite7:amd64 (5.0.1-2) ...
Setting up graphviz (2.42.2-5) ...
Setting up python3-shapely (1.7.1-2) ...
Setting up python3-tables-lib (3.6.1-3) ...
Setting up python3-pydot (1.4.2-1) ...
Setting up python3-tables (3.6.1-3) ...
Setting up llvm-9 (1:9.0.1-16.1) ...
Setting up python3-matplotlib-dbg (3.3.4-1) ...
Setting up python3-aplpy (2.0.3-2) ...
Setting up python3-pygraphviz (1.7-2) ...
Setting up libnetcdf18:amd64 (1:4.7.4-1) ...
Setting up llvm-9-dev (1:9.0.1-16.1) ...
Setting up python3-llvmlite (0.35.0-3) ...
Setting up python3-numba (0.52.0-4) ...
update-alternatives: using /usr/share/python3-numba/numba to provide /usr/bin/numba (numba) in auto mode
Setting up odbcinst (2.3.6-0.1+b1) ...
Setting up odbcinst1debian2:amd64 (2.3.6-0.1+b1) ...
Setting up libgdal28 (3.2.2+dfsg-2+deb11u2) ...
Setting up python3-gdal (3.2.2+dfsg-2+deb11u2) ...
Processing triggers for fontconfig (2.13.1-4.2) ...
Processing triggers for libc-bin (2.31-13+deb11u5) ...
Processing triggers for man-db (2.9.4-2) ...
