Installing, this may take a few minutes...
Please create a default UNIX user account. The username does not need to match your Windows username.
For more information visit: https://aka.ms/wslusers
Enter new UNIX username: joelwindows7
New password:
Retype new password:
passwd: password updated successfully
Installation successful!
joelwindows7@JOEL-ROG-GL503GE:~$ ls
joelwindows7@JOEL-ROG-GL503GE:~$ sudo apt update && sudo apt upgrade -y && sudo apt install build-essential cmake python
3 synaptic -y

We trust you have received the usual lecture from the local System
Administrator. It usually boils down to these three things:

    #1) Respect the privacy of others.
    #2) Think before you type.
    #3) With great power comes great responsibility.

[sudo] password for joelwindows7:
Hit:1 http://deb.debian.org/debian bullseye InRelease
Get:2 http://deb.debian.org/debian bullseye-updates InRelease [44.1 kB]
Get:3 http://security.debian.org/debian-security bullseye-security InRelease [48.4 kB]
Get:4 http://ftp.debian.org/debian bullseye-backports InRelease [49.0 kB]
Get:5 http://deb.debian.org/debian bullseye/main Translation-en [6,239 kB]
Get:6 http://security.debian.org/debian-security bullseye-security/main amd64 Packages [206 kB]
Get:7 http://ftp.debian.org/debian bullseye-backports/main amd64 Packages [363 kB]
Get:8 http://security.debian.org/debian-security bullseye-security/main Translation-en [133 kB]
Get:9 http://ftp.debian.org/debian bullseye-backports/main Translation-en [299 kB]
Get:10 http://deb.debian.org/debian bullseye-updates/main amd64 Packages [14.6 kB]
Get:11 http://deb.debian.org/debian bullseye-updates/main Translation-en [7,929 B]
Fetched 7,404 kB in 13s (550 kB/s)
Reading package lists... Done
Building dependency tree... Done
Preparing to unpack .../tzdata_2021a-1+deb11u8_all.deb ...
Unpacking tzdata (2021a-1+deb11u8) over (2021a-1+deb11u5) ...
Preparing to unpack .../isc-dhcp-client_4.4.1-2.3+deb11u1_amd64.deb ...
Unpacking isc-dhcp-client (4.4.1-2.3+deb11u1) over (4.4.1-2.3) ...
Preparing to unpack .../isc-dhcp-common_4.4.1-2.3+deb11u1_amd64.deb ...
Unpacking isc-dhcp-common (4.4.1-2.3+deb11u1) over (4.4.1-2.3) ...
Preparing to unpack .../libc-l10n_2.31-13+deb11u5_all.deb ...
Unpacking libc-l10n (2.31-13+deb11u5) over (2.31-13+deb11u4) ...
Preparing to unpack .../locales_2.31-13+deb11u5_all.deb ...
Unpacking locales (2.31-13+deb11u5) over (2.31-13+deb11u4) ...
Setting up libc-l10n (2.31-13+deb11u5) ...
Setting up isc-dhcp-client (4.4.1-2.3+deb11u1) ...
Setting up locales (2.31-13+deb11u5) ...
Generating locales (this might take a while)...
  en_US.UTF-8... done
Generation complete.
Setting up tzdata (2021a-1+deb11u8) ...

Current default time zone: 'Asia/Jakarta'
Local time is now:      Sat Nov 26 00:20:32 WIB 2022.
Universal Time is now:  Fri Nov 25 17:20:32 UTC 2022.
Run 'dpkg-reconfigure tzdata' if you wish to change it.

Setting up isc-dhcp-common (4.4.1-2.3+deb11u1) ...
Processing triggers for libc-bin (2.31-13+deb11u5) ...
ldconfig: /usr/lib/wsl/lib/libcuda.so.1 is not a symbolic link

Reading package lists... Done
Building dependency tree... Done
Reading state information... Done
The following additional packages will be installed:
  adwaita-icon-theme at-spi2-core binutils binutils-common binutils-x86-64-linux-gnu bzip2 ca-certificates cmake-data
  cpp cpp-10 dbus dbus-user-session dconf-gsettings-backend dconf-service dirmngr dpkg-dev fakeroot fontconfig
  fontconfig-config fonts-dejavu-core g++ g++-10 gcc gcc-10 gir1.2-atk-1.0 gir1.2-freedesktop gir1.2-gdkpixbuf-2.0
  gir1.2-glib-2.0 gir1.2-gtk-3.0 gir1.2-harfbuzz-0.0 gir1.2-pango-1.0 glib-networking glib-networking-common
  glib-networking-services gnupg gnupg-l10n gnupg-utils gpg gpg-agent gpg-wks-client gpg-wks-server gpgconf gpgsm
  gsettings-desktop-schemas gtk-update-icon-cache hicolor-icon-theme libalgorithm-diff-perl libalgorithm-diff-xs-perl
  libalgorithm-merge-perl libarchive13 libasan6 libassuan0 libatk-bridge2.0-0 libatk1.0-0 libatk1.0-data libatomic1
  libatspi2.0-0 libauthen-sasl-perl libavahi-client3 libavahi-common-data libavahi-common3 libbinutils libbrotli1
  libc-dev-bin libc-devtools libc6-dev libcairo-gobject-perl libcairo-gobject2 libcairo-perl libcairo2 libcc1-0
  libclone-perl libcolord2 libcrypt-dev libctf-nobfd0 libctf0 libcups2 libcurl4 libdata-dump-perl libdatrie1
  libdbus-1-3 libdconf1 libdeflate0 libdpkg-perl libdrm-amdgpu1 libdrm-common libdrm-intel1 libdrm-nouveau2
  libdrm-radeon1 libdrm2 libencode-locale-perl libepoxy0 libept1.6.0 libexpat1 libextutils-depends-perl
  libextutils-pkgconfig-perl libfakeroot libfile-basedir-perl libfile-desktopentry-perl libfile-fcntllock-perl
  libfile-listing-perl libfile-mimeinfo-perl libfont-afm-perl libfontconfig1 libfontenc1 libfreetype6 libfribidi0
  libgcc-10-dev libgd3 libgdbm-compat4 libgdbm6 libgdk-pixbuf-2.0-0 libgdk-pixbuf-xlib-2.0-0 libgdk-pixbuf2.0-0
  libgdk-pixbuf2.0-bin libgdk-pixbuf2.0-common libgirepository-1.0-1 libgl1 libgl1-mesa-dri libglapi-mesa
  libglib-object-introspection-perl libglib-perl libglib2.0-0 libglib2.0-data libglvnd0 libglx-mesa0 libglx0 libgomp1
  libgraphite2-3 libgtk-3-0 libgtk-3-bin libgtk-3-common libgtk3-perl libharfbuzz0b libhtml-form-perl
  libhtml-format-perl libhtml-parser-perl libhtml-tagset-perl libhtml-tree-perl libhttp-cookies-perl
  libhttp-daemon-perl libhttp-date-perl libhttp-message-perl libhttp-negotiate-perl libice6 libicu67 libio-html-perl
  libio-socket-ssl-perl libio-stringy-perl libipc-system-simple-perl libisl23 libitm1 libjbig0 libjpeg62-turbo
  libjson-glib-1.0-0 libjson-glib-1.0-common libjsoncpp24 libksba8 liblcms2-2 libldap-2.4-2 libldap-common libllvm11
  liblsan0 liblua5.3-0 liblwp-mediatypes-perl liblwp-protocol-https-perl libmailtools-perl libmpc3 libmpdec3 libmpfr6
  libnet-dbus-perl libnet-http-perl libnet-smtp-ssl-perl libnet-ssleay-perl libnghttp2-14 libnpth0 libnsl-dev
  libpam-systemd libpango-1.0-0 libpangocairo-1.0-0 libpangoft2-1.0-0 libpangoxft-1.0-0 libpciaccess0 libperl5.32
  libpixman-1-0 libpng16-16 libpolkit-agent-1-0 libpolkit-gobject-1-0 libproxy1v5 libpsl5 libpython3-stdlib
  libpython3.9-minimal libpython3.9-stdlib libquadmath0 librest-0.7-0 librhash0 librsvg2-2 librsvg2-common librtmp1
  libsasl2-2 libsasl2-modules libsasl2-modules-db libsensors-config libsensors5 libsm6 libsoup-gnome2.4-1 libsoup2.4-1
  libsqlite3-0 libssh2-1 libstdc++-10-dev libthai-data libthai0 libtie-ixhash-perl libtiff5 libtimedate-perl
  libtirpc-dev libtry-tiny-perl libtsan0 libubsan1 liburi-perl libuv1 libvte-2.91-0 libvte-2.91-common libvulkan1
  libwayland-client0 libwayland-cursor0 libwayland-egl1 libwebp6 libwww-perl libwww-robotrules-perl libx11-6
  libx11-data libx11-protocol-perl libx11-xcb1 libxapian30 libxau6 libxaw7 libxcb-dri2-0 libxcb-dri3-0 libxcb-glx0
  libxcb-present0 libxcb-randr0 libxcb-render0 libxcb-shape0 libxcb-shm0 libxcb-sync1 libxcb-xfixes0 libxcb1
  libxcomposite1 libxcursor1 libxdamage1 libxdmcp6 libxext6 libxfixes3 libxft2 libxi6 libxinerama1 libxkbcommon0
  libxkbfile1 libxml-parser-perl libxml-twig-perl libxml-xpathengine-perl libxml2 libxmu6 libxmuu1 libxpm4 libxrandr2
  libxrender1 libxshmfence1 libxt6 libxtst6 libxv1 libxxf86dga1 libxxf86vm1 libz3-4 linux-libc-dev make manpages
  manpages-dev media-types mesa-vulkan-drivers openssl patch perl perl-modules-5.32 perl-openssl-defaults
  pinentry-curses pkg-config policykit-1 publicsuffix python3-minimal python3.9 python3.9-minimal shared-mime-info
  termit ucf x11-common x11-utils x11-xserver-utils xdg-user-dirs xdg-utils xkb-data xz-utils
Suggested packages:
  binutils-doc bzip2-doc cmake-doc ninja-build cpp-doc gcc-10-locales pinentry-gnome3 tor debian-keyring g++-multilib
  g++-10-multilib gcc-10-doc gcc-multilib autoconf automake libtool flex bison gdb gcc-doc gcc-10-multilib parcimonie
  xloadimage scdaemon lrzip libdigest-hmac-perl libgssapi-perl glibc-doc libfont-freetype-perl colord cups-common git
  bzr libgd-tools gdbm-l10n libxml-libxml-perl gvfs liblcms2-utils libcrypt-ssleay-perl pciutils librsvg2-bin
  libsasl2-modules-gssapi-mit | libsasl2-modules-gssapi-heimdal libsasl2-modules-ldap libsasl2-modules-otp
  libsasl2-modules-sql lm-sensors libstdc++-10-doc libauthen-ntlm-perl xapian-tools libunicode-map8-perl
  libunicode-string-perl xml-twig-tools make-doc man-browser ed diffutils-doc perl-doc libterm-readline-gnu-perl
  | libterm-readline-perl-perl libtap-harness-archive-perl pinentry-doc python3-doc python3-tk python3-venv
  python3.9-venv python3.9-doc binfmt-support dwww menu deborphan apt-xapian-index software-properties-gtk mesa-utils
  nickle cairo-5c xorg-docs-core
The following NEW packages will be installed:
  adwaita-icon-theme at-spi2-core binutils binutils-common binutils-x86-64-linux-gnu build-essential bzip2
  ca-certificates cmake cmake-data cpp cpp-10 dbus dbus-user-session dconf-gsettings-backend dconf-service dirmngr
  dpkg-dev fakeroot fontconfig fontconfig-config fonts-dejavu-core g++ g++-10 gcc gcc-10 gir1.2-atk-1.0
  gir1.2-freedesktop gir1.2-gdkpixbuf-2.0 gir1.2-glib-2.0 gir1.2-gtk-3.0 gir1.2-harfbuzz-0.0 gir1.2-pango-1.0
  glib-networking glib-networking-common glib-networking-services gnupg gnupg-l10n gnupg-utils gpg gpg-agent
  gpg-wks-client gpg-wks-server gpgconf gpgsm gsettings-desktop-schemas gtk-update-icon-cache hicolor-icon-theme
  libalgorithm-diff-perl libalgorithm-diff-xs-perl libalgorithm-merge-perl libarchive13 libasan6 libassuan0
  libatk-bridge2.0-0 libatk1.0-0 libatk1.0-data libatomic1 libatspi2.0-0 libauthen-sasl-perl libavahi-client3
  libavahi-common-data libavahi-common3 libbinutils libbrotli1 libc-dev-bin libc-devtools libc6-dev
  libcairo-gobject-perl libcairo-gobject2 libcairo-perl libcairo2 libcc1-0 libclone-perl libcolord2 libcrypt-dev
  libctf-nobfd0 libctf0 libcups2 libcurl4 libdata-dump-perl libdatrie1 libdbus-1-3 libdconf1 libdeflate0 libdpkg-perl
  libdrm-amdgpu1 libdrm-common libdrm-intel1 libdrm-nouveau2 libdrm-radeon1 libdrm2 libencode-locale-perl libepoxy0
  libept1.6.0 libexpat1 libextutils-depends-perl libextutils-pkgconfig-perl libfakeroot libfile-basedir-perl
  libfile-desktopentry-perl libfile-fcntllock-perl libfile-listing-perl libfile-mimeinfo-perl libfont-afm-perl
  libfontconfig1 libfontenc1 libfreetype6 libfribidi0 libgcc-10-dev libgd3 libgdbm-compat4 libgdbm6
  libgdk-pixbuf-2.0-0 libgdk-pixbuf-xlib-2.0-0 libgdk-pixbuf2.0-0 libgdk-pixbuf2.0-bin libgdk-pixbuf2.0-common
  libgirepository-1.0-1 libgl1 libgl1-mesa-dri libglapi-mesa libglib-object-introspection-perl libglib-perl
  libglib2.0-0 libglib2.0-data libglvnd0 libglx-mesa0 libglx0 libgomp1 libgraphite2-3 libgtk-3-0 libgtk-3-bin
  libgtk-3-common libgtk3-perl libharfbuzz0b libhtml-form-perl libhtml-format-perl libhtml-parser-perl
  libhtml-tagset-perl libhtml-tree-perl libhttp-cookies-perl libhttp-daemon-perl libhttp-date-perl
  libhttp-message-perl libhttp-negotiate-perl libice6 libicu67 libio-html-perl libio-socket-ssl-perl
  libio-stringy-perl libipc-system-simple-perl libisl23 libitm1 libjbig0 libjpeg62-turbo libjson-glib-1.0-0
  libjson-glib-1.0-common libjsoncpp24 libksba8 liblcms2-2 libldap-2.4-2 libldap-common libllvm11 liblsan0 liblua5.3-0
  liblwp-mediatypes-perl liblwp-protocol-https-perl libmailtools-perl libmpc3 libmpdec3 libmpfr6 libnet-dbus-perl
  libnet-http-perl libnet-smtp-ssl-perl libnet-ssleay-perl libnghttp2-14 libnpth0 libnsl-dev libpam-systemd
  libpango-1.0-0 libpangocairo-1.0-0 libpangoft2-1.0-0 libpangoxft-1.0-0 libpciaccess0 libperl5.32 libpixman-1-0
  libpng16-16 libpolkit-agent-1-0 libpolkit-gobject-1-0 libproxy1v5 libpsl5 libpython3-stdlib libpython3.9-minimal
  libpython3.9-stdlib libquadmath0 librest-0.7-0 librhash0 librsvg2-2 librsvg2-common librtmp1 libsasl2-2
  libsasl2-modules libsasl2-modules-db libsensors-config libsensors5 libsm6 libsoup-gnome2.4-1 libsoup2.4-1
  libsqlite3-0 libssh2-1 libstdc++-10-dev libthai-data libthai0 libtie-ixhash-perl libtiff5 libtimedate-perl
  libtirpc-dev libtry-tiny-perl libtsan0 libubsan1 liburi-perl libuv1 libvte-2.91-0 libvte-2.91-common libvulkan1
  libwayland-client0 libwayland-cursor0 libwayland-egl1 libwebp6 libwww-perl libwww-robotrules-perl libx11-6
  libx11-data libx11-protocol-perl libx11-xcb1 libxapian30 libxau6 libxaw7 libxcb-dri2-0 libxcb-dri3-0 libxcb-glx0
  libxcb-present0 libxcb-randr0 libxcb-render0 libxcb-shape0 libxcb-shm0 libxcb-sync1 libxcb-xfixes0 libxcb1
  libxcomposite1 libxcursor1 libxdamage1 libxdmcp6 libxext6 libxfixes3 libxft2 libxi6 libxinerama1 libxkbcommon0
  libxkbfile1 libxml-parser-perl libxml-twig-perl libxml-xpathengine-perl libxml2 libxmu6 libxmuu1 libxpm4 libxrandr2
  libxrender1 libxshmfence1 libxt6 libxtst6 libxv1 libxxf86dga1 libxxf86vm1 libz3-4 linux-libc-dev make manpages
  manpages-dev media-types mesa-vulkan-drivers openssl patch perl perl-modules-5.32 perl-openssl-defaults
  pinentry-curses pkg-config policykit-1 publicsuffix python3 python3-minimal python3.9 python3.9-minimal
  shared-mime-info synaptic termit ucf x11-common x11-utils x11-xserver-utils xdg-user-dirs xdg-utils xkb-data
  xz-utils
0 upgraded, 307 newly installed, 0 to remove and 0 not upgraded.
Need to get 196 MB of archives.
After this operation, 734 MB of additional disk space will be used.
Get:1 http://security.debian.org/debian-security bullseye-security/main amd64 libdbus-1-3 amd64 1.12.24-0+deb11u1 [222 kB]
Get:2 http://deb.debian.org/debian bullseye/main amd64 perl-modules-5.32 all 5.32.1-4+deb11u2 [2,823 kB]
Get:3 http://security.debian.org/debian-security bullseye-security/main amd64 libexpat1 amd64 2.2.10-2+deb11u5 [98.2 kB]
Get:4 http://security.debian.org/debian-security bullseye-security/main amd64 dbus amd64 1.12.24-0+deb11u1 [243 kB]
Get:5 http://security.debian.org/debian-security bullseye-security/main amd64 libgdk-pixbuf2.0-common all 2.42.2+dfsg-1+deb11u1 [320 kB]
Get:6 http://security.debian.org/debian-security bullseye-security/main amd64 libxml2 amd64 2.9.10+dfsg-6.7+deb11u3 [693 kB]
Get:7 http://security.debian.org/debian-security bullseye-security/main amd64 libgdk-pixbuf-2.0-0 amd64 2.42.2+dfsg-1+deb11u1 [147 kB]
Get:8 http://security.debian.org/debian-security bullseye-security/main amd64 linux-libc-dev amd64 5.10.149-2 [1,551 kB]
Get:9 http://security.debian.org/debian-security bullseye-security/main amd64 dbus-user-session amd64 1.12.24-0+deb11u1 [99.7 kB]
Get:10 http://security.debian.org/debian-security bullseye-security/main amd64 libksba8 amd64 1.5.0-3+deb11u1 [123 kB]
Get:11 http://security.debian.org/debian-security bullseye-security/main amd64 gir1.2-gdkpixbuf-2.0 amd64 2.42.2+dfsg-1+deb11u1 [19.9 kB]
Get:12 http://security.debian.org/debian-security bullseye-security/main amd64 libpixman-1-0 amd64 0.40.0-1.1~deb11u1 [543 kB]
Get:13 http://security.debian.org/debian-security bullseye-security/main amd64 libgdk-pixbuf2.0-bin amd64 2.42.2+dfsg-1+deb11u1 [25.7 kB]
Get:14 http://deb.debian.org/debian bullseye/main amd64 libgdbm6 amd64 1.19-2 [64.9 kB]
Get:15 http://deb.debian.org/debian bullseye/main amd64 libgdbm-compat4 amd64 1.19-2 [44.7 kB]
Get:16 http://deb.debian.org/debian bullseye/main amd64 libperl5.32 amd64 5.32.1-4+deb11u2 [4,106 kB]
Get:17 http://deb.debian.org/debian bullseye/main amd64 perl amd64 5.32.1-4+deb11u2 [293 kB]
Get:18 http://deb.debian.org/debian bullseye/main amd64 libpython3.9-minimal amd64 3.9.2-1 [801 kB]
Get:19 http://deb.debian.org/debian bullseye/main amd64 python3.9-minimal amd64 3.9.2-1 [1,955 kB]
Get:20 http://deb.debian.org/debian bullseye/main amd64 python3-minimal amd64 3.9.2-3 [38.2 kB]
Get:21 http://deb.debian.org/debian bullseye/main amd64 media-types all 4.0.0 [30.3 kB]
Get:22 http://deb.debian.org/debian bullseye/main amd64 libmpdec3 amd64 2.5.1-1 [87.7 kB]
Get:23 http://deb.debian.org/debian bullseye/main amd64 libsqlite3-0 amd64 3.34.1-3 [797 kB]
Get:24 http://deb.debian.org/debian bullseye/main amd64 libpython3.9-stdlib amd64 3.9.2-1 [1,684 kB]
Get:25 http://deb.debian.org/debian bullseye/main amd64 python3.9 amd64 3.9.2-1 [466 kB]
Get:26 http://deb.debian.org/debian bullseye/main amd64 libpython3-stdlib amd64 3.9.2-3 [21.4 kB]
Get:27 http://deb.debian.org/debian bullseye/main amd64 python3 amd64 3.9.2-3 [37.9 kB]
Get:28 http://deb.debian.org/debian bullseye/main amd64 bzip2 amd64 1.0.8-4 [49.3 kB]
Get:29 http://deb.debian.org/debian bullseye/main amd64 openssl amd64 1.1.1n-0+deb11u3 [853 kB]
Get:30 http://deb.debian.org/debian bullseye/main amd64 ca-certificates all 20210119 [158 kB]
Get:31 http://deb.debian.org/debian bullseye/main amd64 libpam-systemd amd64 247.3-7+deb11u1 [283 kB]
Get:32 http://deb.debian.org/debian bullseye/main amd64 manpages all 5.10-1 [1,412 kB]
Get:33 http://deb.debian.org/debian bullseye/main amd64 ucf all 3.0043 [74.0 kB]
Get:34 http://deb.debian.org/debian bullseye/main amd64 xz-utils amd64 5.2.5-2.1~deb11u1 [220 kB]
Get:35 http://deb.debian.org/debian bullseye/main amd64 hicolor-icon-theme all 0.17-2 [11.4 kB]
Get:36 http://deb.debian.org/debian bullseye/main amd64 libglib2.0-0 amd64 2.66.8-1 [1,370 kB]
Get:37 http://deb.debian.org/debian bullseye/main amd64 libicu67 amd64 67.1-7 [8,622 kB]
Get:38 http://deb.debian.org/debian bullseye/main amd64 shared-mime-info amd64 2.0-1 [701 kB]
Get:39 http://deb.debian.org/debian bullseye/main amd64 libjpeg62-turbo amd64 1:2.0.6-4 [151 kB]
Get:40 http://deb.debian.org/debian bullseye/main amd64 libpng16-16 amd64 1.6.37-3 [294 kB]
Get:41 http://deb.debian.org/debian bullseye/main amd64 libdeflate0 amd64 1.7-1 [53.1 kB]
Get:42 http://deb.debian.org/debian bullseye/main amd64 libjbig0 amd64 2.1-3.1+b2 [31.0 kB]
Get:43 http://deb.debian.org/debian bullseye/main amd64 libwebp6 amd64 0.6.1-2.1 [258 kB]
Get:44 http://deb.debian.org/debian bullseye/main amd64 libtiff5 amd64 4.2.0-1+deb11u1 [289 kB]
Get:45 http://deb.debian.org/debian bullseye/main amd64 gtk-update-icon-cache amd64 3.24.24-4+deb11u2 [88.2 kB]
Get:46 http://deb.debian.org/debian bullseye/main amd64 adwaita-icon-theme all 3.38.0-1 [10.9 MB]
Get:47 http://deb.debian.org/debian bullseye/main amd64 libxau6 amd64 1:1.0.9-1 [19.7 kB]
Get:48 http://deb.debian.org/debian bullseye/main amd64 libxdmcp6 amd64 1:1.1.2-3 [26.3 kB]
Get:49 http://deb.debian.org/debian bullseye/main amd64 libxcb1 amd64 1.14-3 [140 kB]
Get:50 http://deb.debian.org/debian bullseye/main amd64 libx11-data all 2:1.7.2-1 [311 kB]
Get:51 http://deb.debian.org/debian bullseye/main amd64 libx11-6 amd64 2:1.7.2-1 [772 kB]
Get:52 http://deb.debian.org/debian bullseye/main amd64 libatspi2.0-0 amd64 2.38.0-4 [72.4 kB]
Get:53 http://deb.debian.org/debian bullseye/main amd64 libxext6 amd64 2:1.3.3-1.1 [52.7 kB]
Get:54 http://deb.debian.org/debian bullseye/main amd64 libxi6 amd64 2:1.7.10-1 [83.4 kB]
Get:55 http://deb.debian.org/debian bullseye/main amd64 x11-common all 1:7.7+22 [252 kB]
Get:56 http://deb.debian.org/debian bullseye/main amd64 libxtst6 amd64 2:1.2.3-1 [27.8 kB]
Get:57 http://deb.debian.org/debian bullseye/main amd64 at-spi2-core amd64 2.38.0-4 [72.3 kB]
Get:58 http://deb.debian.org/debian bullseye/main amd64 binutils-common amd64 2.35.2-2 [2,220 kB]
Get:59 http://deb.debian.org/debian bullseye/main amd64 libbinutils amd64 2.35.2-2 [570 kB]
Get:60 http://deb.debian.org/debian bullseye/main amd64 libctf-nobfd0 amd64 2.35.2-2 [110 kB]
Get:61 http://deb.debian.org/debian bullseye/main amd64 libctf0 amd64 2.35.2-2 [53.2 kB]
Get:62 http://deb.debian.org/debian bullseye/main amd64 binutils-x86-64-linux-gnu amd64 2.35.2-2 [1,809 kB]
Get:63 http://deb.debian.org/debian bullseye/main amd64 binutils amd64 2.35.2-2 [61.2 kB]
Get:64 http://deb.debian.org/debian bullseye-updates/main amd64 libc-dev-bin amd64 2.31-13+deb11u5 [276 kB]
Get:65 http://deb.debian.org/debian bullseye/main amd64 libcrypt-dev amd64 1:4.4.18-4 [104 kB]
Get:66 http://deb.debian.org/debian bullseye/main amd64 libtirpc-dev amd64 1.3.1-1+deb11u1 [191 kB]
Get:67 http://deb.debian.org/debian bullseye/main amd64 libnsl-dev amd64 1.3.0-2 [66.4 kB]
Get:68 http://deb.debian.org/debian bullseye-updates/main amd64 libc6-dev amd64 2.31-13+deb11u5 [2,359 kB]
Get:69 http://deb.debian.org/debian bullseye/main amd64 libisl23 amd64 0.23-1 [676 kB]
Get:70 http://deb.debian.org/debian bullseye/main amd64 libmpfr6 amd64 4.1.0-3 [2,012 kB]
Get:71 http://deb.debian.org/debian bullseye/main amd64 libmpc3 amd64 1.2.0-1 [45.0 kB]
Get:72 http://deb.debian.org/debian bullseye/main amd64 cpp-10 amd64 10.2.1-6 [8,528 kB]
Get:73 http://deb.debian.org/debian bullseye/main amd64 cpp amd64 4:10.2.1-1 [19.7 kB]
Get:74 http://deb.debian.org/debian bullseye/main amd64 libcc1-0 amd64 10.2.1-6 [47.0 kB]
Get:75 http://deb.debian.org/debian bullseye/main amd64 libgomp1 amd64 10.2.1-6 [99.9 kB]
Get:76 http://deb.debian.org/debian bullseye/main amd64 libitm1 amd64 10.2.1-6 [25.8 kB]
Get:77 http://deb.debian.org/debian bullseye/main amd64 libatomic1 amd64 10.2.1-6 [9,008 B]
Get:78 http://deb.debian.org/debian bullseye/main amd64 libasan6 amd64 10.2.1-6 [2,065 kB]
Get:79 http://deb.debian.org/debian bullseye/main amd64 liblsan0 amd64 10.2.1-6 [828 kB]
Get:80 http://deb.debian.org/debian bullseye/main amd64 libtsan0 amd64 10.2.1-6 [2,000 kB]
Get:81 http://deb.debian.org/debian bullseye/main amd64 libubsan1 amd64 10.2.1-6 [777 kB]
Get:82 http://deb.debian.org/debian bullseye/main amd64 libquadmath0 amd64 10.2.1-6 [145 kB]
Get:83 http://deb.debian.org/debian bullseye/main amd64 libgcc-10-dev amd64 10.2.1-6 [2,328 kB]
Get:84 http://deb.debian.org/debian bullseye/main amd64 gcc-10 amd64 10.2.1-6 [17.0 MB]
Get:85 http://deb.debian.org/debian bullseye/main amd64 gcc amd64 4:10.2.1-1 [5,192 B]
Get:86 http://deb.debian.org/debian bullseye/main amd64 libstdc++-10-dev amd64 10.2.1-6 [1,741 kB]
Get:87 http://deb.debian.org/debian bullseye/main amd64 g++-10 amd64 10.2.1-6 [9,380 kB]
Get:88 http://deb.debian.org/debian bullseye/main amd64 g++ amd64 4:10.2.1-1 [1,644 B]
Get:89 http://deb.debian.org/debian bullseye/main amd64 make amd64 4.3-4.1 [396 kB]
Get:90 http://deb.debian.org/debian bullseye/main amd64 libdpkg-perl all 1.20.12 [1,551 kB]
Get:91 http://deb.debian.org/debian bullseye/main amd64 patch amd64 2.7.6-7 [128 kB]
Get:92 http://deb.debian.org/debian bullseye/main amd64 dpkg-dev all 1.20.12 [2,312 kB]
Get:93 http://deb.debian.org/debian bullseye/main amd64 build-essential amd64 12.9 [7,704 B]
Get:94 http://deb.debian.org/debian bullseye/main amd64 cmake-data all 3.18.4-2+deb11u1 [1,725 kB]
Get:95 http://deb.debian.org/debian bullseye/main amd64 libarchive13 amd64 3.4.3-2+deb11u1 [343 kB]
Get:96 http://deb.debian.org/debian bullseye/main amd64 libbrotli1 amd64 1.0.9-2+b2 [279 kB]
Get:97 http://deb.debian.org/debian bullseye/main amd64 libsasl2-modules-db amd64 2.1.27+dfsg-2.1+deb11u1 [69.1 kB]
Get:98 http://deb.debian.org/debian bullseye/main amd64 libsasl2-2 amd64 2.1.27+dfsg-2.1+deb11u1 [106 kB]
Get:99 http://deb.debian.org/debian bullseye/main amd64 libldap-2.4-2 amd64 2.4.57+dfsg-3+deb11u1 [232 kB]
Get:100 http://deb.debian.org/debian bullseye/main amd64 libnghttp2-14 amd64 1.43.0-1 [77.1 kB]
Get:101 http://deb.debian.org/debian bullseye/main amd64 libpsl5 amd64 0.21.0-1.2 [57.3 kB]
Get:102 http://deb.debian.org/debian bullseye/main amd64 librtmp1 amd64 2.4+20151223.gitfa8646d.1-2+b2 [60.8 kB]
Get:103 http://deb.debian.org/debian bullseye/main amd64 libssh2-1 amd64 1.9.0-2 [156 kB]
Get:104 http://deb.debian.org/debian bullseye/main amd64 libcurl4 amd64 7.74.0-1.3+deb11u3 [345 kB]
Get:105 http://deb.debian.org/debian bullseye/main amd64 libjsoncpp24 amd64 1.9.4-4 [78.9 kB]
Get:106 http://deb.debian.org/debian bullseye/main amd64 librhash0 amd64 1.4.1-2 [129 kB]
Get:107 http://deb.debian.org/debian bullseye/main amd64 libuv1 amd64 1.40.0-2 [132 kB]
Get:108 http://deb.debian.org/debian bullseye/main amd64 cmake amd64 3.18.4-2+deb11u1 [5,593 kB]
Get:109 http://deb.debian.org/debian bullseye/main amd64 libdconf1 amd64 0.38.0-2 [43.5 kB]
Get:110 http://deb.debian.org/debian bullseye/main amd64 dconf-service amd64 0.38.0-2 [37.4 kB]
Get:111 http://deb.debian.org/debian bullseye/main amd64 dconf-gsettings-backend amd64 0.38.0-2 [30.6 kB]
Get:112 http://deb.debian.org/debian bullseye/main amd64 libassuan0 amd64 2.5.3-7.1 [50.5 kB]
Get:113 http://deb.debian.org/debian bullseye/main amd64 gpgconf amd64 2.2.27-2+deb11u2 [548 kB]
Get:114 http://deb.debian.org/debian bullseye/main amd64 libnpth0 amd64 1.6-3 [19.0 kB]
Get:115 http://deb.debian.org/debian bullseye/main amd64 dirmngr amd64 2.2.27-2+deb11u2 [763 kB]
Get:116 http://deb.debian.org/debian bullseye/main amd64 libfakeroot amd64 1.25.3-1.1 [47.0 kB]
Get:117 http://deb.debian.org/debian bullseye/main amd64 fakeroot amd64 1.25.3-1.1 [87.0 kB]
Get:118 http://deb.debian.org/debian bullseye/main amd64 libfreetype6 amd64 2.10.4+dfsg-1+deb11u1 [418 kB]
Get:119 http://deb.debian.org/debian bullseye/main amd64 fonts-dejavu-core all 2.37-2 [1,069 kB]
Get:120 http://deb.debian.org/debian bullseye/main amd64 fontconfig-config all 2.13.1-4.2 [281 kB]
Get:121 http://deb.debian.org/debian bullseye/main amd64 libfontconfig1 amd64 2.13.1-4.2 [347 kB]
Get:122 http://deb.debian.org/debian bullseye/main amd64 fontconfig amd64 2.13.1-4.2 [417 kB]
Get:123 http://deb.debian.org/debian bullseye/main amd64 libgirepository-1.0-1 amd64 1.66.1-1+b1 [96.7 kB]
Get:124 http://deb.debian.org/debian bullseye/main amd64 gir1.2-glib-2.0 amd64 1.66.1-1+b1 [151 kB]
Get:125 http://deb.debian.org/debian bullseye/main amd64 libatk1.0-data all 2.36.0-2 [149 kB]
Get:126 http://deb.debian.org/debian bullseye/main amd64 libatk1.0-0 amd64 2.36.0-2 [52.2 kB]
Get:127 http://deb.debian.org/debian bullseye/main amd64 gir1.2-atk-1.0 amd64 2.36.0-2 [26.0 kB]
Get:128 http://deb.debian.org/debian bullseye/main amd64 gir1.2-freedesktop amd64 1.66.1-1+b1 [33.4 kB]
Get:129 http://deb.debian.org/debian bullseye/main amd64 libgraphite2-3 amd64 1.3.14-1 [81.2 kB]
Get:130 http://deb.debian.org/debian bullseye/main amd64 libharfbuzz0b amd64 2.7.4-1 [1,471 kB]
Get:131 http://deb.debian.org/debian bullseye/main amd64 gir1.2-harfbuzz-0.0 amd64 2.7.4-1 [1,154 kB]
Get:132 http://deb.debian.org/debian bullseye/main amd64 libfribidi0 amd64 1.0.8-2+deb11u1 [64.9 kB]
Get:133 http://deb.debian.org/debian bullseye/main amd64 libthai-data all 0.1.28-3 [170 kB]
Get:134 http://deb.debian.org/debian bullseye/main amd64 libdatrie1 amd64 0.2.13-1 [42.7 kB]
Get:135 http://deb.debian.org/debian bullseye/main amd64 libthai0 amd64 0.1.28-3 [54.2 kB]
Get:136 http://deb.debian.org/debian bullseye/main amd64 libpango-1.0-0 amd64 1.46.2-3 [191 kB]
Get:137 http://deb.debian.org/debian bullseye/main amd64 libxcb-render0 amd64 1.14-3 [111 kB]
Get:138 http://deb.debian.org/debian bullseye/main amd64 libxcb-shm0 amd64 1.14-3 [101 kB]
Get:139 http://deb.debian.org/debian bullseye/main amd64 libxrender1 amd64 1:0.9.10-1 [33.0 kB]
Get:140 http://deb.debian.org/debian bullseye/main amd64 libcairo2 amd64 1.16.0-5 [694 kB]
Get:141 http://deb.debian.org/debian bullseye/main amd64 libpangoft2-1.0-0 amd64 1.46.2-3 [62.2 kB]
Get:142 http://deb.debian.org/debian bullseye/main amd64 libpangocairo-1.0-0 amd64 1.46.2-3 [50.6 kB]
Get:143 http://deb.debian.org/debian bullseye/main amd64 libxft2 amd64 2.3.2-2 [57.2 kB]
Get:144 http://deb.debian.org/debian bullseye/main amd64 libpangoxft-1.0-0 amd64 1.46.2-3 [43.5 kB]
Get:145 http://deb.debian.org/debian bullseye/main amd64 gir1.2-pango-1.0 amd64 1.46.2-3 [53.0 kB]
Get:146 http://deb.debian.org/debian bullseye/main amd64 libatk-bridge2.0-0 amd64 2.38.0-1 [64.6 kB]
Get:147 http://deb.debian.org/debian bullseye/main amd64 libcairo-gobject2 amd64 1.16.0-5 [125 kB]
Get:148 http://deb.debian.org/debian bullseye/main amd64 liblcms2-2 amd64 2.12~rc1-2 [150 kB]
Get:149 http://deb.debian.org/debian bullseye/main amd64 libcolord2 amd64 1.4.5-3 [144 kB]
Get:150 http://deb.debian.org/debian bullseye/main amd64 libavahi-common-data amd64 0.8-5+deb11u1 [124 kB]
Get:151 http://deb.debian.org/debian bullseye/main amd64 libavahi-common3 amd64 0.8-5+deb11u1 [58.7 kB]
Get:152 http://deb.debian.org/debian bullseye/main amd64 libavahi-client3 amd64 0.8-5+deb11u1 [62.4 kB]
Get:153 http://deb.debian.org/debian bullseye/main amd64 libcups2 amd64 2.3.3op2-3+deb11u2 [350 kB]
Get:154 http://deb.debian.org/debian bullseye/main amd64 libepoxy0 amd64 1.5.5-1 [193 kB]
Get:155 http://deb.debian.org/debian bullseye/main amd64 libjson-glib-1.0-common all 1.6.2-1 [56.9 kB]
Get:156 http://deb.debian.org/debian bullseye/main amd64 libjson-glib-1.0-0 amd64 1.6.2-1 [65.4 kB]
Get:157 http://deb.debian.org/debian bullseye/main amd64 libproxy1v5 amd64 0.4.17-1 [59.5 kB]
Get:158 http://deb.debian.org/debian bullseye/main amd64 glib-networking-common all 2.66.0-2 [68.1 kB]
Get:159 http://deb.debian.org/debian bullseye/main amd64 glib-networking-services amd64 2.66.0-2 [17.5 kB]
Get:160 http://deb.debian.org/debian bullseye/main amd64 gsettings-desktop-schemas all 3.38.0-2 [588 kB]
Get:161 http://deb.debian.org/debian bullseye/main amd64 glib-networking amd64 2.66.0-2 [67.6 kB]
Get:162 http://deb.debian.org/debian bullseye/main amd64 libsoup2.4-1 amd64 2.72.0-2 [280 kB]
Get:163 http://deb.debian.org/debian bullseye/main amd64 libsoup-gnome2.4-1 amd64 2.72.0-2 [22.2 kB]
Get:164 http://deb.debian.org/debian bullseye/main amd64 librest-0.7-0 amd64 0.8.1-1.1 [33.8 kB]
Get:165 http://deb.debian.org/debian bullseye/main amd64 libwayland-client0 amd64 1.18.0-2~exp1.1 [26.9 kB]
Get:166 http://deb.debian.org/debian bullseye/main amd64 libwayland-cursor0 amd64 1.18.0-2~exp1.1 [14.6 kB]
Get:167 http://deb.debian.org/debian bullseye/main amd64 libwayland-egl1 amd64 1.18.0-2~exp1.1 [8,448 B]
Get:168 http://deb.debian.org/debian bullseye/main amd64 libxcomposite1 amd64 1:0.4.5-1 [16.6 kB]
Get:169 http://deb.debian.org/debian bullseye/main amd64 libxfixes3 amd64 1:5.0.3-2 [22.1 kB]
Get:170 http://deb.debian.org/debian bullseye/main amd64 libxcursor1 amd64 1:1.2.0-2 [37.3 kB]
Get:171 http://deb.debian.org/debian bullseye/main amd64 libxdamage1 amd64 1:1.1.5-2 [15.7 kB]
Get:172 http://deb.debian.org/debian bullseye/main amd64 libxinerama1 amd64 2:1.1.4-2 [17.7 kB]
Get:173 http://deb.debian.org/debian bullseye/main amd64 xkb-data all 2.29-2 [655 kB]
Get:174 http://deb.debian.org/debian bullseye/main amd64 libxkbcommon0 amd64 1.0.3-2 [101 kB]
Get:175 http://deb.debian.org/debian bullseye/main amd64 libxrandr2 amd64 2:1.5.1-1 [37.5 kB]
Get:176 http://deb.debian.org/debian bullseye/main amd64 libgtk-3-common all 3.24.24-4+deb11u2 [3,759 kB]
Get:177 http://deb.debian.org/debian bullseye/main amd64 libgtk-3-0 amd64 3.24.24-4+deb11u2 [2,716 kB]
Get:178 http://deb.debian.org/debian bullseye/main amd64 gir1.2-gtk-3.0 amd64 3.24.24-4+deb11u2 [259 kB]
Get:179 http://deb.debian.org/debian bullseye/main amd64 gnupg-l10n all 2.2.27-2+deb11u2 [1,086 kB]
Get:180 http://deb.debian.org/debian bullseye/main amd64 gnupg-utils amd64 2.2.27-2+deb11u2 [905 kB]
Get:181 http://deb.debian.org/debian bullseye/main amd64 gpg amd64 2.2.27-2+deb11u2 [928 kB]
Get:182 http://deb.debian.org/debian bullseye/main amd64 pinentry-curses amd64 1.1.0-4 [64.9 kB]
Get:183 http://deb.debian.org/debian bullseye/main amd64 gpg-agent amd64 2.2.27-2+deb11u2 [669 kB]
Get:184 http://deb.debian.org/debian bullseye/main amd64 gpg-wks-client amd64 2.2.27-2+deb11u2 [524 kB]
Get:185 http://deb.debian.org/debian bullseye/main amd64 gpg-wks-server amd64 2.2.27-2+deb11u2 [516 kB]
Get:186 http://deb.debian.org/debian bullseye/main amd64 gpgsm amd64 2.2.27-2+deb11u2 [645 kB]
Get:187 http://deb.debian.org/debian bullseye/main amd64 gnupg all 2.2.27-2+deb11u2 [825 kB]
Get:188 http://deb.debian.org/debian bullseye/main amd64 libalgorithm-diff-perl all 1.201-1 [43.3 kB]
Get:189 http://deb.debian.org/debian bullseye/main amd64 libalgorithm-diff-xs-perl amd64 0.04-6+b1 [12.0 kB]
Get:190 http://deb.debian.org/debian bullseye/main amd64 libalgorithm-merge-perl all 0.08-3 [12.7 kB]
Get:191 http://deb.debian.org/debian bullseye/main amd64 libauthen-sasl-perl all 2.1600-1.1 [45.4 kB]
Get:192 http://deb.debian.org/debian bullseye/main amd64 libxpm4 amd64 1:3.5.12-1 [49.1 kB]
Get:193 http://deb.debian.org/debian bullseye/main amd64 libgd3 amd64 2.3.0-2 [137 kB]
Get:194 http://deb.debian.org/debian bullseye-updates/main amd64 libc-devtools amd64 2.31-13+deb11u5 [246 kB]
Get:195 http://deb.debian.org/debian bullseye/main amd64 libextutils-depends-perl all 0.8000-1 [18.9 kB]
Get:196 http://deb.debian.org/debian bullseye/main amd64 pkg-config amd64 0.29.2-1 [65.1 kB]
Get:197 http://deb.debian.org/debian bullseye/main amd64 libextutils-pkgconfig-perl all 1.16-1.1 [10.9 kB]
Get:198 http://deb.debian.org/debian bullseye/main amd64 libcairo-perl amd64 1.109-1 [100 kB]
Get:199 http://deb.debian.org/debian bullseye/main amd64 libglib-perl amd64 3:1.329.3-1+b1 [350 kB]
Get:200 http://deb.debian.org/debian bullseye/main amd64 libcairo-gobject-perl amd64 1.005-2+b2 [12.3 kB]
Get:201 http://deb.debian.org/debian bullseye/main amd64 libclone-perl amd64 0.45-1+b1 [15.4 kB]
Get:202 http://deb.debian.org/debian bullseye/main amd64 libdata-dump-perl all 1.23-1.1 [27.6 kB]
Get:203 http://deb.debian.org/debian bullseye/main amd64 libdrm-common all 2.4.104-1 [14.9 kB]
Get:204 http://deb.debian.org/debian bullseye/main amd64 libdrm2 amd64 2.4.104-1 [41.5 kB]
Get:205 http://deb.debian.org/debian bullseye/main amd64 libdrm-amdgpu1 amd64 2.4.104-1 [28.5 kB]
Get:206 http://deb.debian.org/debian bullseye/main amd64 libpciaccess0 amd64 0.16-1 [53.6 kB]
Get:207 http://deb.debian.org/debian bullseye/main amd64 libdrm-intel1 amd64 2.4.104-1 [71.8 kB]
Get:208 http://deb.debian.org/debian bullseye/main amd64 libdrm-nouveau2 amd64 2.4.104-1 [26.8 kB]
Get:209 http://deb.debian.org/debian bullseye/main amd64 libdrm-radeon1 amd64 2.4.104-1 [30.2 kB]
Get:210 http://deb.debian.org/debian bullseye/main amd64 libencode-locale-perl all 1.05-1.1 [13.2 kB]
Get:211 http://deb.debian.org/debian bullseye/main amd64 libept1.6.0 amd64 1.2.1 [95.5 kB]
Get:212 http://deb.debian.org/debian bullseye/main amd64 libipc-system-simple-perl all 1.30-1 [28.2 kB]
Get:213 http://deb.debian.org/debian bullseye/main amd64 libfile-basedir-perl all 0.08-1 [17.7 kB]
Get:214 http://deb.debian.org/debian bullseye/main amd64 liburi-perl all 5.08-1 [90.6 kB]
Get:215 http://deb.debian.org/debian bullseye/main amd64 libfile-desktopentry-perl all 0.22-2 [19.1 kB]
Get:216 http://deb.debian.org/debian bullseye/main amd64 libfile-fcntllock-perl amd64 0.22-3+b7 [35.5 kB]
Get:217 http://deb.debian.org/debian bullseye/main amd64 libtimedate-perl all 2.3300-2 [39.3 kB]
Get:218 http://deb.debian.org/debian bullseye/main amd64 libhttp-date-perl all 6.05-1 [10.4 kB]
Get:219 http://deb.debian.org/debian bullseye/main amd64 libfile-listing-perl all 6.14-1 [12.4 kB]
Get:220 http://deb.debian.org/debian bullseye/main amd64 libfile-mimeinfo-perl all 0.30-1 [48.0 kB]
Get:221 http://deb.debian.org/debian bullseye/main amd64 libfont-afm-perl all 1.20-3 [14.0 kB]
Get:222 http://deb.debian.org/debian bullseye/main amd64 libfontenc1 amd64 1:1.1.4-1 [24.3 kB]
Get:223 http://deb.debian.org/debian bullseye/main amd64 libgdk-pixbuf-xlib-2.0-0 amd64 2.40.2-2 [47.9 kB]
Get:224 http://deb.debian.org/debian bullseye/main amd64 libgdk-pixbuf2.0-0 amd64 2.40.2-2 [14.1 kB]
Get:225 http://deb.debian.org/debian bullseye/main amd64 libglapi-mesa amd64 20.3.5-1 [71.7 kB]
Get:226 http://deb.debian.org/debian bullseye/main amd64 libz3-4 amd64 4.8.10-1 [6,949 kB]
Get:227 http://deb.debian.org/debian bullseye/main amd64 libllvm11 amd64 1:11.0.1-2 [17.9 MB]
Get:228 http://deb.debian.org/debian bullseye/main amd64 libsensors-config all 1:3.6.0-7 [32.3 kB]
Get:229 http://deb.debian.org/debian bullseye/main amd64 libsensors5 amd64 1:3.6.0-7 [52.3 kB]
Get:230 http://deb.debian.org/debian bullseye/main amd64 libvulkan1 amd64 1.2.162.0-1 [103 kB]
Get:231 http://deb.debian.org/debian bullseye/main amd64 libgl1-mesa-dri amd64 20.3.5-1 [9,633 kB]
Get:232 http://deb.debian.org/debian bullseye/main amd64 libglib-object-introspection-perl amd64 0.049-1+b1 [68.9 kB]
Get:233 http://deb.debian.org/debian bullseye/main amd64 libglib2.0-data all 2.66.8-1 [1,164 kB]
Get:234 http://deb.debian.org/debian bullseye/main amd64 libglvnd0 amd64 1.3.2-1 [53.6 kB]
Get:235 http://deb.debian.org/debian bullseye/main amd64 libx11-xcb1 amd64 2:1.7.2-1 [203 kB]
Get:236 http://deb.debian.org/debian bullseye/main amd64 libxcb-dri2-0 amd64 1.14-3 [103 kB]
Get:237 http://deb.debian.org/debian bullseye/main amd64 libxcb-dri3-0 amd64 1.14-3 [102 kB]
Get:238 http://deb.debian.org/debian bullseye/main amd64 libxcb-glx0 amd64 1.14-3 [118 kB]
Get:239 http://deb.debian.org/debian bullseye/main amd64 libxcb-present0 amd64 1.14-3 [101 kB]
Get:240 http://deb.debian.org/debian bullseye/main amd64 libxcb-sync1 amd64 1.14-3 [105 kB]
Get:241 http://deb.debian.org/debian bullseye/main amd64 libxcb-xfixes0 amd64 1.14-3 [105 kB]
Get:242 http://deb.debian.org/debian bullseye/main amd64 libxshmfence1 amd64 1.3-1 [8,820 B]
Get:243 http://deb.debian.org/debian bullseye/main amd64 libxxf86vm1 amd64 1:1.1.4-1+b2 [20.8 kB]
Get:244 http://deb.debian.org/debian bullseye/main amd64 libglx-mesa0 amd64 20.3.5-1 [186 kB]
Get:245 http://deb.debian.org/debian bullseye/main amd64 libgtk-3-bin amd64 3.24.24-4+deb11u2 [124 kB]
Get:246 http://deb.debian.org/debian bullseye/main amd64 libgtk3-perl all 0.038-1 [34.7 kB]
Get:247 http://deb.debian.org/debian bullseye/main amd64 libhtml-tagset-perl all 3.20-4 [13.0 kB]
Get:248 http://deb.debian.org/debian bullseye/main amd64 libhtml-parser-perl amd64 3.75-1+b1 [105 kB]
Get:249 http://deb.debian.org/debian bullseye/main amd64 libio-html-perl all 1.004-2 [16.1 kB]
Get:250 http://deb.debian.org/debian bullseye/main amd64 liblwp-mediatypes-perl all 6.04-1 [19.9 kB]
Get:251 http://deb.debian.org/debian bullseye/main amd64 libhttp-message-perl all 6.28-1 [79.6 kB]
Get:252 http://deb.debian.org/debian bullseye/main amd64 libhtml-form-perl all 6.07-1 [22.9 kB]
Get:253 http://deb.debian.org/debian bullseye/main amd64 libhtml-tree-perl all 5.07-2 [213 kB]
Get:254 http://deb.debian.org/debian bullseye/main amd64 libhtml-format-perl all 2.12-1.1 [43.8 kB]
Get:255 http://deb.debian.org/debian bullseye/main amd64 libhttp-cookies-perl all 6.10-1 [19.6 kB]
Get:256 http://deb.debian.org/debian bullseye/main amd64 libhttp-daemon-perl all 6.12-1+deb11u1 [23.4 kB]
Get:257 http://deb.debian.org/debian bullseye/main amd64 libhttp-negotiate-perl all 6.01-1 [12.8 kB]
Get:258 http://deb.debian.org/debian bullseye/main amd64 libice6 amd64 2:1.0.10-1 [58.5 kB]
Get:259 http://deb.debian.org/debian bullseye/main amd64 perl-openssl-defaults amd64 5 [7,360 B]
Get:260 http://deb.debian.org/debian bullseye/main amd64 libnet-ssleay-perl amd64 1.88-3+b1 [321 kB]
Get:261 http://deb.debian.org/debian bullseye/main amd64 libio-socket-ssl-perl all 2.069-1 [215 kB]
Get:262 http://deb.debian.org/debian bullseye/main amd64 libio-stringy-perl all 2.111-3 [56.5 kB]
Get:263 http://deb.debian.org/debian bullseye/main amd64 libldap-common all 2.4.57+dfsg-3+deb11u1 [95.8 kB]
Get:264 http://deb.debian.org/debian bullseye/main amd64 liblua5.3-0 amd64 5.3.3-1.1+b1 [120 kB]
Get:265 http://deb.debian.org/debian bullseye/main amd64 libnet-http-perl all 6.20-1 [25.1 kB]
Get:266 http://deb.debian.org/debian bullseye/main amd64 libtry-tiny-perl all 0.30-1 [23.3 kB]
Get:267 http://deb.debian.org/debian bullseye/main amd64 libwww-robotrules-perl all 6.02-1 [12.9 kB]
Get:268 http://deb.debian.org/debian bullseye/main amd64 libwww-perl all 6.52-1 [192 kB]
Get:269 http://deb.debian.org/debian bullseye/main amd64 liblwp-protocol-https-perl all 6.10-1 [12.2 kB]
Get:270 http://deb.debian.org/debian bullseye/main amd64 libnet-smtp-ssl-perl all 1.04-1 [6,184 B]
Get:271 http://deb.debian.org/debian bullseye/main amd64 libmailtools-perl all 2.21-1 [95.5 kB]
Get:272 http://deb.debian.org/debian bullseye/main amd64 libxml-parser-perl amd64 2.46-2 [206 kB]
Get:273 http://deb.debian.org/debian bullseye/main amd64 libxml-twig-perl all 1:3.52-1 [181 kB]
Get:274 http://deb.debian.org/debian bullseye/main amd64 libnet-dbus-perl amd64 1.2.0-1+b1 [182 kB]
Get:275 http://deb.debian.org/debian bullseye/main amd64 libpolkit-gobject-1-0 amd64 0.105-31+deb11u1 [48.5 kB]
Get:276 http://deb.debian.org/debian bullseye/main amd64 libpolkit-agent-1-0 amd64 0.105-31+deb11u1 [28.1 kB]
Get:277 http://deb.debian.org/debian bullseye/main amd64 librsvg2-2 amd64 2.50.3+dfsg-1 [2,460 kB]
Get:278 http://deb.debian.org/debian bullseye/main amd64 librsvg2-common amd64 2.50.3+dfsg-1 [31.0 kB]
Get:279 http://deb.debian.org/debian bullseye/main amd64 libsasl2-modules amd64 2.1.27+dfsg-2.1+deb11u1 [104 kB]
Get:280 http://deb.debian.org/debian bullseye/main amd64 libsm6 amd64 2:1.2.3-1 [35.1 kB]
Get:281 http://deb.debian.org/debian bullseye/main amd64 libtie-ixhash-perl all 1.23-2.1 [11.8 kB]
Get:282 http://deb.debian.org/debian bullseye/main amd64 libvte-2.91-common amd64 0.62.3-1 [64.8 kB]
Setting up libsoup2.4-1:amd64 (2.72.0-2) ...
Setting up libsoup-gnome2.4-1:amd64 (2.72.0-2) ...
Setting up libcairo-gobject-perl (1.005-2+b2) ...
Setting up libglib-object-introspection-perl (0.049-1+b1) ...
Setting up librest-0.7-0:amd64 (0.8.1-1.1) ...
Setting up libgtk-3-0:amd64 (3.24.24-4+deb11u2) ...
Setting up gir1.2-gtk-3.0:amd64 (3.24.24-4+deb11u2) ...
Setting up libgtk-3-bin (3.24.24-4+deb11u2) ...
Setting up libvte-2.91-0:amd64 (0.62.3-1) ...
Setting up synaptic (0.90.2) ...
Setting up libgtk3-perl (0.038-1) ...
Setting up termit (3.1-1) ...
update-alternatives: using /usr/bin/termit to provide /usr/bin/x-terminal-emulator (x-terminal-emulator) in auto mode
Setting up liblwp-protocol-https-perl (6.10-1) ...
Setting up libwww-perl (6.52-1) ...
Setting up libxml-parser-perl:amd64 (2.46-2) ...
Setting up libxml-twig-perl (1:3.52-1) ...
Setting up libnet-dbus-perl (1.2.0-1+b1) ...
Processing triggers for libc-bin (2.31-13+deb11u5) ...
ldconfig: /usr/lib/wsl/lib/libcuda.so.1 is not a symbolic link

Processing triggers for ca-certificates (20210119) ...
Updating certificates in /etc/ssl/certs...
0 added, 0 removed; done.
Running hooks in /etc/ca-certificates/update.d...
done.
Processing triggers for libgdk-pixbuf-2.0-0:amd64 (2.42.2+dfsg-1+deb11u1) ...
joelwindows7@JOEL-ROG-GL503GE:~$