joelwindows7@JOEL-ROG-GL503GE:~/sauce/simplified$ mkdir qemu-eos-build
joelwindows7@JOEL-ROG-GL503GE:~/sauce/simplified$ ls
magiclantern_simplified  qemu-eos  qemu-eos-build
joelwindows7@JOEL-ROG-GL503GE:~/sauce/simplified$ cd qemu-eos-build
joelwindows7@JOEL-ROG-GL503GE:~/sauce/simplified/qemu-eos-build$ ../qemu-eos/configure --target-list=arm-softmmu --enable-plugins --disable-docs --enable-vnc --enable-gtk

ERROR: User requested feature gtk
       configure was not able to find it.
       Install gtk3-devel

joelwindows7@JOEL-ROG-GL503GE:~/sauce/simplified/qemu-eos-build$ sudo apt install libgtk3
[sudo] password for joelwindows7:
Sorry, try again.
[sudo] password for joelwindows7:
Reading package lists... Done
Building dependency tree... Done
Reading state information... Done
E: Unable to locate package libgtk3
joelwindows7@JOEL-ROG-GL503GE:~/sauce/simplified/qemu-eos-build$ sudo synaptic

Extracting templates from packages: 100%
Selecting previously unselected package mono-runtime-common.
(Reading database ... 68375 files and directories currently installed.)
Preparing to unpack .../0-mono-runtime-common_6.8.0.105+dfsg-3.2_amd64.deb ...
Unpacking mono-runtime-common (6.8.0.105+dfsg-3.2) ...
Selecting previously unselected package libmono-corlib4.5-dll.
Preparing to unpack .../1-libmono-corlib4.5-dll_6.8.0.105+dfsg-3.2_all.deb ...
Unpacking libmono-corlib4.5-dll (6.8.0.105+dfsg-3.2) ...
Selecting previously unselected package libmono-system-core4.0-cil.
Preparing to unpack .../2-libmono-system-core4.0-cil_6.8.0.105+dfsg-3.2_all.deb ...
Unpacking libmono-system-core4.0-cil (6.8.0.105+dfsg-3.2) ...
Selecting previously unselected package libmono-system-numerics4.0-cil.
Preparing to unpack .../3-libmono-system-numerics4.0-cil_6.8.0.105+dfsg-3.2_all.deb ...
Unpacking libmono-system-numerics4.0-cil (6.8.0.105+dfsg-3.2) ...
Selecting previously unselected package libmono-system-xml4.0-cil.
Preparing to unpack .../4-libmono-system-xml4.0-cil_6.8.0.105+dfsg-3.2_all.deb ...
Unpacking libmono-system-xml4.0-cil (6.8.0.105+dfsg-3.2) ...
Selecting previously unselected package libmono-system-security4.0-cil.
Preparing to unpack .../5-libmono-system-security4.0-cil_6.8.0.105+dfsg-3.2_all.deb ...
Unpacking libmono-system-security4.0-cil (6.8.0.105+dfsg-3.2) ...
Selecting previously unselected package libmono-system-configuration4.0-cil.
Preparing to unpack .../6-libmono-system-configuration4.0-cil_6.8.0.105+dfsg-3.2_all.deb ...
Unpacking libmono-system-configuration4.0-cil (6.8.0.105+dfsg-3.2) ...
Selecting previously unselected package libmono-system4.0-cil.
Preparing to unpack .../7-libmono-system4.0-cil_6.8.0.105+dfsg-3.2_all.deb ...
Unpacking libmono-system4.0-cil (6.8.0.105+dfsg-3.2) ...
Selecting previously unselected package libmono-security4.0-cil.
Preparing to unpack .../8-libmono-security4.0-cil_6.8.0.105+dfsg-3.2_all.deb ...
Unpacking libmono-security4.0-cil (6.8.0.105+dfsg-3.2) ...
Selecting previously unselected package mono-4.0-gac.
Preparing to unpack .../9-mono-4.0-gac_6.8.0.105+dfsg-3.2_all.deb ...
Unpacking mono-4.0-gac (6.8.0.105+dfsg-3.2) ...
Setting up mono-runtime-common (6.8.0.105+dfsg-3.2) ...
ldconfig: /usr/lib/wsl/lib/libcuda.so.1 is not a symbolic link

Selecting previously unselected package mono-gac.
(Reading database ... 68491 files and directories currently installed.)
Preparing to unpack .../000-mono-gac_6.8.0.105+dfsg-3.2_all.deb ...
Unpacking mono-gac (6.8.0.105+dfsg-3.2) ...
Selecting previously unselected package mono-runtime-sgen.
Preparing to unpack .../001-mono-runtime-sgen_6.8.0.105+dfsg-3.2_amd64.deb ...
Unpacking mono-runtime-sgen (6.8.0.105+dfsg-3.2) ...
Selecting previously unselected package mono-runtime.
Preparing to unpack .../002-mono-runtime_6.8.0.105+dfsg-3.2_amd64.deb ...
Unpacking mono-runtime (6.8.0.105+dfsg-3.2) ...
Selecting previously unselected package libmono-corlib4.5-cil.
Preparing to unpack .../003-libmono-corlib4.5-cil_6.8.0.105+dfsg-3.2_all.deb ...
Unpacking libmono-corlib4.5-cil (6.8.0.105+dfsg-3.2) ...
Selecting previously unselected package ca-certificates-mono.
Preparing to unpack .../004-ca-certificates-mono_6.8.0.105+dfsg-3.2_all.deb ...
Unpacking ca-certificates-mono (6.8.0.105+dfsg-3.2) ...
Selecting previously unselected package binfmt-support.
Preparing to unpack .../005-binfmt-support_2.2.1-1_amd64.deb ...
Unpacking binfmt-support (2.2.1-1) ...
Selecting previously unselected package cli-common.
Preparing to unpack .../006-cli-common_0.10_all.deb ...
Unpacking cli-common (0.10) ...
Selecting previously unselected package gir1.2-atspi-2.0:amd64.
Preparing to unpack .../007-gir1.2-atspi-2.0_2.38.0-4_amd64.deb ...
Unpacking gir1.2-atspi-2.0:amd64 (2.38.0-4) ...
Selecting previously unselected package gir1.2-gtk-2.0:amd64.
Preparing to unpack .../008-gir1.2-gtk-2.0_2.24.33-2_amd64.deb ...
Unpacking gir1.2-gtk-2.0:amd64 (2.24.33-2) ...
Selecting previously unselected package icu-devtools.
Preparing to unpack .../009-icu-devtools_67.1-7_amd64.deb ...
Unpacking icu-devtools (67.1-7) ...
Selecting previously unselected package libffi-dev:amd64.
Preparing to unpack .../010-libffi-dev_3.3-6_amd64.deb ...
Unpacking libffi-dev:amd64 (3.3-6) ...
Selecting previously unselected package libglib2.0-bin.
Preparing to unpack .../011-libglib2.0-bin_2.66.8-1_amd64.deb ...
Unpacking libglib2.0-bin (2.66.8-1) ...
Selecting previously unselected package libglib2.0-dev-bin.
Preparing to unpack .../012-libglib2.0-dev-bin_2.66.8-1_amd64.deb ...
Unpacking libglib2.0-dev-bin (2.66.8-1) ...
Selecting previously unselected package uuid-dev:amd64.
Preparing to unpack .../013-uuid-dev_2.36.1-8+deb11u1_amd64.deb ...
Unpacking uuid-dev:amd64 (2.36.1-8+deb11u1) ...
Selecting previously unselected package libblkid-dev:amd64.
Preparing to unpack .../014-libblkid-dev_2.36.1-8+deb11u1_amd64.deb ...
Unpacking libblkid-dev:amd64 (2.36.1-8+deb11u1) ...
Selecting previously unselected package libsepol1-dev:amd64.
Preparing to unpack .../015-libsepol1-dev_3.1-1_amd64.deb ...
Unpacking libsepol1-dev:amd64 (3.1-1) ...
Selecting previously unselected package libpcre2-32-0:amd64.
Preparing to unpack .../016-libpcre2-32-0_10.36-2+deb11u1_amd64.deb ...
Unpacking libpcre2-32-0:amd64 (10.36-2+deb11u1) ...
Selecting previously unselected package libpcre2-posix2:amd64.
Preparing to unpack .../017-libpcre2-posix2_10.36-2+deb11u1_amd64.deb ...
Unpacking libpcre2-posix2:amd64 (10.36-2+deb11u1) ...
Selecting previously unselected package libpcre2-dev:amd64.
Preparing to unpack .../018-libpcre2-dev_10.36-2+deb11u1_amd64.deb ...
Unpacking libpcre2-dev:amd64 (10.36-2+deb11u1) ...
Selecting previously unselected package libselinux1-dev:amd64.
Preparing to unpack .../019-libselinux1-dev_3.1-3_amd64.deb ...
Unpacking libselinux1-dev:amd64 (3.1-3) ...
Selecting previously unselected package libmount-dev:amd64.
Preparing to unpack .../020-libmount-dev_2.36.1-8+deb11u1_amd64.deb ...
Unpacking libmount-dev:amd64 (2.36.1-8+deb11u1) ...
Selecting previously unselected package libpcre16-3:amd64.
Preparing to unpack .../021-libpcre16-3_2%3a8.39-13_amd64.deb ...
Unpacking libpcre16-3:amd64 (2:8.39-13) ...
Selecting previously unselected package libpcre32-3:amd64.
Preparing to unpack .../022-libpcre32-3_2%3a8.39-13_amd64.deb ...
Unpacking libpcre32-3:amd64 (2:8.39-13) ...
Selecting previously unselected package libpcrecpp0v5:amd64.
Preparing to unpack .../023-libpcrecpp0v5_2%3a8.39-13_amd64.deb ...
Unpacking libpcrecpp0v5:amd64 (2:8.39-13) ...
Selecting previously unselected package libpcre3-dev:amd64.
Preparing to unpack .../024-libpcre3-dev_2%3a8.39-13_amd64.deb ...
Unpacking libpcre3-dev:amd64 (2:8.39-13) ...
Selecting previously unselected package libglib2.0-dev:amd64.
Preparing to unpack .../025-libglib2.0-dev_2.66.8-1_amd64.deb ...
Unpacking libglib2.0-dev:amd64 (2.66.8-1) ...
Selecting previously unselected package libatk1.0-dev:amd64.
Preparing to unpack .../026-libatk1.0-dev_2.36.0-2_amd64.deb ...
Unpacking libatk1.0-dev:amd64 (2.36.0-2) ...
Selecting previously unselected package libdbus-1-dev:amd64.
Preparing to unpack .../027-libdbus-1-dev_1.12.24-0+deb11u1_amd64.deb ...
Unpacking libdbus-1-dev:amd64 (1.12.24-0+deb11u1) ...
Selecting previously unselected package xorg-sgml-doctools.
Preparing to unpack .../028-xorg-sgml-doctools_1%3a1.11-1.1_all.deb ...
Unpacking xorg-sgml-doctools (1:1.11-1.1) ...
Selecting previously unselected package x11proto-dev.
Preparing to unpack .../029-x11proto-dev_2020.1-1_all.deb ...
Unpacking x11proto-dev (2020.1-1) ...
Selecting previously unselected package libxau-dev:amd64.
Preparing to unpack .../030-libxau-dev_1%3a1.0.9-1_amd64.deb ...
Unpacking libxau-dev:amd64 (1:1.0.9-1) ...
Selecting previously unselected package libxdmcp-dev:amd64.
Preparing to unpack .../031-libxdmcp-dev_1%3a1.1.2-3_amd64.deb ...
Unpacking libxdmcp-dev:amd64 (1:1.1.2-3) ...
Selecting previously unselected package xtrans-dev.
Preparing to unpack .../032-xtrans-dev_1.4.0-1_all.deb ...
Unpacking xtrans-dev (1.4.0-1) ...
Selecting previously unselected package libpthread-stubs0-dev:amd64.
Preparing to unpack .../033-libpthread-stubs0-dev_0.4-1_amd64.deb ...
Unpacking libpthread-stubs0-dev:amd64 (0.4-1) ...
Selecting previously unselected package libxcb1-dev:amd64.
Preparing to unpack .../034-libxcb1-dev_1.14-3_amd64.deb ...
Unpacking libxcb1-dev:amd64 (1.14-3) ...
Selecting previously unselected package libx11-dev:amd64.
Preparing to unpack .../035-libx11-dev_2%3a1.7.2-1_amd64.deb ...
Unpacking libx11-dev:amd64 (2:1.7.2-1) ...
Selecting previously unselected package x11proto-xext-dev.
Preparing to unpack .../036-x11proto-xext-dev_2020.1-1_all.deb ...
Unpacking x11proto-xext-dev (2020.1-1) ...
Selecting previously unselected package libxext-dev:amd64.
Preparing to unpack .../037-libxext-dev_2%3a1.3.3-1.1_amd64.deb ...
Unpacking libxext-dev:amd64 (2:1.3.3-1.1) ...
Selecting previously unselected package libxfixes-dev:amd64.
Preparing to unpack .../038-libxfixes-dev_1%3a5.0.3-2_amd64.deb ...
Unpacking libxfixes-dev:amd64 (1:5.0.3-2) ...
Selecting previously unselected package x11proto-input-dev.
Preparing to unpack .../039-x11proto-input-dev_2020.1-1_all.deb ...
Unpacking x11proto-input-dev (2020.1-1) ...
Selecting previously unselected package libxi-dev:amd64.
Preparing to unpack .../040-libxi-dev_2%3a1.7.10-1_amd64.deb ...
Unpacking libxi-dev:amd64 (2:1.7.10-1) ...
Selecting previously unselected package x11proto-record-dev.
Preparing to unpack .../041-x11proto-record-dev_2020.1-1_all.deb ...
Unpacking x11proto-record-dev (2020.1-1) ...
Selecting previously unselected package libxtst-dev:amd64.
Preparing to unpack .../042-libxtst-dev_2%3a1.2.3-1_amd64.deb ...
Unpacking libxtst-dev:amd64 (2:1.2.3-1) ...
Selecting previously unselected package libatspi2.0-dev:amd64.
Preparing to unpack .../043-libatspi2.0-dev_2.38.0-4_amd64.deb ...
Unpacking libatspi2.0-dev:amd64 (2.38.0-4) ...
Selecting previously unselected package libatk-bridge2.0-dev:amd64.
Preparing to unpack .../044-libatk-bridge2.0-dev_2.38.0-1_amd64.deb ...
Unpacking libatk-bridge2.0-dev:amd64 (2.38.0-1) ...
Selecting previously unselected package libbrotli-dev:amd64.
Preparing to unpack .../045-libbrotli-dev_1.0.9-2+b2_amd64.deb ...
Unpacking libbrotli-dev:amd64 (1.0.9-2+b2) ...
Selecting previously unselected package libcairo-script-interpreter2:amd64.
Preparing to unpack .../046-libcairo-script-interpreter2_1.16.0-5_amd64.deb ...
Unpacking libcairo-script-interpreter2:amd64 (1.16.0-5) ...
Selecting previously unselected package libpng-dev:amd64.
Preparing to unpack .../047-libpng-dev_1.6.37-3_amd64.deb ...
Unpacking libpng-dev:amd64 (1.6.37-3) ...
Selecting previously unselected package libfreetype-dev:amd64.
Preparing to unpack .../048-libfreetype-dev_2.10.4+dfsg-1+deb11u1_amd64.deb ...
Unpacking libfreetype-dev:amd64 (2.10.4+dfsg-1+deb11u1) ...
Selecting previously unselected package libfreetype6-dev:amd64.
Preparing to unpack .../049-libfreetype6-dev_2.10.4+dfsg-1+deb11u1_amd64.deb ...
Unpacking libfreetype6-dev:amd64 (2.10.4+dfsg-1+deb11u1) ...
Selecting previously unselected package libfontconfig-dev:amd64.
Preparing to unpack .../050-libfontconfig-dev_2.13.1-4.2_amd64.deb ...
Unpacking libfontconfig-dev:amd64 (2.13.1-4.2) ...
Selecting previously unselected package libfontconfig1-dev:amd64.
Preparing to unpack .../051-libfontconfig1-dev_2.13.1-4.2_amd64.deb ...
Unpacking libfontconfig1-dev:amd64 (2.13.1-4.2) ...
Selecting previously unselected package libxrender-dev:amd64.
Preparing to unpack .../052-libxrender-dev_1%3a0.9.10-1_amd64.deb ...
Unpacking libxrender-dev:amd64 (1:0.9.10-1) ...
Selecting previously unselected package libice-dev:amd64.
Preparing to unpack .../053-libice-dev_2%3a1.0.10-1_amd64.deb ...
Unpacking libice-dev:amd64 (2:1.0.10-1) ...
Selecting previously unselected package libsm-dev:amd64.
Preparing to unpack .../054-libsm-dev_2%3a1.2.3-1_amd64.deb ...
Unpacking libsm-dev:amd64 (2:1.2.3-1) ...
Selecting previously unselected package libpixman-1-dev:amd64.
Preparing to unpack .../055-libpixman-1-dev_0.40.0-1.1~deb11u1_amd64.deb ...
Unpacking libpixman-1-dev:amd64 (0.40.0-1.1~deb11u1) ...
Selecting previously unselected package libxcb-render0-dev:amd64.
Preparing to unpack .../056-libxcb-render0-dev_1.14-3_amd64.deb ...
Unpacking libxcb-render0-dev:amd64 (1.14-3) ...
Selecting previously unselected package libxcb-shm0-dev:amd64.
Preparing to unpack .../057-libxcb-shm0-dev_1.14-3_amd64.deb ...
Unpacking libxcb-shm0-dev:amd64 (1.14-3) ...
Selecting previously unselected package libcairo2-dev:amd64.
Preparing to unpack .../058-libcairo2-dev_1.16.0-5_amd64.deb ...
Unpacking libcairo2-dev:amd64 (1.16.0-5) ...
Selecting previously unselected package libdatrie-dev:amd64.
Preparing to unpack .../059-libdatrie-dev_0.2.13-1_amd64.deb ...
Unpacking libdatrie-dev:amd64 (0.2.13-1) ...
Selecting previously unselected package libglx-dev:amd64.
Preparing to unpack .../060-libglx-dev_1.3.2-1_amd64.deb ...
Unpacking libglx-dev:amd64 (1.3.2-1) ...
Selecting previously unselected package libgl-dev:amd64.
Preparing to unpack .../061-libgl-dev_1.3.2-1_amd64.deb ...
Unpacking libgl-dev:amd64 (1.3.2-1) ...
Selecting previously unselected package libegl-dev:amd64.
Preparing to unpack .../062-libegl-dev_1.3.2-1_amd64.deb ...
Unpacking libegl-dev:amd64 (1.3.2-1) ...
Selecting previously unselected package libgles1:amd64.
Preparing to unpack .../063-libgles1_1.3.2-1_amd64.deb ...
Unpacking libgles1:amd64 (1.3.2-1) ...
Selecting previously unselected package libgles2:amd64.
Preparing to unpack .../064-libgles2_1.3.2-1_amd64.deb ...
Unpacking libgles2:amd64 (1.3.2-1) ...
Selecting previously unselected package libgles-dev:amd64.
Preparing to unpack .../065-libgles-dev_1.3.2-1_amd64.deb ...
Unpacking libgles-dev:amd64 (1.3.2-1) ...
Selecting previously unselected package libopengl0:amd64.
Preparing to unpack .../066-libopengl0_1.3.2-1_amd64.deb ...
Unpacking libopengl0:amd64 (1.3.2-1) ...
Selecting previously unselected package libopengl-dev:amd64.
Preparing to unpack .../067-libopengl-dev_1.3.2-1_amd64.deb ...
Unpacking libopengl-dev:amd64 (1.3.2-1) ...
Selecting previously unselected package libglvnd-dev:amd64.
Preparing to unpack .../068-libglvnd-dev_1.3.2-1_amd64.deb ...
Unpacking libglvnd-dev:amd64 (1.3.2-1) ...
Selecting previously unselected package libegl1-mesa-dev:amd64.
Preparing to unpack .../069-libegl1-mesa-dev_20.3.5-1_amd64.deb ...
Unpacking libegl1-mesa-dev:amd64 (20.3.5-1) ...
Selecting previously unselected package libepoxy-dev:amd64.
Preparing to unpack .../070-libepoxy-dev_1.5.5-1_amd64.deb ...
Unpacking libepoxy-dev:amd64 (1.5.5-1) ...
Selecting previously unselected package libexif12:amd64.
Preparing to unpack .../071-libexif12_0.6.22-3_amd64.deb ...
Unpacking libexif12:amd64 (0.6.22-3) ...
Selecting previously unselected package libfribidi-dev:amd64.
Preparing to unpack .../072-libfribidi-dev_1.0.8-2+deb11u1_amd64.deb ...
Unpacking libfribidi-dev:amd64 (1.0.8-2+deb11u1) ...
Selecting previously unselected package libgif7:amd64.
Preparing to unpack .../073-libgif7_5.1.9-2_amd64.deb ...
Unpacking libgif7:amd64 (5.1.9-2) ...
Selecting previously unselected package libgdiplus.
Preparing to unpack .../074-libgdiplus_6.0.4+dfsg-2_amd64.deb ...
Unpacking libgdiplus (6.0.4+dfsg-2) ...
Selecting previously unselected package libgdk-pixbuf-2.0-dev:amd64.
Preparing to unpack .../075-libgdk-pixbuf-2.0-dev_2.42.2+dfsg-1+deb11u1_amd64.deb ...
Unpacking libgdk-pixbuf-2.0-dev:amd64 (2.42.2+dfsg-1+deb11u1) ...
Selecting previously unselected package libglib2.0-cil.
Preparing to unpack .../076-libglib2.0-cil_2.12.40-3_amd64.deb ...
Unpacking libglib2.0-cil (2.12.40-3) ...
Selecting previously unselected package libglib2.0-cil-dev.
Preparing to unpack .../077-libglib2.0-cil-dev_2.12.40-3_amd64.deb ...
Unpacking libglib2.0-cil-dev (2.12.40-3) ...
Selecting previously unselected package libgraphite2-dev:amd64.
Preparing to unpack .../078-libgraphite2-dev_1.3.14-1_amd64.deb ...
Unpacking libgraphite2-dev:amd64 (1.3.14-1) ...
Selecting previously unselected package libharfbuzz-icu0:amd64.
Preparing to unpack .../079-libharfbuzz-icu0_2.7.4-1_amd64.deb ...
Unpacking libharfbuzz-icu0:amd64 (2.7.4-1) ...
Selecting previously unselected package libharfbuzz-gobject0:amd64.
Preparing to unpack .../080-libharfbuzz-gobject0_2.7.4-1_amd64.deb ...
Unpacking libharfbuzz-gobject0:amd64 (2.7.4-1) ...
Selecting previously unselected package libicu-dev:amd64.
Preparing to unpack .../081-libicu-dev_67.1-7_amd64.deb ...
Unpacking libicu-dev:amd64 (67.1-7) ...
Selecting previously unselected package libharfbuzz-dev:amd64.
Preparing to unpack .../082-libharfbuzz-dev_2.7.4-1_amd64.deb ...
Unpacking libharfbuzz-dev:amd64 (2.7.4-1) ...
Selecting previously unselected package libthai-dev:amd64.
Preparing to unpack .../083-libthai-dev_0.1.28-3_amd64.deb ...
Unpacking libthai-dev:amd64 (0.1.28-3) ...
Selecting previously unselected package libxft-dev:amd64.
Preparing to unpack .../084-libxft-dev_2.3.2-2_amd64.deb ...
Unpacking libxft-dev:amd64 (2.3.2-2) ...
Selecting previously unselected package pango1.0-tools.
Preparing to unpack .../085-pango1.0-tools_1.46.2-3_amd64.deb ...
Unpacking pango1.0-tools (1.46.2-3) ...
Selecting previously unselected package libpango1.0-dev:amd64.
Preparing to unpack .../086-libpango1.0-dev_1.46.2-3_amd64.deb ...
Unpacking libpango1.0-dev:amd64 (1.46.2-3) ...
Selecting previously unselected package libwayland-bin.
Preparing to unpack .../087-libwayland-bin_1.18.0-2~exp1.1_amd64.deb ...
Unpacking libwayland-bin (1.18.0-2~exp1.1) ...
Selecting previously unselected package libwayland-dev:amd64.
Preparing to unpack .../088-libwayland-dev_1.18.0-2~exp1.1_amd64.deb ...
Unpacking libwayland-dev:amd64 (1.18.0-2~exp1.1) ...
Selecting previously unselected package libxcomposite-dev:amd64.
Preparing to unpack .../089-libxcomposite-dev_1%3a0.4.5-1_amd64.deb ...
Unpacking libxcomposite-dev:amd64 (1:0.4.5-1) ...
Selecting previously unselected package libxcursor-dev:amd64.
Preparing to unpack .../090-libxcursor-dev_1%3a1.2.0-2_amd64.deb ...
Unpacking libxcursor-dev:amd64 (1:1.2.0-2) ...
Selecting previously unselected package libxdamage-dev:amd64.
Preparing to unpack .../091-libxdamage-dev_1%3a1.1.5-2_amd64.deb ...
Unpacking libxdamage-dev:amd64 (1:1.1.5-2) ...
Selecting previously unselected package x11proto-xinerama-dev.
Preparing to unpack .../092-x11proto-xinerama-dev_2020.1-1_all.deb ...
Unpacking x11proto-xinerama-dev (2020.1-1) ...
Selecting previously unselected package libxinerama-dev:amd64.
Preparing to unpack .../093-libxinerama-dev_2%3a1.1.4-2_amd64.deb ...
Unpacking libxinerama-dev:amd64 (2:1.1.4-2) ...
Selecting previously unselected package libxkbcommon-dev:amd64.
Preparing to unpack .../094-libxkbcommon-dev_1.0.3-2_amd64.deb ...
Unpacking libxkbcommon-dev:amd64 (1.0.3-2) ...
Selecting previously unselected package x11proto-randr-dev.
Preparing to unpack .../095-x11proto-randr-dev_2020.1-1_all.deb ...
Unpacking x11proto-randr-dev (2020.1-1) ...
Selecting previously unselected package libxrandr-dev:amd64.
Preparing to unpack .../096-libxrandr-dev_2%3a1.5.1-1_amd64.deb ...
Unpacking libxrandr-dev:amd64 (2:1.5.1-1) ...
Selecting previously unselected package wayland-protocols.
Preparing to unpack .../097-wayland-protocols_1.20-1_all.deb ...
Unpacking wayland-protocols (1.20-1) ...
Selecting previously unselected package libgtk-3-dev:amd64.
Preparing to unpack .../098-libgtk-3-dev_3.24.24-4+deb11u2_amd64.deb ...
Unpacking libgtk-3-dev:amd64 (3.24.24-4+deb11u2) ...
Selecting previously unselected package libmono-cairo4.0-cil.
Preparing to unpack .../099-libmono-cairo4.0-cil_6.8.0.105+dfsg-3.2_all.deb ...
Unpacking libmono-cairo4.0-cil (6.8.0.105+dfsg-3.2) ...
Selecting previously unselected package libmono-system-drawing4.0-cil.
Preparing to unpack .../100-libmono-system-drawing4.0-cil_6.8.0.105+dfsg-3.2_all.deb ...
Unpacking libmono-system-drawing4.0-cil (6.8.0.105+dfsg-3.2) ...
Selecting previously unselected package libgtk2.0-cil.
Preparing to unpack .../101-libgtk2.0-cil_2.12.40-3_amd64.deb ...
Unpacking libgtk2.0-cil (2.12.40-3) ...
Selecting previously unselected package libgtk2.0-cil-dev.
Preparing to unpack .../102-libgtk2.0-cil-dev_2.12.40-3_amd64.deb ...
Unpacking libgtk2.0-cil-dev (2.12.40-3) ...
Selecting previously unselected package libxml2-utils.
Preparing to unpack .../103-libxml2-utils_2.9.10+dfsg-6.7+deb11u3_amd64.deb ...
Unpacking libxml2-utils (2.9.10+dfsg-6.7+deb11u3) ...
Selecting previously unselected package libgtk2.0-dev:amd64.
Preparing to unpack .../104-libgtk2.0-dev_2.24.33-2_amd64.deb ...
Unpacking libgtk2.0-dev:amd64 (2.24.33-2) ...
Selecting previously unselected package libmono-btls-interface4.0-cil.
Preparing to unpack .../105-libmono-btls-interface4.0-cil_6.8.0.105+dfsg-3.2_amd64.deb ...
Unpacking libmono-btls-interface4.0-cil (6.8.0.105+dfsg-3.2) ...
Selecting previously unselected package libmono-i18n4.0-cil.
Preparing to unpack .../106-libmono-i18n4.0-cil_6.8.0.105+dfsg-3.2_all.deb ...
Unpacking libmono-i18n4.0-cil (6.8.0.105+dfsg-3.2) ...
Selecting previously unselected package libmono-i18n-west4.0-cil.
Preparing to unpack .../107-libmono-i18n-west4.0-cil_6.8.0.105+dfsg-3.2_all.deb ...
Unpacking libmono-i18n-west4.0-cil (6.8.0.105+dfsg-3.2) ...
Selecting previously unselected package libpng-tools.
Preparing to unpack .../108-libpng-tools_1.6.37-3_amd64.deb ...
Unpacking libpng-tools (1.6.37-3) ...
Setting up libpcrecpp0v5:amd64 (2:8.39-13) ...
Setting up libcairo-script-interpreter2:amd64 (1.16.0-5) ...
Setting up libglib2.0-dev-bin (2.66.8-1) ...
Setting up libmono-btls-interface4.0-cil (6.8.0.105+dfsg-3.2) ...
Setting up libharfbuzz-icu0:amd64 (2.7.4-1) ...
Setting up libpixman-1-dev:amd64 (0.40.0-1.1~deb11u1) ...
Setting up libpcre16-3:amd64 (2:8.39-13) ...
Setting up libpng-tools (1.6.37-3) ...
Setting up libfribidi-dev:amd64 (1.0.8-2+deb11u1) ...
Setting up libxkbcommon-dev:amd64 (1.0.3-2) ...
Setting up libpng-dev:amd64 (1.6.37-3) ...
Setting up pango1.0-tools (1.46.2-3) ...
Setting up libsepol1-dev:amd64 (3.1-1) ...
Setting up libglib2.0-bin (2.66.8-1) ...
Setting up libharfbuzz-gobject0:amd64 (2.7.4-1) ...
Setting up gir1.2-atspi-2.0:amd64 (2.38.0-4) ...
Setting up libffi-dev:amd64 (3.3-6) ...
Setting up libpthread-stubs0-dev:amd64 (0.4-1) ...
Setting up libopengl0:amd64 (1.3.2-1) ...
Setting up libmono-corlib4.5-dll (6.8.0.105+dfsg-3.2) ...
Setting up xtrans-dev (1.4.0-1) ...
Setting up libwayland-bin (1.18.0-2~exp1.1) ...
Setting up libgraphite2-dev:amd64 (1.3.14-1) ...
Setting up libpcre2-32-0:amd64 (10.36-2+deb11u1) ...
Setting up libgles2:amd64 (1.3.2-1) ...
Setting up libdbus-1-dev:amd64 (1.12.24-0+deb11u1) ...
Setting up cli-common (0.10) ...
Setting up gir1.2-gtk-2.0:amd64 (2.24.33-2) ...
Setting up uuid-dev:amd64 (2.36.1-8+deb11u1) ...
Setting up libgles1:amd64 (1.3.2-1) ...
Setting up libexif12:amd64 (0.6.22-3) ...
Setting up libpcre32-3:amd64 (2:8.39-13) ...
Setting up binfmt-support (2.2.1-1) ...
update-binfmts: warning: /usr/share/binfmts/cli: no executable /usr/bin/cli found, but continuing anyway as you request
Created symlink /etc/systemd/system/multi-user.target.wants/binfmt-support.service → /lib/systemd/system/binfmt-support.service.
invoke-rc.d: could not determine current runlevel
Setting up icu-devtools (67.1-7) ...
Setting up libpcre2-posix2:amd64 (10.36-2+deb11u1) ...
Setting up libgif7:amd64 (5.1.9-2) ...
Setting up wayland-protocols (1.20-1) ...
Setting up libdatrie-dev:amd64 (0.2.13-1) ...
Setting up xorg-sgml-doctools (1:1.11-1.1) ...
Setting up libopengl-dev:amd64 (1.3.2-1) ...
Setting up libxml2-utils (2.9.10+dfsg-6.7+deb11u3) ...
Setting up libicu-dev:amd64 (67.1-7) ...
Setting up libbrotli-dev:amd64 (1.0.9-2+b2) ...
Setting up libblkid-dev:amd64 (2.36.1-8+deb11u1) ...
Setting up libpcre2-dev:amd64 (10.36-2+deb11u1) ...
Setting up libselinux1-dev:amd64 (3.1-3) ...
Setting up libpcre3-dev:amd64 (2:8.39-13) ...
Setting up libmono-system-numerics4.0-cil (6.8.0.105+dfsg-3.2) ...
Setting up libgdiplus (6.0.4+dfsg-2) ...
ldconfig: /usr/lib/wsl/lib/libcuda.so.1 is not a symbolic link

Setting up libwayland-dev:amd64 (1.18.0-2~exp1.1) ...
Setting up libfreetype-dev:amd64 (2.10.4+dfsg-1+deb11u1) ...
Setting up libthai-dev:amd64 (0.1.28-3) ...
Setting up libmount-dev:amd64 (2.36.1-8+deb11u1) ...
Setting up libfreetype6-dev:amd64 (2.10.4+dfsg-1+deb11u1) ...
Setting up libglib2.0-dev:amd64 (2.66.8-1) ...
Setting up libfontconfig-dev:amd64 (2.13.1-4.2) ...
Setting up libfontconfig1-dev:amd64 (2.13.1-4.2) ...
Setting up libmono-system-core4.0-cil (6.8.0.105+dfsg-3.2) ...
Setting up libmono-system-xml4.0-cil (6.8.0.105+dfsg-3.2) ...
Setting up libmono-system-security4.0-cil (6.8.0.105+dfsg-3.2) ...
Setting up libmono-system-configuration4.0-cil (6.8.0.105+dfsg-3.2) ...
Setting up libmono-system4.0-cil (6.8.0.105+dfsg-3.2) ...
Setting up libmono-security4.0-cil (6.8.0.105+dfsg-3.2) ...
Setting up mono-4.0-gac (6.8.0.105+dfsg-3.2) ...
Setting up mono-gac (6.8.0.105+dfsg-3.2) ...
update-alternatives: using /usr/bin/gacutil to provide /usr/bin/cli-gacutil (global-assembly-cache-tool) in auto mode
Setting up mono-runtime-sgen (6.8.0.105+dfsg-3.2) ...
Setting up mono-runtime (6.8.0.105+dfsg-3.2) ...
update-alternatives: using /usr/bin/mono to provide /usr/bin/cli (cli) in auto mode
Setting up libmono-corlib4.5-cil (6.8.0.105+dfsg-3.2) ...
Setting up libmono-cairo4.0-cil (6.8.0.105+dfsg-3.2) ...
Setting up libglib2.0-cil (2.12.40-3) ...
* Installing 1 assembly from libglib2.0-cil into Mono
Setting up ca-certificates-mono (6.8.0.105+dfsg-3.2) ...
Setting up libmono-i18n4.0-cil (6.8.0.105+dfsg-3.2) ...
Setting up libmono-i18n-west4.0-cil (6.8.0.105+dfsg-3.2) ...
Setting up libmono-system-drawing4.0-cil (6.8.0.105+dfsg-3.2) ...
Setting up libglib2.0-cil-dev (2.12.40-3) ...
Setting up libgtk2.0-cil (2.12.40-3) ...
* Installing 5 assemblies from libgtk2.0-cil into Mono
Setting up libgtk2.0-cil-dev (2.12.40-3) ...
Processing triggers for libglib2.0-0:amd64 (2.66.8-1) ...
Processing triggers for libc-bin (2.31-13+deb11u5) ...
ldconfig: /usr/lib/wsl/lib/libcuda.so.1 is not a symbolic link

Processing triggers for man-db (2.9.4-2) ...
Processing triggers for ca-certificates (20210119) ...
Updating certificates in /etc/ssl/certs...
0 added, 0 removed; done.
Running hooks in /etc/ca-certificates/update.d...
Updating Mono key store
Mono Certificate Store Sync - version 6.8.0.105
Populate Mono certificate store from a concatenated list of certificates.
Copyright 2002, 2003 Motus Technologies. Copyright 2004-2008 Novell. BSD licensed.

Importing into legacy system store:
I already trust 0, your new list has 129
Certificate added: CN=ACCVRAIZ1, OU=PKIACCV, O=ACCV, C=ES
Certificate added: C=ES, O=FNMT-RCM, OU=AC RAIZ FNMT-RCM
Certificate added: C=IT, L=Milan, O=Actalis S.p.A./03358520967, CN=Actalis Authentication Root CA
Certificate added: C=US, O=AffirmTrust, CN=AffirmTrust Commercial
Certificate added: C=US, O=AffirmTrust, CN=AffirmTrust Networking
Certificate added: C=US, O=AffirmTrust, CN=AffirmTrust Premium
Certificate added: C=US, O=AffirmTrust, CN=AffirmTrust Premium ECC
Certificate added: C=US, O=Amazon, CN=Amazon Root CA 1
Certificate added: C=US, O=Amazon, CN=Amazon Root CA 2
Certificate added: C=US, O=Amazon, CN=Amazon Root CA 3
Certificate added: C=US, O=Amazon, CN=Amazon Root CA 4
Certificate added: CN=Atos TrustedRoot 2011, O=Atos, C=DE
Certificate added: C=ES, CN=Autoridad de Certificacion Firmaprofesional CIF A62634068
Certificate added: C=IE, O=Baltimore, OU=CyberTrust, CN=Baltimore CyberTrust Root
Certificate added: C=NO, O=Buypass AS-983163327, CN=Buypass Class 2 Root CA
Certificate added: C=NO, O=Buypass AS-983163327, CN=Buypass Class 3 Root CA
Certificate added: C=SK, L=Bratislava, O=Disig a.s., CN=CA Disig Root R2
Certificate added: C=FR, O=Dhimyotis, CN=Certigna
Certificate added: C=FR, O=Dhimyotis, OU=0002 48146308100036, CN=Certigna Root CA
Certificate added: C=RO, O=certSIGN, OU=certSIGN ROOT CA
Certificate added: C=RO, O=CERTSIGN SA, OU=certSIGN ROOT CA G2
Certificate added: C=PL, O=Unizeto Technologies S.A., OU=Certum Certification Authority, CN=Certum Trusted Network CA 2
Certificate added: C=PL, O=Unizeto Technologies S.A., OU=Certum Certification Authority, CN=Certum Trusted Network CA
Certificate added: C=CN, O=China Financial Certification Authority, CN=CFCA EV ROOT
Certificate added: C=EU, L=Madrid (see current address at www.camerfirma.com/address), SERIALNUMBER=A82743287, O=AC Camerfirma S.A., CN=Chambers of Commerce Root - 2008
Certificate added: C=GB, S=Greater Manchester, L=Salford, O=Comodo CA Limited, CN=AAA Certificate Services
Certificate added: C=GB, S=Greater Manchester, L=Salford, O=COMODO CA Limited, CN=COMODO Certification Authority
Certificate added: C=GB, S=Greater Manchester, L=Salford, O=COMODO CA Limited, CN=COMODO ECC Certification Authority
Certificate added: C=GB, S=Greater Manchester, L=Salford, O=COMODO CA Limited, CN=COMODO RSA Certification Authority
Certificate added: O="Cybertrust, Inc", CN=Cybertrust Global Root
Certificate added: C=US, O=DigiCert Inc, OU=www.digicert.com, CN=DigiCert Assured ID Root CA
Certificate added: C=US, O=DigiCert Inc, OU=www.digicert.com, CN=DigiCert Assured ID Root G2
Certificate added: C=US, O=DigiCert Inc, OU=www.digicert.com, CN=DigiCert Assured ID Root G3
Certificate added: C=US, O=DigiCert Inc, OU=www.digicert.com, CN=DigiCert Global Root CA
Certificate added: C=US, O=DigiCert Inc, OU=www.digicert.com, CN=DigiCert Global Root G2
Certificate added: C=US, O=DigiCert Inc, OU=www.digicert.com, CN=DigiCert Global Root G3
Certificate added: C=US, O=DigiCert Inc, OU=www.digicert.com, CN=DigiCert High Assurance EV Root CA
Certificate added: C=US, O=DigiCert Inc, OU=www.digicert.com, CN=DigiCert Trusted Root G4
Certificate added: O=Digital Signature Trust Co., CN=DST Root CA X3
Certificate added: C=DE, O=D-Trust GmbH, CN=D-TRUST Root Class 3 CA 2 2009
Certificate added: C=DE, O=D-Trust GmbH, CN=D-TRUST Root Class 3 CA 2 EV 2009
Certificate added: C=ES, O=Agencia Catalana de Certificacio (NIF Q-0801176-I), OU=Serveis Publics de Certificacio, OU=Vegeu https://www.catcert.net/verarrel (c)03, OU=Jerarquia Entitats de Certificacio Catalanes, CN=EC-ACC
Certificate added: C=US, OU=emSign PKI, O=eMudhra Inc, CN=emSign ECC Root CA - C3
Certificate added: C=IN, OU=emSign PKI, O=eMudhra Technologies Limited, CN=emSign ECC Root CA - G3
Certificate added: C=US, OU=emSign PKI, O=eMudhra Inc, CN=emSign Root CA - C1
Certificate added: C=IN, OU=emSign PKI, O=eMudhra Technologies Limited, CN=emSign Root CA - G1
Certificate added: O=Entrust.net, OU=www.entrust.net/CPS_2048 incorp. by ref. (limits liab.), OU=(c) 1999 Entrust.net Limited, CN=Entrust.net Certification Authority (2048)
Certificate added: C=US, O="Entrust, Inc.", OU=www.entrust.net/CPS is incorporated by reference, OU="(c) 2006 Entrust, Inc.", CN=Entrust Root Certification Authority
Certificate added: C=US, O="Entrust, Inc.", OU=See www.entrust.net/legal-terms, OU="(c) 2012 Entrust, Inc. - for authorized use only", CN=Entrust Root Certification Authority - EC1
Certificate added: C=US, O="Entrust, Inc.", OU=See www.entrust.net/legal-terms, OU="(c) 2009 Entrust, Inc. - for authorized use only", CN=Entrust Root Certification Authority - G2
Certificate added: C=US, O="Entrust, Inc.", OU=See www.entrust.net/legal-terms, OU="(c) 2015 Entrust, Inc. - for authorized use only", CN=Entrust Root Certification Authority - G4
Certificate added: C=TW, O="Chunghwa Telecom Co., Ltd.", OU=ePKI Root Certification Authority
Certificate added: C=HU, L=Budapest, O=Microsec Ltd., OID.2.5.4.97=VATHU-23584497, CN=e-Szigno Root CA 2017
Certificate added: C=TR, L=Ankara, O=E-Tuğra EBG Bilişim Teknolojileri ve Hizmetleri A.Ş., OU=E-Tugra Sertifikasyon Merkezi, CN=E-Tugra Certification Authority
Certificate added: C=CN, O="GUANG DONG CERTIFICATE AUTHORITY CO.,LTD.", CN=GDCA TrustAUTH R5 ROOT
Certificate added: C=US, O=GeoTrust Inc., OU=(c) 2007 GeoTrust Inc. - For authorized use only, CN=GeoTrust Primary Certification Authority - G2
Certificate added: C=EU, L=Madrid (see current address at www.camerfirma.com/address), SERIALNUMBER=A82743287, O=AC Camerfirma S.A., CN=Global Chambersign Root - 2008
Certificate added: OU=GlobalSign ECC Root CA - R4, O=GlobalSign, CN=GlobalSign
Certificate added: OU=GlobalSign ECC Root CA - R5, O=GlobalSign, CN=GlobalSign
Certificate added: C=BE, O=GlobalSign nv-sa, OU=Root CA, CN=GlobalSign Root CA
Certificate added: OU=GlobalSign Root CA - R2, O=GlobalSign, CN=GlobalSign
Certificate added: OU=GlobalSign Root CA - R3, O=GlobalSign, CN=GlobalSign
Certificate added: OU=GlobalSign Root CA - R6, O=GlobalSign, CN=GlobalSign
Certificate added: C=US, O="The Go Daddy Group, Inc.", OU=Go Daddy Class 2 Certification Authority
Certificate added: C=US, S=Arizona, L=Scottsdale, O="GoDaddy.com, Inc.", CN=Go Daddy Root Certificate Authority - G2
Certificate added: C=US, O=Google Trust Services LLC, CN=GTS Root R1
Certificate added: C=US, O=Google Trust Services LLC, CN=GTS Root R2
Certificate added: C=US, O=Google Trust Services LLC, CN=GTS Root R3
Certificate added: C=US, O=Google Trust Services LLC, CN=GTS Root R4
Certificate added: C=GR, L=Athens, O=Hellenic Academic and Research Institutions Cert. Authority, CN=Hellenic Academic and Research Institutions ECC RootCA 2015
Certificate added: C=GR, O=Hellenic Academic and Research Institutions Cert. Authority, CN=Hellenic Academic and Research Institutions RootCA 2011
Certificate added: C=GR, L=Athens, O=Hellenic Academic and Research Institutions Cert. Authority, CN=Hellenic Academic and Research Institutions RootCA 2015
Certificate added: C=HK, O=Hongkong Post, CN=Hongkong Post Root CA 1
Certificate added: C=HK, S=Hong Kong, L=Hong Kong, O=Hongkong Post, CN=Hongkong Post Root CA 3
Certificate added: C=US, O=IdenTrust, CN=IdenTrust Commercial Root CA 1
Certificate added: C=US, O=IdenTrust, CN=IdenTrust Public Sector Root CA 1
Certificate added: C=US, O=Internet Security Research Group, CN=ISRG Root X1
Certificate added: C=ES, O=IZENPE S.A., CN=Izenpe.com
Certificate added: C=HU, L=Budapest, O=Microsec Ltd., CN=Microsec e-Szigno Root CA 2009, E=info@e-szigno.hu
Certificate added: C=US, O=Microsoft Corporation, CN=Microsoft ECC Root Certificate Authority 2017
Certificate added: C=US, O=Microsoft Corporation, CN=Microsoft RSA Root Certificate Authority 2017
Certificate added: C=KR, O=NAVER BUSINESS PLATFORM Corp., CN=NAVER Global Root Certification Authority
Certificate added: C=HU, L=Budapest, O=NetLock Kft., OU=Tanúsítványkiadók (Certification Services), CN=NetLock Arany (Class Gold) Főtanúsítvány
Certificate added: C=US, O=Network Solutions L.L.C., CN=Network Solutions Certificate Authority
Certificate added: C=CH, O=WISeKey, OU=OISTE Foundation Endorsed, CN=OISTE WISeKey Global Root GB CA
Certificate added: C=CH, O=WISeKey, OU=OISTE Foundation Endorsed, CN=OISTE WISeKey Global Root GC CA
Certificate added: C=BM, O=QuoVadis Limited, CN=QuoVadis Root CA 1 G3
Certificate added: C=BM, O=QuoVadis Limited, CN=QuoVadis Root CA 2
Certificate added: C=BM, O=QuoVadis Limited, CN=QuoVadis Root CA 2 G3
Certificate added: C=BM, O=QuoVadis Limited, CN=QuoVadis Root CA 3
Certificate added: C=BM, O=QuoVadis Limited, CN=QuoVadis Root CA 3 G3
Certificate added: C=BM, O=QuoVadis Limited, OU=Root Certification Authority, CN=QuoVadis Root Certification Authority
Certificate added: C=US, O=SecureTrust Corporation, CN=Secure Global CA
Certificate added: C=JP, O="Japan Certification Services, Inc.", CN=SecureSign RootCA11
Certificate added: C=US, O=SecureTrust Corporation, CN=SecureTrust CA
Certificate added: C=JP, O="SECOM Trust Systems CO.,LTD.", OU=Security Communication RootCA2
Certificate added: C=JP, O=SECOM Trust.net, OU=Security Communication RootCA1
Certificate added: C=FI, O=Sonera, CN=Sonera Class2 CA
Certificate added: C=US, S=Texas, L=Houston, O=SSL Corporation, CN=SSL.com EV Root Certification Authority ECC
Certificate added: C=US, S=Texas, L=Houston, O=SSL Corporation, CN=SSL.com EV Root Certification Authority RSA R2
Certificate added: C=US, S=Texas, L=Houston, O=SSL Corporation, CN=SSL.com Root Certification Authority ECC
Certificate added: C=US, S=Texas, L=Houston, O=SSL Corporation, CN=SSL.com Root Certification Authority RSA
Certificate added: C=NL, O=Staat der Nederlanden, CN=Staat der Nederlanden EV Root CA
Certificate added: C=NL, O=Staat der Nederlanden, CN=Staat der Nederlanden Root CA - G3
Certificate added: C=US, O="Starfield Technologies, Inc.", OU=Starfield Class 2 Certification Authority
Certificate added: C=US, S=Arizona, L=Scottsdale, O="Starfield Technologies, Inc.", CN=Starfield Root Certificate Authority - G2
Certificate added: C=US, S=Arizona, L=Scottsdale, O="Starfield Technologies, Inc.", CN=Starfield Services Root Certificate Authority - G2
Certificate added: C=CH, O=SwissSign AG, CN=SwissSign Gold CA - G2
Certificate added: C=CH, O=SwissSign AG, CN=SwissSign Silver CA - G2
Certificate added: C=PL, O=Krajowa Izba Rozliczeniowa S.A., CN=SZAFIR ROOT CA2
Certificate added: O=TeliaSonera, CN=TeliaSonera Root CA v1
Certificate added: C=PA, S=Panama, L=Panama City, O=TrustCor Systems S. de R.L., OU=TrustCor Certificate Authority, CN=TrustCor ECA-1
Certificate added: C=PA, S=Panama, L=Panama City, O=TrustCor Systems S. de R.L., OU=TrustCor Certificate Authority, CN=TrustCor RootCert CA-1
Certificate added: C=PA, S=Panama, L=Panama City, O=TrustCor Systems S. de R.L., OU=TrustCor Certificate Authority, CN=TrustCor RootCert CA-2
Certificate added: C=GB, O=Trustis Limited, OU=Trustis FPS Root CA
Certificate added: C=US, S=Illinois, L=Chicago, O="Trustwave Holdings, Inc.", CN=Trustwave Global Certification Authority
Certificate added: C=US, S=Illinois, L=Chicago, O="Trustwave Holdings, Inc.", CN=Trustwave Global ECC P256 Certification Authority
Certificate added: C=US, S=Illinois, L=Chicago, O="Trustwave Holdings, Inc.", CN=Trustwave Global ECC P384 Certification Authority
Certificate added: C=DE, O=T-Systems Enterprise Services GmbH, OU=T-Systems Trust Center, CN=T-TeleSec GlobalRoot Class 2
Certificate added: C=DE, O=T-Systems Enterprise Services GmbH, OU=T-Systems Trust Center, CN=T-TeleSec GlobalRoot Class 3
Certificate added: C=TR, L=Gebze - Kocaeli, O=Turkiye Bilimsel ve Teknolojik Arastirma Kurumu - TUBITAK, OU=Kamu Sertifikasyon Merkezi - Kamu SM, CN=TUBITAK Kamu SM SSL Kok Sertifikasi - Surum 1
Certificate added: C=TW, O=TAIWAN-CA, OU=Root CA, CN=TWCA Global Root CA
Certificate added: C=TW, O=TAIWAN-CA, OU=Root CA, CN=TWCA Root Certification Authority
Certificate added: C=CN, O=UniTrust, CN=UCA Extended Validation Root
Certificate added: C=CN, O=UniTrust, CN=UCA Global G2 Root
Certificate added: C=US, S=New Jersey, L=Jersey City, O=The USERTRUST Network, CN=USERTrust ECC Certification Authority
Certificate added: C=US, S=New Jersey, L=Jersey City, O=The USERTRUST Network, CN=USERTrust RSA Certification Authority
Certificate added: C=US, O="VeriSign, Inc.", OU=VeriSign Trust Network, OU="(c) 2008 VeriSign, Inc. - For authorized use only", CN=VeriSign Universal Root Certification Authority
Certificate added: C=US, OU=www.xrampsecurity.com, O=XRamp Security Services Inc, CN=XRamp Global Certification Authority
129 new root certificates were added to your trust store.
Import process completed.

Importing into BTLS system store:
I already trust 0, your new list has 129
Certificate added: CN=ACCVRAIZ1, OU=PKIACCV, O=ACCV, C=ES
Certificate added: C=ES, O=FNMT-RCM, OU=AC RAIZ FNMT-RCM
Certificate added: C=IT, L=Milan, O=Actalis S.p.A./03358520967, CN=Actalis Authentication Root CA
Certificate added: C=US, O=AffirmTrust, CN=AffirmTrust Commercial
Certificate added: C=US, O=AffirmTrust, CN=AffirmTrust Networking
Certificate added: C=US, O=AffirmTrust, CN=AffirmTrust Premium
Certificate added: C=US, O=AffirmTrust, CN=AffirmTrust Premium ECC
Certificate added: C=US, O=Amazon, CN=Amazon Root CA 1
Certificate added: C=US, O=Amazon, CN=Amazon Root CA 2
Certificate added: C=US, O=Amazon, CN=Amazon Root CA 3
Certificate added: C=US, O=Amazon, CN=Amazon Root CA 4
Certificate added: CN=Atos TrustedRoot 2011, O=Atos, C=DE
Certificate added: C=ES, CN=Autoridad de Certificacion Firmaprofesional CIF A62634068
Certificate added: C=IE, O=Baltimore, OU=CyberTrust, CN=Baltimore CyberTrust Root
Certificate added: C=NO, O=Buypass AS-983163327, CN=Buypass Class 2 Root CA
Certificate added: C=NO, O=Buypass AS-983163327, CN=Buypass Class 3 Root CA
Certificate added: C=SK, L=Bratislava, O=Disig a.s., CN=CA Disig Root R2
Certificate added: C=FR, O=Dhimyotis, CN=Certigna
Certificate added: C=FR, O=Dhimyotis, OU=0002 48146308100036, CN=Certigna Root CA
Certificate added: C=RO, O=certSIGN, OU=certSIGN ROOT CA
Certificate added: C=RO, O=CERTSIGN SA, OU=certSIGN ROOT CA G2
Certificate added: C=PL, O=Unizeto Technologies S.A., OU=Certum Certification Authority, CN=Certum Trusted Network CA 2
Certificate added: C=PL, O=Unizeto Technologies S.A., OU=Certum Certification Authority, CN=Certum Trusted Network CA
Certificate added: C=CN, O=China Financial Certification Authority, CN=CFCA EV ROOT
Certificate added: C=EU, L=Madrid (see current address at www.camerfirma.com/address), SERIALNUMBER=A82743287, O=AC Camerfirma S.A., CN=Chambers of Commerce Root - 2008
Certificate added: C=GB, S=Greater Manchester, L=Salford, O=Comodo CA Limited, CN=AAA Certificate Services
Certificate added: C=GB, S=Greater Manchester, L=Salford, O=COMODO CA Limited, CN=COMODO Certification Authority
Certificate added: C=GB, S=Greater Manchester, L=Salford, O=COMODO CA Limited, CN=COMODO ECC Certification Authority
Certificate added: C=GB, S=Greater Manchester, L=Salford, O=COMODO CA Limited, CN=COMODO RSA Certification Authority
Certificate added: O="Cybertrust, Inc", CN=Cybertrust Global Root
Certificate added: C=US, O=DigiCert Inc, OU=www.digicert.com, CN=DigiCert Assured ID Root CA
Certificate added: C=US, O=DigiCert Inc, OU=www.digicert.com, CN=DigiCert Assured ID Root G2
Certificate added: C=US, O=DigiCert Inc, OU=www.digicert.com, CN=DigiCert Assured ID Root G3
Certificate added: C=US, O=DigiCert Inc, OU=www.digicert.com, CN=DigiCert Global Root CA
Certificate added: C=US, O=DigiCert Inc, OU=www.digicert.com, CN=DigiCert Global Root G2
Certificate added: C=US, O=DigiCert Inc, OU=www.digicert.com, CN=DigiCert Global Root G3
Certificate added: C=US, O=DigiCert Inc, OU=www.digicert.com, CN=DigiCert High Assurance EV Root CA
Certificate added: C=US, O=DigiCert Inc, OU=www.digicert.com, CN=DigiCert Trusted Root G4
Certificate added: O=Digital Signature Trust Co., CN=DST Root CA X3
Certificate added: C=DE, O=D-Trust GmbH, CN=D-TRUST Root Class 3 CA 2 2009
Certificate added: C=DE, O=D-Trust GmbH, CN=D-TRUST Root Class 3 CA 2 EV 2009
Certificate added: C=ES, O=Agencia Catalana de Certificacio (NIF Q-0801176-I), OU=Serveis Publics de Certificacio, OU=Vegeu https://www.catcert.net/verarrel (c)03, OU=Jerarquia Entitats de Certificacio Catalanes, CN=EC-ACC
Certificate added: C=US, OU=emSign PKI, O=eMudhra Inc, CN=emSign ECC Root CA - C3
Certificate added: C=IN, OU=emSign PKI, O=eMudhra Technologies Limited, CN=emSign ECC Root CA - G3
Certificate added: C=US, OU=emSign PKI, O=eMudhra Inc, CN=emSign Root CA - C1
Certificate added: C=IN, OU=emSign PKI, O=eMudhra Technologies Limited, CN=emSign Root CA - G1
Certificate added: O=Entrust.net, OU=www.entrust.net/CPS_2048 incorp. by ref. (limits liab.), OU=(c) 1999 Entrust.net Limited, CN=Entrust.net Certification Authority (2048)
Certificate added: C=US, O="Entrust, Inc.", OU=www.entrust.net/CPS is incorporated by reference, OU="(c) 2006 Entrust, Inc.", CN=Entrust Root Certification Authority
Certificate added: C=US, O="Entrust, Inc.", OU=See www.entrust.net/legal-terms, OU="(c) 2012 Entrust, Inc. - for authorized use only", CN=Entrust Root Certification Authority - EC1
Certificate added: C=US, O="Entrust, Inc.", OU=See www.entrust.net/legal-terms, OU="(c) 2009 Entrust, Inc. - for authorized use only", CN=Entrust Root Certification Authority - G2
Certificate added: C=US, O="Entrust, Inc.", OU=See www.entrust.net/legal-terms, OU="(c) 2015 Entrust, Inc. - for authorized use only", CN=Entrust Root Certification Authority - G4
Certificate added: C=TW, O="Chunghwa Telecom Co., Ltd.", OU=ePKI Root Certification Authority
Certificate added: C=HU, L=Budapest, O=Microsec Ltd., OID.2.5.4.97=VATHU-23584497, CN=e-Szigno Root CA 2017
Certificate added: C=TR, L=Ankara, O=E-Tuğra EBG Bilişim Teknolojileri ve Hizmetleri A.Ş., OU=E-Tugra Sertifikasyon Merkezi, CN=E-Tugra Certification Authority
Certificate added: C=CN, O="GUANG DONG CERTIFICATE AUTHORITY CO.,LTD.", CN=GDCA TrustAUTH R5 ROOT
Certificate added: C=US, O=GeoTrust Inc., OU=(c) 2007 GeoTrust Inc. - For authorized use only, CN=GeoTrust Primary Certification Authority - G2
Certificate added: C=EU, L=Madrid (see current address at www.camerfirma.com/address), SERIALNUMBER=A82743287, O=AC Camerfirma S.A., CN=Global Chambersign Root - 2008
Certificate added: OU=GlobalSign ECC Root CA - R4, O=GlobalSign, CN=GlobalSign
Certificate added: OU=GlobalSign ECC Root CA - R5, O=GlobalSign, CN=GlobalSign
Certificate added: C=BE, O=GlobalSign nv-sa, OU=Root CA, CN=GlobalSign Root CA
Certificate added: OU=GlobalSign Root CA - R2, O=GlobalSign, CN=GlobalSign
Certificate added: OU=GlobalSign Root CA - R3, O=GlobalSign, CN=GlobalSign
Certificate added: OU=GlobalSign Root CA - R6, O=GlobalSign, CN=GlobalSign
Certificate added: C=US, O="The Go Daddy Group, Inc.", OU=Go Daddy Class 2 Certification Authority
Certificate added: C=US, S=Arizona, L=Scottsdale, O="GoDaddy.com, Inc.", CN=Go Daddy Root Certificate Authority - G2
Certificate added: C=US, O=Google Trust Services LLC, CN=GTS Root R1
Certificate added: C=US, O=Google Trust Services LLC, CN=GTS Root R2
Certificate added: C=US, O=Google Trust Services LLC, CN=GTS Root R3
Certificate added: C=US, O=Google Trust Services LLC, CN=GTS Root R4
Certificate added: C=GR, L=Athens, O=Hellenic Academic and Research Institutions Cert. Authority, CN=Hellenic Academic and Research Institutions ECC RootCA 2015
Certificate added: C=GR, O=Hellenic Academic and Research Institutions Cert. Authority, CN=Hellenic Academic and Research Institutions RootCA 2011
Certificate added: C=GR, L=Athens, O=Hellenic Academic and Research Institutions Cert. Authority, CN=Hellenic Academic and Research Institutions RootCA 2015
Certificate added: C=HK, O=Hongkong Post, CN=Hongkong Post Root CA 1
Certificate added: C=HK, S=Hong Kong, L=Hong Kong, O=Hongkong Post, CN=Hongkong Post Root CA 3
Certificate added: C=US, O=IdenTrust, CN=IdenTrust Commercial Root CA 1
Certificate added: C=US, O=IdenTrust, CN=IdenTrust Public Sector Root CA 1
Certificate added: C=US, O=Internet Security Research Group, CN=ISRG Root X1
Certificate added: C=ES, O=IZENPE S.A., CN=Izenpe.com
Certificate added: C=HU, L=Budapest, O=Microsec Ltd., CN=Microsec e-Szigno Root CA 2009, E=info@e-szigno.hu
Certificate added: C=US, O=Microsoft Corporation, CN=Microsoft ECC Root Certificate Authority 2017
Certificate added: C=US, O=Microsoft Corporation, CN=Microsoft RSA Root Certificate Authority 2017
Certificate added: C=KR, O=NAVER BUSINESS PLATFORM Corp., CN=NAVER Global Root Certification Authority
Certificate added: C=HU, L=Budapest, O=NetLock Kft., OU=Tanúsítványkiadók (Certification Services), CN=NetLock Arany (Class Gold) Főtanúsítvány
Certificate added: C=US, O=Network Solutions L.L.C., CN=Network Solutions Certificate Authority
Certificate added: C=CH, O=WISeKey, OU=OISTE Foundation Endorsed, CN=OISTE WISeKey Global Root GB CA
Certificate added: C=CH, O=WISeKey, OU=OISTE Foundation Endorsed, CN=OISTE WISeKey Global Root GC CA
Certificate added: C=BM, O=QuoVadis Limited, CN=QuoVadis Root CA 1 G3
Certificate added: C=BM, O=QuoVadis Limited, CN=QuoVadis Root CA 2
Certificate added: C=BM, O=QuoVadis Limited, CN=QuoVadis Root CA 2 G3
Certificate added: C=BM, O=QuoVadis Limited, CN=QuoVadis Root CA 3
Certificate added: C=BM, O=QuoVadis Limited, CN=QuoVadis Root CA 3 G3
Certificate added: C=BM, O=QuoVadis Limited, OU=Root Certification Authority, CN=QuoVadis Root Certification Authority
Certificate added: C=US, O=SecureTrust Corporation, CN=Secure Global CA
Certificate added: C=JP, O="Japan Certification Services, Inc.", CN=SecureSign RootCA11
Certificate added: C=US, O=SecureTrust Corporation, CN=SecureTrust CA
Certificate added: C=JP, O="SECOM Trust Systems CO.,LTD.", OU=Security Communication RootCA2
Certificate added: C=JP, O=SECOM Trust.net, OU=Security Communication RootCA1
Certificate added: C=FI, O=Sonera, CN=Sonera Class2 CA
Certificate added: C=US, S=Texas, L=Houston, O=SSL Corporation, CN=SSL.com EV Root Certification Authority ECC
Certificate added: C=US, S=Texas, L=Houston, O=SSL Corporation, CN=SSL.com EV Root Certification Authority RSA R2
Certificate added: C=US, S=Texas, L=Houston, O=SSL Corporation, CN=SSL.com Root Certification Authority ECC
Certificate added: C=US, S=Texas, L=Houston, O=SSL Corporation, CN=SSL.com Root Certification Authority RSA
Certificate added: C=NL, O=Staat der Nederlanden, CN=Staat der Nederlanden EV Root CA
Certificate added: C=NL, O=Staat der Nederlanden, CN=Staat der Nederlanden Root CA - G3
Certificate added: C=US, O="Starfield Technologies, Inc.", OU=Starfield Class 2 Certification Authority
Certificate added: C=US, S=Arizona, L=Scottsdale, O="Starfield Technologies, Inc.", CN=Starfield Root Certificate Authority - G2
Certificate added: C=US, S=Arizona, L=Scottsdale, O="Starfield Technologies, Inc.", CN=Starfield Services Root Certificate Authority - G2
Certificate added: C=CH, O=SwissSign AG, CN=SwissSign Gold CA - G2
Certificate added: C=CH, O=SwissSign AG, CN=SwissSign Silver CA - G2
Certificate added: C=PL, O=Krajowa Izba Rozliczeniowa S.A., CN=SZAFIR ROOT CA2
Certificate added: O=TeliaSonera, CN=TeliaSonera Root CA v1
Certificate added: C=PA, S=Panama, L=Panama City, O=TrustCor Systems S. de R.L., OU=TrustCor Certificate Authority, CN=TrustCor ECA-1
Certificate added: C=PA, S=Panama, L=Panama City, O=TrustCor Systems S. de R.L., OU=TrustCor Certificate Authority, CN=TrustCor RootCert CA-1
Certificate added: C=PA, S=Panama, L=Panama City, O=TrustCor Systems S. de R.L., OU=TrustCor Certificate Authority, CN=TrustCor RootCert CA-2
Certificate added: C=GB, O=Trustis Limited, OU=Trustis FPS Root CA
Certificate added: C=US, S=Illinois, L=Chicago, O="Trustwave Holdings, Inc.", CN=Trustwave Global Certification Authority
Certificate added: C=US, S=Illinois, L=Chicago, O="Trustwave Holdings, Inc.", CN=Trustwave Global ECC P256 Certification Authority
Certificate added: C=US, S=Illinois, L=Chicago, O="Trustwave Holdings, Inc.", CN=Trustwave Global ECC P384 Certification Authority
Certificate added: C=DE, O=T-Systems Enterprise Services GmbH, OU=T-Systems Trust Center, CN=T-TeleSec GlobalRoot Class 2
Certificate added: C=DE, O=T-Systems Enterprise Services GmbH, OU=T-Systems Trust Center, CN=T-TeleSec GlobalRoot Class 3
Certificate added: C=TR, L=Gebze - Kocaeli, O=Turkiye Bilimsel ve Teknolojik Arastirma Kurumu - TUBITAK, OU=Kamu Sertifikasyon Merkezi - Kamu SM, CN=TUBITAK Kamu SM SSL Kok Sertifikasi - Surum 1
Certificate added: C=TW, O=TAIWAN-CA, OU=Root CA, CN=TWCA Global Root CA
Certificate added: C=TW, O=TAIWAN-CA, OU=Root CA, CN=TWCA Root Certification Authority
Certificate added: C=CN, O=UniTrust, CN=UCA Extended Validation Root
Certificate added: C=CN, O=UniTrust, CN=UCA Global G2 Root
Certificate added: C=US, S=New Jersey, L=Jersey City, O=The USERTRUST Network, CN=USERTrust ECC Certification Authority
Certificate added: C=US, S=New Jersey, L=Jersey City, O=The USERTRUST Network, CN=USERTrust RSA Certification Authority
Certificate added: C=US, O="VeriSign, Inc.", OU=VeriSign Trust Network, OU="(c) 2008 VeriSign, Inc. - For authorized use only", CN=VeriSign Universal Root Certification Authority
Certificate added: C=US, OU=www.xrampsecurity.com, O=XRamp Security Services Inc, CN=XRamp Global Certification Authority
129 new root certificates were added to your trust store.
Import process completed.
Done
done.
Processing triggers for sgml-base (1.30) ...
Processing triggers for mailcap (3.69) ...
Setting up libatk1.0-dev:amd64 (2.36.0-2) ...
Setting up x11proto-dev (2020.1-1) ...
Setting up libgdk-pixbuf-2.0-dev:amd64 (2.42.2+dfsg-1+deb11u1) ...
Setting up libharfbuzz-dev:amd64 (2.7.4-1) ...
Setting up libxau-dev:amd64 (1:1.0.9-1) ...
Setting up libice-dev:amd64 (2:1.0.10-1) ...
Setting up libsm-dev:amd64 (2:1.2.3-1) ...
Setting up x11proto-randr-dev (2020.1-1) ...
Setting up x11proto-xinerama-dev (2020.1-1) ...
Setting up libxdmcp-dev:amd64 (1:1.1.2-3) ...
Setting up x11proto-input-dev (2020.1-1) ...
Setting up x11proto-xext-dev (2020.1-1) ...
Setting up x11proto-record-dev (2020.1-1) ...
Setting up libxcb1-dev:amd64 (1.14-3) ...
Setting up libx11-dev:amd64 (2:1.7.2-1) ...
Setting up libxfixes-dev:amd64 (1:5.0.3-2) ...
Setting up libxcb-shm0-dev:amd64 (1.14-3) ...
Setting up libxcb-render0-dev:amd64 (1.14-3) ...
Setting up libxext-dev:amd64 (2:1.3.3-1.1) ...
Setting up libglx-dev:amd64 (1.3.2-1) ...
Setting up libxi-dev:amd64 (2:1.7.10-1) ...
Setting up libxrender-dev:amd64 (1:0.9.10-1) ...
Setting up libgl-dev:amd64 (1.3.2-1) ...
Setting up libxft-dev:amd64 (2.3.2-2) ...
Setting up libxtst-dev:amd64 (2:1.2.3-1) ...
Setting up libxdamage-dev:amd64 (1:1.1.5-2) ...
Setting up libatspi2.0-dev:amd64 (2.38.0-4) ...
Setting up libegl-dev:amd64 (1.3.2-1) ...
Setting up libxcomposite-dev:amd64 (1:0.4.5-1) ...
Setting up libxcursor-dev:amd64 (1:1.2.0-2) ...
Setting up libepoxy-dev:amd64 (1.5.5-1) ...
Setting up libatk-bridge2.0-dev:amd64 (2.38.0-1) ...
Setting up libxrandr-dev:amd64 (2:1.5.1-1) ...
Setting up libxinerama-dev:amd64 (2:1.1.4-2) ...
Setting up libcairo2-dev:amd64 (1.16.0-5) ...
Setting up libgles-dev:amd64 (1.3.2-1) ...
Setting up libglvnd-dev:amd64 (1.3.2-1) ...
Setting up libpango1.0-dev:amd64 (1.46.2-3) ...
Setting up libgtk2.0-dev:amd64 (2.24.33-2) ...
Setting up libegl1-mesa-dev:amd64 (20.3.5-1) ...
Setting up libgtk-3-dev:amd64 (3.24.24-4+deb11u2) ...

joelwindows7@JOEL-ROG-GL503GE:~/sauce/simplified/qemu-eos-build$ make clean
make: *** No rule to make target 'clean'.  Stop.
joelwindows7@JOEL-ROG-GL503GE:~/sauce/simplified/qemu-eos-build$ ls
config.log  config-temp
joelwindows7@JOEL-ROG-GL503GE:~/sauce/simplified/qemu-eos-build$ ../qemu-eos/configure --target-list=arm-softmmu --enable-plugins --disable-docs --enable-vnc --enable-gtk
Install prefix    /usr/local
BIOS directory    /usr/local/share/qemu
firmware path     /usr/local/share/qemu-firmware
binary directory  /usr/local/bin
library directory /usr/local/lib
module directory  /usr/local/lib/qemu
libexec directory /usr/local/libexec
include directory /usr/local/include
config directory  /usr/local/etc
local state directory   /usr/local/var
Manual directory  /usr/local/share/man
ELF interp prefix /usr/gnemul/qemu-%M
Source path       /home/joelwindows7/sauce/simplified/qemu-eos
GIT binary        git
GIT submodules    ui/keycodemapdb tests/fp/berkeley-testfloat-3 tests/fp/berkeley-softfloat-3 dtc capstone slirp
C compiler        cc
Host C compiler   cc
C++ compiler      c++
Objective-C compiler cc
ARFLAGS           rv
CFLAGS            -O2 -U_FORTIFY_SOURCE -D_FORTIFY_SOURCE=2 -g
QEMU_CFLAGS       -I/usr/include/pixman-1 -I$(SRC_PATH)/dtc/libfdt -Werror  -pthread -I/usr/include/glib-2.0 -I/usr/lib/x86_64-linux-gnu/glib-2.0/include -pthread -I/usr/include/glib-2.0 -I/usr/lib/x86_64-linux-gnu/glib-2.0/include -fPIE -DPIE -m64 -mcx16 -D_GNU_SOURCE -D_FILE_OFFSET_BITS=64 -D_LARGEFILE_SOURCE -Wstrict-prototypes -Wredundant-decls -Wall -Wundef -Wwrite-strings -Wmissing-prototypes -fno-strict-aliasing -fno-common -fwrapv -std=gnu99  -Wexpansion-to-defined -Wendif-labels -Wno-shift-negative-value -Wno-missing-include-dirs -Wempty-body -Wnested-externs -Wformat-security -Wformat-y2k -Winit-self -Wignored-qualifiers -Wold-style-declaration -Wold-style-definition -Wtype-limits -fstack-protector-strong -I/usr/include/libpng16 -I$(SRC_PATH)/capstone/include
LDFLAGS           -Wl,--warn-common -Wl,-z,relro -Wl,-z,now -pie -m64 -g
QEMU_LDFLAGS      -L$(BUILD_DIR)/dtc/libfdt
make              make
install           install
python            python3 -B (3.9.2)
slirp support     git
smbd              /usr/sbin/smbd
module support    no
host CPU          x86_64
host big endian   no
target list       arm-softmmu
gprof enabled     no
sparse enabled    no
strip binaries    yes
profiler          no
static build      no
SDL support       no
SDL image support no
GTK support       yes (3.24.24)
GTK GL support    no
VTE support       no
TLS priority      NORMAL
GNUTLS support    no
libgcrypt         no
nettle            no
libtasn1          no
PAM               no
iconv support     yes
curses support    no
virgl support     no
curl support      no
mingw32 support   no
Audio drivers      oss
Block whitelist (rw)
Block whitelist (ro)
VirtFS support    no
Multipath support no
VNC support       yes
VNC SASL support  no
VNC JPEG support  no
VNC PNG support   yes
xen support       no
brlapi support    no
bluez  support    no
Documentation     no
PIE               yes
vde support       no
netmap support    no
Linux AIO support no
ATTR/XATTR support yes
Install blobs     yes
KVM support       yes
HAX support       no
HVF support       no
WHPX support      no
TCG support       yes
TCG debug enabled no
TCG interpreter   no
malloc trim support yes
RDMA support      no
PVRDMA support    no
fdt support       git
membarrier        no
preadv support    yes
fdatasync         yes
madvise           yes
posix_madvise     yes
posix_memalign    yes
libcap-ng support no
vhost-net support yes
vhost-crypto support yes
vhost-scsi support yes
vhost-vsock support yes
vhost-user support yes
vhost-user-fs support yes
Trace backends    log
spice support     no
rbd support       no
xfsctl support    no
smartcard support no
libusb            no
usb net redir     no
OpenGL support    no
OpenGL dmabufs    no
libiscsi support  no
libnfs support    no
build guest agent yes
QGA VSS support   no
QGA w32 disk info no
QGA MSI support   no
seccomp support   no
coroutine backend ucontext
coroutine pool    yes
debug stack usage no
mutex debugging   no
crypto afalg      no
GlusterFS support no
gcov              gcov
gcov enabled      no
TPM support       yes
libssh support    no
QOM debugging     yes
Live block migration yes
lzo support       no
snappy support    no
bzip2 support     no
lzfse support     no
NUMA host support no
libxml2           no
tcmalloc support  no
jemalloc support  no
avx2 optimization yes
replication support yes
VxHS block device no
bochs support     yes
cloop support     yes
dmg support       yes
qcow v1 support   yes
vdi support       yes
vvfat support     yes
qed support       yes
parallels support yes
sheepdog support  yes
capstone          git
libpmem support   no
libudev           no
default devices   yes
plugin support    yes
cross containers  no
joelwindows7@JOEL-ROG-GL503GE:~/sauce/simplified/qemu-eos-build$