joelwindows7@JOEL-ROG-GL503GE:~/sauce/simplified/qemu-eos/scripts$ for FILER in ./*; do chmod +x $FILER; dos2unix $FILER; done
dos2unix: converting file ./analyse-9p-simpletrace.py to Unix format...
dos2unix: converting file ./analyse-locks-simpletrace.py to Unix format...
dos2unix: converting file ./analyze-inclusions to Unix format...
dos2unix: converting file ./analyze-migration.py to Unix format...
dos2unix: converting file ./archive-source.sh to Unix format...
dos2unix: converting file ./checkpatch.pl to Unix format...
dos2unix: converting file ./clean-header-guards.pl to Unix format...
dos2unix: converting file ./clean-includes to Unix format...
dos2unix: converting file ./cleanup-trace-events.pl to Unix format...
dos2unix: converting file ./cocci-macro-file.h to Unix format...
dos2unix: Skipping ./coccinelle, not a regular file.
dos2unix: converting file ./coverity-model.c to Unix format...
dos2unix: converting file ./create_config to Unix format...
dos2unix: converting file ./decodetree.py to Unix format...
dos2unix: converting file ./device-crash-test to Unix format...
dos2unix: converting file ./disas-objdump.pl to Unix format...
dos2unix: converting file ./dump-guest-memory.py to Unix format...
dos2unix: converting file ./extract-vsssdk-headers to Unix format...
dos2unix: converting file ./feature_to_c.sh to Unix format...
dos2unix: converting file ./fix-multiline-comments.sh to Unix format...
dos2unix: converting file ./get_maintainer.pl to Unix format...
dos2unix: converting file ./git-submodule.sh to Unix format...
dos2unix: converting file ./git.orderfile to Unix format...
dos2unix: converting file ./hxtool to Unix format...
dos2unix: Skipping ./kvm, not a regular file.
dos2unix: converting file ./make-release to Unix format...
dos2unix: converting file ./minikconf.py to Unix format...
dos2unix: Skipping ./modules, not a regular file.
dos2unix: Skipping ./qapi, not a regular file.
dos2unix: converting file ./qapi-gen.py to Unix format...
dos2unix: converting file ./qemu-binfmt-conf.sh to Unix format...
dos2unix: converting file ./qemu-gdb.py to Unix format...
dos2unix: Skipping ./qemu-guest-agent, not a regular file.
dos2unix: converting file ./qemu-trace-stap to Unix format...
dos2unix: converting file ./qemu-trace-stap.texi to Unix format...
dos2unix: Skipping ./qemugdb, not a regular file.
dos2unix: Skipping ./qmp, not a regular file.
dos2unix: converting file ./refresh-pxe-roms.sh to Unix format...
dos2unix: converting file ./render_block_graph.py to Unix format...
dos2unix: converting file ./replay-dump.py to Unix format...
dos2unix: converting file ./shaderinclude.pl to Unix format...
dos2unix: converting file ./show-fixed-bugs.sh to Unix format...
dos2unix: converting file ./signrom.py to Unix format...
dos2unix: converting file ./simpletrace.py to Unix format...
dos2unix: converting file ./switch-timer-api to Unix format...
dos2unix: converting file ./tap-driver.pl to Unix format...
dos2unix: converting file ./tap-merge.pl to Unix format...
dos2unix: converting file ./texi2pod.pl to Unix format...
dos2unix: Skipping ./tracetool, not a regular file.
dos2unix: converting file ./tracetool.py to Unix format...
dos2unix: Skipping ./travis, not a regular file.
dos2unix: converting file ./update-linux-headers.sh to Unix format...
dos2unix: converting file ./vmstate-static-checker.py to Unix format...
joelwindows7@JOEL-ROG-GL503GE:~/sauce/simplified/qemu-eos/scripts$ cd ../../qemu-eos-build
joelwindows7@JOEL-ROG-GL503GE:~/sauce/simplified/qemu-eos-build$ make clean
  GEN     arm-softmmu/hmp-commands.h
  GEN     arm-softmmu/hmp-commands-info.h
  GEN     arm-softmmu/config-devices.h
  GEN     arm-softmmu/config-target.h
rm -f *.timestamp
rm -rf tests/check-qdict tests/check-block-qdict tests/test-char tests/check-qnum tests/check-qstring tests/check-qlist tests/check-qnull tests/check-qobject tests/check-qjson tests/check-qlit tests/test-qobject-output-visitor tests/test-clone-visitor tests/test-qobject-input-visitor tests/test-qmp-cmds tests/test-string-input-visitor tests/test-string-output-visitor tests/test-qmp-event tests/test-opts-visitor tests/test-coroutine tests/test-visitor-serialization tests/test-iov tests/test-bitmap tests/test-aio tests/test-aio-multithread tests/test-throttle tests/test-thread-pool tests/test-hbitmap tests/test-bdrv-drain tests/test-bdrv-graph-mod tests/test-blockjob tests/test-blockjob-txn tests/test-block-backend tests/test-block-iothread tests/test-image-locking tests/test-x86-cpuid tests/test-xbzrle tests/test-vmstate tests/test-cutils tests/test-shift128 tests/test-mul64 tests/test-int128 tests/rcutorture tests/test-rcu-list tests/test-rcu-simpleq tests/test-rcu-tailq tests/test-qdist tests/test-qht tests/test-qht-par tests/test-bitops tests/test-bitcnt tests/test-qdev-global-props tests/check-qom-interface tests/check-qom-proplist tests/test-qemu-opts tests/test-keyval tests/test-write-threshold tests/test-crypto-hash tests/test-crypto-hmac tests/test-crypto-cipher tests/test-crypto-secret tests/test-crypto-tlscredsx509 tests/test-crypto-tlssession tests/test-qga tests/test-timed-average tests/test-util-filemonitor tests/test-util-sockets tests/test-authz-simple tests/test-authz-list tests/test-authz-listfile tests/test-io-task tests/test-io-channel-socket tests/test-io-channel-file tests/test-io-channel-tls tests/test-io-channel-command tests/test-io-channel-buffer tests/test-base64 tests/test-crypto-pbkdf tests/test-crypto-ivgen tests/test-crypto-afsplit tests/test-crypto-block tests/test-logging tests/test-replication tests/test-bufferiszero tests/test-uuid tests/ptimer-test tests/test-qapi-util tests/test-qgraph tests/*.o tests/qemu-iotests/socket_scm_helper
rm -rf tests/ahci-test tests/arm-cpu-features tests/bios-tables-test tests/boot-order-test tests/boot-serial-test tests/cdrom-test tests/cpu-plug-test tests/device-introspect-test tests/device-plug-test tests/display-vga-test tests/drive_del-test tests/fdc-test tests/fw_cfg-test tests/hd-geo-test tests/hexloader-test tests/i440fx-test tests/i82801b11-test tests/ide-test tests/intel-hda-test tests/ioh3420-test tests/ivshmem-test tests/m25p80-test tests/m48t59-test tests/machine-none-test tests/microbit-test tests/migration-test tests/numa-test tests/pflash-cfi02-test tests/prom-env-test tests/pxe-test tests/q35-test tests/qmp-cmd-test tests/qmp-test tests/qom-test tests/qos-test tests/rtc-test tests/rtl8139-test tests/tco-test tests/test-arm-mptimer tests/test-filter-mirror tests/test-filter-redirector tests/test-hmp tests/test-netfilter tests/test-x86-cpuid-compat tests/usb-hcd-ehci-test tests/usb-hcd-uhci-test tests/usb-hcd-xhci-test tests/virtio-ccw-test tests/vmgenid-test
rm -f tests/test-qapi-gen-timestamp
rm -rf /home/joelwindows7/sauce/simplified/qemu-eos-build/tests/venv /home/joelwindows7/sauce/simplified/qemu-eos-build/tests/results
rm -f config.mak op-i386.h opc-i386.h gen-op-i386.h op-arm.h opc-arm.h gen-op-arm.h
rm -f qemu-options.def
rm -f *.msi
find . \( -name '*.so' -o -name '*.dll' -o -name '*.mo' -o -name '*.[oda]' \) -type f \
        ! -path ./roms/edk2/ArmPkg/Library/GccLto/liblto-aarch64.a \
        ! -path ./roms/edk2/ArmPkg/Library/GccLto/liblto-arm.a \
        ! -path ./roms/edk2/BaseTools/Source/Python/UPT/Dll/sqlite3.dll \
        -exec rm {} +
rm -f pc-bios/edk2-aarch64-code.fd pc-bios/edk2-arm-code.fd pc-bios/edk2-arm-vars.fd pc-bios/edk2-i386-code.fd pc-bios/edk2-i386-secure-code.fd pc-bios/edk2-i386-vars.fd pc-bios/edk2-x86_64-code.fd pc-bios/edk2-x86_64-secure-code.fd
rm -f qemu-ga qemu-keymap elf2dmp ivshmem-client ivshmem-server qemu-nbd qemu-img qemu-io qemu-edid scsi/qemu-pr-helper qemu-bridge-helper vhost-user-gpu TAGS cscope.* *.pod *~ */*~
rm -f fsdev/*.pod scsi/*.pod
rm -f qemu-img-cmds.h
rm -f ui/shader/*-vert.h ui/shader/*-frag.h
rm -f trace/generated-tracers-dtrace.dtrace*
rm -f trace/generated-tracers-dtrace.h*
rm -f qemu-version.h qemu-version.h-timestamp config-host.h config-host.h-timestamp qemu-options.def qemu-options.def-timestamp qapi/qapi-builtin-types.h qapi/qapi-builtin-types.h-timestamp qapi/qapi-builtin-types.c qapi/qapi-builtin-types.c-timestamp qapi/qapi-types.h qapi/qapi-types.h-timestamp qapi/qapi-types.c qapi/qapi-types.c-timestamp qapi/qapi-types-audio.h qapi/qapi-types-audio.h-timestamp qapi/qapi-types-authz.h qapi/qapi-types-authz.h-timestamp qapi/qapi-types-block-core.h qapi/qapi-types-block-core.h-timestamp qapi/qapi-types-block.h qapi/qapi-types-block.h-timestamp qapi/qapi-types-char.h qapi/qapi-types-char.h-timestamp qapi/qapi-types-common.h qapi/qapi-types-common.h-timestamp qapi/qapi-types-crypto.h qapi/qapi-types-crypto.h-timestamp qapi/qapi-types-dump.h qapi/qapi-types-dump.h-timestamp qapi/qapi-types-error.h qapi/qapi-types-error.h-timestamp qapi/qapi-types-introspect.h qapi/qapi-types-introspect.h-timestamp qapi/qapi-types-job.h qapi/qapi-types-job.h-timestamp qapi/qapi-types-machine.h qapi/qapi-types-machine.h-timestamp qapi/qapi-types-migration.h qapi/qapi-types-migration.h-timestamp qapi/qapi-types-misc.h qapi/qapi-types-misc.h-timestamp qapi/qapi-types-net.h qapi/qapi-types-net.h-timestamp qapi/qapi-types-qdev.h qapi/qapi-types-qdev.h-timestamp qapi/qapi-types-qom.h qapi/qapi-types-qom.h-timestamp qapi/qapi-types-rdma.h qapi/qapi-types-rdma.h-timestamp qapi/qapi-types-rocker.h qapi/qapi-types-rocker.h-timestamp qapi/qapi-types-run-state.h qapi/qapi-types-run-state.h-timestamp qapi/qapi-types-sockets.h qapi/qapi-types-sockets.h-timestamp qapi/qapi-types-tpm.h qapi/qapi-types-tpm.h-timestamp qapi/qapi-types-trace.h qapi/qapi-types-trace.h-timestamp qapi/qapi-types-transaction.h qapi/qapi-types-transaction.h-timestamp qapi/qapi-types-ui.h qapi/qapi-types-ui.h-timestamp qapi/qapi-types-machine-target.h qapi/qapi-types-machine-target.h-timestamp qapi/qapi-types-misc-target.h qapi/qapi-types-misc-target.h-timestamp qapi/qapi-types-audio.c qapi/qapi-types-audio.c-timestamp qapi/qapi-types-authz.c qapi/qapi-types-authz.c-timestamp qapi/qapi-types-block-core.c qapi/qapi-types-block-core.c-timestamp qapi/qapi-types-block.c qapi/qapi-types-block.c-timestamp qapi/qapi-types-char.c qapi/qapi-types-char.c-timestamp qapi/qapi-types-common.c qapi/qapi-types-common.c-timestamp qapi/qapi-types-crypto.c qapi/qapi-types-crypto.c-timestamp qapi/qapi-types-dump.c qapi/qapi-types-dump.c-timestamp qapi/qapi-types-error.c qapi/qapi-types-error.c-timestamp qapi/qapi-types-introspect.c qapi/qapi-types-introspect.c-timestamp qapi/qapi-types-job.c qapi/qapi-types-job.c-timestamp qapi/qapi-types-machine.c qapi/qapi-types-machine.c-timestamp qapi/qapi-types-migration.c qapi/qapi-types-migration.c-timestamp qapi/qapi-types-misc.c qapi/qapi-types-misc.c-timestamp qapi/qapi-types-net.c qapi/qapi-types-net.c-timestamp qapi/qapi-types-qdev.c qapi/qapi-types-qdev.c-timestamp qapi/qapi-types-qom.c qapi/qapi-types-qom.c-timestamp qapi/qapi-types-rdma.c qapi/qapi-types-rdma.c-timestamp qapi/qapi-types-rocker.c qapi/qapi-types-rocker.c-timestamp qapi/qapi-types-run-state.c qapi/qapi-types-run-state.c-timestamp qapi/qapi-types-sockets.c qapi/qapi-types-sockets.c-timestamp qapi/qapi-types-tpm.c qapi/qapi-types-tpm.c-timestamp qapi/qapi-types-trace.c qapi/qapi-types-trace.c-timestamp qapi/qapi-types-transaction.c qapi/qapi-types-transaction.c-timestamp qapi/qapi-types-ui.c qapi/qapi-types-ui.c-timestamp qapi/qapi-types-machine-target.c qapi/qapi-types-machine-target.c-timestamp qapi/qapi-types-misc-target.c qapi/qapi-types-misc-target.c-timestamp qapi/qapi-builtin-visit.h qapi/qapi-builtin-visit.h-timestamp qapi/qapi-builtin-visit.c qapi/qapi-builtin-visit.c-timestamp qapi/qapi-visit.h qapi/qapi-visit.h-timestamp qapi/qapi-visit.c qapi/qapi-visit.c-timestamp qapi/qapi-visit-audio.h qapi/qapi-visit-audio.h-timestamp qapi/qapi-visit-authz.h qapi/qapi-visit-authz.h-timestamp qapi/qapi-visit-block-core.h qapi/qapi-visit-block-core.h-timestamp qapi/qapi-visit-block.h qapi/qapi-visit-block.h-timestamp qapi/qapi-visit-char.h qapi/qapi-visit-char.h-timestamp qapi/qapi-visit-common.h qapi/qapi-visit-common.h-timestamp qapi/qapi-visit-crypto.h qapi/qapi-visit-crypto.h-timestamp qapi/qapi-visit-dump.h qapi/qapi-visit-dump.h-timestamp qapi/qapi-visit-error.h qapi/qapi-visit-error.h-timestamp qapi/qapi-visit-introspect.h qapi/qapi-visit-introspect.h-timestamp qapi/qapi-visit-job.h qapi/qapi-visit-job.h-timestamp qapi/qapi-visit-machine.h qapi/qapi-visit-machine.h-timestamp qapi/qapi-visit-migration.h qapi/qapi-visit-migration.h-timestamp qapi/qapi-visit-misc.h qapi/qapi-visit-misc.h-timestamp qapi/qapi-visit-net.h qapi/qapi-visit-net.h-timestamp qapi/qapi-visit-qdev.h qapi/qapi-visit-qdev.h-timestamp qapi/qapi-visit-qom.h qapi/qapi-visit-qom.h-timestamp qapi/qapi-visit-rdma.h qapi/qapi-visit-rdma.h-timestamp qapi/qapi-visit-rocker.h qapi/qapi-visit-rocker.h-timestamp qapi/qapi-visit-run-state.h qapi/qapi-visit-run-state.h-timestamp qapi/qapi-visit-sockets.h qapi/qapi-visit-sockets.h-timestamp qapi/qapi-visit-tpm.h qapi/qapi-visit-tpm.h-timestamp qapi/qapi-visit-trace.h qapi/qapi-visit-trace.h-timestamp qapi/qapi-visit-transaction.h qapi/qapi-visit-transaction.h-timestamp qapi/qapi-visit-ui.h qapi/qapi-visit-ui.h-timestamp qapi/qapi-visit-machine-target.h qapi/qapi-visit-machine-target.h-timestamp qapi/qapi-visit-misc-target.h qapi/qapi-visit-misc-target.h-timestamp qapi/qapi-visit-audio.c qapi/qapi-visit-audio.c-timestamp qapi/qapi-visit-authz.c qapi/qapi-visit-authz.c-timestamp qapi/qapi-visit-block-core.c qapi/qapi-visit-block-core.c-timestamp qapi/qapi-visit-block.c qapi/qapi-visit-block.c-timestamp qapi/qapi-visit-char.c qapi/qapi-visit-char.c-timestamp qapi/qapi-visit-common.c qapi/qapi-visit-common.c-timestamp qapi/qapi-visit-crypto.c qapi/qapi-visit-crypto.c-timestamp qapi/qapi-visit-dump.c qapi/qapi-visit-dump.c-timestamp qapi/qapi-visit-error.c qapi/qapi-visit-error.c-timestamp qapi/qapi-visit-introspect.c qapi/qapi-visit-introspect.c-timestamp qapi/qapi-visit-job.c qapi/qapi-visit-job.c-timestamp qapi/qapi-visit-machine.c qapi/qapi-visit-machine.c-timestamp qapi/qapi-visit-migration.c qapi/qapi-visit-migration.c-timestamp qapi/qapi-visit-misc.c qapi/qapi-visit-misc.c-timestamp qapi/qapi-visit-net.c qapi/qapi-visit-net.c-timestamp qapi/qapi-visit-qdev.c qapi/qapi-visit-qdev.c-timestamp qapi/qapi-visit-qom.c qapi/qapi-visit-qom.c-timestamp qapi/qapi-visit-rdma.c qapi/qapi-visit-rdma.c-timestamp qapi/qapi-visit-rocker.c qapi/qapi-visit-rocker.c-timestamp qapi/qapi-visit-run-state.c qapi/qapi-visit-run-state.c-timestamp qapi/qapi-visit-sockets.c qapi/qapi-visit-sockets.c-timestamp qapi/qapi-visit-tpm.c qapi/qapi-visit-tpm.c-timestamp qapi/qapi-visit-trace.c qapi/qapi-visit-trace.c-timestamp qapi/qapi-visit-transaction.c qapi/qapi-visit-transaction.c-timestamp qapi/qapi-visit-ui.c qapi/qapi-visit-ui.c-timestamp qapi/qapi-visit-machine-target.c qapi/qapi-visit-machine-target.c-timestamp qapi/qapi-visit-misc-target.c qapi/qapi-visit-misc-target.c-timestamp qapi/qapi-commands.h qapi/qapi-commands.h-timestamp qapi/qapi-commands.c qapi/qapi-commands.c-timestamp qapi/qapi-commands-audio.h qapi/qapi-commands-audio.h-timestamp qapi/qapi-commands-authz.h qapi/qapi-commands-authz.h-timestamp qapi/qapi-commands-block-core.h qapi/qapi-commands-block-core.h-timestamp qapi/qapi-commands-block.h qapi/qapi-commands-block.h-timestamp qapi/qapi-commands-char.h qapi/qapi-commands-char.h-timestamp qapi/qapi-commands-common.h qapi/qapi-commands-common.h-timestamp qapi/qapi-commands-crypto.h qapi/qapi-commands-crypto.h-timestamp qapi/qapi-commands-dump.h qapi/qapi-commands-dump.h-timestamp qapi/qapi-commands-error.h qapi/qapi-commands-error.h-timestamp qapi/qapi-commands-introspect.h qapi/qapi-commands-introspect.h-timestamp qapi/qapi-commands-job.h qapi/qapi-commands-job.h-timestamp qapi/qapi-commands-machine.h qapi/qapi-commands-machine.h-timestamp qapi/qapi-commands-migration.h qapi/qapi-commands-migration.h-timestamp qapi/qapi-commands-misc.h qapi/qapi-commands-misc.h-timestamp qapi/qapi-commands-net.h qapi/qapi-commands-net.h-timestamp qapi/qapi-commands-qdev.h qapi/qapi-commands-qdev.h-timestamp qapi/qapi-commands-qom.h qapi/qapi-commands-qom.h-timestamp qapi/qapi-commands-rdma.h qapi/qapi-commands-rdma.h-timestamp qapi/qapi-commands-rocker.h qapi/qapi-commands-rocker.h-timestamp qapi/qapi-commands-run-state.h qapi/qapi-commands-run-state.h-timestamp qapi/qapi-commands-sockets.h qapi/qapi-commands-sockets.h-timestamp qapi/qapi-commands-tpm.h qapi/qapi-commands-tpm.h-timestamp qapi/qapi-commands-trace.h qapi/qapi-commands-trace.h-timestamp qapi/qapi-commands-transaction.h qapi/qapi-commands-transaction.h-timestamp qapi/qapi-commands-ui.h qapi/qapi-commands-ui.h-timestamp qapi/qapi-commands-machine-target.h qapi/qapi-commands-machine-target.h-timestamp qapi/qapi-commands-misc-target.h qapi/qapi-commands-misc-target.h-timestamp qapi/qapi-commands-audio.c qapi/qapi-commands-audio.c-timestamp qapi/qapi-commands-authz.c qapi/qapi-commands-authz.c-timestamp qapi/qapi-commands-block-core.c qapi/qapi-commands-block-core.c-timestamp qapi/qapi-commands-block.c qapi/qapi-commands-block.c-timestamp qapi/qapi-commands-char.c qapi/qapi-commands-char.c-timestamp qapi/qapi-commands-common.c qapi/qapi-commands-common.c-timestamp qapi/qapi-commands-crypto.c qapi/qapi-commands-crypto.c-timestamp qapi/qapi-commands-dump.c qapi/qapi-commands-dump.c-timestamp qapi/qapi-commands-error.c qapi/qapi-commands-error.c-timestamp qapi/qapi-commands-introspect.c qapi/qapi-commands-introspect.c-timestamp qapi/qapi-commands-job.c qapi/qapi-commands-job.c-timestamp qapi/qapi-commands-machine.c qapi/qapi-commands-machine.c-timestamp qapi/qapi-commands-migration.c qapi/qapi-commands-migration.c-timestamp qapi/qapi-commands-misc.c qapi/qapi-commands-misc.c-timestamp qapi/qapi-commands-net.c qapi/qapi-commands-net.c-timestamp qapi/qapi-commands-qdev.c qapi/qapi-commands-qdev.c-timestamp qapi/qapi-commands-qom.c qapi/qapi-commands-qom.c-timestamp qapi/qapi-commands-rdma.c qapi/qapi-commands-rdma.c-timestamp qapi/qapi-commands-rocker.c qapi/qapi-commands-rocker.c-timestamp qapi/qapi-commands-run-state.c qapi/qapi-commands-run-state.c-timestamp qapi/qapi-commands-sockets.c qapi/qapi-commands-sockets.c-timestamp qapi/qapi-commands-tpm.c qapi/qapi-commands-tpm.c-timestamp qapi/qapi-commands-trace.c qapi/qapi-commands-trace.c-timestamp qapi/qapi-commands-transaction.c qapi/qapi-commands-transaction.c-timestamp qapi/qapi-commands-ui.c qapi/qapi-commands-ui.c-timestamp qapi/qapi-commands-machine-target.c qapi/qapi-commands-machine-target.c-timestamp qapi/qapi-commands-misc-target.c qapi/qapi-commands-misc-target.c-timestamp qapi/qapi-emit-events.h qapi/qapi-emit-events.h-timestamp qapi/qapi-emit-events.c qapi/qapi-emit-events.c-timestamp qapi/qapi-events.h qapi/qapi-events.h-timestamp qapi/qapi-events.c qapi/qapi-events.c-timestamp qapi/qapi-events-audio.h qapi/qapi-events-audio.h-timestamp qapi/qapi-events-authz.h qapi/qapi-events-authz.h-timestamp qapi/qapi-events-block-core.h qapi/qapi-events-block-core.h-timestamp qapi/qapi-events-block.h qapi/qapi-events-block.h-timestamp qapi/qapi-events-char.h qapi/qapi-events-char.h-timestamp qapi/qapi-events-common.h qapi/qapi-events-common.h-timestamp qapi/qapi-events-crypto.h qapi/qapi-events-crypto.h-timestamp qapi/qapi-events-dump.h qapi/qapi-events-dump.h-timestamp qapi/qapi-events-error.h qapi/qapi-events-error.h-timestamp qapi/qapi-events-introspect.h qapi/qapi-events-introspect.h-timestamp qapi/qapi-events-job.h qapi/qapi-events-job.h-timestamp qapi/qapi-events-machine.h qapi/qapi-events-machine.h-timestamp qapi/qapi-events-migration.h qapi/qapi-events-migration.h-timestamp qapi/qapi-events-misc.h qapi/qapi-events-misc.h-timestamp qapi/qapi-events-net.h qapi/qapi-events-net.h-timestamp qapi/qapi-events-qdev.h qapi/qapi-events-qdev.h-timestamp qapi/qapi-events-qom.h qapi/qapi-events-qom.h-timestamp qapi/qapi-events-rdma.h qapi/qapi-events-rdma.h-timestamp qapi/qapi-events-rocker.h qapi/qapi-events-rocker.h-timestamp qapi/qapi-events-run-state.h qapi/qapi-events-run-state.h-timestamp qapi/qapi-events-sockets.h qapi/qapi-events-sockets.h-timestamp qapi/qapi-events-tpm.h qapi/qapi-events-tpm.h-timestamp qapi/qapi-events-trace.h qapi/qapi-events-trace.h-timestamp qapi/qapi-events-transaction.h qapi/qapi-events-transaction.h-timestamp qapi/qapi-events-ui.h qapi/qapi-events-ui.h-timestamp qapi/qapi-events-machine-target.h qapi/qapi-events-machine-target.h-timestamp qapi/qapi-events-misc-target.h qapi/qapi-events-misc-target.h-timestamp qapi/qapi-events-audio.c qapi/qapi-events-audio.c-timestamp qapi/qapi-events-authz.c qapi/qapi-events-authz.c-timestamp qapi/qapi-events-block-core.c qapi/qapi-events-block-core.c-timestamp qapi/qapi-events-block.c qapi/qapi-events-block.c-timestamp qapi/qapi-events-char.c qapi/qapi-events-char.c-timestamp qapi/qapi-events-common.c qapi/qapi-events-common.c-timestamp qapi/qapi-events-crypto.c qapi/qapi-events-crypto.c-timestamp qapi/qapi-events-dump.c qapi/qapi-events-dump.c-timestamp qapi/qapi-events-error.c qapi/qapi-events-error.c-timestamp qapi/qapi-events-introspect.c qapi/qapi-events-introspect.c-timestamp qapi/qapi-events-job.c qapi/qapi-events-job.c-timestamp qapi/qapi-events-machine.c qapi/qapi-events-machine.c-timestamp qapi/qapi-events-migration.c qapi/qapi-events-migration.c-timestamp qapi/qapi-events-misc.c qapi/qapi-events-misc.c-timestamp qapi/qapi-events-net.c qapi/qapi-events-net.c-timestamp qapi/qapi-events-qdev.c qapi/qapi-events-qdev.c-timestamp qapi/qapi-events-qom.c qapi/qapi-events-qom.c-timestamp qapi/qapi-events-rdma.c qapi/qapi-events-rdma.c-timestamp qapi/qapi-events-rocker.c qapi/qapi-events-rocker.c-timestamp qapi/qapi-events-run-state.c qapi/qapi-events-run-state.c-timestamp qapi/qapi-events-sockets.c qapi/qapi-events-sockets.c-timestamp qapi/qapi-events-tpm.c qapi/qapi-events-tpm.c-timestamp qapi/qapi-events-trace.c qapi/qapi-events-trace.c-timestamp qapi/qapi-events-transaction.c qapi/qapi-events-transaction.c-timestamp qapi/qapi-events-ui.c qapi/qapi-events-ui.c-timestamp qapi/qapi-events-machine-target.c qapi/qapi-events-machine-target.c-timestamp qapi/qapi-events-misc-target.c qapi/qapi-events-misc-target.c-timestamp qapi/qapi-introspect.c qapi/qapi-introspect.c-timestamp qapi/qapi-introspect.h qapi/qapi-introspect.h-timestamp qapi/qapi-doc.texi qapi/qapi-doc.texi-timestamp trace/generated-tcg-tracers.h trace/generated-tcg-tracers.h-timestamp trace/generated-helpers-wrappers.h trace/generated-helpers-wrappers.h-timestamp trace/generated-helpers.h trace/generated-helpers.h-timestamp trace/generated-helpers.c trace/generated-helpers.c-timestamp module_block.h module_block.h-timestamp trace-root.h trace-root.h-timestamp accel/kvm/trace.h accel/kvm/trace.h-timestamp accel/tcg/trace.h accel/tcg/trace.h-timestamp crypto/trace.h crypto/trace.h-timestamp monitor/trace.h monitor/trace.h-timestamp authz/trace.h authz/trace.h-timestamp block/trace.h block/trace.h-timestamp io/trace.h io/trace.h-timestamp nbd/trace.h nbd/trace.h-timestamp scsi/trace.h scsi/trace.h-timestamp chardev/trace.h chardev/trace.h-timestamp audio/trace.h audio/trace.h-timestamp hw/9pfs/trace.h hw/9pfs/trace.h-timestamp hw/acpi/trace.h hw/acpi/trace.h-timestamp hw/alpha/trace.h hw/alpha/trace.h-timestamp hw/arm/trace.h hw/arm/trace.h-timestamp hw/audio/trace.h hw/audio/trace.h-timestamp hw/block/trace.h hw/block/trace.h-timestamp hw/block/dataplane/trace.h hw/block/dataplane/trace.h-timestamp hw/char/trace.h hw/char/trace.h-timestamp hw/dma/trace.h hw/dma/trace.h-timestamp hw/hppa/trace.h hw/hppa/trace.h-timestamp hw/i2c/trace.h hw/i2c/trace.h-timestamp hw/i386/trace.h hw/i386/trace.h-timestamp hw/i386/xen/trace.h hw/i386/xen/trace.h-timestamp hw/ide/trace.h hw/ide/trace.h-timestamp hw/input/trace.h hw/input/trace.h-timestamp hw/intc/trace.h hw/intc/trace.h-timestamp hw/isa/trace.h hw/isa/trace.h-timestamp hw/mem/trace.h hw/mem/trace.h-timestamp hw/mips/trace.h hw/mips/trace.h-timestamp hw/misc/trace.h hw/misc/trace.h-timestamp hw/misc/macio/trace.h hw/misc/macio/trace.h-timestamp hw/net/trace.h hw/net/trace.h-timestamp hw/nvram/trace.h hw/nvram/trace.h-timestamp hw/pci/trace.h hw/pci/trace.h-timestamp hw/pci-host/trace.h hw/pci-host/trace.h-timestamp hw/ppc/trace.h hw/ppc/trace.h-timestamp hw/rdma/trace.h hw/rdma/trace.h-timestamp hw/rdma/vmw/trace.h hw/rdma/vmw/trace.h-timestamp hw/rtc/trace.h hw/rtc/trace.h-timestamp hw/s390x/trace.h hw/s390x/trace.h-timestamp hw/scsi/trace.h hw/scsi/trace.h-timestamp hw/sd/trace.h hw/sd/trace.h-timestamp hw/sparc/trace.h hw/sparc/trace.h-timestamp hw/sparc64/trace.h hw/sparc64/trace.h-timestamp hw/timer/trace.h hw/timer/trace.h-timestamp hw/tpm/trace.h hw/tpm/trace.h-timestamp hw/usb/trace.h hw/usb/trace.h-timestamp hw/vfio/trace.h hw/vfio/trace.h-timestamp hw/virtio/trace.h hw/virtio/trace.h-timestamp hw/watchdog/trace.h hw/watchdog/trace.h-timestamp hw/xen/trace.h hw/xen/trace.h-timestamp hw/gpio/trace.h hw/gpio/trace.h-timestamp hw/riscv/trace.h hw/riscv/trace.h-timestamp migration/trace.h migration/trace.h-timestamp net/trace.h net/trace.h-timestamp ui/trace.h ui/trace.h-timestamp hw/display/trace.h hw/display/trace.h-timestamp qapi/trace.h qapi/trace.h-timestamp qom/trace.h qom/trace.h-timestamp target/arm/trace.h target/arm/trace.h-timestamp target/hppa/trace.h target/hppa/trace.h-timestamp target/i386/trace.h target/i386/trace.h-timestamp target/mips/trace.h target/mips/trace.h-timestamp target/ppc/trace.h target/ppc/trace.h-timestamp target/riscv/trace.h target/riscv/trace.h-timestamp target/s390x/trace.h target/s390x/trace.h-timestamp target/sparc/trace.h target/sparc/trace.h-timestamp util/trace.h util/trace.h-timestamp hw/core/trace.h hw/core/trace.h-timestamp trace-root.c trace-root.c-timestamp accel/kvm/trace.c accel/kvm/trace.c-timestamp accel/tcg/trace.c accel/tcg/trace.c-timestamp crypto/trace.c crypto/trace.c-timestamp monitor/trace.c monitor/trace.c-timestamp authz/trace.c authz/trace.c-timestamp block/trace.c block/trace.c-timestamp io/trace.c io/trace.c-timestamp nbd/trace.c nbd/trace.c-timestamp scsi/trace.c scsi/trace.c-timestamp chardev/trace.c chardev/trace.c-timestamp audio/trace.c audio/trace.c-timestamp hw/9pfs/trace.c hw/9pfs/trace.c-timestamp hw/acpi/trace.c hw/acpi/trace.c-timestamp hw/alpha/trace.c hw/alpha/trace.c-timestamp hw/arm/trace.c hw/arm/trace.c-timestamp hw/audio/trace.c hw/audio/trace.c-timestamp hw/block/trace.c hw/block/trace.c-timestamp hw/block/dataplane/trace.c hw/block/dataplane/trace.c-timestamp hw/char/trace.c hw/char/trace.c-timestamp hw/dma/trace.c hw/dma/trace.c-timestamp hw/hppa/trace.c hw/hppa/trace.c-timestamp hw/i2c/trace.c hw/i2c/trace.c-timestamp hw/i386/trace.c hw/i386/trace.c-timestamp hw/i386/xen/trace.c hw/i386/xen/trace.c-timestamp hw/ide/trace.c hw/ide/trace.c-timestamp hw/input/trace.c hw/input/trace.c-timestamp hw/intc/trace.c hw/intc/trace.c-timestamp hw/isa/trace.c hw/isa/trace.c-timestamp hw/mem/trace.c hw/mem/trace.c-timestamp hw/mips/trace.c hw/mips/trace.c-timestamp hw/misc/trace.c hw/misc/trace.c-timestamp hw/misc/macio/trace.c hw/misc/macio/trace.c-timestamp hw/net/trace.c hw/net/trace.c-timestamp hw/nvram/trace.c hw/nvram/trace.c-timestamp hw/pci/trace.c hw/pci/trace.c-timestamp hw/pci-host/trace.c hw/pci-host/trace.c-timestamp hw/ppc/trace.c hw/ppc/trace.c-timestamp hw/rdma/trace.c hw/rdma/trace.c-timestamp hw/rdma/vmw/trace.c hw/rdma/vmw/trace.c-timestamp hw/rtc/trace.c hw/rtc/trace.c-timestamp hw/s390x/trace.c hw/s390x/trace.c-timestamp hw/scsi/trace.c hw/scsi/trace.c-timestamp hw/sd/trace.c hw/sd/trace.c-timestamp hw/sparc/trace.c hw/sparc/trace.c-timestamp hw/sparc64/trace.c hw/sparc64/trace.c-timestamp hw/timer/trace.c hw/timer/trace.c-timestamp hw/tpm/trace.c hw/tpm/trace.c-timestamp hw/usb/trace.c hw/usb/trace.c-timestamp hw/vfio/trace.c hw/vfio/trace.c-timestamp hw/virtio/trace.c hw/virtio/trace.c-timestamp hw/watchdog/trace.c hw/watchdog/trace.c-timestamp hw/xen/trace.c hw/xen/trace.c-timestamp hw/gpio/trace.c hw/gpio/trace.c-timestamp hw/riscv/trace.c hw/riscv/trace.c-timestamp migration/trace.c migration/trace.c-timestamp net/trace.c net/trace.c-timestamp ui/trace.c ui/trace.c-timestamp hw/display/trace.c hw/display/trace.c-timestamp qapi/trace.c qapi/trace.c-timestamp qom/trace.c qom/trace.c-timestamp target/arm/trace.c target/arm/trace.c-timestamp target/hppa/trace.c target/hppa/trace.c-timestamp target/i386/trace.c target/i386/trace.c-timestamp target/mips/trace.c target/mips/trace.c-timestamp target/ppc/trace.c target/ppc/trace.c-timestamp target/riscv/trace.c target/riscv/trace.c-timestamp target/s390x/trace.c target/s390x/trace.c-timestamp target/sparc/trace.c target/sparc/trace.c-timestamp util/trace.c util/trace.c-timestamp hw/core/trace.c hw/core/trace.c-timestamp /home/joelwindows7/sauce/simplified/qemu-eos-build/trace-events-all /home/joelwindows7/sauce/simplified/qemu-eos-build/trace-events-all-timestamp .git-submodule-status .git-submodule-status-timestamp ui/input-keymap-atset1-to-qcode.c ui/input-keymap-atset1-to-qcode.c-timestamp ui/input-keymap-linux-to-qcode.c ui/input-keymap-linux-to-qcode.c-timestamp ui/input-keymap-qcode-to-atset1.c ui/input-keymap-qcode-to-atset1.c-timestamp ui/input-keymap-qcode-to-atset2.c ui/input-keymap-qcode-to-atset2.c-timestamp ui/input-keymap-qcode-to-atset3.c ui/input-keymap-qcode-to-atset3.c-timestamp ui/input-keymap-qcode-to-linux.c ui/input-keymap-qcode-to-linux.c-timestamp ui/input-keymap-qcode-to-qnum.c ui/input-keymap-qcode-to-qnum.c-timestamp ui/input-keymap-qcode-to-sun.c ui/input-keymap-qcode-to-sun.c-timestamp ui/input-keymap-qnum-to-qcode.c ui/input-keymap-qnum-to-qcode.c-timestamp ui/input-keymap-usb-to-qcode.c ui/input-keymap-usb-to-qcode.c-timestamp ui/input-keymap-win32-to-qcode.c ui/input-keymap-win32-to-qcode.c-timestamp ui/input-keymap-x11-to-qcode.c ui/input-keymap-x11-to-qcode.c-timestamp ui/input-keymap-xorgevdev-to-qcode.c ui/input-keymap-xorgevdev-to-qcode.c-timestamp ui/input-keymap-xorgkbd-to-qcode.c ui/input-keymap-xorgkbd-to-qcode.c-timestamp ui/input-keymap-xorgxquartz-to-qcode.c ui/input-keymap-xorgxquartz-to-qcode.c-timestamp ui/input-keymap-xorgxwin-to-qcode.c ui/input-keymap-xorgxwin-to-qcode.c-timestamp ui/input-keymap-osx-to-qcode.c ui/input-keymap-osx-to-qcode.c-timestamp tests/test-qapi-types.h tests/test-qapi-types.h-timestamp tests/include/test-qapi-types-sub-module.h tests/include/test-qapi-types-sub-module.h-timestamp tests/test-qapi-types-sub-sub-module.h tests/test-qapi-types-sub-sub-module.h-timestamp tests/test-qapi-visit.h tests/test-qapi-visit.h-timestamp tests/include/test-qapi-visit-sub-module.h tests/include/test-qapi-visit-sub-module.h-timestamp tests/test-qapi-visit-sub-sub-module.h tests/test-qapi-visit-sub-sub-module.h-timestamp tests/test-qapi-commands.h tests/test-qapi-commands.h-timestamp tests/include/test-qapi-commands-sub-module.h tests/include/test-qapi-commands-sub-module.h-timestamp tests/test-qapi-commands-sub-sub-module.h tests/test-qapi-commands-sub-sub-module.h-timestamp tests/test-qapi-events.h tests/test-qapi-events.h-timestamp tests/include/test-qapi-events-sub-module.h tests/include/test-qapi-events-sub-module.h-timestamp tests/test-qapi-events-sub-sub-module.h tests/test-qapi-events-sub-sub-module.h-timestamp tests/test-qapi-introspect.h tests/test-qapi-introspect.h-timestamp
rm -f qapi-gen-timestamp
rm -rf qga/qapi-generated
rm -f config-all-devices.mak
joelwindows7@JOEL-ROG-GL503GE:~/sauce/simplified/qemu-eos-build$ make -j12
  GEN     config-all-devices.mak
  GEN     config-host.h
  GIT     ui/keycodemapdb tests/fp/berkeley-testfloat-3 tests/fp/berkeley-softfloat-3 capstone
  GEN     qemu-options.def
  GEN     qapi-gen
  GEN     trace/generated-tcg-tracers.h
  GEN     trace/generated-helpers-wrappers.h
  GEN     trace/generated-helpers.h
  GEN     trace/generated-helpers.c
  GEN     module_block.h
  GEN     tests/test-qapi-gen
  GEN     trace-root.h
  GEN     accel/kvm/trace.h
  GEN     accel/tcg/trace.h
  GEN     crypto/trace.h
  GEN     monitor/trace.h
  GEN     authz/trace.h
  GEN     block/trace.h
  GEN     io/trace.h
  GEN     nbd/trace.h
  GEN     scsi/trace.h
  GEN     chardev/trace.h
  GEN     audio/trace.h
  GEN     hw/9pfs/trace.h
  GEN     hw/acpi/trace.h
  GEN     hw/alpha/trace.h
  GEN     hw/arm/trace.h
  GEN     hw/audio/trace.h
  GEN     hw/block/trace.h
  GEN     hw/block/dataplane/trace.h
  GEN     hw/char/trace.h
  GEN     hw/dma/trace.h
  GEN     hw/hppa/trace.h
  GEN     hw/i2c/trace.h
Cloning into '/home/joelwindows7/sauce/simplified/qemu-eos/capstone'...
  GEN     hw/i386/trace.h
  GEN     hw/i386/xen/trace.h
  GEN     hw/ide/trace.h
  GEN     hw/input/trace.h
  GEN     hw/intc/trace.h
  GEN     hw/isa/trace.h
  GEN     hw/mem/trace.h
  GEN     hw/mips/trace.h
  GEN     hw/misc/trace.h
  GEN     hw/misc/macio/trace.h
  GEN     hw/net/trace.h
  GEN     hw/nvram/trace.h
  GEN     hw/pci/trace.h
  GEN     hw/pci-host/trace.h
  GEN     hw/ppc/trace.h
  GEN     hw/rdma/trace.h
  GEN     hw/rdma/vmw/trace.h
  GEN     hw/rtc/trace.h
  GEN     hw/s390x/trace.h
  GEN     hw/scsi/trace.h
  GEN     hw/sd/trace.h
  GEN     hw/sparc/trace.h
  GEN     hw/sparc64/trace.h
  GEN     hw/timer/trace.h
  GEN     hw/tpm/trace.h
  GEN     hw/usb/trace.h
  GEN     hw/vfio/trace.h
  GEN     hw/virtio/trace.h
  GEN     hw/watchdog/trace.h
  GEN     hw/xen/trace.h
  GEN     hw/gpio/trace.h
  GEN     hw/riscv/trace.h
  GEN     migration/trace.h
  GEN     net/trace.h
  GEN     ui/trace.h
  GEN     hw/display/trace.h
  GEN     qapi/trace.h
  GEN     qom/trace.h
  GEN     target/arm/trace.h
  GEN     target/hppa/trace.h
  GEN     target/i386/trace.h
  GEN     target/mips/trace.h
  GEN     target/ppc/trace.h
  GEN     target/riscv/trace.h
  GEN     target/s390x/trace.h
  GEN     target/sparc/trace.h
  GEN     util/trace.h
  GEN     hw/core/trace.h
  GEN     trace-root.c
  GEN     accel/kvm/trace.c
  GEN     accel/tcg/trace.c
  GEN     crypto/trace.c
  GEN     monitor/trace.c
  GEN     authz/trace.c
  GEN     block/trace.c
  GEN     io/trace.c
  GEN     nbd/trace.c
  GEN     scsi/trace.c
  GEN     chardev/trace.c
  GEN     audio/trace.c
  GEN     hw/9pfs/trace.c
  GEN     hw/acpi/trace.c
  GEN     hw/alpha/trace.c
  GEN     hw/arm/trace.c
  GEN     hw/audio/trace.c
  GEN     hw/block/trace.c
  GEN     hw/block/dataplane/trace.c
  GEN     hw/char/trace.c
  GEN     hw/dma/trace.c
  GEN     hw/hppa/trace.c
  GEN     hw/i2c/trace.c
  GEN     hw/i386/trace.c
  GEN     hw/i386/xen/trace.c
  GEN     hw/ide/trace.c
  GEN     hw/input/trace.c
  GEN     hw/intc/trace.c
  GEN     hw/isa/trace.c
  GEN     hw/mem/trace.c
  GEN     hw/mips/trace.c
  GEN     hw/misc/trace.c
  GEN     hw/misc/macio/trace.c
  GEN     hw/net/trace.c
  GEN     hw/nvram/trace.c
  GEN     hw/pci/trace.c
  GEN     hw/pci-host/trace.c
  GEN     hw/ppc/trace.c
  GEN     hw/rdma/trace.c
  GEN     hw/rdma/vmw/trace.c
  GEN     hw/rtc/trace.c
  GEN     hw/s390x/trace.c
  GEN     hw/scsi/trace.c
  GEN     hw/sd/trace.c
  GEN     hw/sparc/trace.c
  GEN     hw/sparc64/trace.c
  GEN     hw/timer/trace.c
  GEN     hw/tpm/trace.c
  GEN     hw/usb/trace.c
  GEN     hw/vfio/trace.c
  GEN     hw/virtio/trace.c
  GEN     hw/watchdog/trace.c
  GEN     hw/xen/trace.c
  GEN     hw/gpio/trace.c
  GEN     hw/riscv/trace.c
  GEN     migration/trace.c
  GEN     net/trace.c
  GEN     ui/trace.c
  GEN     hw/display/trace.c
  GEN     qapi/trace.c
  GEN     qom/trace.c
  GEN     target/arm/trace.c
  GEN     target/hppa/trace.c
  GEN     target/i386/trace.c
  GEN     target/mips/trace.c
  GEN     target/ppc/trace.c
  GEN     target/riscv/trace.c
  GEN     target/s390x/trace.c
  GEN     target/sparc/trace.c
  GEN     util/trace.c
  GEN     hw/core/trace.c
fatal: unable to access 'https://git.qemu.org/git/capstone.git/': Could not resolve host: git.qemu.org
fatal: clone of 'https://git.qemu.org/git/capstone.git' into submodule path '/home/joelwindows7/sauce/simplified/qemu-eos/capstone' failed
Failed to clone 'capstone'. Retry scheduled
Cloning into '/home/joelwindows7/sauce/simplified/qemu-eos/tests/fp/berkeley-softfloat-3'...
^Cmake: *** [Makefile:49: git-submodule-update] Interrupt

joelwindows7@JOEL-ROG-GL503GE:~/sauce/simplified/qemu-eos-build$ make clearn
  GIT     ui/keycodemapdb tests/fp/berkeley-testfloat-3 tests/fp/berkeley-softfloat-3 capstone
Cloning into '/home/joelwindows7/sauce/simplified/qemu-eos/capstone'...
^Cmake: *** [Makefile:49: git-submodule-update] Interrupt

joelwindows7@JOEL-ROG-GL503GE:~/sauce/simplified/qemu-eos-build$ make clean
  GEN     arm-softmmu/hmp-commands.h
rm -f *.timestamp
rm -rf tests/check-qdict tests/check-block-qdict tests/test-char tests/check-qnum tests/check-qstring tests/check-qlist tests/check-qnull tests/check-qobject tests/check-qjson tests/check-qlit tests/test-qobject-output-visitor tests/test-clone-visitor tests/test-qobject-input-visitor tests/test-qmp-cmds tests/test-string-input-visitor tests/test-string-output-visitor tests/test-qmp-event tests/test-opts-visitor tests/test-coroutine tests/test-visitor-serialization tests/test-iov tests/test-bitmap tests/test-aio tests/test-aio-multithread tests/test-throttle tests/test-thread-pool tests/test-hbitmap tests/test-bdrv-drain tests/test-bdrv-graph-mod tests/test-blockjob tests/test-blockjob-txn tests/test-block-backend tests/test-block-iothread tests/test-image-locking tests/test-x86-cpuid tests/test-xbzrle tests/test-vmstate tests/test-cutils tests/test-shift128 tests/test-mul64 tests/test-int128 tests/rcutorture tests/test-rcu-list tests/test-rcu-simpleq tests/test-rcu-tailq tests/test-qdist tests/test-qht tests/test-qht-par tests/test-bitops tests/test-bitcnt tests/test-qdev-global-props tests/check-qom-interface tests/check-qom-proplist tests/test-qemu-opts tests/test-keyval tests/test-write-threshold tests/test-crypto-hash tests/test-crypto-hmac tests/test-crypto-cipher tests/test-crypto-secret tests/test-crypto-tlscredsx509 tests/test-crypto-tlssession tests/test-qga tests/test-timed-average tests/test-util-filemonitor tests/test-util-sockets tests/test-authz-simple tests/test-authz-list tests/test-authz-listfile tests/test-io-task tests/test-io-channel-socket tests/test-io-channel-file tests/test-io-channel-tls tests/test-io-channel-command tests/test-io-channel-buffer tests/test-base64 tests/test-crypto-pbkdf tests/test-crypto-ivgen tests/test-crypto-afsplit tests/test-crypto-block tests/test-logging tests/test-replication tests/test-bufferiszero tests/test-uuid tests/ptimer-test tests/test-qapi-util tests/test-qgraph tests/*.o tests/qemu-iotests/socket_scm_helper
rm -rf tests/ahci-test tests/arm-cpu-features tests/bios-tables-test tests/boot-order-test tests/boot-serial-test tests/cdrom-test tests/cpu-plug-test tests/device-introspect-test tests/device-plug-test tests/display-vga-test tests/drive_del-test tests/fdc-test tests/fw_cfg-test tests/hd-geo-test tests/hexloader-test tests/i440fx-test tests/i82801b11-test tests/ide-test tests/intel-hda-test tests/ioh3420-test tests/ivshmem-test tests/m25p80-test tests/m48t59-test tests/machine-none-test tests/microbit-test tests/migration-test tests/numa-test tests/pflash-cfi02-test tests/prom-env-test tests/pxe-test tests/q35-test tests/qmp-cmd-test tests/qmp-test tests/qom-test tests/qos-test tests/rtc-test tests/rtl8139-test tests/tco-test tests/test-arm-mptimer tests/test-filter-mirror tests/test-filter-redirector tests/test-hmp tests/test-netfilter tests/test-x86-cpuid-compat tests/usb-hcd-ehci-test tests/usb-hcd-uhci-test tests/usb-hcd-xhci-test tests/virtio-ccw-test tests/vmgenid-test
rm -f tests/test-qapi-gen-timestamp
rm -rf /home/joelwindows7/sauce/simplified/qemu-eos-build/tests/venv /home/joelwindows7/sauce/simplified/qemu-eos-build/tests/results
rm -f config.mak op-i386.h opc-i386.h gen-op-i386.h op-arm.h opc-arm.h gen-op-arm.h
rm -f qemu-options.def
rm -f *.msi
find . \( -name '*.so' -o -name '*.dll' -o -name '*.mo' -o -name '*.[oda]' \) -type f \
        ! -path ./roms/edk2/ArmPkg/Library/GccLto/liblto-aarch64.a \
        ! -path ./roms/edk2/ArmPkg/Library/GccLto/liblto-arm.a \
        ! -path ./roms/edk2/BaseTools/Source/Python/UPT/Dll/sqlite3.dll \
        -exec rm {} +
rm -f pc-bios/edk2-aarch64-code.fd pc-bios/edk2-arm-code.fd pc-bios/edk2-arm-vars.fd pc-bios/edk2-i386-code.fd pc-bios/edk2-i386-secure-code.fd pc-bios/edk2-i386-vars.fd pc-bios/edk2-x86_64-code.fd pc-bios/edk2-x86_64-secure-code.fd
rm -f qemu-ga qemu-keymap elf2dmp ivshmem-client ivshmem-server qemu-nbd qemu-img qemu-io qemu-edid scsi/qemu-pr-helper qemu-bridge-helper vhost-user-gpu TAGS cscope.* *.pod *~ */*~
rm -f fsdev/*.pod scsi/*.pod
rm -f qemu-img-cmds.h
rm -f ui/shader/*-vert.h ui/shader/*-frag.h
rm -f trace/generated-tracers-dtrace.dtrace*
rm -f trace/generated-tracers-dtrace.h*
rm -f qemu-version.h qemu-version.h-timestamp config-host.h config-host.h-timestamp qemu-options.def qemu-options.def-timestamp qapi/qapi-builtin-types.h qapi/qapi-builtin-types.h-timestamp qapi/qapi-builtin-types.c qapi/qapi-builtin-types.c-timestamp qapi/qapi-types.h qapi/qapi-types.h-timestamp qapi/qapi-types.c qapi/qapi-types.c-timestamp qapi/qapi-types-audio.h qapi/qapi-types-audio.h-timestamp qapi/qapi-types-authz.h qapi/qapi-types-authz.h-timestamp qapi/qapi-types-block-core.h qapi/qapi-types-block-core.h-timestamp qapi/qapi-types-block.h qapi/qapi-types-block.h-timestamp qapi/qapi-types-char.h qapi/qapi-types-char.h-timestamp qapi/qapi-types-common.h qapi/qapi-types-common.h-timestamp qapi/qapi-types-crypto.h qapi/qapi-types-crypto.h-timestamp qapi/qapi-types-dump.h qapi/qapi-types-dump.h-timestamp qapi/qapi-types-error.h qapi/qapi-types-error.h-timestamp qapi/qapi-types-introspect.h qapi/qapi-types-introspect.h-timestamp qapi/qapi-types-job.h qapi/qapi-types-job.h-timestamp qapi/qapi-types-machine.h qapi/qapi-types-machine.h-timestamp qapi/qapi-types-migration.h qapi/qapi-types-migration.h-timestamp qapi/qapi-types-misc.h qapi/qapi-types-misc.h-timestamp qapi/qapi-types-net.h qapi/qapi-types-net.h-timestamp qapi/qapi-types-qdev.h qapi/qapi-types-qdev.h-timestamp qapi/qapi-types-qom.h qapi/qapi-types-qom.h-timestamp qapi/qapi-types-rdma.h qapi/qapi-types-rdma.h-timestamp qapi/qapi-types-rocker.h qapi/qapi-types-rocker.h-timestamp qapi/qapi-types-run-state.h qapi/qapi-types-run-state.h-timestamp qapi/qapi-types-sockets.h qapi/qapi-types-sockets.h-timestamp qapi/qapi-types-tpm.h qapi/qapi-types-tpm.h-timestamp qapi/qapi-types-trace.h qapi/qapi-types-trace.h-timestamp qapi/qapi-types-transaction.h qapi/qapi-types-transaction.h-timestamp qapi/qapi-types-ui.h qapi/qapi-types-ui.h-timestamp qapi/qapi-types-machine-target.h qapi/qapi-types-machine-target.h-timestamp qapi/qapi-types-misc-target.h qapi/qapi-types-misc-target.h-timestamp qapi/qapi-types-audio.c qapi/qapi-types-audio.c-timestamp qapi/qapi-types-authz.c qapi/qapi-types-authz.c-timestamp qapi/qapi-types-block-core.c qapi/qapi-types-block-core.c-timestamp qapi/qapi-types-block.c qapi/qapi-types-block.c-timestamp qapi/qapi-types-char.c qapi/qapi-types-char.c-timestamp qapi/qapi-types-common.c qapi/qapi-types-common.c-timestamp qapi/qapi-types-crypto.c qapi/qapi-types-crypto.c-timestamp qapi/qapi-types-dump.c qapi/qapi-types-dump.c-timestamp qapi/qapi-types-error.c qapi/qapi-types-error.c-timestamp qapi/qapi-types-introspect.c qapi/qapi-types-introspect.c-timestamp qapi/qapi-types-job.c qapi/qapi-types-job.c-timestamp qapi/qapi-types-machine.c qapi/qapi-types-machine.c-timestamp qapi/qapi-types-migration.c qapi/qapi-types-migration.c-timestamp qapi/qapi-types-misc.c qapi/qapi-types-misc.c-timestamp qapi/qapi-types-net.c qapi/qapi-types-net.c-timestamp qapi/qapi-types-qdev.c qapi/qapi-types-qdev.c-timestamp qapi/qapi-types-qom.c qapi/qapi-types-qom.c-timestamp qapi/qapi-types-rdma.c qapi/qapi-types-rdma.c-timestamp qapi/qapi-types-rocker.c qapi/qapi-types-rocker.c-timestamp qapi/qapi-types-run-state.c qapi/qapi-types-run-state.c-timestamp qapi/qapi-types-sockets.c qapi/qapi-types-sockets.c-timestamp qapi/qapi-types-tpm.c qapi/qapi-types-tpm.c-timestamp qapi/qapi-types-trace.c qapi/qapi-types-trace.c-timestamp qapi/qapi-types-transaction.c qapi/qapi-types-transaction.c-timestamp qapi/qapi-types-ui.c qapi/qapi-types-ui.c-timestamp qapi/qapi-types-machine-target.c qapi/qapi-types-machine-target.c-timestamp qapi/qapi-types-misc-target.c qapi/qapi-types-misc-target.c-timestamp qapi/qapi-builtin-visit.h qapi/qapi-builtin-visit.h-timestamp qapi/qapi-builtin-visit.c qapi/qapi-builtin-visit.c-timestamp qapi/qapi-visit.h qapi/qapi-visit.h-timestamp qapi/qapi-visit.c qapi/qapi-visit.c-timestamp qapi/qapi-visit-audio.h qapi/qapi-visit-audio.h-timestamp qapi/qapi-visit-authz.h qapi/qapi-visit-authz.h-timestamp qapi/qapi-visit-block-core.h qapi/qapi-visit-block-core.h-timestamp qapi/qapi-visit-block.h qapi/qapi-visit-block.h-timestamp qapi/qapi-visit-char.h qapi/qapi-visit-char.h-timestamp qapi/qapi-visit-common.h qapi/qapi-visit-common.h-timestamp qapi/qapi-visit-crypto.h qapi/qapi-visit-crypto.h-timestamp qapi/qapi-visit-dump.h qapi/qapi-visit-dump.h-timestamp qapi/qapi-visit-error.h qapi/qapi-visit-error.h-timestamp qapi/qapi-visit-introspect.h qapi/qapi-visit-introspect.h-timestamp qapi/qapi-visit-job.h qapi/qapi-visit-job.h-timestamp qapi/qapi-visit-machine.h qapi/qapi-visit-machine.h-timestamp qapi/qapi-visit-migration.h qapi/qapi-visit-migration.h-timestamp qapi/qapi-visit-misc.h qapi/qapi-visit-misc.h-timestamp qapi/qapi-visit-net.h qapi/qapi-visit-net.h-timestamp qapi/qapi-visit-qdev.h qapi/qapi-visit-qdev.h-timestamp qapi/qapi-visit-qom.h qapi/qapi-visit-qom.h-timestamp qapi/qapi-visit-rdma.h qapi/qapi-visit-rdma.h-timestamp qapi/qapi-visit-rocker.h qapi/qapi-visit-rocker.h-timestamp qapi/qapi-visit-run-state.h qapi/qapi-visit-run-state.h-timestamp qapi/qapi-visit-sockets.h qapi/qapi-visit-sockets.h-timestamp qapi/qapi-visit-tpm.h qapi/qapi-visit-tpm.h-timestamp qapi/qapi-visit-trace.h qapi/qapi-visit-trace.h-timestamp qapi/qapi-visit-transaction.h qapi/qapi-visit-transaction.h-timestamp qapi/qapi-visit-ui.h qapi/qapi-visit-ui.h-timestamp qapi/qapi-visit-machine-target.h qapi/qapi-visit-machine-target.h-timestamp qapi/qapi-visit-misc-target.h qapi/qapi-visit-misc-target.h-timestamp qapi/qapi-visit-audio.c qapi/qapi-visit-audio.c-timestamp qapi/qapi-visit-authz.c qapi/qapi-visit-authz.c-timestamp qapi/qapi-visit-block-core.c qapi/qapi-visit-block-core.c-timestamp qapi/qapi-visit-block.c qapi/qapi-visit-block.c-timestamp qapi/qapi-visit-char.c qapi/qapi-visit-char.c-timestamp qapi/qapi-visit-common.c qapi/qapi-visit-common.c-timestamp qapi/qapi-visit-crypto.c qapi/qapi-visit-crypto.c-timestamp qapi/qapi-visit-dump.c qapi/qapi-visit-dump.c-timestamp qapi/qapi-visit-error.c qapi/qapi-visit-error.c-timestamp qapi/qapi-visit-introspect.c qapi/qapi-visit-introspect.c-timestamp qapi/qapi-visit-job.c qapi/qapi-visit-job.c-timestamp qapi/qapi-visit-machine.c qapi/qapi-visit-machine.c-timestamp qapi/qapi-visit-migration.c qapi/qapi-visit-migration.c-timestamp qapi/qapi-visit-misc.c qapi/qapi-visit-misc.c-timestamp qapi/qapi-visit-net.c qapi/qapi-visit-net.c-timestamp qapi/qapi-visit-qdev.c qapi/qapi-visit-qdev.c-timestamp qapi/qapi-visit-qom.c qapi/qapi-visit-qom.c-timestamp qapi/qapi-visit-rdma.c qapi/qapi-visit-rdma.c-timestamp qapi/qapi-visit-rocker.c qapi/qapi-visit-rocker.c-timestamp qapi/qapi-visit-run-state.c qapi/qapi-visit-run-state.c-timestamp qapi/qapi-visit-sockets.c qapi/qapi-visit-sockets.c-timestamp qapi/qapi-visit-tpm.c qapi/qapi-visit-tpm.c-timestamp qapi/qapi-visit-trace.c qapi/qapi-visit-trace.c-timestamp qapi/qapi-visit-transaction.c qapi/qapi-visit-transaction.c-timestamp qapi/qapi-visit-ui.c qapi/qapi-visit-ui.c-timestamp qapi/qapi-visit-machine-target.c qapi/qapi-visit-machine-target.c-timestamp qapi/qapi-visit-misc-target.c qapi/qapi-visit-misc-target.c-timestamp qapi/qapi-commands.h qapi/qapi-commands.h-timestamp qapi/qapi-commands.c qapi/qapi-commands.c-timestamp qapi/qapi-commands-audio.h qapi/qapi-commands-audio.h-timestamp qapi/qapi-commands-authz.h qapi/qapi-commands-authz.h-timestamp qapi/qapi-commands-block-core.h qapi/qapi-commands-block-core.h-timestamp qapi/qapi-commands-block.h qapi/qapi-commands-block.h-timestamp qapi/qapi-commands-char.h qapi/qapi-commands-char.h-timestamp qapi/qapi-commands-common.h qapi/qapi-commands-common.h-timestamp qapi/qapi-commands-crypto.h qapi/qapi-commands-crypto.h-timestamp qapi/qapi-commands-dump.h qapi/qapi-commands-dump.h-timestamp qapi/qapi-commands-error.h qapi/qapi-commands-error.h-timestamp qapi/qapi-commands-introspect.h qapi/qapi-commands-introspect.h-timestamp qapi/qapi-commands-job.h qapi/qapi-commands-job.h-timestamp qapi/qapi-commands-machine.h qapi/qapi-commands-machine.h-timestamp qapi/qapi-commands-migration.h qapi/qapi-commands-migration.h-timestamp qapi/qapi-commands-misc.h qapi/qapi-commands-misc.h-timestamp qapi/qapi-commands-net.h qapi/qapi-commands-net.h-timestamp qapi/qapi-commands-qdev.h qapi/qapi-commands-qdev.h-timestamp qapi/qapi-commands-qom.h qapi/qapi-commands-qom.h-timestamp qapi/qapi-commands-rdma.h qapi/qapi-commands-rdma.h-timestamp qapi/qapi-commands-rocker.h qapi/qapi-commands-rocker.h-timestamp qapi/qapi-commands-run-state.h qapi/qapi-commands-run-state.h-timestamp qapi/qapi-commands-sockets.h qapi/qapi-commands-sockets.h-timestamp qapi/qapi-commands-tpm.h qapi/qapi-commands-tpm.h-timestamp qapi/qapi-commands-trace.h qapi/qapi-commands-trace.h-timestamp qapi/qapi-commands-transaction.h qapi/qapi-commands-transaction.h-timestamp qapi/qapi-commands-ui.h qapi/qapi-commands-ui.h-timestamp qapi/qapi-commands-machine-target.h qapi/qapi-commands-machine-target.h-timestamp qapi/qapi-commands-misc-target.h qapi/qapi-commands-misc-target.h-timestamp qapi/qapi-commands-audio.c qapi/qapi-commands-audio.c-timestamp qapi/qapi-commands-authz.c qapi/qapi-commands-authz.c-timestamp qapi/qapi-commands-block-core.c qapi/qapi-commands-block-core.c-timestamp qapi/qapi-commands-block.c qapi/qapi-commands-block.c-timestamp qapi/qapi-commands-char.c qapi/qapi-commands-char.c-timestamp qapi/qapi-commands-common.c qapi/qapi-commands-common.c-timestamp qapi/qapi-commands-crypto.c qapi/qapi-commands-crypto.c-timestamp qapi/qapi-commands-dump.c qapi/qapi-commands-dump.c-timestamp qapi/qapi-commands-error.c qapi/qapi-commands-error.c-timestamp qapi/qapi-commands-introspect.c qapi/qapi-commands-introspect.c-timestamp qapi/qapi-commands-job.c qapi/qapi-commands-job.c-timestamp qapi/qapi-commands-machine.c qapi/qapi-commands-machine.c-timestamp qapi/qapi-commands-migration.c qapi/qapi-commands-migration.c-timestamp qapi/qapi-commands-misc.c qapi/qapi-commands-misc.c-timestamp qapi/qapi-commands-net.c qapi/qapi-commands-net.c-timestamp qapi/qapi-commands-qdev.c qapi/qapi-commands-qdev.c-timestamp qapi/qapi-commands-qom.c qapi/qapi-commands-qom.c-timestamp qapi/qapi-commands-rdma.c qapi/qapi-commands-rdma.c-timestamp qapi/qapi-commands-rocker.c qapi/qapi-commands-rocker.c-timestamp qapi/qapi-commands-run-state.c qapi/qapi-commands-run-state.c-timestamp qapi/qapi-commands-sockets.c qapi/qapi-commands-sockets.c-timestamp qapi/qapi-commands-tpm.c qapi/qapi-commands-tpm.c-timestamp qapi/qapi-commands-trace.c qapi/qapi-commands-trace.c-timestamp qapi/qapi-commands-transaction.c qapi/qapi-commands-transaction.c-timestamp qapi/qapi-commands-ui.c qapi/qapi-commands-ui.c-timestamp qapi/qapi-commands-machine-target.c qapi/qapi-commands-machine-target.c-timestamp qapi/qapi-commands-misc-target.c qapi/qapi-commands-misc-target.c-timestamp qapi/qapi-emit-events.h qapi/qapi-emit-events.h-timestamp qapi/qapi-emit-events.c qapi/qapi-emit-events.c-timestamp qapi/qapi-events.h qapi/qapi-events.h-timestamp qapi/qapi-events.c qapi/qapi-events.c-timestamp qapi/qapi-events-audio.h qapi/qapi-events-audio.h-timestamp qapi/qapi-events-authz.h qapi/qapi-events-authz.h-timestamp qapi/qapi-events-block-core.h qapi/qapi-events-block-core.h-timestamp qapi/qapi-events-block.h qapi/qapi-events-block.h-timestamp qapi/qapi-events-char.h qapi/qapi-events-char.h-timestamp qapi/qapi-events-common.h qapi/qapi-events-common.h-timestamp qapi/qapi-events-crypto.h qapi/qapi-events-crypto.h-timestamp qapi/qapi-events-dump.h qapi/qapi-events-dump.h-timestamp qapi/qapi-events-error.h qapi/qapi-events-error.h-timestamp qapi/qapi-events-introspect.h qapi/qapi-events-introspect.h-timestamp qapi/qapi-events-job.h qapi/qapi-events-job.h-timestamp qapi/qapi-events-machine.h qapi/qapi-events-machine.h-timestamp qapi/qapi-events-migration.h qapi/qapi-events-migration.h-timestamp qapi/qapi-events-misc.h qapi/qapi-events-misc.h-timestamp qapi/qapi-events-net.h qapi/qapi-events-net.h-timestamp qapi/qapi-events-qdev.h qapi/qapi-events-qdev.h-timestamp qapi/qapi-events-qom.h qapi/qapi-events-qom.h-timestamp qapi/qapi-events-rdma.h qapi/qapi-events-rdma.h-timestamp qapi/qapi-events-rocker.h qapi/qapi-events-rocker.h-timestamp qapi/qapi-events-run-state.h qapi/qapi-events-run-state.h-timestamp qapi/qapi-events-sockets.h qapi/qapi-events-sockets.h-timestamp qapi/qapi-events-tpm.h qapi/qapi-events-tpm.h-timestamp qapi/qapi-events-trace.h qapi/qapi-events-trace.h-timestamp qapi/qapi-events-transaction.h qapi/qapi-events-transaction.h-timestamp qapi/qapi-events-ui.h qapi/qapi-events-ui.h-timestamp qapi/qapi-events-machine-target.h qapi/qapi-events-machine-target.h-timestamp qapi/qapi-events-misc-target.h qapi/qapi-events-misc-target.h-timestamp qapi/qapi-events-audio.c qapi/qapi-events-audio.c-timestamp qapi/qapi-events-authz.c qapi/qapi-events-authz.c-timestamp qapi/qapi-events-block-core.c qapi/qapi-events-block-core.c-timestamp qapi/qapi-events-block.c qapi/qapi-events-block.c-timestamp qapi/qapi-events-char.c qapi/qapi-events-char.c-timestamp qapi/qapi-events-common.c qapi/qapi-events-common.c-timestamp qapi/qapi-events-crypto.c qapi/qapi-events-crypto.c-timestamp qapi/qapi-events-dump.c qapi/qapi-events-dump.c-timestamp qapi/qapi-events-error.c qapi/qapi-events-error.c-timestamp qapi/qapi-events-introspect.c qapi/qapi-events-introspect.c-timestamp qapi/qapi-events-job.c qapi/qapi-events-job.c-timestamp qapi/qapi-events-machine.c qapi/qapi-events-machine.c-timestamp qapi/qapi-events-migration.c qapi/qapi-events-migration.c-timestamp qapi/qapi-events-misc.c qapi/qapi-events-misc.c-timestamp qapi/qapi-events-net.c qapi/qapi-events-net.c-timestamp qapi/qapi-events-qdev.c qapi/qapi-events-qdev.c-timestamp qapi/qapi-events-qom.c qapi/qapi-events-qom.c-timestamp qapi/qapi-events-rdma.c qapi/qapi-events-rdma.c-timestamp qapi/qapi-events-rocker.c qapi/qapi-events-rocker.c-timestamp qapi/qapi-events-run-state.c qapi/qapi-events-run-state.c-timestamp qapi/qapi-events-sockets.c qapi/qapi-events-sockets.c-timestamp qapi/qapi-events-tpm.c qapi/qapi-events-tpm.c-timestamp qapi/qapi-events-trace.c qapi/qapi-events-trace.c-timestamp qapi/qapi-events-transaction.c qapi/qapi-events-transaction.c-timestamp qapi/qapi-events-ui.c qapi/qapi-events-ui.c-timestamp qapi/qapi-events-machine-target.c qapi/qapi-events-machine-target.c-timestamp qapi/qapi-events-misc-target.c qapi/qapi-events-misc-target.c-timestamp qapi/qapi-introspect.c qapi/qapi-introspect.c-timestamp qapi/qapi-introspect.h qapi/qapi-introspect.h-timestamp qapi/qapi-doc.texi qapi/qapi-doc.texi-timestamp trace/generated-tcg-tracers.h trace/generated-tcg-tracers.h-timestamp trace/generated-helpers-wrappers.h trace/generated-helpers-wrappers.h-timestamp trace/generated-helpers.h trace/generated-helpers.h-timestamp trace/generated-helpers.c trace/generated-helpers.c-timestamp module_block.h module_block.h-timestamp trace-root.h trace-root.h-timestamp accel/kvm/trace.h accel/kvm/trace.h-timestamp accel/tcg/trace.h accel/tcg/trace.h-timestamp crypto/trace.h crypto/trace.h-timestamp monitor/trace.h monitor/trace.h-timestamp authz/trace.h authz/trace.h-timestamp block/trace.h block/trace.h-timestamp io/trace.h io/trace.h-timestamp nbd/trace.h nbd/trace.h-timestamp scsi/trace.h scsi/trace.h-timestamp chardev/trace.h chardev/trace.h-timestamp audio/trace.h audio/trace.h-timestamp hw/9pfs/trace.h hw/9pfs/trace.h-timestamp hw/acpi/trace.h hw/acpi/trace.h-timestamp hw/alpha/trace.h hw/alpha/trace.h-timestamp hw/arm/trace.h hw/arm/trace.h-timestamp hw/audio/trace.h hw/audio/trace.h-timestamp hw/block/trace.h hw/block/trace.h-timestamp hw/block/dataplane/trace.h hw/block/dataplane/trace.h-timestamp hw/char/trace.h hw/char/trace.h-timestamp hw/dma/trace.h hw/dma/trace.h-timestamp hw/hppa/trace.h hw/hppa/trace.h-timestamp hw/i2c/trace.h hw/i2c/trace.h-timestamp hw/i386/trace.h hw/i386/trace.h-timestamp hw/i386/xen/trace.h hw/i386/xen/trace.h-timestamp hw/ide/trace.h hw/ide/trace.h-timestamp hw/input/trace.h hw/input/trace.h-timestamp hw/intc/trace.h hw/intc/trace.h-timestamp hw/isa/trace.h hw/isa/trace.h-timestamp hw/mem/trace.h hw/mem/trace.h-timestamp hw/mips/trace.h hw/mips/trace.h-timestamp hw/misc/trace.h hw/misc/trace.h-timestamp hw/misc/macio/trace.h hw/misc/macio/trace.h-timestamp hw/net/trace.h hw/net/trace.h-timestamp hw/nvram/trace.h hw/nvram/trace.h-timestamp hw/pci/trace.h hw/pci/trace.h-timestamp hw/pci-host/trace.h hw/pci-host/trace.h-timestamp hw/ppc/trace.h hw/ppc/trace.h-timestamp hw/rdma/trace.h hw/rdma/trace.h-timestamp hw/rdma/vmw/trace.h hw/rdma/vmw/trace.h-timestamp hw/rtc/trace.h hw/rtc/trace.h-timestamp hw/s390x/trace.h hw/s390x/trace.h-timestamp hw/scsi/trace.h hw/scsi/trace.h-timestamp hw/sd/trace.h hw/sd/trace.h-timestamp hw/sparc/trace.h hw/sparc/trace.h-timestamp hw/sparc64/trace.h hw/sparc64/trace.h-timestamp hw/timer/trace.h hw/timer/trace.h-timestamp hw/tpm/trace.h hw/tpm/trace.h-timestamp hw/usb/trace.h hw/usb/trace.h-timestamp hw/vfio/trace.h hw/vfio/trace.h-timestamp hw/virtio/trace.h hw/virtio/trace.h-timestamp hw/watchdog/trace.h hw/watchdog/trace.h-timestamp hw/xen/trace.h hw/xen/trace.h-timestamp hw/gpio/trace.h hw/gpio/trace.h-timestamp hw/riscv/trace.h hw/riscv/trace.h-timestamp migration/trace.h migration/trace.h-timestamp net/trace.h net/trace.h-timestamp ui/trace.h ui/trace.h-timestamp hw/display/trace.h hw/display/trace.h-timestamp qapi/trace.h qapi/trace.h-timestamp qom/trace.h qom/trace.h-timestamp target/arm/trace.h target/arm/trace.h-timestamp target/hppa/trace.h target/hppa/trace.h-timestamp target/i386/trace.h target/i386/trace.h-timestamp target/mips/trace.h target/mips/trace.h-timestamp target/ppc/trace.h target/ppc/trace.h-timestamp target/riscv/trace.h target/riscv/trace.h-timestamp target/s390x/trace.h target/s390x/trace.h-timestamp target/sparc/trace.h target/sparc/trace.h-timestamp util/trace.h util/trace.h-timestamp hw/core/trace.h hw/core/trace.h-timestamp trace-root.c trace-root.c-timestamp accel/kvm/trace.c accel/kvm/trace.c-timestamp accel/tcg/trace.c accel/tcg/trace.c-timestamp crypto/trace.c crypto/trace.c-timestamp monitor/trace.c monitor/trace.c-timestamp authz/trace.c authz/trace.c-timestamp block/trace.c block/trace.c-timestamp io/trace.c io/trace.c-timestamp nbd/trace.c nbd/trace.c-timestamp scsi/trace.c scsi/trace.c-timestamp chardev/trace.c chardev/trace.c-timestamp audio/trace.c audio/trace.c-timestamp hw/9pfs/trace.c hw/9pfs/trace.c-timestamp hw/acpi/trace.c hw/acpi/trace.c-timestamp hw/alpha/trace.c hw/alpha/trace.c-timestamp hw/arm/trace.c hw/arm/trace.c-timestamp hw/audio/trace.c hw/audio/trace.c-timestamp hw/block/trace.c hw/block/trace.c-timestamp hw/block/dataplane/trace.c hw/block/dataplane/trace.c-timestamp hw/char/trace.c hw/char/trace.c-timestamp hw/dma/trace.c hw/dma/trace.c-timestamp hw/hppa/trace.c hw/hppa/trace.c-timestamp hw/i2c/trace.c hw/i2c/trace.c-timestamp hw/i386/trace.c hw/i386/trace.c-timestamp hw/i386/xen/trace.c hw/i386/xen/trace.c-timestamp hw/ide/trace.c hw/ide/trace.c-timestamp hw/input/trace.c hw/input/trace.c-timestamp hw/intc/trace.c hw/intc/trace.c-timestamp hw/isa/trace.c hw/isa/trace.c-timestamp hw/mem/trace.c hw/mem/trace.c-timestamp hw/mips/trace.c hw/mips/trace.c-timestamp hw/misc/trace.c hw/misc/trace.c-timestamp hw/misc/macio/trace.c hw/misc/macio/trace.c-timestamp hw/net/trace.c hw/net/trace.c-timestamp hw/nvram/trace.c hw/nvram/trace.c-timestamp hw/pci/trace.c hw/pci/trace.c-timestamp hw/pci-host/trace.c hw/pci-host/trace.c-timestamp hw/ppc/trace.c hw/ppc/trace.c-timestamp hw/rdma/trace.c hw/rdma/trace.c-timestamp hw/rdma/vmw/trace.c hw/rdma/vmw/trace.c-timestamp hw/rtc/trace.c hw/rtc/trace.c-timestamp hw/s390x/trace.c hw/s390x/trace.c-timestamp hw/scsi/trace.c hw/scsi/trace.c-timestamp hw/sd/trace.c hw/sd/trace.c-timestamp hw/sparc/trace.c hw/sparc/trace.c-timestamp hw/sparc64/trace.c hw/sparc64/trace.c-timestamp hw/timer/trace.c hw/timer/trace.c-timestamp hw/tpm/trace.c hw/tpm/trace.c-timestamp hw/usb/trace.c hw/usb/trace.c-timestamp hw/vfio/trace.c hw/vfio/trace.c-timestamp hw/virtio/trace.c hw/virtio/trace.c-timestamp hw/watchdog/trace.c hw/watchdog/trace.c-timestamp hw/xen/trace.c hw/xen/trace.c-timestamp hw/gpio/trace.c hw/gpio/trace.c-timestamp hw/riscv/trace.c hw/riscv/trace.c-timestamp migration/trace.c migration/trace.c-timestamp net/trace.c net/trace.c-timestamp ui/trace.c ui/trace.c-timestamp hw/display/trace.c hw/display/trace.c-timestamp qapi/trace.c qapi/trace.c-timestamp qom/trace.c qom/trace.c-timestamp target/arm/trace.c target/arm/trace.c-timestamp target/hppa/trace.c target/hppa/trace.c-timestamp target/i386/trace.c target/i386/trace.c-timestamp target/mips/trace.c target/mips/trace.c-timestamp target/ppc/trace.c target/ppc/trace.c-timestamp target/riscv/trace.c target/riscv/trace.c-timestamp target/s390x/trace.c target/s390x/trace.c-timestamp target/sparc/trace.c target/sparc/trace.c-timestamp util/trace.c util/trace.c-timestamp hw/core/trace.c hw/core/trace.c-timestamp /home/joelwindows7/sauce/simplified/qemu-eos-build/trace-events-all /home/joelwindows7/sauce/simplified/qemu-eos-build/trace-events-all-timestamp .git-submodule-status .git-submodule-status-timestamp ui/input-keymap-atset1-to-qcode.c ui/input-keymap-atset1-to-qcode.c-timestamp ui/input-keymap-linux-to-qcode.c ui/input-keymap-linux-to-qcode.c-timestamp ui/input-keymap-qcode-to-atset1.c ui/input-keymap-qcode-to-atset1.c-timestamp ui/input-keymap-qcode-to-atset2.c ui/input-keymap-qcode-to-atset2.c-timestamp ui/input-keymap-qcode-to-atset3.c ui/input-keymap-qcode-to-atset3.c-timestamp ui/input-keymap-qcode-to-linux.c ui/input-keymap-qcode-to-linux.c-timestamp ui/input-keymap-qcode-to-qnum.c ui/input-keymap-qcode-to-qnum.c-timestamp ui/input-keymap-qcode-to-sun.c ui/input-keymap-qcode-to-sun.c-timestamp ui/input-keymap-qnum-to-qcode.c ui/input-keymap-qnum-to-qcode.c-timestamp ui/input-keymap-usb-to-qcode.c ui/input-keymap-usb-to-qcode.c-timestamp ui/input-keymap-win32-to-qcode.c ui/input-keymap-win32-to-qcode.c-timestamp ui/input-keymap-x11-to-qcode.c ui/input-keymap-x11-to-qcode.c-timestamp ui/input-keymap-xorgevdev-to-qcode.c ui/input-keymap-xorgevdev-to-qcode.c-timestamp ui/input-keymap-xorgkbd-to-qcode.c ui/input-keymap-xorgkbd-to-qcode.c-timestamp ui/input-keymap-xorgxquartz-to-qcode.c ui/input-keymap-xorgxquartz-to-qcode.c-timestamp ui/input-keymap-xorgxwin-to-qcode.c ui/input-keymap-xorgxwin-to-qcode.c-timestamp ui/input-keymap-osx-to-qcode.c ui/input-keymap-osx-to-qcode.c-timestamp tests/test-qapi-types.h tests/test-qapi-types.h-timestamp tests/include/test-qapi-types-sub-module.h tests/include/test-qapi-types-sub-module.h-timestamp tests/test-qapi-types-sub-sub-module.h tests/test-qapi-types-sub-sub-module.h-timestamp tests/test-qapi-visit.h tests/test-qapi-visit.h-timestamp tests/include/test-qapi-visit-sub-module.h tests/include/test-qapi-visit-sub-module.h-timestamp tests/test-qapi-visit-sub-sub-module.h tests/test-qapi-visit-sub-sub-module.h-timestamp tests/test-qapi-commands.h tests/test-qapi-commands.h-timestamp tests/include/test-qapi-commands-sub-module.h tests/include/test-qapi-commands-sub-module.h-timestamp tests/test-qapi-commands-sub-sub-module.h tests/test-qapi-commands-sub-sub-module.h-timestamp tests/test-qapi-events.h tests/test-qapi-events.h-timestamp tests/include/test-qapi-events-sub-module.h tests/include/test-qapi-events-sub-module.h-timestamp tests/test-qapi-events-sub-sub-module.h tests/test-qapi-events-sub-sub-module.h-timestamp tests/test-qapi-introspect.h tests/test-qapi-introspect.h-timestamp
rm -f qapi-gen-timestamp
rm -rf qga/qapi-generated
rm -f config-all-devices.mak
joelwindows7@JOEL-ROG-GL503GE:~/sauce/simplified/qemu-eos-build$