# QEMU configure log Wed Nov 16 22:10:43 WIB 2022
# Configured with: './configure' '--target-list=arm-softmmu' '--disable-docs' '--enable-vnc' '--audio-drv-list=' '--python=python2' '--enable-gtk' '--extra-cflags= -Wno-error=deprecated-declarations -Wno-error=address-of-packed-member -Wno-error=stringop-truncation -Wno-error=stringop-overflow -Wno-error=format-truncation'
#
gcc --std=gnu99 -D_GNU_SOURCE -D_FILE_OFFSET_BITS=64 -D_LARGEFILE_SOURCE -Wstrict-prototypes -Wredundant-decls -Wall -Wundef -Wwrite-strings -Wmissing-prototypes -fno-strict-aliasing -fno-common -Wno-error=deprecated-declarations -Wno-error=address-of-packed-member -Wno-error=stringop-truncation -Wno-error=stringop-overflow -Wno-error=format-truncation -c -o config-temp/qemu-conf.o config-temp/qemu-conf.c
gcc --std=gnu99 -D_GNU_SOURCE -D_FILE_OFFSET_BITS=64 -D_LARGEFILE_SOURCE -Wstrict-prototypes -Wredundant-decls -Wall -Wundef -Wwrite-strings -Wmissing-prototypes -fno-strict-aliasing -fno-common -Wno-error=deprecated-declarations -Wno-error=address-of-packed-member -Wno-error=stringop-truncation -Wno-error=stringop-overflow -Wno-error=format-truncation -c -o config-temp/qemu-conf.o config-temp/qemu-conf.c
config-temp/qemu-conf.c:2:2: error: #error __i386__ not defined
    2 | #error __i386__ not defined
      |  ^~~~~
gcc --std=gnu99 -D_GNU_SOURCE -D_FILE_OFFSET_BITS=64 -D_LARGEFILE_SOURCE -Wstrict-prototypes -Wredundant-decls -Wall -Wundef -Wwrite-strings -Wmissing-prototypes -fno-strict-aliasing -fno-common -Wno-error=deprecated-declarations -Wno-error=address-of-packed-member -Wno-error=stringop-truncation -Wno-error=stringop-overflow -Wno-error=format-truncation -c -o config-temp/qemu-conf.o config-temp/qemu-conf.c
gcc --std=gnu99 -D_GNU_SOURCE -D_FILE_OFFSET_BITS=64 -D_LARGEFILE_SOURCE -Wstrict-prototypes -Wredundant-decls -Wall -Wundef -Wwrite-strings -Wmissing-prototypes -fno-strict-aliasing -fno-common -Wno-error=deprecated-declarations -Wno-error=address-of-packed-member -Wno-error=stringop-truncation -Wno-error=stringop-overflow -Wno-error=format-truncation -c -o config-temp/qemu-conf.o config-temp/qemu-conf.c
config-temp/qemu-conf.c:2:2: error: #error __ILP32__ not defined
    2 | #error __ILP32__ not defined
      |  ^~~~~
gcc --std=gnu99 -m64 -D_GNU_SOURCE -D_FILE_OFFSET_BITS=64 -D_LARGEFILE_SOURCE -Wstrict-prototypes -Wredundant-decls -Wall -Wundef -Wwrite-strings -Wmissing-prototypes -fno-strict-aliasing -fno-common -Wno-error=deprecated-declarations -Wno-error=address-of-packed-member -Wno-error=stringop-truncation -Wno-error=stringop-overflow -Wno-error=format-truncation -c -o config-temp/qemu-conf.o config-temp/qemu-conf.c
gcc --std=gnu99 -Werror -m64 -D_GNU_SOURCE -D_FILE_OFFSET_BITS=64 -D_LARGEFILE_SOURCE -Wstrict-prototypes -Wredundant-decls -Wall -Wundef -Wwrite-strings -Wmissing-prototypes -fno-strict-aliasing -fno-common -Wno-error=deprecated-declarations -Wno-error=address-of-packed-member -Wno-error=stringop-truncation -Wno-error=stringop-overflow -Wno-error=format-truncation -c -o config-temp/qemu-conf.o config-temp/qemu-conf.c
gcc --std=gnu99 -m64 -D_GNU_SOURCE -D_FILE_OFFSET_BITS=64 -D_LARGEFILE_SOURCE -Wstrict-prototypes -Wredundant-decls -Wall -Wundef -Wwrite-strings -Wmissing-prototypes -fno-strict-aliasing -fno-common -Wno-error=deprecated-declarations -Wno-error=address-of-packed-member -Wno-error=stringop-truncation -Wno-error=stringop-overflow -Wno-error=format-truncation -o config-temp/qemu-conf.exe config-temp/qemu-conf.c -m64 -g
gcc --std=gnu99 -Werror -m64 -D_GNU_SOURCE -D_FILE_OFFSET_BITS=64 -D_LARGEFILE_SOURCE -Wstrict-prototypes -Wredundant-decls -Wall -Wundef -Wwrite-strings -Wmissing-prototypes -fno-strict-aliasing -fno-common -Wno-error=deprecated-declarations -Wno-error=address-of-packed-member -Wno-error=stringop-truncation -Wno-error=stringop-overflow -Wno-error=format-truncation -o config-temp/qemu-conf.exe config-temp/qemu-conf.c -m64 -g
gcc --std=gnu99 -m64 -D_GNU_SOURCE -D_FILE_OFFSET_BITS=64 -D_LARGEFILE_SOURCE -Wstrict-prototypes -Wredundant-decls -Wall -Wundef -Wwrite-strings -Wmissing-prototypes -fno-strict-aliasing -fno-common -Wno-error=deprecated-declarations -Wno-error=address-of-packed-member -Wno-error=stringop-truncation -Wno-error=stringop-overflow -Wno-error=format-truncation -c -o config-temp/qemu-conf.o config-temp/qemu-conf.c
gcc --std=gnu99 -Werror -m64 -D_GNU_SOURCE -D_FILE_OFFSET_BITS=64 -D_LARGEFILE_SOURCE -Wstrict-prototypes -Wredundant-decls -Wall -Wundef -Wwrite-strings -Wmissing-prototypes -fno-strict-aliasing -fno-common -Wno-error=deprecated-declarations -Wno-error=address-of-packed-member -Wno-error=stringop-truncation -Wno-error=stringop-overflow -Wno-error=format-truncation -c -o config-temp/qemu-conf.o config-temp/qemu-conf.c
g++ -m64 -D_GNU_SOURCE -D_FILE_OFFSET_BITS=64 -D_LARGEFILE_SOURCE -Wall -Wundef -Wwrite-strings -fno-strict-aliasing -fno-common -Wno-error=deprecated-declarations -Wno-error=address-of-packed-member -Wno-error=stringop-truncation -Wno-error=stringop-overflow -Wno-error=format-truncation -o config-temp/qemu-conf.exe config-temp/qemu-conf.cxx config-temp/qemu-conf.o -m64 -g
g++ -Werror -m64 -D_GNU_SOURCE -D_FILE_OFFSET_BITS=64 -D_LARGEFILE_SOURCE -Wall -Wundef -Wwrite-strings -fno-strict-aliasing -fno-common -Wno-error=deprecated-declarations -Wno-error=address-of-packed-member -Wno-error=stringop-truncation -Wno-error=stringop-overflow -Wno-error=format-truncation -o config-temp/qemu-conf.exe config-temp/qemu-conf.cxx config-temp/qemu-conf.o -m64 -g
gcc --std=gnu99 -m64 -D_GNU_SOURCE -D_FILE_OFFSET_BITS=64 -D_LARGEFILE_SOURCE -Wstrict-prototypes -Wredundant-decls -Wall -Wundef -Wwrite-strings -Wmissing-prototypes -fno-strict-aliasing -fno-common -Wno-error=deprecated-declarations -Wno-error=address-of-packed-member -Wno-error=stringop-truncation -Wno-error=stringop-overflow -Wno-error=format-truncation -Werror -Wstring-plus-int -o config-temp/qemu-conf.exe config-temp/qemu-conf.c -m64 -g
gcc: error: unrecognized command-line option ‘-Wstring-plus-int’
gcc --std=gnu99 -m64 -D_GNU_SOURCE -D_FILE_OFFSET_BITS=64 -D_LARGEFILE_SOURCE -Wstrict-prototypes -Wredundant-decls -Wall -Wundef -Wwrite-strings -Wmissing-prototypes -fno-strict-aliasing -fno-common -Wno-error=deprecated-declarations -Wno-error=address-of-packed-member -Wno-error=stringop-truncation -Wno-error=stringop-overflow -Wno-error=format-truncation -Werror -Winitializer-overrides -o config-temp/qemu-conf.exe config-temp/qemu-conf.c -m64 -g
gcc: error: unrecognized command-line option ‘-Winitializer-overrides’
gcc --std=gnu99 -m64 -D_GNU_SOURCE -D_FILE_OFFSET_BITS=64 -D_LARGEFILE_SOURCE -Wstrict-prototypes -Wredundant-decls -Wall -Wundef -Wwrite-strings -Wmissing-prototypes -fno-strict-aliasing -fno-common -Wno-error=deprecated-declarations -Wno-error=address-of-packed-member -Wno-error=stringop-truncation -Wno-error=stringop-overflow -Wno-error=format-truncation -Werror -Wendif-labels -o config-temp/qemu-conf.exe config-temp/qemu-conf.c -m64 -g
gcc --std=gnu99 -m64 -D_GNU_SOURCE -D_FILE_OFFSET_BITS=64 -D_LARGEFILE_SOURCE -Wstrict-prototypes -Wredundant-decls -Wall -Wundef -Wwrite-strings -Wmissing-prototypes -fno-strict-aliasing -fno-common -Wno-error=deprecated-declarations -Wno-error=address-of-packed-member -Wno-error=stringop-truncation -Wno-error=stringop-overflow -Wno-error=format-truncation -Wendif-labels -Werror -Wmissing-include-dirs -o config-temp/qemu-conf.exe config-temp/qemu-conf.c -m64 -g
gcc --std=gnu99 -m64 -D_GNU_SOURCE -D_FILE_OFFSET_BITS=64 -D_LARGEFILE_SOURCE -Wstrict-prototypes -Wredundant-decls -Wall -Wundef -Wwrite-strings -Wmissing-prototypes -fno-strict-aliasing -fno-common -Wno-error=deprecated-declarations -Wno-error=address-of-packed-member -Wno-error=stringop-truncation -Wno-error=stringop-overflow -Wno-error=format-truncation -Wendif-labels -Wmissing-include-dirs -Werror -Wempty-body -o config-temp/qemu-conf.exe config-temp/qemu-conf.c -m64 -g
gcc --std=gnu99 -m64 -D_GNU_SOURCE -D_FILE_OFFSET_BITS=64 -D_LARGEFILE_SOURCE -Wstrict-prototypes -Wredundant-decls -Wall -Wundef -Wwrite-strings -Wmissing-prototypes -fno-strict-aliasing -fno-common -Wno-error=deprecated-declarations -Wno-error=address-of-packed-member -Wno-error=stringop-truncation -Wno-error=stringop-overflow -Wno-error=format-truncation -Wendif-labels -Wmissing-include-dirs -Wempty-body -Werror -Wnested-externs -o config-temp/qemu-conf.exe config-temp/qemu-conf.c -m64 -g
gcc --std=gnu99 -m64 -D_GNU_SOURCE -D_FILE_OFFSET_BITS=64 -D_LARGEFILE_SOURCE -Wstrict-prototypes -Wredundant-decls -Wall -Wundef -Wwrite-strings -Wmissing-prototypes -fno-strict-aliasing -fno-common -Wno-error=deprecated-declarations -Wno-error=address-of-packed-member -Wno-error=stringop-truncation -Wno-error=stringop-overflow -Wno-error=format-truncation -Wendif-labels -Wmissing-include-dirs -Wempty-body -Wnested-externs -Werror -Wformat-security -o config-temp/qemu-conf.exe config-temp/qemu-conf.c -m64 -g
gcc --std=gnu99 -m64 -D_GNU_SOURCE -D_FILE_OFFSET_BITS=64 -D_LARGEFILE_SOURCE -Wstrict-prototypes -Wredundant-decls -Wall -Wundef -Wwrite-strings -Wmissing-prototypes -fno-strict-aliasing -fno-common -Wno-error=deprecated-declarations -Wno-error=address-of-packed-member -Wno-error=stringop-truncation -Wno-error=stringop-overflow -Wno-error=format-truncation -Wendif-labels -Wmissing-include-dirs -Wempty-body -Wnested-externs -Wformat-security -Werror -Wformat-y2k -o config-temp/qemu-conf.exe config-temp/qemu-conf.c -m64 -g
gcc --std=gnu99 -m64 -D_GNU_SOURCE -D_FILE_OFFSET_BITS=64 -D_LARGEFILE_SOURCE -Wstrict-prototypes -Wredundant-decls -Wall -Wundef -Wwrite-strings -Wmissing-prototypes -fno-strict-aliasing -fno-common -Wno-error=deprecated-declarations -Wno-error=address-of-packed-member -Wno-error=stringop-truncation -Wno-error=stringop-overflow -Wno-error=format-truncation -Wendif-labels -Wmissing-include-dirs -Wempty-body -Wnested-externs -Wformat-security -Wformat-y2k -Werror -Winit-self -o config-temp/qemu-conf.exe config-temp/qemu-conf.c -m64 -g
gcc --std=gnu99 -m64 -D_GNU_SOURCE -D_FILE_OFFSET_BITS=64 -D_LARGEFILE_SOURCE -Wstrict-prototypes -Wredundant-decls -Wall -Wundef -Wwrite-strings -Wmissing-prototypes -fno-strict-aliasing -fno-common -Wno-error=deprecated-declarations -Wno-error=address-of-packed-member -Wno-error=stringop-truncation -Wno-error=stringop-overflow -Wno-error=format-truncation -Wendif-labels -Wmissing-include-dirs -Wempty-body -Wnested-externs -Wformat-security -Wformat-y2k -Winit-self -Werror -Wignored-qualifiers -o config-temp/qemu-conf.exe config-temp/qemu-conf.c -m64 -g
gcc --std=gnu99 -m64 -D_GNU_SOURCE -D_FILE_OFFSET_BITS=64 -D_LARGEFILE_SOURCE -Wstrict-prototypes -Wredundant-decls -Wall -Wundef -Wwrite-strings -Wmissing-prototypes -fno-strict-aliasing -fno-common -Wno-error=deprecated-declarations -Wno-error=address-of-packed-member -Wno-error=stringop-truncation -Wno-error=stringop-overflow -Wno-error=format-truncation -Wendif-labels -Wmissing-include-dirs -Wempty-body -Wnested-externs -Wformat-security -Wformat-y2k -Winit-self -Wignored-qualifiers -Werror -Wold-style-declaration -o config-temp/qemu-conf.exe config-temp/qemu-conf.c -m64 -g
gcc --std=gnu99 -m64 -D_GNU_SOURCE -D_FILE_OFFSET_BITS=64 -D_LARGEFILE_SOURCE -Wstrict-prototypes -Wredundant-decls -Wall -Wundef -Wwrite-strings -Wmissing-prototypes -fno-strict-aliasing -fno-common -Wno-error=deprecated-declarations -Wno-error=address-of-packed-member -Wno-error=stringop-truncation -Wno-error=stringop-overflow -Wno-error=format-truncation -Wendif-labels -Wmissing-include-dirs -Wempty-body -Wnested-externs -Wformat-security -Wformat-y2k -Winit-self -Wignored-qualifiers -Wold-style-declaration -Werror -Wold-style-definition -o config-temp/qemu-conf.exe config-temp/qemu-conf.c -m64 -g
gcc --std=gnu99 -m64 -D_GNU_SOURCE -D_FILE_OFFSET_BITS=64 -D_LARGEFILE_SOURCE -Wstrict-prototypes -Wredundant-decls -Wall -Wundef -Wwrite-strings -Wmissing-prototypes -fno-strict-aliasing -fno-common -Wno-error=deprecated-declarations -Wno-error=address-of-packed-member -Wno-error=stringop-truncation -Wno-error=stringop-overflow -Wno-error=format-truncation -Wendif-labels -Wmissing-include-dirs -Wempty-body -Wnested-externs -Wformat-security -Wformat-y2k -Winit-self -Wignored-qualifiers -Wold-style-declaration -Wold-style-definition -Werror -Wtype-limits -o config-temp/qemu-conf.exe config-temp/qemu-conf.c -m64 -g
gcc --std=gnu99 -m64 -D_GNU_SOURCE -D_FILE_OFFSET_BITS=64 -D_LARGEFILE_SOURCE -Wstrict-prototypes -Wredundant-decls -Wall -Wundef -Wwrite-strings -Wmissing-prototypes -fno-strict-aliasing -fno-common -Wno-error=deprecated-declarations -Wno-error=address-of-packed-member -Wno-error=stringop-truncation -Wno-error=stringop-overflow -Wno-error=format-truncation -Wendif-labels -Wmissing-include-dirs -Wempty-body -Wnested-externs -Wformat-security -Wformat-y2k -Winit-self -Wignored-qualifiers -Wold-style-declaration -Wold-style-definition -Wtype-limits -Werror -fstack-protector-strong -c -o config-temp/qemu-conf.o config-temp/qemu-conf.c
gcc --std=gnu99 -m64 -D_GNU_SOURCE -D_FILE_OFFSET_BITS=64 -D_LARGEFILE_SOURCE -Wstrict-prototypes -Wredundant-decls -Wall -Wundef -Wwrite-strings -Wmissing-prototypes -fno-strict-aliasing -fno-common -Wno-error=deprecated-declarations -Wno-error=address-of-packed-member -Wno-error=stringop-truncation -Wno-error=stringop-overflow -Wno-error=format-truncation -Wendif-labels -Wmissing-include-dirs -Wempty-body -Wnested-externs -Wformat-security -Wformat-y2k -Winit-self -Wignored-qualifiers -Wold-style-declaration -Wold-style-definition -Wtype-limits -Werror -fstack-protector-strong -o config-temp/qemu-conf.exe config-temp/qemu-conf.c -m64 -g
gcc --std=gnu99 -m64 -D_GNU_SOURCE -D_FILE_OFFSET_BITS=64 -D_LARGEFILE_SOURCE -Wstrict-prototypes -Wredundant-decls -Wall -Wundef -Wwrite-strings -Wmissing-prototypes -fno-strict-aliasing -fno-common -Wno-error=deprecated-declarations -Wno-error=address-of-packed-member -Wno-error=stringop-truncation -Wno-error=stringop-overflow -Wno-error=format-truncation -Wendif-labels -Wmissing-include-dirs -Wempty-body -Wnested-externs -Wformat-security -Wformat-y2k -Winit-self -Wignored-qualifiers -Wold-style-declaration -Wold-style-definition -Wtype-limits -fstack-protector-strong -Werror -fno-gcse -o config-temp/qemu-conf.exe config-temp/qemu-conf.c -m64 -g
config-temp/qemu-conf.c:4:2: error: #error No bug in this compiler.
    4 | #error No bug in this compiler.
      |  ^~~~~
gcc --std=gnu99 -m64 -D_GNU_SOURCE -D_FILE_OFFSET_BITS=64 -D_LARGEFILE_SOURCE -Wstrict-prototypes -Wredundant-decls -Wall -Wundef -Wwrite-strings -Wmissing-prototypes -fno-strict-aliasing -fno-common -Wno-error=deprecated-declarations -Wno-error=address-of-packed-member -Wno-error=stringop-truncation -Wno-error=stringop-overflow -Wno-error=format-truncation -Wendif-labels -Wmissing-include-dirs -Wempty-body -Wnested-externs -Wformat-security -Wformat-y2k -Winit-self -Wignored-qualifiers -Wold-style-declaration -Wold-style-definition -Wtype-limits -fstack-protector-strong -Werror -o config-temp/qemu-conf.exe config-temp/qemu-conf.c -m64 -g
gcc --std=gnu99 -m64 -D_GNU_SOURCE -D_FILE_OFFSET_BITS=64 -D_LARGEFILE_SOURCE -Wstrict-prototypes -Wredundant-decls -Wall -Wundef -Wwrite-strings -Wmissing-prototypes -fno-strict-aliasing -fno-common -Wno-error=deprecated-declarations -Wno-error=address-of-packed-member -Wno-error=stringop-truncation -Wno-error=stringop-overflow -Wno-error=format-truncation -Wendif-labels -Wmissing-include-dirs -Wempty-body -Wnested-externs -Wformat-security -Wformat-y2k -Winit-self -Wignored-qualifiers -Wold-style-declaration -Wold-style-definition -Wtype-limits -fstack-protector-strong -fPIE -DPIE -o config-temp/qemu-conf.exe config-temp/qemu-conf.c -m64 -g -pie
gcc --std=gnu99 -Werror -m64 -D_GNU_SOURCE -D_FILE_OFFSET_BITS=64 -D_LARGEFILE_SOURCE -Wstrict-prototypes -Wredundant-decls -Wall -Wundef -Wwrite-strings -Wmissing-prototypes -fno-strict-aliasing -fno-common -Wno-error=deprecated-declarations -Wno-error=address-of-packed-member -Wno-error=stringop-truncation -Wno-error=stringop-overflow -Wno-error=format-truncation -Wendif-labels -Wmissing-include-dirs -Wempty-body -Wnested-externs -Wformat-security -Wformat-y2k -Winit-self -Wignored-qualifiers -Wold-style-declaration -Wold-style-definition -Wtype-limits -fstack-protector-strong -fPIE -DPIE -o config-temp/qemu-conf.exe config-temp/qemu-conf.c -m64 -g -pie
gcc --std=gnu99 -fPIE -DPIE -m64 -D_GNU_SOURCE -D_FILE_OFFSET_BITS=64 -D_LARGEFILE_SOURCE -Wstrict-prototypes -Wredundant-decls -Wall -Wundef -Wwrite-strings -Wmissing-prototypes -fno-strict-aliasing -fno-common -Wno-error=deprecated-declarations -Wno-error=address-of-packed-member -Wno-error=stringop-truncation -Wno-error=stringop-overflow -Wno-error=format-truncation -Wendif-labels -Wmissing-include-dirs -Wempty-body -Wnested-externs -Wformat-security -Wformat-y2k -Winit-self -Wignored-qualifiers -Wold-style-declaration -Wold-style-definition -Wtype-limits -fstack-protector-strong -o config-temp/qemu-conf.exe config-temp/qemu-conf.c -pie -m64 -g -Wl,-z,relro -Wl,-z,now
gcc --std=gnu99 -Werror -fPIE -DPIE -m64 -D_GNU_SOURCE -D_FILE_OFFSET_BITS=64 -D_LARGEFILE_SOURCE -Wstrict-prototypes -Wredundant-decls -Wall -Wundef -Wwrite-strings -Wmissing-prototypes -fno-strict-aliasing -fno-common -Wno-error=deprecated-declarations -Wno-error=address-of-packed-member -Wno-error=stringop-truncation -Wno-error=stringop-overflow -Wno-error=format-truncation -Wendif-labels -Wmissing-include-dirs -Wempty-body -Wnested-externs -Wformat-security -Wformat-y2k -Winit-self -Wignored-qualifiers -Wold-style-declaration -Wold-style-definition -Wtype-limits -fstack-protector-strong -o config-temp/qemu-conf.exe config-temp/qemu-conf.c -pie -m64 -g -Wl,-z,relro -Wl,-z,now
gcc --std=gnu99 -fPIE -DPIE -m64 -D_GNU_SOURCE -D_FILE_OFFSET_BITS=64 -D_LARGEFILE_SOURCE -Wstrict-prototypes -Wredundant-decls -Wall -Wundef -Wwrite-strings -Wmissing-prototypes -fno-strict-aliasing -fno-common -Wno-error=deprecated-declarations -Wno-error=address-of-packed-member -Wno-error=stringop-truncation -Wno-error=stringop-overflow -Wno-error=format-truncation -Wendif-labels -Wmissing-include-dirs -Wempty-body -Wnested-externs -Wformat-security -Wformat-y2k -Winit-self -Wignored-qualifiers -Wold-style-declaration -Wold-style-definition -Wtype-limits -fstack-protector-strong -Werror -fno-pie -o config-temp/qemu-conf.exe config-temp/qemu-conf.c -Wl,-z,relro -Wl,-z,now -pie -m64 -g -nopie
gcc: error: unrecognized command-line option ‘-nopie’; did you mean ‘-no-pie’?
libtool --mode=compile --tag=CC gcc --std=gnu99 -fPIE -DPIE -m64 -D_GNU_SOURCE -D_FILE_OFFSET_BITS=64 -D_LARGEFILE_SOURCE -Wstrict-prototypes -Wredundant-decls -Wall -Wundef -Wwrite-strings -Wmissing-prototypes -fno-strict-aliasing -fno-common -Wno-error=deprecated-declarations -Wno-error=address-of-packed-member -Wno-error=stringop-truncation -Wno-error=stringop-overflow -Wno-error=format-truncation -Wendif-labels -Wmissing-include-dirs -Wempty-body -Wnested-externs -Wformat-security -Wformat-y2k -Winit-self -Wignored-qualifiers -Wold-style-declaration -Wold-style-definition -Wtype-limits -fstack-protector-strong -c -fPIE -DPIE -o config-temp/qemu-conf.o config-temp/qemu-conf.c
./configure: 124: libtool: Permission denied
gcc --std=gnu99 -fPIE -DPIE -m64 -D_GNU_SOURCE -D_FILE_OFFSET_BITS=64 -D_LARGEFILE_SOURCE -Wstrict-prototypes -Wredundant-decls -Wall -Wundef -Wwrite-strings -Wmissing-prototypes -fno-strict-aliasing -fno-common -Wno-error=deprecated-declarations -Wno-error=address-of-packed-member -Wno-error=stringop-truncation -Wno-error=stringop-overflow -Wno-error=format-truncation -Wendif-labels -Wmissing-include-dirs -Wempty-body -Wnested-externs -Wformat-security -Wformat-y2k -Winit-self -Wignored-qualifiers -Wold-style-declaration -Wold-style-definition -Wtype-limits -fstack-protector-strong -c -o config-temp/qemu-conf.o config-temp/qemu-conf.c
gcc --std=gnu99 -Werror -fPIE -DPIE -m64 -D_GNU_SOURCE -D_FILE_OFFSET_BITS=64 -D_LARGEFILE_SOURCE -Wstrict-prototypes -Wredundant-decls -Wall -Wundef -Wwrite-strings -Wmissing-prototypes -fno-strict-aliasing -fno-common -Wno-error=deprecated-declarations -Wno-error=address-of-packed-member -Wno-error=stringop-truncation -Wno-error=stringop-overflow -Wno-error=format-truncation -Wendif-labels -Wmissing-include-dirs -Wempty-body -Wnested-externs -Wformat-security -Wformat-y2k -Winit-self -Wignored-qualifiers -Wold-style-declaration -Wold-style-definition -Wtype-limits -fstack-protector-strong -c -o config-temp/qemu-conf.o config-temp/qemu-conf.c
gcc --std=gnu99 -fPIE -DPIE -m64 -D_GNU_SOURCE -D_FILE_OFFSET_BITS=64 -D_LARGEFILE_SOURCE -Wstrict-prototypes -Wredundant-decls -Wall -Wundef -Wwrite-strings -Wmissing-prototypes -fno-strict-aliasing -fno-common -Wno-error=deprecated-declarations -Wno-error=address-of-packed-member -Wno-error=stringop-truncation -Wno-error=stringop-overflow -Wno-error=format-truncation -Wendif-labels -Wmissing-include-dirs -Wempty-body -Wnested-externs -Wformat-security -Wformat-y2k -Winit-self -Wignored-qualifiers -Wold-style-declaration -Wold-style-definition -Wtype-limits -fstack-protector-strong -o config-temp/qemu-conf.exe config-temp/qemu-conf.c -Wl,-z,relro -Wl,-z,now -pie -m64 -g
gcc --std=gnu99 -Werror -fPIE -DPIE -m64 -D_GNU_SOURCE -D_FILE_OFFSET_BITS=64 -D_LARGEFILE_SOURCE -Wstrict-prototypes -Wredundant-decls -Wall -Wundef -Wwrite-strings -Wmissing-prototypes -fno-strict-aliasing -fno-common -Wno-error=deprecated-declarations -Wno-error=address-of-packed-member -Wno-error=stringop-truncation -Wno-error=stringop-overflow -Wno-error=format-truncation -Wendif-labels -Wmissing-include-dirs -Wempty-body -Wnested-externs -Wformat-security -Wformat-y2k -Winit-self -Wignored-qualifiers -Wold-style-declaration -Wold-style-definition -Wtype-limits -fstack-protector-strong -o config-temp/qemu-conf.exe config-temp/qemu-conf.c -Wl,-z,relro -Wl,-z,now -pie -m64 -g
gcc --std=gnu99 -fPIE -DPIE -m64 -D_GNU_SOURCE -D_FILE_OFFSET_BITS=64 -D_LARGEFILE_SOURCE -Wstrict-prototypes -Wredundant-decls -Wall -Wundef -Wwrite-strings -Wmissing-prototypes -fno-strict-aliasing -fno-common -Wno-error=deprecated-declarations -Wno-error=address-of-packed-member -Wno-error=stringop-truncation -Wno-error=stringop-overflow -Wno-error=format-truncation -Wendif-labels -Wmissing-include-dirs -Wempty-body -Wnested-externs -Wformat-security -Wformat-y2k -Winit-self -Wignored-qualifiers -Wold-style-declaration -Wold-style-definition -Wtype-limits -fstack-protector-strong -c -o config-temp/qemu-conf.o config-temp/qemu-conf.c
gcc --std=gnu99 -Werror -fPIE -DPIE -m64 -D_GNU_SOURCE -D_FILE_OFFSET_BITS=64 -D_LARGEFILE_SOURCE -Wstrict-prototypes -Wredundant-decls -Wall -Wundef -Wwrite-strings -Wmissing-prototypes -fno-strict-aliasing -fno-common -Wno-error=deprecated-declarations -Wno-error=address-of-packed-member -Wno-error=stringop-truncation -Wno-error=stringop-overflow -Wno-error=format-truncation -Wendif-labels -Wmissing-include-dirs -Wempty-body -Wnested-externs -Wformat-security -Wformat-y2k -Winit-self -Wignored-qualifiers -Wold-style-declaration -Wold-style-definition -Wtype-limits -fstack-protector-strong -c -o config-temp/qemu-conf.o config-temp/qemu-conf.c
gcc --std=gnu99 -fPIE -DPIE -m64 -D_GNU_SOURCE -D_FILE_OFFSET_BITS=64 -D_LARGEFILE_SOURCE -Wstrict-prototypes -Wredundant-decls -Wall -Wundef -Wwrite-strings -Wmissing-prototypes -fno-strict-aliasing -fno-common -Wno-error=deprecated-declarations -Wno-error=address-of-packed-member -Wno-error=stringop-truncation -Wno-error=stringop-overflow -Wno-error=format-truncation -Wendif-labels -Wmissing-include-dirs -Wempty-body -Wnested-externs -Wformat-security -Wformat-y2k -Winit-self -Wignored-qualifiers -Wold-style-declaration -Wold-style-definition -Wtype-limits -fstack-protector-strong -o config-temp/qemu-conf.exe config-temp/qemu-conf.c -Wl,-z,relro -Wl,-z,now -pie -m64 -g -lz
gcc --std=gnu99 -Werror -fPIE -DPIE -m64 -D_GNU_SOURCE -D_FILE_OFFSET_BITS=64 -D_LARGEFILE_SOURCE -Wstrict-prototypes -Wredundant-decls -Wall -Wundef -Wwrite-strings -Wmissing-prototypes -fno-strict-aliasing -fno-common -Wno-error=deprecated-declarations -Wno-error=address-of-packed-member -Wno-error=stringop-truncation -Wno-error=stringop-overflow -Wno-error=format-truncation -Wendif-labels -Wmissing-include-dirs -Wempty-body -Wnested-externs -Wformat-security -Wformat-y2k -Winit-self -Wignored-qualifiers -Wold-style-declaration -Wold-style-definition -Wtype-limits -fstack-protector-strong -o config-temp/qemu-conf.exe config-temp/qemu-conf.c -Wl,-z,relro -Wl,-z,now -pie -m64 -g -lz
gcc --std=gnu99 -fPIE -DPIE -m64 -D_GNU_SOURCE -D_FILE_OFFSET_BITS=64 -D_LARGEFILE_SOURCE -Wstrict-prototypes -Wredundant-decls -Wall -Wundef -Wwrite-strings -Wmissing-prototypes -fno-strict-aliasing -fno-common -Wno-error=deprecated-declarations -Wno-error=address-of-packed-member -Wno-error=stringop-truncation -Wno-error=stringop-overflow -Wno-error=format-truncation -Wendif-labels -Wmissing-include-dirs -Wempty-body -Wnested-externs -Wformat-security -Wformat-y2k -Winit-self -Wignored-qualifiers -Wold-style-declaration -Wold-style-definition -Wtype-limits -fstack-protector-strong -o config-temp/qemu-conf.exe config-temp/qemu-conf.c -Wl,-z,relro -Wl,-z,now -pie -m64 -g -llzo2
config-temp/qemu-conf.c:1:10: fatal error: lzo/lzo1x.h: No such file or directory
    1 | #include <lzo/lzo1x.h>
      |          ^~~~~~~~~~~~~
compilation terminated.
gcc --std=gnu99 -fPIE -DPIE -m64 -D_GNU_SOURCE -D_FILE_OFFSET_BITS=64 -D_LARGEFILE_SOURCE -Wstrict-prototypes -Wredundant-decls -Wall -Wundef -Wwrite-strings -Wmissing-prototypes -fno-strict-aliasing -fno-common -Wno-error=deprecated-declarations -Wno-error=address-of-packed-member -Wno-error=stringop-truncation -Wno-error=stringop-overflow -Wno-error=format-truncation -Wendif-labels -Wmissing-include-dirs -Wempty-body -Wnested-externs -Wformat-security -Wformat-y2k -Winit-self -Wignored-qualifiers -Wold-style-declaration -Wold-style-definition -Wtype-limits -fstack-protector-strong -o config-temp/qemu-conf.exe config-temp/qemu-conf.c -Wl,-z,relro -Wl,-z,now -pie -m64 -g -lsnappy
config-temp/qemu-conf.c:1:10: fatal error: snappy-c.h: No such file or directory
    1 | #include <snappy-c.h>
      |          ^~~~~~~~~~~~
compilation terminated.
gcc --std=gnu99 -fPIE -DPIE -m64 -D_GNU_SOURCE -D_FILE_OFFSET_BITS=64 -D_LARGEFILE_SOURCE -Wstrict-prototypes -Wredundant-decls -Wall -Wundef -Wwrite-strings -Wmissing-prototypes -fno-strict-aliasing -fno-common -Wno-error=deprecated-declarations -Wno-error=address-of-packed-member -Wno-error=stringop-truncation -Wno-error=stringop-overflow -Wno-error=format-truncation -Wendif-labels -Wmissing-include-dirs -Wempty-body -Wnested-externs -Wformat-security -Wformat-y2k -Winit-self -Wignored-qualifiers -Wold-style-declaration -Wold-style-definition -Wtype-limits -fstack-protector-strong -o config-temp/qemu-conf.exe config-temp/qemu-conf.c -Wl,-z,relro -Wl,-z,now -pie -m64 -g -lbz2
config-temp/qemu-conf.c:1:10: fatal error: bzlib.h: No such file or directory
    1 | #include <bzlib.h>
      |          ^~~~~~~~~
compilation terminated.
gcc --std=gnu99 -fPIE -DPIE -m64 -D_GNU_SOURCE -D_FILE_OFFSET_BITS=64 -D_LARGEFILE_SOURCE -Wstrict-prototypes -Wredundant-decls -Wall -Wundef -Wwrite-strings -Wmissing-prototypes -fno-strict-aliasing -fno-common -Wno-error=deprecated-declarations -Wno-error=address-of-packed-member -Wno-error=stringop-truncation -Wno-error=stringop-overflow -Wno-error=format-truncation -Wendif-labels -Wmissing-include-dirs -Wempty-body -Wnested-externs -Wformat-security -Wformat-y2k -Winit-self -Wignored-qualifiers -Wold-style-declaration -Wold-style-definition -Wtype-limits -fstack-protector-strong -o config-temp/qemu-conf.exe config-temp/qemu-conf.c -Wl,-z,relro -Wl,-z,now -pie -m64 -g -lxenstore -lxenctrl -lxenguest
gcc --std=gnu99 -Werror -fPIE -DPIE -m64 -D_GNU_SOURCE -D_FILE_OFFSET_BITS=64 -D_LARGEFILE_SOURCE -Wstrict-prototypes -Wredundant-decls -Wall -Wundef -Wwrite-strings -Wmissing-prototypes -fno-strict-aliasing -fno-common -Wno-error=deprecated-declarations -Wno-error=address-of-packed-member -Wno-error=stringop-truncation -Wno-error=stringop-overflow -Wno-error=format-truncation -Wendif-labels -Wmissing-include-dirs -Wempty-body -Wnested-externs -Wformat-security -Wformat-y2k -Winit-self -Wignored-qualifiers -Wold-style-declaration -Wold-style-definition -Wtype-limits -fstack-protector-strong -o config-temp/qemu-conf.exe config-temp/qemu-conf.c -Wl,-z,relro -Wl,-z,now -pie -m64 -g -lxenstore -lxenctrl -lxenguest
gcc --std=gnu99 -fPIE -DPIE -m64 -D_GNU_SOURCE -D_FILE_OFFSET_BITS=64 -D_LARGEFILE_SOURCE -Wstrict-prototypes -Wredundant-decls -Wall -Wundef -Wwrite-strings -Wmissing-prototypes -fno-strict-aliasing -fno-common -Wno-error=deprecated-declarations -Wno-error=address-of-packed-member -Wno-error=stringop-truncation -Wno-error=stringop-overflow -Wno-error=format-truncation -Wendif-labels -Wmissing-include-dirs -Wempty-body -Wnested-externs -Wformat-security -Wformat-y2k -Winit-self -Wignored-qualifiers -Wold-style-declaration -Wold-style-definition -Wtype-limits -fstack-protector-strong -o config-temp/qemu-conf.exe config-temp/qemu-conf.c -Wl,-z,relro -Wl,-z,now -pie -m64 -g -lxenstore -lxenctrl -lxenguest
config-temp/qemu-conf.c: In function ‘main’:
config-temp/qemu-conf.c:6:27: warning: passing argument 3 of ‘xc_domain_create’ from incompatible pointer type [-Wincompatible-pointer-types]
    6 |   xc_domain_create(xc, 0, handle, 0, NULL, NULL);
      |                           ^~~~~~
      |                           |
      |                           uint8_t * {aka unsigned char *}
In file included from config-temp/qemu-conf.c:1:
/usr/include/xenctrl.h:505:54: note: expected ‘struct xen_domctl_createdomain *’ but argument is of type ‘uint8_t *’ {aka ‘unsigned char *’}
  505 |                      struct xen_domctl_createdomain *config);
      |                      ~~~~~~~~~~~~~~~~~~~~~~~~~~~~~~~~^~~~~~
config-temp/qemu-conf.c:6:3: error: too many arguments to function ‘xc_domain_create’
    6 |   xc_domain_create(xc, 0, handle, 0, NULL, NULL);
      |   ^~~~~~~~~~~~~~~~
In file included from config-temp/qemu-conf.c:1:
/usr/include/xenctrl.h:504:5: note: declared here
  504 | int xc_domain_create(xc_interface *xch, uint32_t *pdomid,
      |     ^~~~~~~~~~~~~~~~
gcc --std=gnu99 -fPIE -DPIE -m64 -D_GNU_SOURCE -D_FILE_OFFSET_BITS=64 -D_LARGEFILE_SOURCE -Wstrict-prototypes -Wredundant-decls -Wall -Wundef -Wwrite-strings -Wmissing-prototypes -fno-strict-aliasing -fno-common -Wno-error=deprecated-declarations -Wno-error=address-of-packed-member -Wno-error=stringop-truncation -Wno-error=stringop-overflow -Wno-error=format-truncation -Wendif-labels -Wmissing-include-dirs -Wempty-body -Wnested-externs -Wformat-security -Wformat-y2k -Winit-self -Wignored-qualifiers -Wold-style-declaration -Wold-style-definition -Wtype-limits -fstack-protector-strong -o config-temp/qemu-conf.exe config-temp/qemu-conf.c -Wl,-z,relro -Wl,-z,now -pie -m64 -g -lxenstore -lxenctrl -lxenguest
config-temp/qemu-conf.c: In function ‘main’:
config-temp/qemu-conf.c:12:3: warning: implicit declaration of function ‘xc_hvm_set_mem_type’; did you mean ‘XEN_DMOP_set_mem_type’? [-Wimplicit-function-declaration]
   12 |   xc_hvm_set_mem_type(0, 0, HVMMEM_ram_ro, 0, 0);
      |   ^~~~~~~~~~~~~~~~~~~
      |   XEN_DMOP_set_mem_type
config-temp/qemu-conf.c:12:3: warning: nested extern declaration of ‘xc_hvm_set_mem_type’ [-Wnested-externs]
config-temp/qemu-conf.c:13:3: warning: implicit declaration of function ‘xc_gnttab_open’; did you mean ‘xc_gnttab_op’? [-Wimplicit-function-declaration]
   13 |   xc_gnttab_open(NULL, 0);
      |   ^~~~~~~~~~~~~~
      |   xc_gnttab_op
config-temp/qemu-conf.c:13:3: warning: nested extern declaration of ‘xc_gnttab_open’ [-Wnested-externs]
config-temp/qemu-conf.c:15:3: warning: implicit declaration of function ‘xc_hvm_inject_msi’; did you mean ‘XEN_DMOP_inject_msi’? [-Wimplicit-function-declaration]
   15 |   xc_hvm_inject_msi(xc, 0, 0xf0000000, 0x00000000);
      |   ^~~~~~~~~~~~~~~~~
      |   XEN_DMOP_inject_msi
config-temp/qemu-conf.c:15:3: warning: nested extern declaration of ‘xc_hvm_inject_msi’ [-Wnested-externs]
config-temp/qemu-conf.c:16:3: warning: implicit declaration of function ‘xc_hvm_create_ioreq_server’; did you mean ‘XEN_DMOP_create_ioreq_server’? [-Wimplicit-function-declaration]
   16 |   xc_hvm_create_ioreq_server(xc, 0, HVM_IOREQSRV_BUFIOREQ_ATOMIC, NULL);
      |   ^~~~~~~~~~~~~~~~~~~~~~~~~~
      |   XEN_DMOP_create_ioreq_server
config-temp/qemu-conf.c:16:3: warning: nested extern declaration of ‘xc_hvm_create_ioreq_server’ [-Wnested-externs]
gcc --std=gnu99 -Werror -fPIE -DPIE -m64 -D_GNU_SOURCE -D_FILE_OFFSET_BITS=64 -D_LARGEFILE_SOURCE -Wstrict-prototypes -Wredundant-decls -Wall -Wundef -Wwrite-strings -Wmissing-prototypes -fno-strict-aliasing -fno-common -Wno-error=deprecated-declarations -Wno-error=address-of-packed-member -Wno-error=stringop-truncation -Wno-error=stringop-overflow -Wno-error=format-truncation -Wendif-labels -Wmissing-include-dirs -Wempty-body -Wnested-externs -Wformat-security -Wformat-y2k -Winit-self -Wignored-qualifiers -Wold-style-declaration -Wold-style-definition -Wtype-limits -fstack-protector-strong -o config-temp/qemu-conf.exe config-temp/qemu-conf.c -Wl,-z,relro -Wl,-z,now -pie -m64 -g -lxenstore -lxenctrl -lxenguest
config-temp/qemu-conf.c: In function ‘main’:
config-temp/qemu-conf.c:12:3: error: implicit declaration of function ‘xc_hvm_set_mem_type’; did you mean ‘XEN_DMOP_set_mem_type’? [-Werror=implicit-function-declaration]
   12 |   xc_hvm_set_mem_type(0, 0, HVMMEM_ram_ro, 0, 0);
      |   ^~~~~~~~~~~~~~~~~~~
      |   XEN_DMOP_set_mem_type
config-temp/qemu-conf.c:12:3: error: nested extern declaration of ‘xc_hvm_set_mem_type’ [-Werror=nested-externs]
config-temp/qemu-conf.c:13:3: error: implicit declaration of function ‘xc_gnttab_open’; did you mean ‘xc_gnttab_op’? [-Werror=implicit-function-declaration]
   13 |   xc_gnttab_open(NULL, 0);
      |   ^~~~~~~~~~~~~~
      |   xc_gnttab_op
config-temp/qemu-conf.c:13:3: error: nested extern declaration of ‘xc_gnttab_open’ [-Werror=nested-externs]
config-temp/qemu-conf.c:15:3: error: implicit declaration of function ‘xc_hvm_inject_msi’; did you mean ‘XEN_DMOP_inject_msi’? [-Werror=implicit-function-declaration]
   15 |   xc_hvm_inject_msi(xc, 0, 0xf0000000, 0x00000000);
      |   ^~~~~~~~~~~~~~~~~
      |   XEN_DMOP_inject_msi
config-temp/qemu-conf.c:15:3: error: nested extern declaration of ‘xc_hvm_inject_msi’ [-Werror=nested-externs]
config-temp/qemu-conf.c:16:3: error: implicit declaration of function ‘xc_hvm_create_ioreq_server’; did you mean ‘XEN_DMOP_create_ioreq_server’? [-Werror=implicit-function-declaration]
   16 |   xc_hvm_create_ioreq_server(xc, 0, HVM_IOREQSRV_BUFIOREQ_ATOMIC, NULL);
      |   ^~~~~~~~~~~~~~~~~~~~~~~~~~
      |   XEN_DMOP_create_ioreq_server
config-temp/qemu-conf.c:16:3: error: nested extern declaration of ‘xc_hvm_create_ioreq_server’ [-Werror=nested-externs]
cc1: all warnings being treated as errors
