magiclantern@debian-magiclantern:~/sauce/og$ sudo apt install make gcc gcc-arm-none-eabi mercurial gcc-mingw-w64 python3-docutils zip
[sudo] password for magiclantern: 
Reading package lists... Done
Building dependency tree... Done
Reading state information... Done
gcc is already the newest version (4:10.2.1-1).
gcc set to manually installed.
make is already the newest version (4.3-4.1).
make set to manually installed.
mercurial is already the newest version (5.6.1-4).
python3-docutils is already the newest version (0.16+dfsg-4).
python3-docutils set to manually installed.
The following additional packages will be installed:
  binutils-arm-none-eabi binutils-mingw-w64-i686 binutils-mingw-w64-x86-64
  gcc-mingw-w64-base gcc-mingw-w64-i686 gcc-mingw-w64-i686-posix
  gcc-mingw-w64-i686-posix-runtime gcc-mingw-w64-i686-win32
  gcc-mingw-w64-i686-win32-runtime gcc-mingw-w64-x86-64
  gcc-mingw-w64-x86-64-posix gcc-mingw-w64-x86-64-posix-runtime
  gcc-mingw-w64-x86-64-win32 gcc-mingw-w64-x86-64-win32-runtime
  libnewlib-arm-none-eabi libnewlib-dev libstdc++-arm-none-eabi-newlib
  mingw-w64-common mingw-w64-i686-dev mingw-w64-x86-64-dev
Suggested packages:
  gcc-10-locales libnewlib-doc wine wine64
The following NEW packages will be installed:
  binutils-arm-none-eabi binutils-mingw-w64-i686 binutils-mingw-w64-x86-64
  gcc-arm-none-eabi gcc-mingw-w64 gcc-mingw-w64-base gcc-mingw-w64-i686
  gcc-mingw-w64-i686-posix gcc-mingw-w64-i686-posix-runtime
  gcc-mingw-w64-i686-win32 gcc-mingw-w64-i686-win32-runtime
  gcc-mingw-w64-x86-64 gcc-mingw-w64-x86-64-posix
  gcc-mingw-w64-x86-64-posix-runtime gcc-mingw-w64-x86-64-win32
  gcc-mingw-w64-x86-64-win32-runtime libnewlib-arm-none-eabi libnewlib-dev
  libstdc++-arm-none-eabi-newlib mingw-w64-common mingw-w64-i686-dev
  mingw-w64-x86-64-dev zip
0 upgraded, 23 newly installed, 0 to remove and 0 not upgraded.
Need to get 362 MB of archives.
After this operation, 2,804 MB of additional disk space will be used.
Do you want to continue? [Y/n] y
Get:1 http://deb.debian.org/debian bullseye/main amd64 binutils-arm-none-eabi amd64 2.35.2-2+14+b2 [2,633 kB]
Get:2 http://deb.debian.org/debian bullseye/main amd64 binutils-mingw-w64-i686 amd64 2.35.2-2+8.11+b3 [2,435 kB]
Get:3 http://deb.debian.org/debian bullseye/main amd64 binutils-mingw-w64-x86-64 amd64 2.35.2-2+8.11+b3 [2,776 kB]
Get:4 http://deb.debian.org/debian bullseye/main amd64 gcc-arm-none-eabi amd64 15:8-2019-q3-1+b1 [30.9 MB]
Get:5 http://deb.debian.org/debian bullseye/main amd64 mingw-w64-common all 8.0.0-1 [4,916 kB]
Get:6 http://deb.debian.org/debian bullseye/main amd64 mingw-w64-i686-dev all 8.0.0-1 [2,673 kB]
Get:7 http://deb.debian.org/debian bullseye/main amd64 gcc-mingw-w64-base amd64 10.2.1-6+24.2 [186 kB]
Get:8 http://deb.debian.org/debian bullseye/main amd64 gcc-mingw-w64-i686-posix-runtime amd64 10.2.1-6+24.2 [10.8 MB]
Get:9 http://deb.debian.org/debian bullseye/main amd64 gcc-mingw-w64-i686-posix amd64 10.2.1-6+24.2 [26.2 MB]
Get:10 http://deb.debian.org/debian bullseye/main amd64 gcc-mingw-w64-i686-win32-runtime amd64 10.2.1-6+24.2 [10.7 MB]
Get:11 http://deb.debian.org/debian bullseye/main amd64 gcc-mingw-w64-i686-win32 amd64 10.2.1-6+24.2 [26.2 MB]
Get:12 http://deb.debian.org/debian bullseye/main amd64 gcc-mingw-w64-i686 all 10.2.1-6+24.2 [186 kB]
Get:13 http://deb.debian.org/debian bullseye/main amd64 mingw-w64-x86-64-dev all 8.0.0-1 [3,546 kB]
Get:14 http://deb.debian.org/debian bullseye/main amd64 gcc-mingw-w64-x86-64-posix-runtime amd64 10.2.1-6+24.2 [11.5 MB]
Get:15 http://deb.debian.org/debian bullseye/main amd64 gcc-mingw-w64-x86-64-posix amd64 10.2.1-6+24.2 [26.4 MB]
Get:16 http://deb.debian.org/debian bullseye/main amd64 gcc-mingw-w64-x86-64-win32-runtime amd64 10.2.1-6+24.2 [11.4 MB]
Get:17 http://deb.debian.org/debian bullseye/main amd64 gcc-mingw-w64-x86-64-win32 amd64 10.2.1-6+24.2 [26.4 MB]
Get:18 http://deb.debian.org/debian bullseye/main amd64 gcc-mingw-w64-x86-64 all 10.2.1-6+24.2 [186 kB]
Get:19 http://deb.debian.org/debian bullseye/main amd64 gcc-mingw-w64 all 10.2.1-6+24.2 [186 kB]
Get:20 http://deb.debian.org/debian bullseye/main amd64 libnewlib-dev all 3.3.0-1 [262 kB]
Get:21 http://deb.debian.org/debian bullseye/main amd64 libnewlib-arm-none-eabi all 3.3.0-1 [34.6 MB]
Get:22 http://deb.debian.org/debian bullseye/main amd64 libstdc++-arm-none-eabi-newlib all 15:8-2019-q3-1+13 [127 MB]
Get:23 http://deb.debian.org/debian bullseye/main amd64 zip amd64 3.0-12 [232 kB]
Fetched 362 MB in 2min 43s (2,223 kB/s)                                        
Selecting previously unselected package binutils-arm-none-eabi.
(Reading database ... 162986 files and directories currently installed.)
Preparing to unpack .../00-binutils-arm-none-eabi_2.35.2-2+14+b2_amd64.deb ...
Unpacking binutils-arm-none-eabi (2.35.2-2+14+b2) ...
Selecting previously unselected package binutils-mingw-w64-i686.
Preparing to unpack .../01-binutils-mingw-w64-i686_2.35.2-2+8.11+b3_amd64.deb ..
.
Unpacking binutils-mingw-w64-i686 (2.35.2-2+8.11+b3) ...
Selecting previously unselected package binutils-mingw-w64-x86-64.
Preparing to unpack .../02-binutils-mingw-w64-x86-64_2.35.2-2+8.11+b3_amd64.deb 
...
Unpacking binutils-mingw-w64-x86-64 (2.35.2-2+8.11+b3) ...
Selecting previously unselected package gcc-arm-none-eabi.
Preparing to unpack .../03-gcc-arm-none-eabi_15%3a8-2019-q3-1+b1_amd64.deb ...
Unpacking gcc-arm-none-eabi (15:8-2019-q3-1+b1) ...
Selecting previously unselected package mingw-w64-common.
Preparing to unpack .../04-mingw-w64-common_8.0.0-1_all.deb ...
Unpacking mingw-w64-common (8.0.0-1) ...
Selecting previously unselected package mingw-w64-i686-dev.
Preparing to unpack .../05-mingw-w64-i686-dev_8.0.0-1_all.deb ...
Unpacking mingw-w64-i686-dev (8.0.0-1) ...
Selecting previously unselected package gcc-mingw-w64-base.
Preparing to unpack .../06-gcc-mingw-w64-base_10.2.1-6+24.2_amd64.deb ...
Unpacking gcc-mingw-w64-base (10.2.1-6+24.2) ...
Selecting previously unselected package gcc-mingw-w64-i686-posix-runtime.
Preparing to unpack .../07-gcc-mingw-w64-i686-posix-runtime_10.2.1-6+24.2_amd64.
deb ...
Unpacking gcc-mingw-w64-i686-posix-runtime (10.2.1-6+24.2) ...
Selecting previously unselected package gcc-mingw-w64-i686-posix.
Preparing to unpack .../08-gcc-mingw-w64-i686-posix_10.2.1-6+24.2_amd64.deb ...
Unpacking gcc-mingw-w64-i686-posix (10.2.1-6+24.2) ...
Selecting previously unselected package gcc-mingw-w64-i686-win32-runtime.
Preparing to unpack .../09-gcc-mingw-w64-i686-win32-runtime_10.2.1-6+24.2_amd64.
deb ...
Unpacking gcc-mingw-w64-i686-win32-runtime (10.2.1-6+24.2) ...
Selecting previously unselected package gcc-mingw-w64-i686-win32.
Preparing to unpack .../10-gcc-mingw-w64-i686-win32_10.2.1-6+24.2_amd64.deb ...
Unpacking gcc-mingw-w64-i686-win32 (10.2.1-6+24.2) ...
Selecting previously unselected package gcc-mingw-w64-i686.
Preparing to unpack .../11-gcc-mingw-w64-i686_10.2.1-6+24.2_all.deb ...
Unpacking gcc-mingw-w64-i686 (10.2.1-6+24.2) ...
Selecting previously unselected package mingw-w64-x86-64-dev.
Preparing to unpack .../12-mingw-w64-x86-64-dev_8.0.0-1_all.deb ...
Unpacking mingw-w64-x86-64-dev (8.0.0-1) ...
Selecting previously unselected package gcc-mingw-w64-x86-64-posix-runtime.
Preparing to unpack .../13-gcc-mingw-w64-x86-64-posix-runtime_10.2.1-6+24.2_amd6
4.deb ...
Unpacking gcc-mingw-w64-x86-64-posix-runtime (10.2.1-6+24.2) ...
Selecting previously unselected package gcc-mingw-w64-x86-64-posix.
Preparing to unpack .../14-gcc-mingw-w64-x86-64-posix_10.2.1-6+24.2_amd64.deb ..
.
Unpacking gcc-mingw-w64-x86-64-posix (10.2.1-6+24.2) ...
Selecting previously unselected package gcc-mingw-w64-x86-64-win32-runtime.
Preparing to unpack .../15-gcc-mingw-w64-x86-64-win32-runtime_10.2.1-6+24.2_amd6
4.deb ...
Unpacking gcc-mingw-w64-x86-64-win32-runtime (10.2.1-6+24.2) ...
Selecting previously unselected package gcc-mingw-w64-x86-64-win32.
Preparing to unpack .../16-gcc-mingw-w64-x86-64-win32_10.2.1-6+24.2_amd64.deb ..
.
Unpacking gcc-mingw-w64-x86-64-win32 (10.2.1-6+24.2) ...
Selecting previously unselected package gcc-mingw-w64-x86-64.
Preparing to unpack .../17-gcc-mingw-w64-x86-64_10.2.1-6+24.2_all.deb ...
Unpacking gcc-mingw-w64-x86-64 (10.2.1-6+24.2) ...
Selecting previously unselected package gcc-mingw-w64.
Preparing to unpack .../18-gcc-mingw-w64_10.2.1-6+24.2_all.deb ...
Unpacking gcc-mingw-w64 (10.2.1-6+24.2) ...
Selecting previously unselected package libnewlib-dev.
Preparing to unpack .../19-libnewlib-dev_3.3.0-1_all.deb ...
Unpacking libnewlib-dev (3.3.0-1) ...
Selecting previously unselected package libnewlib-arm-none-eabi.
Preparing to unpack .../20-libnewlib-arm-none-eabi_3.3.0-1_all.deb ...
Unpacking libnewlib-arm-none-eabi (3.3.0-1) ...
Selecting previously unselected package libstdc++-arm-none-eabi-newlib.
Preparing to unpack .../21-libstdc++-arm-none-eabi-newlib_15%3a8-2019-q3-1+13_al
l.deb ...
Unpacking libstdc++-arm-none-eabi-newlib (15:8-2019-q3-1+13) ...
Selecting previously unselected package zip.
Preparing to unpack .../22-zip_3.0-12_amd64.deb ...
Unpacking zip (3.0-12) ...
Setting up binutils-arm-none-eabi (2.35.2-2+14+b2) ...
Setting up binutils-mingw-w64-x86-64 (2.35.2-2+8.11+b3) ...
Setting up gcc-arm-none-eabi (15:8-2019-q3-1+b1) ...
Setting up gcc-mingw-w64-base (10.2.1-6+24.2) ...
Setting up zip (3.0-12) ...
Setting up gcc-mingw-w64-i686-posix-runtime (10.2.1-6+24.2) ...
Setting up libnewlib-dev (3.3.0-1) ...
Setting up binutils-mingw-w64-i686 (2.35.2-2+8.11+b3) ...
Setting up libnewlib-arm-none-eabi (3.3.0-1) ...
Setting up gcc-mingw-w64-x86-64-win32-runtime (10.2.1-6+24.2) ...
Setting up gcc-mingw-w64-i686-win32-runtime (10.2.1-6+24.2) ...
Setting up mingw-w64-common (8.0.0-1) ...
Setting up mingw-w64-x86-64-dev (8.0.0-1) ...
Setting up gcc-mingw-w64-x86-64-posix-runtime (10.2.1-6+24.2) ...
Setting up gcc-mingw-w64-x86-64-posix (10.2.1-6+24.2) ...
update-alternatives: using /usr/bin/x86_64-w64-mingw32-gcc-posix to provide /usr
/bin/x86_64-w64-mingw32-gcc (x86_64-w64-mingw32-gcc) in auto mode
Setting up gcc-mingw-w64-x86-64-win32 (10.2.1-6+24.2) ...
update-alternatives: using /usr/bin/x86_64-w64-mingw32-gcc-win32 to provide /usr
/bin/x86_64-w64-mingw32-gcc (x86_64-w64-mingw32-gcc) in auto mode
Setting up libstdc++-arm-none-eabi-newlib (15:8-2019-q3-1+13) ...
Setting up gcc-mingw-w64-x86-64 (10.2.1-6+24.2) ...
Setting up mingw-w64-i686-dev (8.0.0-1) ...
Setting up gcc-mingw-w64-i686-win32 (10.2.1-6+24.2) ...
update-alternatives: using /usr/bin/i686-w64-mingw32-gcc-win32 to provide /usr/b
in/i686-w64-mingw32-gcc (i686-w64-mingw32-gcc) in auto mode
Setting up gcc-mingw-w64-i686-posix (10.2.1-6+24.2) ...
Setting up gcc-mingw-w64-i686 (10.2.1-6+24.2) ...
Setting up gcc-mingw-w64 (10.2.1-6+24.2) ...
Processing triggers for man-db (2.9.4-2) ...
Processing triggers for libc-bin (2.31-13+deb11u5) ...
magiclantern@debian-magiclantern:~/sauce/og$ hg clone -u unified https://foss.heptapod.net/magic-lantern/magic-lantern
destination directory: magic-lantern
requesting all changes
adding changesets
adding manifests                                                                
adding file changes                                                             
added 18073 changesets with 40336 changes to 4104 files (+63 heads)             
new changesets 4d0acc5c0792:f0b7bb6ad9e5 (23 drafts)
updating to branch unified
1766 files updated, 0 files merged, 0 files removed, 0 files unresolved         
magiclantern@debian-magiclantern:~/sauce/og$ 

