magiclantern@debian-magiclantern:~$ ls
Desktop  Documents  Downloads  Music  Pictures  Public  Templates  Videos
magiclantern@debian-magiclantern:~$ mkdir sauce
magiclantern@debian-magiclantern:~$ cd sauce
magiclantern@debian-magiclantern:~/sauce$ mkdir simplified
magiclantern@debian-magiclantern:~/sauce$ mkdir og
magiclantern@debian-magiclantern:~/sauce$ cd simplified/
magiclantern@debian-magiclantern:~/sauce/simplified$ ls
magiclantern@debian-magiclantern:~/sauce/simplified$ sudo apt install synaptic
[sudo] password for magiclantern: 
Reading package lists... Done
Building dependency tree... Done
Reading state information... Done
synaptic is already the newest version (0.90.2).
synaptic set to manually installed.
0 upgraded, 0 newly installed, 0 to remove and 0 not upgraded.
magiclantern@debian-magiclantern:~/sauce/simplified$ git clone https://github.com/reticulatedpines/qemu-eos
Cloning into 'qemu-eos'...
remote: Enumerating objects: 581415, done.
remote: Counting objects: 100% (373/373), done.
remote: Compressing objects: 100% (169/169), done.
remote: Total 581415 (delta 189), reused 324 (delta 170), pack-reused 581042
Receiving objects: 100% (581415/581415), 337.27 MiB | 2.24 MiB/s, done.
Resolving deltas: 100% (473044/473044), done.
Updating files: 100% (8706/8706), done.
magiclantern@debian-magiclantern:~/sauce/simplified$ sudo apt update && sudo apt upgrade -y
Hit:1 http://security.debian.org/debian-security bullseye-security InRelease
Hit:2 http://deb.debian.org/debian bullseye InRelease
Hit:3 http://deb.debian.org/debian bullseye-updates InRelease
Reading package lists... Done
Building dependency tree... Done
Reading state information... Done
All packages are up to date.
Reading package lists... Done
Building dependency tree... Done
Reading state information... Done
Calculating upgrade... Done
0 upgraded, 0 newly installed, 0 to remove and 0 not upgraded.
magiclantern@debian-magiclantern:~/sauce/simplified$ cd qemu-eos; git switch qemu-eos-v4.2.1; cd ..
Updating files: 100% (7680/7680), done.
Branch 'qemu-eos-v4.2.1' set up to track remote branch 'qemu-eos-v4.2.1' from 'origin'.
Switched to a new branch 'qemu-eos-v4.2.1'
magiclantern@debian-magiclantern:~/sauce/simplified$ mkdir qemu-eos-build
magiclantern@debian-magiclantern:~/sauce/simplified$ cd qemu-eos-build/
magiclantern@debian-magiclantern:~/sauce/simplified/qemu-eos-build$ ../qemu-eos/configure --target-list=arm-softmmu --enable-plugins --disable-docs --enable-vnc --enable-gtk

ERROR: User requested feature gtk
       configure was not able to find it.
       Install gtk3-devel

magiclantern@debian-magiclantern:~/sauce/simplified/qemu-eos-build$ sudo apt install gtk3-devel
Reading package lists... Done
Building dependency tree... Done
Reading state information... Done
E: Unable to locate package gtk3-devel
magiclantern@debian-magiclantern:~/sauce/simplified/qemu-eos-build$ sudo apt install gtk3
Reading package lists... Done
Building dependency tree... Done
Reading state information... Done
E: Unable to locate package gtk3
magiclantern@debian-magiclantern:~/sauce/simplified/qemu-eos-build$ sudo apt install gtk
Reading package lists... Done
Building dependency tree... Done
Reading state information... Done
E: Unable to locate package gtk
magiclantern@debian-magiclantern:~/sauce/simplified/qemu-eos-build$ echo 'try libgtk yess'
try libgtk yess
magiclantern@debian-magiclantern:~/sauce/simplified/qemu-eos-build$ ../qemu-eos/configure --target-list=arm-softmmu --enable-plugins --disable-docs --enable-vnc --enable-gtk
Install prefix    /usr/local
BIOS directory    /usr/local/share/qemu
firmware path     /usr/local/share/qemu-firmware
binary directory  /usr/local/bin
library directory /usr/local/lib
module directory  /usr/local/lib/qemu
libexec directory /usr/local/libexec
include directory /usr/local/include
config directory  /usr/local/etc
local state directory   /usr/local/var
Manual directory  /usr/local/share/man
ELF interp prefix /usr/gnemul/qemu-%M
Source path       /home/magiclantern/sauce/simplified/qemu-eos
GIT binary        git
GIT submodules    ui/keycodemapdb tests/fp/berkeley-testfloat-3 tests/fp/berkeley-softfloat-3 dtc capstone slirp
C compiler        cc
Host C compiler   cc
C++ compiler      c++
Objective-C compiler cc
ARFLAGS           rv
CFLAGS            -O2 -U_FORTIFY_SOURCE -D_FORTIFY_SOURCE=2 -g 
QEMU_CFLAGS       -I/usr/include/pixman-1 -I$(SRC_PATH)/dtc/libfdt -Werror  -pthread -I/usr/include/glib-2.0 -I/usr/lib/x86_64-linux-gnu/glib-2.0/include -pthread -I/usr/include/glib-2.0 -I/usr/lib/x86_64-linux-gnu/glib-2.0/include -fPIE -DPIE -m64 -mcx16 -D_GNU_SOURCE -D_FILE_OFFSET_BITS=64 -D_LARGEFILE_SOURCE -Wstrict-prototypes -Wredundant-decls -Wall -Wundef -Wwrite-strings -Wmissing-prototypes -fno-strict-aliasing -fno-common -fwrapv -std=gnu99  -Wexpansion-to-defined -Wendif-labels -Wno-shift-negative-value -Wno-missing-include-dirs -Wempty-body -Wnested-externs -Wformat-security -Wformat-y2k -Winit-self -Wignored-qualifiers -Wold-style-declaration -Wold-style-definition -Wtype-limits -fstack-protector-strong -I/usr/include/libpng16 -I$(SRC_PATH)/capstone/include
LDFLAGS           -Wl,--warn-common -Wl,-z,relro -Wl,-z,now -pie -m64 -g 
QEMU_LDFLAGS      -L$(BUILD_DIR)/dtc/libfdt 
make              make
install           install
python            python3 -B (3.9.2)
slirp support     git 
smbd              /usr/sbin/smbd
module support    no
host CPU          x86_64
host big endian   no
target list       arm-softmmu
gprof enabled     no
sparse enabled    no
strip binaries    yes
profiler          no
static build      no
SDL support       no 
SDL image support no
GTK support       yes (3.24.24)
GTK GL support    no
VTE support       no 
TLS priority      NORMAL
GNUTLS support    no
libgcrypt         no
nettle            no 
libtasn1          no
PAM               no
iconv support     yes
curses support    no
virgl support     no 
curl support      no
mingw32 support   no
Audio drivers      oss
Block whitelist (rw) 
Block whitelist (ro) 
VirtFS support    no
Multipath support no
VNC support       yes
VNC SASL support  no
VNC JPEG support  no
VNC PNG support   yes
xen support       no
brlapi support    no
bluez  support    no
Documentation     no
PIE               yes
vde support       no
netmap support    no
Linux AIO support no
ATTR/XATTR support yes
Install blobs     yes
KVM support       yes
HAX support       no
HVF support       no
WHPX support      no
TCG support       yes
TCG debug enabled no
TCG interpreter   no
malloc trim support yes
RDMA support      no
PVRDMA support    no
fdt support       git
membarrier        no
preadv support    yes
fdatasync         yes
madvise           yes
posix_madvise     yes
posix_memalign    yes
libcap-ng support no
vhost-net support yes
vhost-crypto support yes
vhost-scsi support yes
vhost-vsock support yes
vhost-user support yes
vhost-user-fs support yes
Trace backends    log
spice support     no 
rbd support       no
xfsctl support    no
smartcard support no
libusb            no
usb net redir     no
OpenGL support    no
OpenGL dmabufs    no
libiscsi support  no
libnfs support    no
build guest agent yes
QGA VSS support   no
QGA w32 disk info no
QGA MSI support   no
seccomp support   no
coroutine backend ucontext
coroutine pool    yes
debug stack usage no
mutex debugging   no
crypto afalg      no
GlusterFS support no
gcov              gcov
gcov enabled      no
TPM support       yes
libssh support    no
QOM debugging     yes
Live block migration yes
lzo support       no
snappy support    no
bzip2 support     no
lzfse support     no
NUMA host support no
libxml2           no
tcmalloc support  no
jemalloc support  no
avx2 optimization yes
replication support yes
VxHS block device no
bochs support     yes
cloop support     yes
dmg support       yes
qcow v1 support   yes
vdi support       yes
vvfat support     yes
qed support       yes
parallels support yes
sheepdog support  yes
capstone          git
libpmem support   no
libudev           no
default devices   yes
plugin support    yes
cross containers  no
magiclantern@debian-magiclantern:~/sauce/simplified/qemu-eos-build$ make -j16
  GEN     arm-softmmu/config-devices.mak.tmp
  GEN     config-host.h
  GIT     ui/keycodemapdb tests/fp/berkeley-testfloat-3 tests/fp/berkeley-softfloat-3 dtc capstone slirp
  GEN     qemu-options.def
  GEN     qapi-gen
  GEN     trace/generated-tcg-tracers.h
  GEN     trace/generated-helpers-wrappers.h
  GEN     trace/generated-helpers.h
  GEN     trace/generated-helpers.c
  GEN     module_block.h
  GEN     tests/test-qapi-gen
  GEN     trace-root.h
  GEN     accel/kvm/trace.h
  GEN     accel/tcg/trace.h
  GEN     crypto/trace.h
  GEN     monitor/trace.h
  GEN     authz/trace.h
  GEN     block/trace.h
  GEN     arm-softmmu/config-devices.mak
  GEN     io/trace.h
  GEN     nbd/trace.h
  GEN     scsi/trace.h
  GEN     chardev/trace.h
  GEN     audio/trace.h
  GEN     hw/9pfs/trace.h
  GEN     hw/acpi/trace.h
  GEN     hw/arm/trace.h
  GEN     hw/alpha/trace.h
  GEN     hw/audio/trace.h
  GEN     hw/block/trace.h
  GEN     hw/block/dataplane/trace.h
  GEN     hw/char/trace.h
  GEN     hw/dma/trace.h
  GEN     hw/hppa/trace.h
  GEN     hw/i2c/trace.h
  GEN     hw/i386/trace.h
  GEN     hw/i386/xen/trace.h
  GEN     hw/ide/trace.h
  GEN     hw/input/trace.h
  GEN     hw/intc/trace.h
  GEN     hw/isa/trace.h
  GEN     hw/mem/trace.h
  GEN     hw/mips/trace.h
  GEN     hw/misc/trace.h
  GEN     hw/misc/macio/trace.h
  GEN     hw/net/trace.h
  GEN     hw/nvram/trace.h
  GEN     hw/pci/trace.h
  GEN     hw/pci-host/trace.h
  GEN     hw/ppc/trace.h
  GEN     hw/rdma/trace.h
  GEN     hw/rdma/vmw/trace.h
  GEN     hw/rtc/trace.h
  GEN     hw/s390x/trace.h
  GEN     hw/scsi/trace.h
  GEN     hw/sd/trace.h
  GEN     hw/sparc/trace.h
  GEN     hw/sparc64/trace.h
  GEN     hw/timer/trace.h
  GEN     hw/tpm/trace.h
  GEN     hw/usb/trace.h
  GEN     hw/vfio/trace.h
Submodule 'capstone' (https://git.qemu.org/git/capstone.git) registered for path 'capstone'
Submodule 'dtc' (https://git.qemu.org/git/dtc.git) registered for path 'dtc'
Submodule 'slirp' (https://git.qemu.org/git/libslirp.git) registered for path 'slirp'
Submodule 'tests/fp/berkeley-softfloat-3' (https://git.qemu.org/git/berkeley-softfloat-3.git) registered for path 'tests/fp/berkeley-softfloat-3'
Submodule 'tests/fp/berkeley-testfloat-3' (https://git.qemu.org/git/berkeley-testfloat-3.git) registered for path 'tests/fp/berkeley-testfloat-3'
Submodule 'ui/keycodemapdb' (https://git.qemu.org/git/keycodemapdb.git) registered for path 'ui/keycodemapdb'
  GEN     hw/virtio/trace.h
Cloning into '/home/magiclantern/sauce/simplified/qemu-eos/capstone'...
  GEN     hw/watchdog/trace.h
  GEN     hw/xen/trace.h
  GEN     hw/gpio/trace.h
  GEN     hw/riscv/trace.h
  GEN     migration/trace.h
  GEN     net/trace.h
  GEN     ui/trace.h
  GEN     hw/display/trace.h
  GEN     qapi/trace.h
  GEN     qom/trace.h
  GEN     target/arm/trace.h
  GEN     target/hppa/trace.h
  GEN     target/i386/trace.h
  GEN     target/mips/trace.h
  GEN     target/ppc/trace.h
  GEN     target/riscv/trace.h
  GEN     target/s390x/trace.h
  GEN     target/sparc/trace.h
  GEN     util/trace.h
  GEN     hw/core/trace.h
  GEN     trace-root.c
  GEN     accel/kvm/trace.c
  GEN     accel/tcg/trace.c
  GEN     crypto/trace.c
  GEN     monitor/trace.c
  GEN     authz/trace.c
  GEN     block/trace.c
  GEN     io/trace.c
  GEN     nbd/trace.c
  GEN     scsi/trace.c
  GEN     chardev/trace.c
  GEN     audio/trace.c
  GEN     hw/9pfs/trace.c
  GEN     hw/acpi/trace.c
  GEN     hw/alpha/trace.c
  GEN     hw/arm/trace.c
  GEN     hw/audio/trace.c
  GEN     hw/block/trace.c
  GEN     hw/block/dataplane/trace.c
  GEN     hw/char/trace.c
  GEN     hw/dma/trace.c
  GEN     hw/hppa/trace.c
  GEN     hw/i2c/trace.c
  GEN     hw/i386/trace.c
  GEN     hw/i386/xen/trace.c
  GEN     hw/ide/trace.c
  GEN     hw/input/trace.c
  GEN     hw/intc/trace.c
  GEN     hw/isa/trace.c
  GEN     hw/mem/trace.c
  GEN     hw/mips/trace.c
  GEN     hw/misc/trace.c
  GEN     hw/misc/macio/trace.c
  GEN     hw/net/trace.c
  GEN     hw/nvram/trace.c
  GEN     hw/pci/trace.c
  GEN     hw/pci-host/trace.c
  GEN     hw/ppc/trace.c
  GEN     hw/rdma/trace.c
warning: redirecting to https://gitlab.com/qemu-project/capstone.git/
  GEN     hw/rdma/vmw/trace.c
  GEN     hw/rtc/trace.c
  GEN     hw/s390x/trace.c
  GEN     hw/scsi/trace.c
  GEN     hw/sd/trace.c
  GEN     hw/sparc/trace.c
  GEN     hw/sparc64/trace.c
  GEN     hw/timer/trace.c
  GEN     hw/tpm/trace.c
  GEN     hw/usb/trace.c
  GEN     hw/vfio/trace.c
  GEN     hw/virtio/trace.c
  GEN     hw/watchdog/trace.c
  GEN     hw/xen/trace.c
  GEN     hw/gpio/trace.c
  GEN     hw/riscv/trace.c
  GEN     migration/trace.c
  GEN     net/trace.c
  GEN     ui/trace.c
  GEN     hw/display/trace.c
  GEN     qapi/trace.c
  GEN     qom/trace.c
  GEN     target/arm/trace.c
  GEN     target/hppa/trace.c
  GEN     target/i386/trace.c
  GEN     target/mips/trace.c
  GEN     target/ppc/trace.c
  GEN     target/riscv/trace.c
  GEN     target/s390x/trace.c
  GEN     target/sparc/trace.c
  GEN     util/trace.c
  GEN     hw/core/trace.c
  GEN     config-all-devices.mak
Cloning into '/home/magiclantern/sauce/simplified/qemu-eos/dtc'...
warning: redirecting to https://gitlab.com/qemu-project/dtc.git/
Cloning into '/home/magiclantern/sauce/simplified/qemu-eos/slirp'...
warning: redirecting to https://gitlab.com/qemu-project/libslirp.git/
Cloning into '/home/magiclantern/sauce/simplified/qemu-eos/tests/fp/berkeley-softfloat-3'...
warning: redirecting to https://gitlab.com/qemu-project/berkeley-softfloat-3.git/
Cloning into '/home/magiclantern/sauce/simplified/qemu-eos/tests/fp/berkeley-testfloat-3'...
warning: redirecting to https://gitlab.com/qemu-project/berkeley-testfloat-3.git/
Cloning into '/home/magiclantern/sauce/simplified/qemu-eos/ui/keycodemapdb'...
warning: redirecting to https://gitlab.com/qemu-project/keycodemapdb.git/
make[1]: Entering directory '/home/magiclantern/sauce/simplified/qemu-eos/slirp'
  GEN     ui/input-keymap-atset1-to-qcode.c
  GEN     ui/input-keymap-linux-to-qcode.c
  GEN     /home/magiclantern/sauce/simplified/qemu-eos-build/slirp/src/libslirp-version.h
  GEN     ui/input-keymap-qcode-to-atset1.c
  GEN     ui/input-keymap-qcode-to-atset2.c
  GEN     ui/input-keymap-qcode-to-atset3.c
  GEN     ui/input-keymap-qcode-to-linux.c
  GEN     ui/input-keymap-qcode-to-qnum.c
  GEN     ui/input-keymap-qcode-to-sun.c
  GEN     ui/input-keymap-qnum-to-qcode.c
  GEN     ui/input-keymap-usb-to-qcode.c
  CC      /home/magiclantern/sauce/simplified/qemu-eos-build/slirp/src/arp_table.o
  GEN     ui/input-keymap-win32-to-qcode.c
  GEN     ui/input-keymap-x11-to-qcode.c
  CC      /home/magiclantern/sauce/simplified/qemu-eos-build/slirp/src/bootp.o
  CC      /home/magiclantern/sauce/simplified/qemu-eos-build/slirp/src/cksum.o
  CC      cs.o
  GEN     ui/input-keymap-xorgevdev-to-qcode.c
  GEN     ui/input-keymap-xorgkbd-to-qcode.c
  CC      utils.o
  GEN     ui/input-keymap-xorgxwin-to-qcode.c
  CC      SStream.o
  GEN     ui/input-keymap-osx-to-qcode.c
  GEN     ui/input-keymap-xorgxquartz-to-qcode.c
  CC      MCInstrDesc.o
	 DEP /home/magiclantern/sauce/simplified/qemu-eos/dtc/tests/dumptrees.c
  CC      /home/magiclantern/sauce/simplified/qemu-eos-build/slirp/src/dhcpv6.o
  CC      MCRegisterInfo.o
	 DEP /home/magiclantern/sauce/simplified/qemu-eos/dtc/tests/trees.S
  CC      arch/ARM/ARMDisassembler.o
	 DEP /home/magiclantern/sauce/simplified/qemu-eos/dtc/tests/testutils.c
	 DEP /home/magiclantern/sauce/simplified/qemu-eos/dtc/tests/value-labels.c
  CC      /home/magiclantern/sauce/simplified/qemu-eos-build/slirp/src/dnssearch.o
  CC      arch/ARM/ARMInstPrinter.o
  CC      arch/ARM/ARMMapping.o
  CC      /home/magiclantern/sauce/simplified/qemu-eos-build/slirp/src/if.o
	 DEP /home/magiclantern/sauce/simplified/qemu-eos/dtc/tests/asm_tree_dump.c
	 DEP /home/magiclantern/sauce/simplified/qemu-eos/dtc/tests/truncated_memrsv.c
	 DEP /home/magiclantern/sauce/simplified/qemu-eos/dtc/tests/truncated_string.c
  CC      arch/ARM/ARMModule.o
	 DEP /home/magiclantern/sauce/simplified/qemu-eos/dtc/tests/truncated_property.c
  CC      /home/magiclantern/sauce/simplified/qemu-eos-build/slirp/src/ip6_icmp.o
	 DEP /home/magiclantern/sauce/simplified/qemu-eos/dtc/tests/check_full.c
  CC      arch/AArch64/AArch64BaseInfo.o
	 DEP /home/magiclantern/sauce/simplified/qemu-eos/dtc/tests/check_header.c
  CC      /home/magiclantern/sauce/simplified/qemu-eos-build/slirp/src/ip6_input.o
	 DEP /home/magiclantern/sauce/simplified/qemu-eos/dtc/tests/check_path.c
	 DEP /home/magiclantern/sauce/simplified/qemu-eos/dtc/tests/overlay_bad_fixup.c
  CC      arch/AArch64/AArch64Disassembler.o
  CC      /home/magiclantern/sauce/simplified/qemu-eos-build/slirp/src/ip6_output.o
	 DEP /home/magiclantern/sauce/simplified/qemu-eos/dtc/tests/overlay.c
  CC      /home/magiclantern/sauce/simplified/qemu-eos-build/slirp/src/ip_icmp.o
  CC      arch/AArch64/AArch64InstPrinter.o
  CC      /home/magiclantern/sauce/simplified/qemu-eos-build/slirp/src/ip_input.o
	 DEP /home/magiclantern/sauce/simplified/qemu-eos/dtc/tests/subnode_iterate.c
  CC      /home/magiclantern/sauce/simplified/qemu-eos-build/slirp/src/ip_output.o
	 DEP /home/magiclantern/sauce/simplified/qemu-eos/dtc/tests/property_iterate.c
	 DEP /home/magiclantern/sauce/simplified/qemu-eos/dtc/tests/integer-expressions.c
  CC      /home/magiclantern/sauce/simplified/qemu-eos-build/slirp/src/mbuf.o
  CC      arch/AArch64/AArch64Mapping.o
	 DEP /home/magiclantern/sauce/simplified/qemu-eos/dtc/tests/utilfdt_test.c
  CC      arch/AArch64/AArch64Module.o
	 DEP /home/magiclantern/sauce/simplified/qemu-eos/dtc/tests/path_offset_aliases.c
  CC      /home/magiclantern/sauce/simplified/qemu-eos-build/slirp/src/misc.o
  CC      /home/magiclantern/sauce/simplified/qemu-eos-build/slirp/src/ncsi.o
	 DEP /home/magiclantern/sauce/simplified/qemu-eos/dtc/tests/add_subnode_with_nops.c
	 DEP /home/magiclantern/sauce/simplified/qemu-eos/dtc/tests/dtbs_equal_unordered.c
	 DEP /home/magiclantern/sauce/simplified/qemu-eos/dtc/tests/dtb_reverse.c
	 DEP /home/magiclantern/sauce/simplified/qemu-eos/dtc/tests/dtbs_equal_ordered.c
  CC      arch/Mips/MipsDisassembler.o
	 DEP /home/magiclantern/sauce/simplified/qemu-eos/dtc/tests/extra-terminating-null.c
  CC      arch/Mips/MipsInstPrinter.o
	 DEP /home/magiclantern/sauce/simplified/qemu-eos/dtc/tests/incbin.c
  CC      /home/magiclantern/sauce/simplified/qemu-eos-build/slirp/src/ndp_table.o
	 DEP /home/magiclantern/sauce/simplified/qemu-eos/dtc/tests/boot-cpuid.c
  CC      arch/Mips/MipsMapping.o
  CC      arch/Mips/MipsModule.o
	 DEP /home/magiclantern/sauce/simplified/qemu-eos/dtc/tests/phandle_format.c
  CC      arch/PowerPC/PPCDisassembler.o
  CC      /home/magiclantern/sauce/simplified/qemu-eos-build/slirp/src/sbuf.o
  CC      arch/PowerPC/PPCInstPrinter.o
  CC      /home/magiclantern/sauce/simplified/qemu-eos-build/slirp/src/slirp.o
	 DEP /home/magiclantern/sauce/simplified/qemu-eos/dtc/tests/path-references.c
	 DEP /home/magiclantern/sauce/simplified/qemu-eos/dtc/tests/references.c
	 DEP /home/magiclantern/sauce/simplified/qemu-eos/dtc/tests/string_escapes.c
	 DEP /home/magiclantern/sauce/simplified/qemu-eos/dtc/tests/propname_escapes.c
	 DEP /home/magiclantern/sauce/simplified/qemu-eos/dtc/tests/appendprop2.c
  CC      /home/magiclantern/sauce/simplified/qemu-eos-build/slirp/src/socket.o
  CC      arch/PowerPC/PPCModule.o
  CC      arch/PowerPC/PPCMapping.o
	 DEP /home/magiclantern/sauce/simplified/qemu-eos/dtc/tests/appendprop1.c
  CC      /home/magiclantern/sauce/simplified/qemu-eos-build/slirp/src/state.o
	 DEP /home/magiclantern/sauce/simplified/qemu-eos/dtc/tests/del_node.c
	 DEP /home/magiclantern/sauce/simplified/qemu-eos/dtc/tests/del_property.c
	 DEP /home/magiclantern/sauce/simplified/qemu-eos/dtc/tests/setprop.c
  CC      /home/magiclantern/sauce/simplified/qemu-eos-build/slirp/src/stream.o
	 DEP /home/magiclantern/sauce/simplified/qemu-eos/dtc/tests/set_name.c
  CC      arch/Sparc/SparcDisassembler.o
	 DEP /home/magiclantern/sauce/simplified/qemu-eos/dtc/tests/rw_tree1.c
	 DEP /home/magiclantern/sauce/simplified/qemu-eos/dtc/tests/open_pack.c
	 DEP /home/magiclantern/sauce/simplified/qemu-eos/dtc/tests/nopulate.c
  CC      /home/magiclantern/sauce/simplified/qemu-eos-build/slirp/src/tcp_input.o
  CC      arch/Sparc/SparcInstPrinter.o
	 DEP /home/magiclantern/sauce/simplified/qemu-eos/dtc/tests/mangle-layout.c
  CC      /home/magiclantern/sauce/simplified/qemu-eos-build/slirp/src/tcp_output.o
	 DEP /home/magiclantern/sauce/simplified/qemu-eos/dtc/tests/move_and_save.c
  CC      arch/Sparc/SparcMapping.o
	 DEP /home/magiclantern/sauce/simplified/qemu-eos/dtc/tests/sw_states.c
	 DEP /home/magiclantern/sauce/simplified/qemu-eos/dtc/tests/sw_tree1.c
	 DEP /home/magiclantern/sauce/simplified/qemu-eos/dtc/tests/nop_node.c
	 DEP /home/magiclantern/sauce/simplified/qemu-eos/dtc/tests/nop_property.c
	 DEP /home/magiclantern/sauce/simplified/qemu-eos/dtc/tests/setprop_inplace.c
  CC      arch/Sparc/SparcModule.o
	 DEP /home/magiclantern/sauce/simplified/qemu-eos/dtc/tests/stringlist.c
	 DEP /home/magiclantern/sauce/simplified/qemu-eos/dtc/tests/addr_size_cells2.c
	 DEP /home/magiclantern/sauce/simplified/qemu-eos/dtc/tests/addr_size_cells.c
  CC      arch/SystemZ/SystemZDisassembler.o
  CC      /home/magiclantern/sauce/simplified/qemu-eos-build/slirp/src/tcp_subr.o
	 DEP /home/magiclantern/sauce/simplified/qemu-eos/dtc/tests/sized_cells.c
	 DEP /home/magiclantern/sauce/simplified/qemu-eos/dtc/tests/notfound.c
	 DEP /home/magiclantern/sauce/simplified/qemu-eos/dtc/tests/char_literal.c
  CC      /home/magiclantern/sauce/simplified/qemu-eos-build/slirp/src/tcp_timer.o
	 DEP /home/magiclantern/sauce/simplified/qemu-eos/dtc/tests/get_alias.c
	 DEP /home/magiclantern/sauce/simplified/qemu-eos/dtc/tests/node_offset_by_compatible.c
	 DEP /home/magiclantern/sauce/simplified/qemu-eos/dtc/tests/node_check_compatible.c
  CC      /home/magiclantern/sauce/simplified/qemu-eos-build/slirp/src/tftp.o
  CC      arch/SystemZ/SystemZInstPrinter.o
	 DEP /home/magiclantern/sauce/simplified/qemu-eos/dtc/tests/node_offset_by_phandle.c
	 DEP /home/magiclantern/sauce/simplified/qemu-eos/dtc/tests/node_offset_by_prop_value.c
  CC      arch/SystemZ/SystemZMapping.o
	 DEP /home/magiclantern/sauce/simplified/qemu-eos/dtc/tests/parent_offset.c
  CC      arch/SystemZ/SystemZModule.o
  CC      /home/magiclantern/sauce/simplified/qemu-eos-build/slirp/src/udp6.o
	 DEP /home/magiclantern/sauce/simplified/qemu-eos/dtc/tests/supernode_atdepth_offset.c
	 DEP /home/magiclantern/sauce/simplified/qemu-eos/dtc/tests/get_path.c
	 DEP /home/magiclantern/sauce/simplified/qemu-eos/dtc/tests/get_phandle.c
  CC      /home/magiclantern/sauce/simplified/qemu-eos-build/slirp/src/udp.o
  CC      arch/SystemZ/SystemZMCTargetDesc.o
  CC      arch/X86/X86DisassemblerDecoder.o
  CC      /home/magiclantern/sauce/simplified/qemu-eos-build/slirp/src/util.o
	 DEP /home/magiclantern/sauce/simplified/qemu-eos/dtc/tests/getprop.c
  CC      /home/magiclantern/sauce/simplified/qemu-eos-build/slirp/src/version.o
  CC      arch/X86/X86Disassembler.o
	 DEP /home/magiclantern/sauce/simplified/qemu-eos/dtc/tests/get_name.c
	 DEP /home/magiclantern/sauce/simplified/qemu-eos/dtc/tests/path_offset.c
	 DEP /home/magiclantern/sauce/simplified/qemu-eos/dtc/tests/subnode_offset.c
  CC      /home/magiclantern/sauce/simplified/qemu-eos-build/slirp/src/vmstate.o
	 DEP /home/magiclantern/sauce/simplified/qemu-eos/dtc/tests/find_property.c
	 DEP /home/magiclantern/sauce/simplified/qemu-eos/dtc/tests/root_node.c
	 DEP /home/magiclantern/sauce/simplified/qemu-eos/dtc/tests/get_mem_rsv.c
	 DEP /home/magiclantern/sauce/simplified/qemu-eos/dtc/libfdt/fdt_overlay.c
	 DEP /home/magiclantern/sauce/simplified/qemu-eos/dtc/libfdt/fdt_addresses.c
	 DEP /home/magiclantern/sauce/simplified/qemu-eos/dtc/libfdt/fdt_empty_tree.c
	 DEP /home/magiclantern/sauce/simplified/qemu-eos/dtc/libfdt/fdt_strerror.c
	 DEP /home/magiclantern/sauce/simplified/qemu-eos/dtc/libfdt/fdt_rw.c
	 DEP /home/magiclantern/sauce/simplified/qemu-eos/dtc/libfdt/fdt_sw.c
	 DEP /home/magiclantern/sauce/simplified/qemu-eos/dtc/libfdt/fdt_wip.c
  CC      arch/X86/X86IntelInstPrinter.o
	 DEP /home/magiclantern/sauce/simplified/qemu-eos/dtc/libfdt/fdt_ro.c
	 DEP /home/magiclantern/sauce/simplified/qemu-eos/dtc/libfdt/fdt.c
	 DEP /home/magiclantern/sauce/simplified/qemu-eos/dtc/util.c
	 DEP /home/magiclantern/sauce/simplified/qemu-eos/dtc/fdtoverlay.c
	 DEP /home/magiclantern/sauce/simplified/qemu-eos/dtc/fdtput.c
	 DEP /home/magiclantern/sauce/simplified/qemu-eos/dtc/fdtget.c
	 DEP /home/magiclantern/sauce/simplified/qemu-eos/dtc/fdtdump.c
  CC      arch/X86/X86ATTInstPrinter.o
  CC      arch/X86/X86Mapping.o
  CC      arch/X86/X86Module.o
	 LEX convert-dtsv0-lexer.lex.c
make[1]: flex: No such file or directory
	 DEP /home/magiclantern/sauce/simplified/qemu-eos/dtc/srcpos.c
	 BISON dtc-parser.tab.c
make[1]: bison: No such file or directory
	 LEX dtc-lexer.lex.c
make[1]: flex: No such file or directory
  CC      arch/XCore/XCoreDisassembler.o
	 DEP /home/magiclantern/sauce/simplified/qemu-eos/dtc/treesource.c
	 DEP /home/magiclantern/sauce/simplified/qemu-eos/dtc/livetree.c
  CC      arch/XCore/XCoreInstPrinter.o
  CC      arch/XCore/XCoreMapping.o
  CC      arch/XCore/XCoreModule.o
	 DEP /home/magiclantern/sauce/simplified/qemu-eos/dtc/fstree.c
	 DEP /home/magiclantern/sauce/simplified/qemu-eos/dtc/flattree.c
	 DEP /home/magiclantern/sauce/simplified/qemu-eos/dtc/dtc.c
  CC      MCInst.o
	 DEP /home/magiclantern/sauce/simplified/qemu-eos/dtc/data.c
	 DEP /home/magiclantern/sauce/simplified/qemu-eos/dtc/checks.c
  AR      /home/magiclantern/sauce/simplified/qemu-eos-build/slirp/libslirp.a
	CHK version_gen.h
	UPD version_gen.h
	 LEX convert-dtsv0-lexer.lex.c
make[1]: flex: No such file or directory
	 BISON dtc-parser.tab.c
make[1]: bison: No such file or directory
	 LEX dtc-lexer.lex.c
make[1]: flex: No such file or directory
make[1]: Leaving directory '/home/magiclantern/sauce/simplified/qemu-eos/slirp'
	 DEP /home/magiclantern/sauce/simplified/qemu-eos/dtc/util.c
	 LEX convert-dtsv0-lexer.lex.c
make[1]: flex: No such file or directory
	 BISON dtc-parser.tab.c
make[1]: bison: No such file or directory
	 LEX dtc-lexer.lex.c
make[1]: flex: No such file or directory
	 CC libfdt/fdt.o
	 CC libfdt/fdt_ro.o
	 CC libfdt/fdt_wip.o
	 CC libfdt/fdt_sw.o
	 CC libfdt/fdt_rw.o
	 CC libfdt/fdt_strerror.o
	 CC libfdt/fdt_empty_tree.o
	 CC libfdt/fdt_addresses.o
	 CC libfdt/fdt_overlay.o
	 AR libfdt/libfdt.a
ar: creating libfdt/libfdt.a
a - libfdt/fdt.o
a - libfdt/fdt_ro.o
a - libfdt/fdt_wip.o
a - libfdt/fdt_sw.o
a - libfdt/fdt_rw.o
a - libfdt/fdt_strerror.o
a - libfdt/fdt_empty_tree.o
a - libfdt/fdt_addresses.o
a - libfdt/fdt_overlay.o
  AR      libcapstone.a
ar: creating /home/magiclantern/sauce/simplified/qemu-eos-build/capstone/libcapstone.a
make[1]: Entering directory '/home/magiclantern/sauce/simplified/qemu-eos/slirp'
make[1]: Nothing to be done for 'all'.
make[1]: Leaving directory '/home/magiclantern/sauce/simplified/qemu-eos/slirp'
	 LEX convert-dtsv0-lexer.lex.c
make[1]: flex: No such file or directory
	 BISON dtc-parser.tab.c
make[1]: bison: No such file or directory
	 LEX dtc-lexer.lex.c
make[1]: flex: No such file or directory
  CC      tests/qemu-iotests/socket_scm_helper.o
  GEN     qga/qapi-generated/qapi-gen
  CC      qapi/qapi-visit-core.o
  CC      qapi/qapi-dealloc-visitor.o
  CC      qapi/qobject-input-visitor.o
  CC      qapi/qobject-output-visitor.o
  CC      qapi/qmp-registry.o
  CC      qapi/qmp-dispatch.o
  CC      qapi/string-input-visitor.o
  CC      qapi/string-output-visitor.o
  CC      qapi/opts-visitor.o
  CC      qapi/qapi-clone-visitor.o
  CC      qapi/qmp-event.o
  CC      qapi/qapi-util.o
  CC      qapi/qapi-builtin-types.o
  CC      qapi/qapi-types-audio.o
  CC      qapi/qapi-types-authz.o
  CC      qapi/qapi-types-block-core.o
  CC      qapi/qapi-types-block.o
  CC      qapi/qapi-types-char.o
  CC      qapi/qapi-types-common.o
  CC      qapi/qapi-types-crypto.o
  CC      qapi/qapi-types-dump.o
  CC      qapi/qapi-types-error.o
  CC      qapi/qapi-types-introspect.o
  CC      qapi/qapi-types-job.o
  CC      qapi/qapi-types-machine.o
  CC      qapi/qapi-types-migration.o
  CC      qapi/qapi-types-misc.o
  CC      qapi/qapi-types-net.o
  CC      qapi/qapi-types-qdev.o
  CC      qapi/qapi-types-qom.o
  CC      qapi/qapi-types-rdma.o
  CC      qapi/qapi-types-rocker.o
  CC      qapi/qapi-types-run-state.o
  CC      qapi/qapi-types-sockets.o
  CC      qapi/qapi-types-tpm.o
  CC      qapi/qapi-types-trace.o
  CC      qapi/qapi-types-transaction.o
  CC      qapi/qapi-types-ui.o
  CC      qapi/qapi-builtin-visit.o
  CC      qapi/qapi-visit-audio.o
  CC      qapi/qapi-visit-authz.o
  CC      qapi/qapi-visit-block-core.o
  CC      qapi/qapi-visit-block.o
  CC      qapi/qapi-visit-common.o
  CC      qapi/qapi-visit-char.o
  CC      qapi/qapi-visit-crypto.o
  CC      qapi/qapi-visit-dump.o
  CC      qapi/qapi-visit-error.o
  CC      qapi/qapi-visit-introspect.o
  CC      qapi/qapi-visit-job.o
  CC      qapi/qapi-visit-machine.o
  CC      qapi/qapi-visit-migration.o
  CC      qapi/qapi-visit-misc.o
  CC      qapi/qapi-visit-net.o
  CC      qapi/qapi-visit-qdev.o
  CC      qapi/qapi-visit-qom.o
  CC      qapi/qapi-visit-rdma.o
  CC      qapi/qapi-visit-rocker.o
  CC      qapi/qapi-visit-run-state.o
  CC      qapi/qapi-visit-sockets.o
  CC      qapi/qapi-visit-tpm.o
  CC      qapi/qapi-visit-trace.o
  CC      qapi/qapi-visit-transaction.o
  CC      qapi/qapi-visit-ui.o
  CC      qapi/qapi-emit-events.o
  CC      qapi/qapi-events-audio.o
  CC      qapi/qapi-events-authz.o
  CC      qapi/qapi-events-block-core.o
  CC      qapi/qapi-events-block.o
  CC      qapi/qapi-events-char.o
  CC      qapi/qapi-events-common.o
  CC      qapi/qapi-events-crypto.o
  CC      qapi/qapi-events-dump.o
  CC      qapi/qapi-events-introspect.o
  CC      qapi/qapi-events-error.o
  CC      qapi/qapi-events-job.o
  CC      qapi/qapi-events-machine.o
  CC      qapi/qapi-events-migration.o
  CC      qapi/qapi-events-misc.o
  CC      qapi/qapi-events-net.o
  CC      qapi/qapi-events-qdev.o
  CC      qapi/qapi-events-qom.o
  CC      qapi/qapi-events-rdma.o
  CC      qapi/qapi-events-rocker.o
  CC      qapi/qapi-events-run-state.o
  CC      qapi/qapi-events-sockets.o
  CC      qapi/qapi-events-tpm.o
  CC      qapi/qapi-events-trace.o
  CC      qapi/qapi-events-transaction.o
  CC      qapi/qapi-events-ui.o
  CC      qobject/qnull.o
  CC      qobject/qnum.o
  CC      qobject/qstring.o
  CC      qobject/qdict.o
  CC      qobject/qlist.o
  CC      qobject/qbool.o
  CC      qobject/qlit.o
  CC      qobject/qjson.o
  CC      qobject/qobject.o
  CC      qobject/json-lexer.o
  CC      qobject/json-streamer.o
  CC      qobject/json-parser.o
  CC      qobject/block-qdict.o
  CC      trace/control.o
  CC      trace/qmp.o
  CC      util/osdep.o
  CC      util/cutils.o
  CC      util/unicode.o
  CC      util/qemu-timer-common.o
  CC      util/bufferiszero.o
  CC      util/lockcnt.o
  CC      util/aiocb.o
  CC      util/async.o
  CC      util/aio-wait.o
  CC      util/thread-pool.o
  CC      util/qemu-timer.o
  CC      util/main-loop.o
  CC      util/aio-posix.o
  CC      util/compatfd.o
  CC      util/event_notifier-posix.o
  CC      util/mmap-alloc.o
  CC      util/oslib-posix.o
  CC      util/qemu-openpty.o
  CC      util/qemu-thread-posix.o
  CC      util/memfd.o
  CC      util/envlist.o
  CC      util/path.o
  CC      util/module.o
  CC      util/host-utils.o
  CC      util/bitops.o
  CC      util/bitmap.o
  CC      util/hbitmap.o
  CC      util/fifo8.o
  CC      util/cacheinfo.o
  CC      util/error.o
  CC      util/qemu-error.o
  CC      util/qemu-print.o
  CC      util/id.o
  CC      util/iov.o
  CC      util/qemu-config.o
  CC      util/qemu-sockets.o
  CC      util/uri.o
  CC      util/notify.o
  CC      util/qemu-option.o
  CC      util/qemu-progress.o
  CC      util/keyval.o
  CC      util/hexdump.o
  CC      util/crc32c.o
  CC      util/uuid.o
  CC      util/throttle.o
  CC      util/getauxval.o
  CC      util/readline.o
  CC      util/rcu.o
  CC      util/qemu-coroutine.o
  CC      util/qemu-coroutine-lock.o
  CC      util/qemu-coroutine-io.o
  CC      util/qemu-coroutine-sleep.o
  CC      util/qemu-co-shared-resource.o
  CC      util/coroutine-ucontext.o
  CC      util/timed-average.o
  CC      util/buffer.o
  CC      util/base64.o
  CC      util/log.o
  CC      util/pagesize.o
  CC      util/qdist.o
  CC      util/qht.o
  CC      util/qsp.o
  CC      util/range.o
  CC      util/stats64.o
  CC      util/systemd.o
  CC      util/iova-tree.o
  CC      util/filemonitor-inotify.o
  CC      util/vfio-helpers.o
  CC      util/drm.o
  CC      util/guest-random.o
  CC      trace-root.o
  CC      accel/kvm/trace.o
  CC      accel/tcg/trace.o
  CC      crypto/trace.o
  CC      monitor/trace.o
  CC      authz/trace.o
  CC      block/trace.o
  CC      io/trace.o
  CC      nbd/trace.o
  CC      scsi/trace.o
  CC      chardev/trace.o
  CC      audio/trace.o
  CC      hw/9pfs/trace.o
  CC      hw/acpi/trace.o
  CC      hw/alpha/trace.o
  CC      hw/arm/trace.o
  CC      hw/audio/trace.o
  CC      hw/block/trace.o
  CC      hw/block/dataplane/trace.o
  CC      hw/char/trace.o
  CC      hw/hppa/trace.o
  CC      hw/dma/trace.o
  CC      hw/i2c/trace.o
  CC      hw/i386/trace.o
  CC      hw/i386/xen/trace.o
  CC      hw/ide/trace.o
  CC      hw/input/trace.o
  CC      hw/intc/trace.o
  CC      hw/isa/trace.o
  CC      hw/mem/trace.o
  CC      hw/mips/trace.o
  CC      hw/misc/trace.o
  CC      hw/misc/macio/trace.o
  CC      hw/net/trace.o
  CC      hw/nvram/trace.o
  CC      hw/pci/trace.o
  CC      hw/pci-host/trace.o
  CC      hw/ppc/trace.o
  CC      hw/rdma/trace.o
  CC      hw/rdma/vmw/trace.o
  CC      hw/rtc/trace.o
  CC      hw/s390x/trace.o
  CC      hw/scsi/trace.o
  CC      hw/sd/trace.o
  CC      hw/sparc/trace.o
  CC      hw/sparc64/trace.o
  CC      hw/timer/trace.o
  CC      hw/usb/trace.o
  CC      hw/vfio/trace.o
  CC      hw/tpm/trace.o
  CC      hw/virtio/trace.o
  CC      hw/watchdog/trace.o
  CC      hw/xen/trace.o
  CC      hw/gpio/trace.o
  CC      hw/riscv/trace.o
  CC      migration/trace.o
  CC      net/trace.o
  CC      ui/trace.o
  CC      hw/display/trace.o
  CC      qapi/trace.o
  CC      qom/trace.o
  CC      target/arm/trace.o
  CC      target/hppa/trace.o
  CC      target/i386/trace.o
  CC      target/mips/trace.o
  CC      target/ppc/trace.o
  CC      target/riscv/trace.o
  CC      target/s390x/trace.o
  CC      target/sparc/trace.o
  CC      util/trace.o
  CC      hw/core/trace.o
  CC      crypto/pbkdf-stub.o
  CC      stubs/bdrv-next-monitor-owned.o
  CC      stubs/blk-commit-all.o
  CC      stubs/blockdev-close-all-bdrv-states.o
  CC      stubs/clock-warp.o
  CC      stubs/cpu-get-clock.o
  CC      stubs/cpu-get-icount.o
  CC      stubs/dump.o
  CC      stubs/error-printf.o
  CC      stubs/fdset.o
  CC      stubs/gdbstub.o
  CC      stubs/get-vm-name.o
  CC      stubs/iothread-lock.o
  CC      stubs/iothread.o
  CC      stubs/is-daemonized.o
  CC      stubs/machine-init-done.o
  CC      stubs/migr-blocker.o
  CC      stubs/change-state-handler.o
  CC      stubs/monitor.o
  CC      stubs/notify-event.o
  CC      stubs/qtest.o
  CC      stubs/replay.o
  CC      stubs/replay-user.o
  CC      stubs/runstate-check.o
  CC      stubs/set-fd-handler.o
  CC      stubs/sysbus.o
  CC      stubs/tpm.o
  CC      stubs/trace-control.o
  CC      stubs/uuid.o
  CC      stubs/vm-stop.o
  CC      stubs/vmstate.o
  CC      stubs/fd-register.o
  CC      stubs/qmp_memory_device.o
  CC      stubs/target-monitor-defs.o
  CC      stubs/target-get-monitor-def.o
  CC      stubs/pc_madt_cpu_entry.o
  CC      stubs/vmgenid.o
  CC      stubs/xen-common.o
  CC      stubs/xen-hvm.o
  CC      stubs/pci-host-piix.o
  CC      stubs/ram-block.o
  CC      stubs/ramfb.o
  CC      stubs/fw_cfg.o
  CC      stubs/semihost.o
  CC      util/filemonitor-stub.o
  CC      qemu-keymap.o
  CC      ui/input-keymap.o
  CC      contrib/ivshmem-client/ivshmem-client.o
  CC      contrib/ivshmem-client/main.o
  CC      contrib/ivshmem-server/ivshmem-server.o
  CC      contrib/ivshmem-server/main.o
  CC      qemu-nbd.o
  CC      authz/base.o
  CC      authz/simple.o
  CC      authz/list.o
  CC      authz/listfile.o
  CC      block.o
  CC      blockjob.o
  CC      job.o
  CC      qemu-io-cmds.o
  CC      replication.o
  CC      block/raw-format.o
  CC      block/vmdk.o
  CC      block/vpc.o
  CC      block/qcow.o
  CC      block/vdi.o
  CC      block/cloop.o
  CC      block/bochs.o
  CC      block/vvfat.o
  CC      block/dmg.o
  CC      block/qcow2.o
  CC      block/qcow2-refcount.o
  CC      block/qcow2-cluster.o
  CC      block/qcow2-snapshot.o
  CC      block/qcow2-cache.o
  CC      block/qcow2-bitmap.o
  CC      block/qcow2-threads.o
  CC      block/qed.o
  CC      block/qed-l2-cache.o
  CC      block/qed-table.o
  CC      block/qed-cluster.o
  CC      block/qed-check.o
  CC      block/vhdx.o
  CC      block/vhdx-endian.o
  CC      block/vhdx-log.o
  CC      block/quorum.o
  CC      block/blkdebug.o
  CC      block/blkverify.o
  CC      block/blkreplay.o
  CC      block/parallels.o
  CC      block/blklogwrites.o
  CC      block/block-backend.o
  CC      block/snapshot.o
  CC      block/qapi.o
  CC      block/file-posix.o
  CC      block/null.o
  CC      block/mirror.o
  CC      block/commit.o
  CC      block/io.o
  CC      block/create.o
  CC      block/throttle-groups.o
  CC      block/nvme.o
  CC      block/nbd.o
  CC      block/sheepdog.o
  CC      block/accounting.o
  CC      block/dirty-bitmap.o
  CC      block/write-threshold.o
  CC      block/backup.o
  CC      block/replication.o
  CC      block/throttle.o
  CC      block/copy-on-read.o
  CC      block/block-copy.o
  CC      block/crypto.o
  CC      block/aio_task.o
  CC      block/backup-top.o
  CC      nbd/server.o
  CC      nbd/client.o
  CC      nbd/common.o
  CC      scsi/utils.o
  CC      scsi/pr-manager.o
  CC      scsi/pr-manager-helper.o
  CC      crypto/init.o
  CC      crypto/hash.o
  CC      crypto/hash-glib.o
  CC      crypto/hmac.o
  CC      crypto/hmac-glib.o
  CC      crypto/aes.o
  CC      crypto/desrfb.o
  CC      crypto/cipher.o
  CC      crypto/tlscreds.o
  CC      crypto/tlscredsanon.o
  CC      crypto/tlscredspsk.o
  CC      crypto/tlscredsx509.o
  CC      crypto/tlssession.o
  CC      crypto/secret.o
  CC      crypto/random-platform.o
  CC      crypto/pbkdf.o
  CC      crypto/ivgen.o
  CC      crypto/ivgen-essiv.o
  CC      crypto/ivgen-plain.o
  CC      crypto/ivgen-plain64.o
  CC      crypto/afsplit.o
  CC      crypto/xts.o
  CC      crypto/block.o
  CC      crypto/block-qcow.o
  CC      crypto/block-luks.o
  CC      io/channel.o
  CC      io/channel-buffer.o
  CC      io/channel-command.o
  CC      io/channel-file.o
  CC      io/channel-socket.o
  CC      io/channel-tls.o
  CC      io/channel-watch.o
  CC      io/channel-websock.o
  CC      io/channel-util.o
  CC      io/dns-resolver.o
  CC      io/net-listener.o
  CC      io/task.o
  CC      qom/object.o
  CC      qom/container.o
  CC      qom/qom-qobject.o
  CC      qom/object_interfaces.o
  GEN     qemu-img-cmds.h
  CC      qemu-io.o
  CC      qemu-edid.o
  CC      hw/display/edid-generate.o
  CC      scsi/qemu-pr-helper.o
  CC      qemu-bridge-helper.o
  CC      chardev/char.o
  CC      chardev/char-fd.o
  CC      chardev/char-fe.o
  CC      chardev/char-file.o
  CC      chardev/char-io.o
  CC      chardev/char-mux.o
  CC      chardev/char-null.o
  CC      chardev/char-parallel.o
  CC      chardev/char-pipe.o
  CC      chardev/char-pty.o
  CC      chardev/char-ringbuf.o
  CC      chardev/char-serial.o
  CC      chardev/char-socket.o
  CC      chardev/char-stdio.o
  BUNZIP2 pc-bios/edk2-aarch64-code.fd.bz2
  CC      chardev/char-udp.o
  BUNZIP2 pc-bios/edk2-arm-code.fd.bz2
  BUNZIP2 pc-bios/edk2-arm-vars.fd.bz2
  BUNZIP2 pc-bios/edk2-i386-code.fd.bz2
  BUNZIP2 pc-bios/edk2-i386-secure-code.fd.bz2
  BUNZIP2 pc-bios/edk2-i386-vars.fd.bz2
  BUNZIP2 pc-bios/edk2-x86_64-code.fd.bz2
  BUNZIP2 pc-bios/edk2-x86_64-secure-code.fd.bz2
  CC      blockdev.o
  CC      blockdev-nbd.o
  CC      bootdevice.o
  CC      iothread.o
  CC      job-qmp.o
  CC      qdev-monitor.o
  CC      device-hotplug.o
  CC      os-posix.o
  CC      bt-host.o
  CC      bt-vhci.o
  CC      dma-helpers.o
  CC      vl.o
  CC      tpm.o
  CC      device_tree.o
  CC      cpus-common.o
  CC      audio/audio.o
  CC      audio/audio_legacy.o
  CC      audio/noaudio.o
  CC      audio/wavaudio.o
  CC      audio/mixeng.o
  CC      audio/wavcapture.o
  CC      backends/rng.o
  CC      backends/rng-egd.o
  CC      backends/rng-builtin.o
  CC      backends/rng-random.o
  CC      backends/tpm.o
  CC      backends/hostmem.o
  CC      backends/hostmem-ram.o
  CC      backends/hostmem-file.o
  CC      backends/cryptodev.o
  CC      backends/cryptodev-builtin.o
  CC      backends/cryptodev-vhost.o
  CC      backends/cryptodev-vhost-user.o
  CC      backends/vhost-user.o
  CC      backends/hostmem-memfd.o
  CC      block/stream.o
  CC      chardev/msmouse.o
  CC      chardev/wctablet.o
  CC      chardev/testdev.o
  CC      disas/arm.o
  CXX     disas/arm-a64.o
  CC      disas/i386.o
  CXX     disas/libvixl/vixl/utils.o
  CXX     disas/libvixl/vixl/compiler-intrinsics.o
  CXX     disas/libvixl/vixl/a64/instructions-a64.o
  CXX     disas/libvixl/vixl/a64/decoder-a64.o
  CXX     disas/libvixl/vixl/a64/disasm-a64.o
  CC      dump/dump-hmp-cmds.o
  CC      fsdev/qemu-fsdev-dummy.o
  CC      fsdev/qemu-fsdev-opts.o
  CC      fsdev/qemu-fsdev-throttle.o
  CC      hw/acpi/memory_hotplug.o
  CC      hw/acpi/generic_event_device.o
  CC      hw/acpi/acpi-stub.o
  CC      hw/acpi/acpi_interface.o
  CC      hw/acpi/aml-build.o
  CC      hw/acpi/bios-linker-loader.o
  CC      hw/acpi/utils.o
  CC      hw/acpi/pci.o
  CC      hw/acpi/tpm.o
  CC      hw/acpi/ipmi-stub.o
  CC      hw/audio/es1370.o
  CC      hw/audio/ac97.o
  CC      hw/audio/intel-hda.o
  CC      hw/audio/hda-codec.o
  CC      hw/audio/wm8750.o
  CC      hw/audio/pl041.o
  CC      hw/audio/lm4549.o
  CC      hw/audio/marvell_88w8618.o
  CC      hw/audio/soundhw.o
  CC      hw/block/block.o
  CC      hw/block/cdrom.o
  CC      hw/block/hd-geometry.o
  CC      hw/block/m25p80.o
  CC      hw/block/nand.o
  CC      hw/block/pflash_cfi01.o
  CC      hw/block/pflash_cfi02.o
  CC      hw/block/ecc.o
  CC      hw/block/onenand.o
  CC      hw/block/nvme.o
  CC      hw/bt/core.o
  CC      hw/bt/l2cap.o
  CC      hw/bt/sdp.o
  CC      hw/bt/hci.o
  CC      hw/bt/hid.o
  CC      hw/bt/hci-csr.o
  CC      hw/char/ipoctal232.o
  CC      hw/char/nrf51_uart.o
  CC      hw/char/pl011.o
  CC      hw/char/serial.o
  CC      hw/char/serial-pci.o
  CC      hw/char/serial-pci-multi.o
  CC      hw/char/virtio-console.o
  CC      hw/char/xilinx_uartlite.o
  CC      hw/char/cadence_uart.o
  CC      hw/char/cmsdk-apb-uart.o
  CC      hw/char/imx_serial.o
  CC      hw/core/qdev.o
  CC      hw/core/qdev-properties.o
  CC      hw/core/bus.o
  CC      hw/core/reset.o
  CC      hw/core/qdev-fw.o
  CC      hw/core/fw-path-provider.o
  CC      hw/core/irq.o
  CC      hw/core/hotplug.o
  CC      hw/core/nmi.o
  CC      hw/core/vm-change-state-handler.o
  CC      hw/core/cpu.o
  CC      hw/core/stream.o
  CC      hw/core/ptimer.o
  CC      hw/core/sysbus.o
  CC      hw/core/machine.o
  CC      hw/core/loader.o
  CC      hw/core/qdev-properties-system.o
  CC      hw/core/register.o
  CC      hw/core/or-irq.o
  CC      hw/core/split-irq.o
  CC      hw/core/platform-bus.o
  CC      hw/core/generic-loader.o
  CC      hw/core/machine-hmp-cmds.o
  CC      hw/core/null-machine.o
  CC      hw/cpu/core.o
  CC      hw/cpu/cluster.o
  CC      hw/display/i2c-ddc.o
  CC      hw/display/edid-region.o
  CC      hw/display/ramfb.o
  CC      hw/display/ramfb-standalone.o
  CC      hw/display/ads7846.o
  CC      hw/display/cirrus_vga.o
  CC      hw/display/pl110.o
  CC      hw/display/sii9022.o
  CC      hw/display/ssd0303.o
  CC      hw/display/ssd0323.o
  CC      hw/display/vga-pci.o
  CC      hw/display/vmware_vga.o
  CC      hw/display/bochs-display.o
  CC      hw/display/blizzard.o
  CC      hw/display/exynos4210_fimd.o
  CC      hw/display/framebuffer.o
  CC      hw/display/tc6393xb.o
  CC      hw/display/omap_dss.o
  CC      hw/display/pxa2xx_lcd.o
  CC      hw/display/bcm2835_fb.o
  CC      hw/display/ati.o
  CC      hw/display/ati_2d.o
  CC      hw/display/ati_dbg.o
  CC      hw/dma/pl080.o
  CC      hw/dma/pl330.o
  CC      hw/dma/xilinx_axidma.o
  CC      hw/dma/xlnx-zynq-devcfg.o
  CC      hw/dma/bcm2835_dma.o
  CC      hw/gpio/max7310.o
  CC      hw/gpio/pl061.o
  CC      hw/gpio/zaurus.o
  CC      hw/gpio/gpio_key.o
  CC      hw/i2c/core.o
  CC      hw/i2c/smbus_slave.o
  CC      hw/i2c/smbus_master.o
  CC      hw/i2c/smbus_eeprom.o
  CC      hw/i2c/versatile_i2c.o
  CC      hw/i2c/bitbang_i2c.o
  CC      hw/i2c/exynos4210_i2c.o
  CC      hw/i2c/imx_i2c.o
  CC      hw/i2c/aspeed_i2c.o
  CC      hw/i2c/microbit_i2c.o
  CC      hw/ide/core.o
  CC      hw/ide/atapi.o
  CC      hw/ide/qdev.o
  CC      hw/ide/microdrive.o
  CC      hw/ide/ahci.o
  CC      hw/ide/ich.o
  CC      hw/ide/ahci-allwinner.o
  CC      hw/input/hid.o
  CC      hw/input/lm832x.o
  CC      hw/input/pl050.o
  CC      hw/input/ps2.o
  CC      hw/input/stellaris_input.o
  CC      hw/input/tsc2005.o
  CC      hw/input/virtio-input.o
  CC      hw/input/virtio-input-hid.o
  CC      hw/input/virtio-input-host.o
  CC      hw/input/vhost-user-input.o
  CC      hw/intc/pl190.o
  CC      hw/intc/xilinx_intc.o
  CC      hw/intc/imx_avic.o
  CC      hw/intc/imx_gpcv2.o
  CC      hw/intc/realview_gic.o
  CC      hw/intc/arm_gic_common.o
  CC      hw/intc/arm_gic.o
  CC      hw/intc/arm_gicv2m.o
  CC      hw/intc/arm_gicv3_common.o
  CC      hw/intc/arm_gicv3.o
  CC      hw/intc/arm_gicv3_dist.o
  CC      hw/intc/arm_gicv3_redist.o
  CC      hw/intc/arm_gicv3_its_common.o
  CC      hw/intc/intc.o
  CC      hw/ipack/ipack.o
  CC      hw/ipack/tpci200.o
  CC      hw/mem/pc-dimm.o
  CC      hw/mem/memory-device.o
  CC      hw/misc/max111x.o
  CC      hw/misc/tmp105.o
  CC      hw/misc/tmp421.o
  CC      hw/misc/pci-testdev.o
  CC      hw/misc/edu.o
  CC      hw/misc/pca9552.o
  CC      hw/misc/unimp.o
  CC      hw/misc/vmcoreinfo.o
  CC      hw/misc/arm_l2x0.o
  CC      hw/misc/arm_integrator_debug.o
  CC      hw/misc/a9scu.o
  CC      hw/misc/arm11scu.o
  CC      hw/misc/ivshmem.o
  CC      hw/misc/arm_sysctl.o
  CC      hw/misc/cbus.o
  CC      hw/misc/exynos4210_pmu.o
  CC      hw/misc/exynos4210_clk.o
  CC      hw/misc/exynos4210_rng.o
  CC      hw/misc/imx_ccm.o
  CC      hw/misc/imx31_ccm.o
  CC      hw/misc/imx25_ccm.o
  CC      hw/misc/imx6_ccm.o
  CC      hw/misc/imx6ul_ccm.o
  CC      hw/misc/imx7_ccm.o
  CC      hw/misc/imx2_wdt.o
  CC      hw/misc/imx7_snvs.o
  CC      hw/misc/imx7_gpr.o
  CC      hw/misc/mst_fpga.o
  CC      hw/misc/omap_clk.o
  CC      hw/misc/omap_gpmc.o
  CC      hw/misc/omap_l4.o
  CC      hw/misc/omap_sdrc.o
  CC      hw/misc/omap_tap.o
  CC      hw/misc/bcm2835_mbox.o
  CC      hw/misc/bcm2835_property.o
  CC      hw/misc/bcm2835_rng.o
  CC      hw/misc/bcm2835_thermal.o
  CC      hw/misc/zynq_slcr.o
  CC      hw/misc/zynq-xadc.o
  CC      hw/misc/stm32f2xx_syscfg.o
  CC      hw/misc/mps2-fpgaio.o
  CC      hw/misc/mps2-scc.o
  CC      hw/misc/tz-mpc.o
  CC      hw/misc/tz-msc.o
  CC      hw/misc/tz-ppc.o
  CC      hw/misc/iotkit-secctl.o
  CC      hw/misc/iotkit-sysinfo.o
  CC      hw/misc/armsse-cpuid.o
  CC      hw/misc/armsse-mhu.o
  CC      hw/misc/aspeed_xdma.o
  CC      hw/misc/aspeed_scu.o
  CC      hw/misc/aspeed_sdmc.o
  CC      hw/misc/msf2-sysreg.o
  CC      hw/misc/nrf51_rng.o
  CC      hw/net/ne2000.o
  CC      hw/net/ne2000-pci.o
  CC      hw/net/eepro100.o
  CC      hw/net/pcnet-pci.o
  CC      hw/net/pcnet.o
  CC      hw/net/e1000.o
  CC      hw/net/e1000x_common.o
  CC      hw/net/net_tx_pkt.o
  CC      hw/net/net_rx_pkt.o
  CC      hw/net/e1000e.o
  CC      hw/net/e1000e_core.o
  CC      hw/net/rtl8139.o
  CC      hw/net/vmxnet3.o
  CC      hw/net/tulip.o
  CC      hw/net/smc91c111.o
  CC      hw/net/lan9118.o
  CC      hw/net/xgmac.o
  CC      hw/net/xilinx_axienet.o
  CC      hw/net/allwinner_emac.o
  CC      hw/net/imx_fec.o
  CC      hw/net/cadence_gem.o
  CC      hw/net/stellaris_enet.o
  CC      hw/net/ftgmac100.o
  CC      hw/net/vhost_net.o
  CC      hw/net/vhost_net-stub.o
  CC      hw/net/rocker/rocker.o
  CC      hw/net/rocker/rocker_fp.o
  CC      hw/net/rocker/rocker_desc.o
  CC      hw/net/rocker/rocker_world.o
  CC      hw/net/rocker/rocker_of_dpa.o
  CC      hw/net/can/can_sja1000.o
  CC      hw/net/can/can_kvaser_pci.o
  CC      hw/net/can/can_pcm3680_pci.o
  CC      hw/net/can/can_mioe3680_pci.o
  CC      hw/nvram/eeprom93xx.o
  CC      hw/nvram/fw_cfg.o
  CC      hw/nvram/chrp_nvram.o
  CC      hw/pci-bridge/pci_bridge_dev.o
  CC      hw/pci-bridge/pcie_root_port.o
  CC      hw/pci-bridge/gen_pcie_root_port.o
  CC      hw/pci-bridge/pcie_pci_bridge.o
  CC      hw/pci-bridge/xio3130_upstream.o
  CC      hw/pci-bridge/ioh3420.o
  CC      hw/pci-bridge/i82801b11.o
  CC      hw/pci-host/versatile.o
  CC      hw/pci-bridge/xio3130_downstream.o
  CC      hw/pci-host/gpex.o
  CC      hw/pci-host/designware.o
  CC      hw/pci/pci.o
  CC      hw/pci/pci_bridge.o
  CC      hw/pci/msix.o
  CC      hw/pci/msi.o
  CC      hw/pci/shpc.o
  CC      hw/pci/slotid_cap.o
  CC      hw/pci/pci_host.o
  CC      hw/pci/pcie.o
  CC      hw/pci/pcie_aer.o
  CC      hw/pci/pcie_port.o
  CC      hw/pci/pcie_host.o
  CC      hw/pci/pci-stub.o
  CC      hw/pcmcia/pcmcia.o
  CC      hw/rtc/ds1338.o
  CC      hw/rtc/pl031.o
  CC      hw/rtc/twl92230.o
  CC      hw/rtc/exynos4210_rtc.o
  CC      hw/rtc/aspeed_rtc.o
  CC      hw/scsi/scsi-disk.o
  CC      hw/scsi/emulation.o
  CC      hw/scsi/scsi-generic.o
  CC      hw/scsi/scsi-bus.o
  CC      hw/scsi/lsi53c895a.o
  CC      hw/scsi/mptsas.o
  CC      hw/scsi/mptconfig.o
  CC      hw/scsi/mptendian.o
  CC      hw/scsi/megasas.o
  CC      hw/scsi/esp.o
  CC      hw/scsi/vmw_pvscsi.o
  CC      hw/scsi/esp-pci.o
  CC      hw/sd/pl181.o
  CC      hw/sd/ssi-sd.o
  CC      hw/sd/sd.o
  CC      hw/sd/core.o
  CC      hw/sd/sdmmc-internal.o
  CC      hw/sd/sdhci.o
  CC      hw/sd/sdhci-pci.o
  CC      hw/smbios/smbios.o
  CC      hw/smbios/smbios_type_38-stub.o
  CC      hw/smbios/smbios-stub.o
  CC      hw/ssi/pl022.o
  CC      hw/ssi/ssi.o
  CC      hw/ssi/xilinx_spi.o
  CC      hw/ssi/xilinx_spips.o
  CC      hw/ssi/aspeed_smc.o
  CC      hw/ssi/stm32f2xx_spi.o
  CC      hw/ssi/mss-spi.o
  CC      hw/timer/arm_timer.o
  CC      hw/timer/arm_mptimer.o
  CC      hw/timer/armv7m_systick.o
  CC      hw/timer/a9gtimer.o
  CC      hw/timer/cadence_ttc.o
  CC      hw/timer/xilinx_timer.o
  CC      hw/timer/imx_epit.o
  CC      hw/timer/imx_gpt.o
  CC      hw/timer/nrf51_timer.o
  CC      hw/timer/exynos4210_mct.o
  CC      hw/timer/exynos4210_pwm.o
  CC      hw/timer/omap_gptimer.o
  CC      hw/timer/omap_synctimer.o
  CC      hw/timer/pxa2xx_timer.o
  CC      hw/timer/digic-timer.o
  CC      hw/timer/allwinner-a10-pit.o
  CC      hw/timer/stm32f2xx_timer.o
  CC      hw/timer/aspeed_timer.o
  CC      hw/timer/cmsdk-apb-timer.o
  CC      hw/timer/cmsdk-apb-dualtimer.o
  CC      hw/timer/mss-timer.o
  CC      hw/timer/bcm2835_systmr.o
  CC      hw/tpm/tpm_util.o
  CC      hw/usb/core.o
  CC      hw/usb/combined-packet.o
  CC      hw/usb/bus.o
  CC      hw/usb/libhw.o
  CC      hw/usb/desc.o
  CC      hw/usb/desc-msos.o
  CC      hw/usb/hcd-uhci.o
  CC      hw/usb/hcd-ohci.o
  CC      hw/usb/hcd-ohci-pci.o
  CC      hw/usb/hcd-ehci.o
  CC      hw/usb/hcd-ehci-pci.o
  CC      hw/usb/hcd-ehci-sysbus.o
  CC      hw/usb/hcd-xhci.o
  CC      hw/usb/hcd-xhci-nec.o
  CC      hw/usb/hcd-musb.o
  CC      hw/usb/dev-hub.o
  CC      hw/usb/dev-hid.o
  CC      hw/usb/dev-wacom.o
  CC      hw/usb/dev-storage.o
  CC      hw/usb/dev-uas.o
  CC      hw/usb/dev-audio.o
  CC      hw/usb/dev-serial.o
  CC      hw/usb/dev-network.o
  CC      hw/usb/dev-bluetooth.o
  CC      hw/usb/dev-smartcard-reader.o
  CC      hw/usb/dev-mtp.o
  CC      hw/usb/host-stub.o
  CC      hw/virtio/virtio-bus.o
  CC      hw/virtio/virtio-rng.o
  CC      hw/virtio/virtio-pci.o
  CC      hw/virtio/virtio-mmio.o
  CC      hw/virtio/vhost-stub.o
  CC      hw/watchdog/watchdog.o
  CC      hw/watchdog/cmsdk-apb-watchdog.o
  CC      hw/watchdog/wdt_i6300esb.o
  CC      hw/watchdog/wdt_aspeed.o
  CC      migration/migration.o
  CC      migration/socket.o
  CC      migration/fd.o
  CC      migration/exec.o
  CC      migration/tls.o
  CC      migration/channel.o
  CC      migration/savevm.o
  CC      migration/colo.o
  CC      migration/colo-failover.o
  CC      migration/vmstate.o
  CC      migration/vmstate-types.o
  CC      migration/page_cache.o
  CC      migration/qemu-file.o
  CC      migration/global_state.o
  CC      migration/qemu-file-channel.o
  CC      migration/xbzrle.o
  CC      migration/postcopy-ram.o
  CC      migration/qjson.o
  CC      migration/block-dirty-bitmap.o
  CC      migration/block.o
  CC      monitor/monitor.o
  CC      monitor/qmp.o
  CC      monitor/hmp.o
  CC      monitor/qmp-cmds.o
  CC      monitor/hmp-cmds.o
  CC      net/net.o
  CC      net/queue.o
  CC      net/checksum.o
  CC      net/util.o
  CC      net/hub.o
  CC      net/socket.o
  CC      net/dump.o
  CC      net/eth.o
  CC      net/announce.o
  CC      net/l2tpv3.o
  CC      net/vhost-user.o
  CC      net/vhost-user-stub.o
  CC      net/slirp.o
  CC      net/filter.o
  CC      net/filter-buffer.o
  CC      net/filter-mirror.o
  CC      net/colo-compare.o
  CC      net/colo.o
  CC      net/filter-rewriter.o
  CC      net/filter-replay.o
  CC      net/tap.o
  CC      net/tap-linux.o
  CC      net/can/can_core.o
  CC      net/can/can_host.o
  CC      net/can/can_socketcan.o
  CC      qapi/qapi-commands-audio.o
  CC      qapi/qapi-commands-authz.o
  CC      qapi/qapi-commands-block-core.o
  CC      qapi/qapi-commands-block.o
  CC      qapi/qapi-commands-char.o
  CC      qapi/qapi-commands-common.o
  CC      qapi/qapi-commands-crypto.o
  CC      qapi/qapi-commands-dump.o
  CC      qapi/qapi-commands-error.o
  CC      qapi/qapi-commands-introspect.o
  CC      qapi/qapi-commands-job.o
  CC      qapi/qapi-commands-machine.o
  CC      qapi/qapi-commands-migration.o
  CC      qapi/qapi-commands-misc.o
  CC      qapi/qapi-commands-net.o
  CC      qapi/qapi-commands-qdev.o
  CC      qapi/qapi-commands-qom.o
  CC      qapi/qapi-commands-rdma.o
  CC      qapi/qapi-commands-rocker.o
  CC      qapi/qapi-commands-run-state.o
  CC      qapi/qapi-commands-sockets.o
  CC      qapi/qapi-commands-tpm.o
  CC      qapi/qapi-commands-trace.o
  CC      qapi/qapi-commands-transaction.o
  CC      qapi/qapi-commands-ui.o
  CC      qom/qom-hmp-cmds.o
  CC      qom/qom-qmp-cmds.o
  CC      replay/replay.o
  CC      replay/replay-internal.o
  CC      replay/replay-events.o
  CC      replay/replay-time.o
  CC      replay/replay-input.o
  CC      replay/replay-char.o
  CC      replay/replay-snapshot.o
  CC      replay/replay-net.o
  CC      replay/replay-audio.o
  CC      ui/keymaps.o
  CC      ui/console.o
  CC      ui/cursor.o
  CC      ui/qemu-pixman.o
  CC      ui/input.o
  CC      ui/input-legacy.o
  CC      ui/kbd-state.o
  CC      ui/input-barrier.o
  CC      ui/input-linux.o
  CC      ui/vnc.o
  CC      ui/vnc-enc-zlib.o
  CC      ui/vnc-enc-hextile.o
  CC      ui/vnc-enc-tight.o
  CC      ui/vnc-palette.o
  CC      ui/vnc-enc-zrle.o
  CC      ui/vnc-auth-vencrypt.o
  CC      ui/vnc-ws.o
  CC      ui/vnc-jobs.o
  CC      audio/ossaudio.o
  CC      ui/gtk.o
  CC      ui/x_keymap.o
  CC      contrib/vhost-user-input/main.o
  CC      contrib/libvhost-user/libvhost-user.o
  AS      pc-bios/optionrom/multiboot.o
  AS      pc-bios/optionrom/linuxboot.o
  CC      contrib/libvhost-user/libvhost-user-glib.o
  CC      pc-bios/optionrom/linuxboot_dma.o
  AS      pc-bios/optionrom/kvmvapic.o
  LINK    tests/qemu-iotests/socket_scm_helper
  AS      pc-bios/optionrom/pvh.o
  CC      pc-bios/optionrom/pvh_main.o
  CC      qga/commands.o
  BUILD   pc-bios/optionrom/multiboot.img
  BUILD   pc-bios/optionrom/linuxboot.img
  BUILD   pc-bios/optionrom/linuxboot_dma.img
  BUILD   pc-bios/optionrom/kvmvapic.img
  BUILD   pc-bios/optionrom/multiboot.raw
  CC      qga/guest-agent-command-state.o
  BUILD   pc-bios/optionrom/linuxboot.raw
  BUILD   pc-bios/optionrom/linuxboot_dma.raw
  BUILD   pc-bios/optionrom/kvmvapic.raw
  SIGN    pc-bios/optionrom/multiboot.bin
  CC      qga/main.o
  SIGN    pc-bios/optionrom/linuxboot.bin
  SIGN    pc-bios/optionrom/linuxboot_dma.bin
  SIGN    pc-bios/optionrom/kvmvapic.bin
  CC      qga/commands-posix.o
  BUILD   pc-bios/optionrom/pvh.img
  CC      qga/channel-posix.o
  BUILD   pc-bios/optionrom/pvh.raw
  SIGN    pc-bios/optionrom/pvh.bin
  CC      qga/qapi-generated/qga-qapi-types.o
  CC      qga/qapi-generated/qga-qapi-visit.o
  CC      qga/qapi-generated/qga-qapi-commands.o
  AR      libqemuutil.a
  CC      qemu-img.o
  LINK    qemu-keymap
  LINK    ivshmem-client
  LINK    ivshmem-server
  LINK    qemu-nbd
  LINK    qemu-io
  LINK    qemu-edid
  LINK    scsi/qemu-pr-helper
  LINK    qemu-bridge-helper
  AR      libvhost-user.a
  LINK    qemu-ga
  LINK    vhost-user-input
  LINK    qemu-img
  GEN     arm-softmmu/hmp-commands.h
  GEN     arm-softmmu/hmp-commands-info.h
  GEN     arm-softmmu/config-devices.h
  GEN     arm-softmmu/config-target.h
  CC      arm-softmmu/exec.o
  CC      arm-softmmu/exec-vary.o
  CC      arm-softmmu/tcg/tcg.o
  CC      arm-softmmu/tcg/tcg-op.o
  CC      arm-softmmu/tcg/tcg-op-vec.o
  CC      arm-softmmu/tcg/tcg-op-gvec.o
  CC      arm-softmmu/tcg/tcg-common.o
  CC      arm-softmmu/tcg/optimize.o
  CC      arm-softmmu/fpu/softfloat.o
  CC      arm-softmmu/disas.o
  GEN     arm-softmmu/gdbstub-xml.c
  CC      arm-softmmu/cpus.o
  CC      arm-softmmu/arch_init.o
  CC      arm-softmmu/balloon.o
  CC      arm-softmmu/gdbstub.o
  CC      arm-softmmu/ioport.o
  CC      arm-softmmu/qtest.o
  CC      arm-softmmu/memory.o
  CC      arm-softmmu/memory_mapping.o
  CC      arm-softmmu/migration/ram.o
  CC      arm-softmmu/accel/accel.o
  CC      arm-softmmu/accel/qtest.o
  CC      arm-softmmu/accel/stubs/hax-stub.o
  CC      arm-softmmu/accel/stubs/hvf-stub.o
  CC      arm-softmmu/accel/stubs/whpx-stub.o
  CC      arm-softmmu/accel/stubs/kvm-stub.o
  CC      arm-softmmu/accel/tcg/tcg-all.o
  CC      arm-softmmu/accel/tcg/cputlb.o
  CC      arm-softmmu/accel/tcg/tcg-runtime.o
  CC      arm-softmmu/accel/tcg/tcg-runtime-gvec.o
  CC      arm-softmmu/accel/tcg/cpu-exec.o
  CC      arm-softmmu/accel/tcg/cpu-exec-common.o
  CC      arm-softmmu/accel/tcg/translate-all.o
  CC      arm-softmmu/accel/tcg/translator.o
  CC      arm-softmmu/accel/tcg/plugin-gen.o
  CC      arm-softmmu/dump/dump.o
  CC      arm-softmmu/hw/adc/stm32f2xx_adc.o
  CC      arm-softmmu/hw/block/virtio-blk.o
  CC      arm-softmmu/hw/block/vhost-user-blk.o
  CC      arm-softmmu/hw/block/dataplane/virtio-blk.o
  CC      arm-softmmu/hw/char/exynos4210_uart.o
  CC      arm-softmmu/hw/char/omap_uart.o
  CC      arm-softmmu/hw/char/digic-uart.o
  CC      arm-softmmu/hw/char/stm32f2xx_usart.o
  CC      arm-softmmu/hw/char/bcm2835_aux.o
  CC      arm-softmmu/hw/char/virtio-serial-bus.o
  CC      arm-softmmu/hw/core/machine-qmp-cmds.o
  CC      arm-softmmu/hw/core/numa.o
  CC      arm-softmmu/hw/cpu/arm11mpcore.o
  CC      arm-softmmu/hw/cpu/realview_mpcore.o
  CC      arm-softmmu/hw/cpu/a9mpcore.o
  CC      arm-softmmu/hw/cpu/a15mpcore.o
  CC      arm-softmmu/hw/display/omap_lcdc.o
  CC      arm-softmmu/hw/display/vga.o
  CC      arm-softmmu/hw/display/virtio-gpu-base.o
  CC      arm-softmmu/hw/display/virtio-gpu.o
  CC      arm-softmmu/hw/display/virtio-gpu-3d.o
  CC      arm-softmmu/hw/display/vhost-user-gpu.o
  CC      arm-softmmu/hw/display/virtio-gpu-pci.o
  CC      arm-softmmu/hw/display/vhost-user-gpu-pci.o
  CC      arm-softmmu/hw/dma/omap_dma.o
  CC      arm-softmmu/hw/dma/soc_dma.o
  CC      arm-softmmu/hw/dma/pxa2xx_dma.o
  CC      arm-softmmu/hw/eos/../eos/eos.o
  CC      arm-softmmu/hw/eos/../eos/model_list.o
  CC      arm-softmmu/hw/eos/../eos/engine.o
  CC      arm-softmmu/hw/eos/../eos/eos_ml_helpers.o
  CC      arm-softmmu/hw/eos/../eos/mpu.o
  CC      arm-softmmu/hw/eos/../eos/serial_flash.o
  CC      arm-softmmu/hw/eos/../eos/dbi/logging.o
  CC      arm-softmmu/hw/eos/../eos/dbi/memcheck.o
  CC      arm-softmmu/hw/eos/../eos/dbi/debugmsg.o
  CC      arm-softmmu/hw/eos/../eos/dbi/backtrace.o
  CC      arm-softmmu/hw/eos/../eos/scnprintf.o
  CC      arm-softmmu/hw/gpio/omap_gpio.o
  CC      arm-softmmu/hw/gpio/imx_gpio.o
  CC      arm-softmmu/hw/gpio/bcm2835_gpio.o
  CC      arm-softmmu/hw/gpio/nrf51_gpio.o
  CC      arm-softmmu/hw/gpio/aspeed_gpio.o
  CC      arm-softmmu/hw/i2c/omap_i2c.o
  CC      arm-softmmu/hw/input/pxa2xx_keypad.o
  CC      arm-softmmu/hw/input/tsc210x.o
  CC      arm-softmmu/hw/intc/armv7m_nvic.o
  CC      arm-softmmu/hw/intc/exynos4210_gic.o
  CC      arm-softmmu/hw/intc/exynos4210_combiner.o
  CC      arm-softmmu/hw/intc/omap_intc.o
  CC      arm-softmmu/hw/intc/bcm2835_ic.o
  CC      arm-softmmu/hw/intc/bcm2836_control.o
  CC      arm-softmmu/hw/intc/allwinner-a10-pic.o
  CC      arm-softmmu/hw/intc/aspeed_vic.o
  CC      arm-softmmu/hw/intc/arm_gicv3_cpuif.o
  CC      arm-softmmu/hw/misc/imx6_src.o
  CC      arm-softmmu/hw/misc/iotkit-sysctl.o
  CC      arm-softmmu/hw/net/virtio-net.o
  CC      arm-softmmu/hw/nvram/nrf51_nvm.o
  CC      arm-softmmu/hw/pcmcia/pxa2xx.o
  CC      arm-softmmu/hw/scsi/virtio-scsi.o
  CC      arm-softmmu/hw/scsi/virtio-scsi-dataplane.o
  CC      arm-softmmu/hw/scsi/vhost-scsi-common.o
  CC      arm-softmmu/hw/scsi/vhost-scsi.o
  CC      arm-softmmu/hw/scsi/vhost-user-scsi.o
  CC      arm-softmmu/hw/sd/omap_mmc.o
  CC      arm-softmmu/hw/sd/pxa2xx_mmci.o
  CC      arm-softmmu/hw/sd/bcm2835_sdhost.o
  CC      arm-softmmu/hw/sd/aspeed_sdhci.o
  CC      arm-softmmu/hw/semihosting/config.o
  CC      arm-softmmu/hw/semihosting/console.o
  CC      arm-softmmu/hw/ssi/omap_spi.o
  CC      arm-softmmu/hw/ssi/imx_spi.o
  CC      arm-softmmu/hw/usb/tusb6010.o
  CC      arm-softmmu/hw/usb/chipidea.o
  CC      arm-softmmu/hw/vfio/common.o
  CC      arm-softmmu/hw/vfio/spapr.o
  CC      arm-softmmu/hw/vfio/pci.o
  CC      arm-softmmu/hw/vfio/pci-quirks.o
  CC      arm-softmmu/hw/vfio/display.o
  CC      arm-softmmu/hw/vfio/platform.o
  CC      arm-softmmu/hw/vfio/calxeda-xgmac.o
  CC      arm-softmmu/hw/vfio/amd-xgbe.o
  CC      arm-softmmu/hw/virtio/virtio.o
  CC      arm-softmmu/hw/virtio/vhost.o
  CC      arm-softmmu/hw/virtio/vhost-backend.o
  CC      arm-softmmu/hw/virtio/vhost-user.o
  CC      arm-softmmu/hw/virtio/virtio-balloon.o
  CC      arm-softmmu/hw/virtio/virtio-crypto.o
  CC      arm-softmmu/hw/virtio/vhost-user-fs.o
  CC      arm-softmmu/hw/virtio/virtio-crypto-pci.o
  CC      arm-softmmu/hw/virtio/vhost-user-fs-pci.o
  CC      arm-softmmu/hw/virtio/vhost-vsock.o
  CC      arm-softmmu/hw/virtio/vhost-vsock-pci.o
  CC      arm-softmmu/hw/virtio/vhost-user-blk-pci.o
  CC      arm-softmmu/hw/virtio/vhost-user-input-pci.o
  CC      arm-softmmu/hw/virtio/vhost-user-scsi-pci.o
  CC      arm-softmmu/hw/virtio/vhost-scsi-pci.o
  CC      arm-softmmu/hw/virtio/virtio-input-host-pci.o
  CC      arm-softmmu/hw/virtio/virtio-input-pci.o
  CC      arm-softmmu/hw/virtio/virtio-rng-pci.o
  CC      arm-softmmu/hw/virtio/virtio-balloon-pci.o
  CC      arm-softmmu/hw/virtio/virtio-scsi-pci.o
  CC      arm-softmmu/hw/virtio/virtio-blk-pci.o
  CC      arm-softmmu/hw/virtio/virtio-net-pci.o
  CC      arm-softmmu/hw/virtio/virtio-serial-pci.o
  CC      arm-softmmu/hw/arm/boot.o
  CC      arm-softmmu/hw/arm/sysbus-fdt.o
  CC      arm-softmmu/hw/arm/virt.o
  CC      arm-softmmu/hw/arm/virt-acpi-build.o
  CC      arm-softmmu/hw/arm/digic_boards.o
  CC      arm-softmmu/hw/arm/exynos4_boards.o
  CC      arm-softmmu/hw/arm/msf2-som.o
  CC      arm-softmmu/hw/arm/highbank.o
  CC      arm-softmmu/hw/arm/integratorcp.o
  CC      arm-softmmu/hw/arm/mainstone.o
  CC      arm-softmmu/hw/arm/microbit.o
  CC      arm-softmmu/hw/arm/musicpal.o
  CC      arm-softmmu/hw/arm/netduino2.o
  CC      arm-softmmu/hw/arm/nseries.o
  CC      arm-softmmu/hw/arm/omap_sx1.o
  CC      arm-softmmu/hw/arm/palm.o
  CC      arm-softmmu/hw/arm/gumstix.o
  CC      arm-softmmu/hw/arm/spitz.o
  CC      arm-softmmu/hw/arm/tosa.o
  CC      arm-softmmu/hw/arm/z2.o
  CC      arm-softmmu/hw/arm/realview.o
  CC      arm-softmmu/hw/arm/stellaris.o
  CC      arm-softmmu/hw/arm/collie.o
  CC      arm-softmmu/hw/arm/versatilepb.o
  CC      arm-softmmu/hw/arm/vexpress.o
  CC      arm-softmmu/hw/arm/xilinx_zynq.o
  CC      arm-softmmu/hw/arm/sabrelite.o
  CC      arm-softmmu/hw/arm/armv7m.o
  CC      arm-softmmu/hw/arm/exynos4210.o
  CC      arm-softmmu/hw/arm/pxa2xx.o
  CC      arm-softmmu/hw/arm/pxa2xx_gpio.o
  CC      arm-softmmu/hw/arm/pxa2xx_pic.o
  CC      arm-softmmu/hw/arm/digic.o
  CC      arm-softmmu/hw/arm/omap1.o
  CC      arm-softmmu/hw/arm/omap2.o
  CC      arm-softmmu/hw/arm/strongarm.o
  CC      arm-softmmu/hw/arm/allwinner-a10.o
  CC      arm-softmmu/hw/arm/cubieboard.o
  CC      arm-softmmu/hw/arm/bcm2835_peripherals.o
  CC      arm-softmmu/hw/arm/bcm2836.o
  CC      arm-softmmu/hw/arm/raspi.o
  CC      arm-softmmu/hw/arm/stm32f205_soc.o
  CC      arm-softmmu/hw/arm/fsl-imx25.o
  CC      arm-softmmu/hw/arm/imx25_pdk.o
  CC      arm-softmmu/hw/arm/fsl-imx31.o
  CC      arm-softmmu/hw/arm/kzm.o
  CC      arm-softmmu/hw/arm/fsl-imx6.o
  CC      arm-softmmu/hw/arm/aspeed_soc.o
  CC      arm-softmmu/hw/arm/aspeed.o
  CC      arm-softmmu/hw/arm/aspeed_ast2600.o
  CC      arm-softmmu/hw/arm/mps2.o
  CC      arm-softmmu/hw/arm/mps2-tz.o
  CC      arm-softmmu/hw/arm/msf2-soc.o
  CC      arm-softmmu/hw/arm/musca.o
  CC      arm-softmmu/hw/arm/armsse.o
  CC      arm-softmmu/hw/arm/fsl-imx7.o
  CC      arm-softmmu/hw/arm/mcimx7d-sabre.o
  CC      arm-softmmu/hw/arm/smmu-common.o
  CC      arm-softmmu/hw/arm/smmuv3.o
  CC      arm-softmmu/hw/arm/fsl-imx6ul.o
  CC      arm-softmmu/hw/arm/mcimx6ul-evk.o
  CC      arm-softmmu/hw/arm/nrf51_soc.o
  CC      arm-softmmu/monitor/misc.o
  CC      arm-softmmu/plugins/loader.o
  CC      arm-softmmu/plugins/api.o
  CC      arm-softmmu/plugins/core.o
  CC      arm-softmmu/qapi/qapi-introspect.o
  CC      arm-softmmu/qapi/qapi-types-machine-target.o
  CC      arm-softmmu/qapi/qapi-types-misc-target.o
  CC      arm-softmmu/qapi/qapi-types.o
  CC      arm-softmmu/qapi/qapi-visit-machine-target.o
  CC      arm-softmmu/qapi/qapi-visit-misc-target.o
  CC      arm-softmmu/qapi/qapi-visit.o
  CC      arm-softmmu/qapi/qapi-events-machine-target.o
  CC      arm-softmmu/qapi/qapi-events-misc-target.o
  CC      arm-softmmu/qapi/qapi-events.o
  CC      arm-softmmu/qapi/qapi-commands-machine-target.o
  CC      arm-softmmu/qapi/qapi-commands-misc-target.o
  CC      arm-softmmu/qapi/qapi-commands.o
  CC      arm-softmmu/target/arm/arm-semi.o
  CC      arm-softmmu/target/arm/helper.o
  CC      arm-softmmu/target/arm/vfp_helper.o
  CC      arm-softmmu/target/arm/cpu.o
  CC      arm-softmmu/target/arm/gdbstub.o
  CC      arm-softmmu/target/arm/machine.o
  CC      arm-softmmu/target/arm/arch_dump.o
  CC      arm-softmmu/target/arm/monitor.o
  CC      arm-softmmu/target/arm/arm-powerctl.o
  CC      arm-softmmu/target/arm/kvm-stub.o
  CC      arm-softmmu/target/arm/tlb_helper.o
  CC      arm-softmmu/target/arm/debug_helper.o
  GEN     arm-softmmu/target/arm/decode-vfp.inc.c
  GEN     arm-softmmu/target/arm/decode-vfp-uncond.inc.c
  GEN     arm-softmmu/target/arm/decode-a32.inc.c
  GEN     arm-softmmu/target/arm/decode-a32-uncond.inc.c
  GEN     arm-softmmu/target/arm/decode-t32.inc.c
  GEN     arm-softmmu/target/arm/decode-t16.inc.c
  CC      arm-softmmu/target/arm/op_helper.o
  CC      arm-softmmu/target/arm/crypto_helper.o
  CC      arm-softmmu/target/arm/iwmmxt_helper.o
  CC      arm-softmmu/target/arm/vec_helper.o
  CC      arm-softmmu/target/arm/neon_helper.o
  CC      arm-softmmu/target/arm/m_helper.o
  CC      arm-softmmu/target/arm/psci.o
  GEN     trace/generated-helpers.c
  CC      arm-softmmu/trace/control-target.o
  CC      arm-softmmu/gdbstub-xml.o
  CC      arm-softmmu/target/arm/translate.o
  CC      arm-softmmu/trace/generated-helpers.o
  LINK    arm-softmmu/qemu-system-arm
magiclantern@debian-magiclantern:~/sauce/simplified/qemu-eos-build$ ls
accel                    dump                  qemu-io-cmds.d
arm-softmmu              fsdev                 qemu-io-cmds.o
audio                    hw                    qemu-io.d
authz                    io                    qemu-io.o
backends                 iothread.d            qemu-keymap
block                    iothread.o            qemu-keymap.d
block.d                  ivshmem-client        qemu-keymap.o
blockdev.d               ivshmem-server        qemu-nbd
blockdev-nbd.d           job.d                 qemu-nbd.d
blockdev-nbd.o           job.o                 qemu-nbd.o
blockdev.o               job-qmp.d             qemu-options.def
blockjob.d               job-qmp.o             qemu-plugins-ld.symbols
blockjob.o               libqemuutil.a         qemu-version.h
block.o                  libvhost-user.a       qga
bootdevice.d             linux-headers         qobject
bootdevice.o             Makefile              qom
bt-host.d                migration             replay
bt-host.o                module_block.h        replication.d
bt-vhci.d                monitor               replication.o
bt-vhci.o                nbd                   roms
capstone                 net                   scripts
chardev                  os-posix.d            scsi
config-all-devices.mak   os-posix.o            slirp
config-all-disas.mak     pc-bios               stubs
config-host.h            po                    target
config-host.h-timestamp  python                tests
config-host.mak          qapi                  tpm.d
config.log               qapi-gen-timestamp    tpm.o
config.status            qdev-monitor.d        trace
contrib                  qdev-monitor.o        trace-events-all
cpus-common.d            qemu-bridge-helper    trace-root.c
cpus-common.o            qemu-bridge-helper.d  trace-root.c-timestamp
crypto                   qemu-bridge-helper.o  trace-root.d
device-hotplug.d         qemu-edid             trace-root.h
device-hotplug.o         qemu-edid.d           trace-root.h-timestamp
device_tree.d            qemu-edid.o           trace-root.o
device_tree.o            qemu-ga               ui
disas                    qemu-img              util
dma-helpers.d            qemu-img-cmds.h       vhost-user-input
dma-helpers.o            qemu-img.d            vl.d
docs                     qemu-img.o            vl.o
dtc                      qemu-io
magiclantern@debian-magiclantern:~/sauce/simplified/qemu-eos-build$ make plugins
make[1]: Entering directory '/home/magiclantern/sauce/simplified/qemu-eos/slirp'
make[1]: Nothing to be done for 'all'.
make[1]: Leaving directory '/home/magiclantern/sauce/simplified/qemu-eos/slirp'
	 LEX convert-dtsv0-lexer.lex.c
make[1]: flex: No such file or directory
	 BISON dtc-parser.tab.c
make[1]: bison: No such file or directory
	 LEX dtc-lexer.lex.c
make[1]: flex: No such file or directory
  BUILD   plugins
  CC      bb.o
  CC      empty.o
  CC      insn.o
  CC      mem.o
  CC      hotblocks.o
  CC      howvec.o
  CC      hotpages.o
  CC      magiclantern.o
magiclantern@debian-magiclantern:~/sauce/simplified/qemu-eos-build$ cp tests/plugin/libmagiclantern.so arm-softmmu/plugins/
magiclantern@debian-magiclantern:~/sauce/simplified/qemu-eos-build$ cd ../qemu-eos/magiclantern/
magiclantern@debian-magiclantern:~/sauce/simplified/qemu-eos/magiclantern$ ./run_--help
bash: ./run_--help: No such file or directory
magiclantern@debian-magiclantern:~/sauce/simplified/qemu-eos/magiclantern$ ./run_qemu.py_--help
bash: ./run_qemu.py_--help: No such file or directory
magiclantern@debian-magiclantern:~/sauce/simplified/qemu-eos/magiclantern$ ./run_qemu.py --help
Traceback (most recent call last):
  File "/home/magiclantern/sauce/simplified/qemu-eos/magiclantern/./run_qemu.py", line 8, in <module>
    from ml_qemu.run import QemuRunner, QemuRunnerError, get_default_dirs, get_cam_path
  File "/home/magiclantern/sauce/simplified/qemu-eos/magiclantern/ml_qemu/run.py", line 9, in <module>
    import vncdotool
ModuleNotFoundError: No module named 'vncdotool'
magiclantern@debian-magiclantern:~/sauce/simplified/qemu-eos/magiclantern$ echo install vncdottool thingy
install vncdottool thingy
magiclantern@debian-magiclantern:~/sauce/simplified/qemu-eos/magiclantern$ ./run_qemu.py --help
Traceback (most recent call last):
  File "/home/magiclantern/sauce/simplified/qemu-eos/magiclantern/./run_qemu.py", line 8, in <module>
    from ml_qemu.run import QemuRunner, QemuRunnerError, get_default_dirs, get_cam_path
  File "/home/magiclantern/sauce/simplified/qemu-eos/magiclantern/ml_qemu/run.py", line 9, in <module>
    import vncdotool
ModuleNotFoundError: No module named 'vncdotool'
magiclantern@debian-magiclantern:~/sauce/simplified/qemu-eos/magiclantern$ cd
magiclantern@debian-magiclantern:~$ 

