magiclantern@debian-magiclantern:~$ sudo apt install build-essential git cmake mercurial svn
[sudo] password for magiclantern: 
Reading package lists... Done
Building dependency tree... Done
Reading state information... Done
Package svn is not available, but is referred to by another package.
This may mean that the package is missing, has been obsoleted, or
is only available from another source

E: Package 'svn' has no installation candidate
magiclantern@debian-magiclantern:~$ sudo apt install build-essential git cmake mercurial 
Reading package lists... Done
Building dependency tree... Done
Reading state information... Done
The following additional packages will be installed:
  binutils binutils-common binutils-x86-64-linux-gnu cmake-data dpkg-dev
  fakeroot g++ g++-10 gcc gcc-10 git-man libalgorithm-diff-perl
  libalgorithm-diff-xs-perl libalgorithm-merge-perl libasan6 libbinutils
  libc-dev-bin libc-devtools libc6-dev libcc1-0 libcrypt-dev libctf-nobfd0
  libctf0 liberror-perl libfakeroot libgcc-10-dev libitm1 libjsoncpp24
  liblsan0 libnsl-dev librhash0 libstdc++-10-dev libtirpc-dev libtsan0
  libubsan1 linux-libc-dev make manpages-dev mercurial-common patch
Suggested packages:
  binutils-doc cmake-doc ninja-build debian-keyring g++-multilib
  g++-10-multilib gcc-10-doc gcc-multilib autoconf automake libtool flex bison
  gdb gcc-doc gcc-10-multilib gcc-10-locales git-daemon-run
  | git-daemon-sysvinit git-doc git-el git-email git-gui gitk gitweb git-cvs
  git-mediawiki git-svn glibc-doc libstdc++-10-doc make-doc kdiff3 | kdiff3-qt
  | kompare | meld | tkcvs | mgdiff qct python3-mysqldb python3-openssl
  python3-pygments wish ed diffutils-doc
The following NEW packages will be installed:
  binutils binutils-common binutils-x86-64-linux-gnu build-essential cmake
  cmake-data dpkg-dev fakeroot g++ g++-10 gcc gcc-10 git git-man
  libalgorithm-diff-perl libalgorithm-diff-xs-perl libalgorithm-merge-perl
  libasan6 libbinutils libc-dev-bin libc-devtools libc6-dev libcc1-0
  libcrypt-dev libctf-nobfd0 libctf0 liberror-perl libfakeroot libgcc-10-dev
  libitm1 libjsoncpp24 liblsan0 libnsl-dev librhash0 libstdc++-10-dev
  libtirpc-dev libtsan0 libubsan1 linux-libc-dev make manpages-dev mercurial
  mercurial-common patch
0 upgraded, 44 newly installed, 0 to remove and 0 not upgraded.
Need to get 69.1 MB of archives.
After this operation, 283 MB of additional disk space will be used.
Do you want to continue? [Y/n] y
Get:1 http://deb.debian.org/debian bullseye/main amd64 binutils-common amd64 2.35.2-2 [2,220 kB]
Get:2 http://security.debian.org/debian-security bullseye-security/main amd64 linux-libc-dev amd64 5.10.149-2 [1,551 kB]
Get:3 http://deb.debian.org/debian bullseye/main amd64 libbinutils amd64 2.35.2-2 [570 kB]
Get:4 http://deb.debian.org/debian bullseye/main amd64 libctf-nobfd0 amd64 2.35.2-2 [110 kB]
Get:5 http://deb.debian.org/debian bullseye/main amd64 libctf0 amd64 2.35.2-2 [53.2 kB]
Get:6 http://deb.debian.org/debian bullseye/main amd64 binutils-x86-64-linux-gnu amd64 2.35.2-2 [1,809 kB]
Get:7 http://deb.debian.org/debian bullseye/main amd64 binutils amd64 2.35.2-2 [61.2 kB]
Get:8 http://deb.debian.org/debian bullseye-updates/main amd64 libc-dev-bin amd64 2.31-13+deb11u5 [276 kB]
Get:9 http://deb.debian.org/debian bullseye/main amd64 libcrypt-dev amd64 1:4.4.18-4 [104 kB]
Get:10 http://deb.debian.org/debian bullseye/main amd64 libtirpc-dev amd64 1.3.1-1+deb11u1 [191 kB]
Get:11 http://deb.debian.org/debian bullseye/main amd64 libnsl-dev amd64 1.3.0-2 [66.4 kB]
Get:12 http://deb.debian.org/debian bullseye-updates/main amd64 libc6-dev amd64 2.31-13+deb11u5 [2,359 kB]
Get:13 http://deb.debian.org/debian bullseye/main amd64 libcc1-0 amd64 10.2.1-6 [47.0 kB]
Get:14 http://deb.debian.org/debian bullseye/main amd64 libitm1 amd64 10.2.1-6 [25.8 kB]
Get:15 http://deb.debian.org/debian bullseye/main amd64 libasan6 amd64 10.2.1-6 [2,065 kB]
Get:16 http://deb.debian.org/debian bullseye/main amd64 liblsan0 amd64 10.2.1-6 [828 kB]
Get:17 http://deb.debian.org/debian bullseye/main amd64 libtsan0 amd64 10.2.1-6 [2,000 kB]
Get:18 http://deb.debian.org/debian bullseye/main amd64 libubsan1 amd64 10.2.1-6 [777 kB]
Get:19 http://deb.debian.org/debian bullseye/main amd64 libgcc-10-dev amd64 10.2.1-6 [2,328 kB]
Get:20 http://deb.debian.org/debian bullseye/main amd64 gcc-10 amd64 10.2.1-6 [17.0 MB]
Get:21 http://deb.debian.org/debian bullseye/main amd64 gcc amd64 4:10.2.1-1 [5,192 B]
Get:22 http://deb.debian.org/debian bullseye/main amd64 libstdc++-10-dev amd64 10.2.1-6 [1,741 kB]
Get:23 http://deb.debian.org/debian bullseye/main amd64 g++-10 amd64 10.2.1-6 [9,380 kB]
Get:24 http://deb.debian.org/debian bullseye/main amd64 g++ amd64 4:10.2.1-1 [1,644 B]
Get:25 http://deb.debian.org/debian bullseye/main amd64 make amd64 4.3-4.1 [396 kB]
Get:26 http://deb.debian.org/debian bullseye/main amd64 patch amd64 2.7.6-7 [128 kB]
Get:27 http://deb.debian.org/debian bullseye/main amd64 dpkg-dev all 1.20.12 [2,312 kB]
Get:28 http://deb.debian.org/debian bullseye/main amd64 build-essential amd64 12.9 [7,704 B]
Get:29 http://deb.debian.org/debian bullseye/main amd64 cmake-data all 3.18.4-2+deb11u1 [1,725 kB]
Get:30 http://deb.debian.org/debian bullseye/main amd64 libjsoncpp24 amd64 1.9.4-4 [78.9 kB]
Get:31 http://deb.debian.org/debian bullseye/main amd64 librhash0 amd64 1.4.1-2 [129 kB]
Get:32 http://deb.debian.org/debian bullseye/main amd64 cmake amd64 3.18.4-2+deb11u1 [5,593 kB]
Get:33 http://deb.debian.org/debian bullseye/main amd64 libfakeroot amd64 1.25.3-1.1 [47.0 kB]
Get:34 http://deb.debian.org/debian bullseye/main amd64 fakeroot amd64 1.25.3-1.1 [87.0 kB]
Get:35 http://deb.debian.org/debian bullseye/main amd64 liberror-perl all 0.17029-1 [31.0 kB]
Get:36 http://deb.debian.org/debian bullseye/main amd64 git-man all 1:2.30.2-1 [1,827 kB]
Get:37 http://deb.debian.org/debian bullseye/main amd64 git amd64 1:2.30.2-1 [5,527 kB]
Get:38 http://deb.debian.org/debian bullseye/main amd64 libalgorithm-diff-perl all 1.201-1 [43.3 kB]
Get:39 http://deb.debian.org/debian bullseye/main amd64 libalgorithm-diff-xs-perl amd64 0.04-6+b1 [12.0 kB]
Get:40 http://deb.debian.org/debian bullseye/main amd64 libalgorithm-merge-perl all 0.08-3 [12.7 kB]
Get:41 http://deb.debian.org/debian bullseye-updates/main amd64 libc-devtools amd64 2.31-13+deb11u5 [246 kB]
Get:42 http://deb.debian.org/debian bullseye/main amd64 manpages-dev all 5.10-1 [2,309 kB]
Get:43 http://deb.debian.org/debian bullseye/main amd64 mercurial-common all 5.6.1-4 [2,726 kB]
Get:44 http://deb.debian.org/debian bullseye/main amd64 mercurial amd64 5.6.1-4 [351 kB]
Fetched 69.1 MB in 31s (2,218 kB/s)                                            
Extracting templates from packages: 100%
Selecting previously unselected package binutils-common:amd64.
(Reading database ... 141270 files and directories currently installed.)
Preparing to unpack .../00-binutils-common_2.35.2-2_amd64.deb ...
Unpacking binutils-common:amd64 (2.35.2-2) ...
Selecting previously unselected package libbinutils:amd64.
Preparing to unpack .../01-libbinutils_2.35.2-2_amd64.deb ...
Unpacking libbinutils:amd64 (2.35.2-2) ...
Selecting previously unselected package libctf-nobfd0:amd64.
Preparing to unpack .../02-libctf-nobfd0_2.35.2-2_amd64.deb ...
Unpacking libctf-nobfd0:amd64 (2.35.2-2) ...
Selecting previously unselected package libctf0:amd64.
Preparing to unpack .../03-libctf0_2.35.2-2_amd64.deb ...
Unpacking libctf0:amd64 (2.35.2-2) ...
Selecting previously unselected package binutils-x86-64-linux-gnu.
Preparing to unpack .../04-binutils-x86-64-linux-gnu_2.35.2-2_amd64.deb ...
Unpacking binutils-x86-64-linux-gnu (2.35.2-2) ...
Selecting previously unselected package binutils.
Preparing to unpack .../05-binutils_2.35.2-2_amd64.deb ...
Unpacking binutils (2.35.2-2) ...
Selecting previously unselected package libc-dev-bin.
Preparing to unpack .../06-libc-dev-bin_2.31-13+deb11u5_amd64.deb ...
Unpacking libc-dev-bin (2.31-13+deb11u5) ...
Selecting previously unselected package linux-libc-dev:amd64.
Preparing to unpack .../07-linux-libc-dev_5.10.149-2_amd64.deb ...
Unpacking linux-libc-dev:amd64 (5.10.149-2) ...
Selecting previously unselected package libcrypt-dev:amd64.
Preparing to unpack .../08-libcrypt-dev_1%3a4.4.18-4_amd64.deb ...
Unpacking libcrypt-dev:amd64 (1:4.4.18-4) ...
Selecting previously unselected package libtirpc-dev:amd64.
Preparing to unpack .../09-libtirpc-dev_1.3.1-1+deb11u1_amd64.deb ...
Unpacking libtirpc-dev:amd64 (1.3.1-1+deb11u1) ...
Selecting previously unselected package libnsl-dev:amd64.
Preparing to unpack .../10-libnsl-dev_1.3.0-2_amd64.deb ...
Unpacking libnsl-dev:amd64 (1.3.0-2) ...
Selecting previously unselected package libc6-dev:amd64.
Preparing to unpack .../11-libc6-dev_2.31-13+deb11u5_amd64.deb ...
Unpacking libc6-dev:amd64 (2.31-13+deb11u5) ...
Selecting previously unselected package libcc1-0:amd64.
Preparing to unpack .../12-libcc1-0_10.2.1-6_amd64.deb ...
Unpacking libcc1-0:amd64 (10.2.1-6) ...
Selecting previously unselected package libitm1:amd64.
Preparing to unpack .../13-libitm1_10.2.1-6_amd64.deb ...
Unpacking libitm1:amd64 (10.2.1-6) ...
Selecting previously unselected package libasan6:amd64.
Preparing to unpack .../14-libasan6_10.2.1-6_amd64.deb ...
Unpacking libasan6:amd64 (10.2.1-6) ...
Selecting previously unselected package liblsan0:amd64.
Preparing to unpack .../15-liblsan0_10.2.1-6_amd64.deb ...
Unpacking liblsan0:amd64 (10.2.1-6) ...
Selecting previously unselected package libtsan0:amd64.
Preparing to unpack .../16-libtsan0_10.2.1-6_amd64.deb ...
Unpacking libtsan0:amd64 (10.2.1-6) ...
Selecting previously unselected package libubsan1:amd64.
Preparing to unpack .../17-libubsan1_10.2.1-6_amd64.deb ...
Unpacking libubsan1:amd64 (10.2.1-6) ...
Selecting previously unselected package libgcc-10-dev:amd64.
Preparing to unpack .../18-libgcc-10-dev_10.2.1-6_amd64.deb ...
Unpacking libgcc-10-dev:amd64 (10.2.1-6) ...
Selecting previously unselected package gcc-10.
Preparing to unpack .../19-gcc-10_10.2.1-6_amd64.deb ...
Unpacking gcc-10 (10.2.1-6) ...
Selecting previously unselected package gcc.
Preparing to unpack .../20-gcc_4%3a10.2.1-1_amd64.deb ...
Unpacking gcc (4:10.2.1-1) ...
Selecting previously unselected package libstdc++-10-dev:amd64.
Preparing to unpack .../21-libstdc++-10-dev_10.2.1-6_amd64.deb ...
Unpacking libstdc++-10-dev:amd64 (10.2.1-6) ...
Selecting previously unselected package g++-10.
Preparing to unpack .../22-g++-10_10.2.1-6_amd64.deb ...
Unpacking g++-10 (10.2.1-6) ...
Selecting previously unselected package g++.
Preparing to unpack .../23-g++_4%3a10.2.1-1_amd64.deb ...
Unpacking g++ (4:10.2.1-1) ...
Selecting previously unselected package make.
Preparing to unpack .../24-make_4.3-4.1_amd64.deb ...
Unpacking make (4.3-4.1) ...
Selecting previously unselected package patch.
Preparing to unpack .../25-patch_2.7.6-7_amd64.deb ...
Unpacking patch (2.7.6-7) ...
Selecting previously unselected package dpkg-dev.
Preparing to unpack .../26-dpkg-dev_1.20.12_all.deb ...
Unpacking dpkg-dev (1.20.12) ...
Selecting previously unselected package build-essential.
Preparing to unpack .../27-build-essential_12.9_amd64.deb ...
Unpacking build-essential (12.9) ...
Selecting previously unselected package cmake-data.
Preparing to unpack .../28-cmake-data_3.18.4-2+deb11u1_all.deb ...
Unpacking cmake-data (3.18.4-2+deb11u1) ...
Selecting previously unselected package libjsoncpp24:amd64.
Preparing to unpack .../29-libjsoncpp24_1.9.4-4_amd64.deb ...
Unpacking libjsoncpp24:amd64 (1.9.4-4) ...
Selecting previously unselected package librhash0:amd64.
Preparing to unpack .../30-librhash0_1.4.1-2_amd64.deb ...
Unpacking librhash0:amd64 (1.4.1-2) ...
Selecting previously unselected package cmake.
Preparing to unpack .../31-cmake_3.18.4-2+deb11u1_amd64.deb ...
Unpacking cmake (3.18.4-2+deb11u1) ...
Selecting previously unselected package libfakeroot:amd64.
Preparing to unpack .../32-libfakeroot_1.25.3-1.1_amd64.deb ...
Unpacking libfakeroot:amd64 (1.25.3-1.1) ...
Selecting previously unselected package fakeroot.
Preparing to unpack .../33-fakeroot_1.25.3-1.1_amd64.deb ...
Unpacking fakeroot (1.25.3-1.1) ...
Selecting previously unselected package liberror-perl.
Preparing to unpack .../34-liberror-perl_0.17029-1_all.deb ...
Unpacking liberror-perl (0.17029-1) ...
Selecting previously unselected package git-man.
Preparing to unpack .../35-git-man_1%3a2.30.2-1_all.deb ...
Unpacking git-man (1:2.30.2-1) ...
Selecting previously unselected package git.
Preparing to unpack .../36-git_1%3a2.30.2-1_amd64.deb ...
Unpacking git (1:2.30.2-1) ...
Selecting previously unselected package libalgorithm-diff-perl.
Preparing to unpack .../37-libalgorithm-diff-perl_1.201-1_all.deb ...
Unpacking libalgorithm-diff-perl (1.201-1) ...
Selecting previously unselected package libalgorithm-diff-xs-perl.
Preparing to unpack .../38-libalgorithm-diff-xs-perl_0.04-6+b1_amd64.deb ...
Unpacking libalgorithm-diff-xs-perl (0.04-6+b1) ...
Selecting previously unselected package libalgorithm-merge-perl.
Preparing to unpack .../39-libalgorithm-merge-perl_0.08-3_all.deb ...
Unpacking libalgorithm-merge-perl (0.08-3) ...
Selecting previously unselected package libc-devtools.
Preparing to unpack .../40-libc-devtools_2.31-13+deb11u5_amd64.deb ...
Unpacking libc-devtools (2.31-13+deb11u5) ...
Selecting previously unselected package manpages-dev.
Preparing to unpack .../41-manpages-dev_5.10-1_all.deb ...
Unpacking manpages-dev (5.10-1) ...
Selecting previously unselected package mercurial-common.
Preparing to unpack .../42-mercurial-common_5.6.1-4_all.deb ...
Unpacking mercurial-common (5.6.1-4) ...
Selecting previously unselected package mercurial.
Preparing to unpack .../43-mercurial_5.6.1-4_amd64.deb ...
Unpacking mercurial (5.6.1-4) ...
Setting up manpages-dev (5.10-1) ...
Setting up mercurial-common (5.6.1-4) ...
Setting up libalgorithm-diff-perl (1.201-1) ...
Setting up binutils-common:amd64 (2.35.2-2) ...
Setting up linux-libc-dev:amd64 (5.10.149-2) ...
Setting up libctf-nobfd0:amd64 (2.35.2-2) ...
Setting up libfakeroot:amd64 (1.25.3-1.1) ...
Setting up libasan6:amd64 (10.2.1-6) ...
Setting up fakeroot (1.25.3-1.1) ...
update-alternatives: using /usr/bin/fakeroot-sysv to provide /usr/bin/fakeroot (
fakeroot) in auto mode
Setting up liberror-perl (0.17029-1) ...
Setting up libtirpc-dev:amd64 (1.3.1-1+deb11u1) ...
Setting up make (4.3-4.1) ...
Setting up patch (2.7.6-7) ...
Setting up libjsoncpp24:amd64 (1.9.4-4) ...
Setting up libubsan1:amd64 (10.2.1-6) ...
Setting up libnsl-dev:amd64 (1.3.0-2) ...
Setting up librhash0:amd64 (1.4.1-2) ...
Setting up libcrypt-dev:amd64 (1:4.4.18-4) ...
Setting up git-man (1:2.30.2-1) ...
Setting up cmake-data (3.18.4-2+deb11u1) ...
Setting up libbinutils:amd64 (2.35.2-2) ...
Setting up libc-dev-bin (2.31-13+deb11u5) ...
Setting up libalgorithm-diff-xs-perl (0.04-6+b1) ...
Setting up libcc1-0:amd64 (10.2.1-6) ...
Setting up liblsan0:amd64 (10.2.1-6) ...
Setting up libitm1:amd64 (10.2.1-6) ...
Setting up libc-devtools (2.31-13+deb11u5) ...
Setting up libalgorithm-merge-perl (0.08-3) ...
Setting up libtsan0:amd64 (10.2.1-6) ...
Setting up libctf0:amd64 (2.35.2-2) ...
Setting up mercurial (5.6.1-4) ...

Creating config file /etc/mercurial/hgrc.d/hgext.rc with new version
Setting up libgcc-10-dev:amd64 (10.2.1-6) ...
Setting up git (1:2.30.2-1) ...
Setting up cmake (3.18.4-2+deb11u1) ...
Setting up libc6-dev:amd64 (2.31-13+deb11u5) ...
Setting up binutils-x86-64-linux-gnu (2.35.2-2) ...
Setting up libstdc++-10-dev:amd64 (10.2.1-6) ...
Setting up binutils (2.35.2-2) ...
Setting up dpkg-dev (1.20.12) ...
Setting up gcc-10 (10.2.1-6) ...
Setting up g++-10 (10.2.1-6) ...
Setting up gcc (4:10.2.1-1) ...
Setting up g++ (4:10.2.1-1) ...
update-alternatives: using /usr/bin/g++ to provide /usr/bin/c++ (c++) in auto mo
de
Setting up build-essential (12.9) ...
Processing triggers for man-db (2.9.4-2) ...
Processing triggers for libc-bin (2.31-13+deb11u5) ...
magiclantern@debian-magiclantern:~$ gcc --version
gcc (Debian 10.2.1-6) 10.2.1 20210110
Copyright (C) 2020 Free Software Foundation, Inc.
This is free software; see the source for copying conditions.  There is NO
warranty; not even for MERCHANTABILITY or FITNESS FOR A PARTICULAR PURPOSE.

magiclantern@debian-magiclantern:~$ g++ --version
g++ (Debian 10.2.1-6) 10.2.1 20210110
Copyright (C) 2020 Free Software Foundation, Inc.
This is free software; see the source for copying conditions.  There is NO
warranty; not even for MERCHANTABILITY or FITNESS FOR A PARTICULAR PURPOSE.

magiclantern@debian-magiclantern:~$ 

