Extracting templates from packages: 100%
Selecting previously unselected package bison++.
(Reading database ... 174697 files and directories currently installed.)
Preparing to unpack .../00-bison++_1.21.11-4+b1_amd64.deb ...
Unpacking bison++ (1.21.11-4+b1) ...
Selecting previously unselected package libmilter1.0.1:amd64.
Preparing to unpack .../01-libmilter1.0.1_8.15.2-22_amd64.deb ...
Unpacking libmilter1.0.1:amd64 (8.15.2-22) ...
Selecting previously unselected package libbobcat5.
Preparing to unpack .../02-libbobcat5_5.07.00-1_amd64.deb ...
Unpacking libbobcat5 (5.07.00-1) ...
Selecting previously unselected package bisonc++.
Preparing to unpack .../03-bisonc++_6.04.01-1_amd64.deb ...
Unpacking bisonc++ (6.04.01-1) ...
Selecting previously unselected package bisonc++-doc.
Preparing to unpack .../04-bisonc++-doc_6.04.01-1_all.deb ...
Unpacking bisonc++-doc (6.04.01-1) ...
Selecting previously unselected package flex-old.
Preparing to unpack .../05-flex-old_2.5.4a-10.1_amd64.deb ...
Unpacking flex-old (2.5.4a-10.1) ...
Selecting previously unselected package python3-cffi-backend:amd64.
Preparing to unpack .../06-python3-cffi-backend_1.14.5-1_amd64.deb ...
Unpacking python3-cffi-backend:amd64 (1.14.5-1) ...
Selecting previously unselected package python3-cryptography.
Preparing to unpack .../07-python3-cryptography_3.3.2-1_amd64.deb ...
Unpacking python3-cryptography (3.3.2-1) ...
Selecting previously unselected package python3-future.
Preparing to unpack .../08-python3-future_0.18.2-5_all.deb ...
Unpacking python3-future (0.18.2-5) ...
Selecting previously unselected package python3-requests-file.
Preparing to unpack .../09-python3-requests-file_1.5.1-1_all.deb ...
Unpacking python3-requests-file (1.5.1-1) ...
Selecting previously unselected package python3-tldextract.
Preparing to unpack .../10-python3-tldextract_2.2.1-1_all.deb ...
Unpacking python3-tldextract (2.2.1-1) ...
Selecting previously unselected package python3-lexicon.
Preparing to unpack .../11-python3-lexicon_3.3.17-1_all.deb ...
Unpacking python3-lexicon (3.3.17-1) ...
Selecting previously unselected package lexicon.
Preparing to unpack .../12-lexicon_3.3.17-1_all.deb ...
Unpacking lexicon (3.3.17-1) ...
Selecting previously unselected package libnss3-tools.
Preparing to unpack .../13-libnss3-tools_2%3a3.61-1+deb11u2_amd64.deb ...
Unpacking libnss3-tools (2:3.61-1+deb11u2) ...
Selecting previously unselected package python3-argcomplete.
Preparing to unpack .../14-python3-argcomplete_1.8.1-1.5_all.deb ...
Unpacking python3-argcomplete (1.8.1-1.5) ...
Selecting previously unselected package python3-argparse-manpage.
Preparing to unpack .../15-python3-argparse-manpage_1.2.2-1_all.deb ...
Unpacking python3-argparse-manpage (1.2.2-1) ...
Selecting previously unselected package python3-attr.
Preparing to unpack .../16-python3-attr_20.3.0-1_all.deb ...
Unpacking python3-attr (20.3.0-1) ...
Selecting previously unselected package python3-jmespath.
Preparing to unpack .../17-python3-jmespath_0.10.0-1_all.deb ...
Unpacking python3-jmespath (0.10.0-1) ...
Selecting previously unselected package python3-botocore.
Preparing to unpack .../18-python3-botocore_1.20.0+repack-1_all.deb ...
Unpacking python3-botocore (1.20.0+repack-1) ...
Selecting previously unselected package python3-s3transfer.
Preparing to unpack .../19-python3-s3transfer_0.3.4-1_all.deb ...
Unpacking python3-s3transfer (0.3.4-1) ...
Selecting previously unselected package python3-boto3.
Preparing to unpack .../20-python3-boto3_1.13.14-1_all.deb ...
Unpacking python3-boto3 (1.13.14-1) ...
Selecting previously unselected package python3-colorama.
Preparing to unpack .../21-python3-colorama_0.4.4-1_all.deb ...
Unpacking python3-colorama (0.4.4-1) ...
Selecting previously unselected package python3-click.
Preparing to unpack .../22-python3-click_7.1.2-1_all.deb ...
Unpacking python3-click (7.1.2-1) ...
Selecting previously unselected package python3-iniconfig.
Preparing to unpack .../23-python3-iniconfig_1.1.1-1_all.deb ...
Unpacking python3-iniconfig (1.1.1-1) ...
Selecting previously unselected package python3-pyasn1.
Preparing to unpack .../24-python3-pyasn1_0.4.8-1_all.deb ...
Unpacking python3-pyasn1 (0.4.8-1) ...
Selecting previously unselected package python3-pyasn1-modules.
Preparing to unpack .../25-python3-pyasn1-modules_0.2.1-1_all.deb ...
Unpacking python3-pyasn1-modules (0.2.1-1) ...
Selecting previously unselected package python3-ldap:amd64.
Preparing to unpack .../26-python3-ldap_3.2.0-4+b3_amd64.deb ...
Unpacking python3-ldap:amd64 (3.2.0-4+b3) ...
Selecting previously unselected package python3-liac-arff.
Preparing to unpack .../27-python3-liac-arff_2.5.0-1_all.deb ...
Unpacking python3-liac-arff (2.5.0-1) ...
Selecting previously unselected package python3-pluggy.
Preparing to unpack .../28-python3-pluggy_0.13.0-6_all.deb ...
Unpacking python3-pluggy (0.13.0-6) ...
Selecting previously unselected package python3-py.
Preparing to unpack .../29-python3-py_1.10.0-1_all.deb ...
Unpacking python3-py (1.10.0-1) ...
Selecting previously unselected package python3-toml.
Preparing to unpack .../30-python3-toml_0.10.1-1_all.deb ...
Unpacking python3-toml (0.10.1-1) ...
Selecting previously unselected package python3-pytest.
Preparing to unpack .../31-python3-pytest_6.0.2-2_all.deb ...
Unpacking python3-pytest (6.0.2-2) ...
Selecting previously unselected package python3-lib389.
Preparing to unpack .../32-python3-lib389_1.4.4.11-2_all.deb ...
Unpacking python3-lib389 (1.4.4.11-2) ...
Selecting previously unselected package python3-libconf.
Preparing to unpack .../33-python3-libconf_2.0.1-3_all.deb ...
Unpacking python3-libconf (2.0.1-3) ...
Selecting previously unselected package python3-mock.
Preparing to unpack .../34-python3-mock_4.0.3-1_all.deb ...
Unpacking python3-mock (4.0.3-1) ...
Selecting previously unselected package python3-nose.
Preparing to unpack .../35-python3-nose_1.3.7-7_all.deb ...
Unpacking python3-nose (1.3.7-7) ...
Selecting previously unselected package python3-wcwidth.
Preparing to unpack .../36-python3-wcwidth_0.1.9+dfsg1-2_all.deb ...
Unpacking python3-wcwidth (0.1.9+dfsg1-2) ...
Selecting previously unselected package python3-prompt-toolkit.
Preparing to unpack .../37-python3-prompt-toolkit_3.0.14-1_all.deb ...
Unpacking python3-prompt-toolkit (3.0.14-1) ...
Selecting previously unselected package python3-ptable.
Preparing to unpack .../38-python3-ptable_0.9.2-2_all.deb ...
Unpacking python3-ptable (0.9.2-2) ...
Selecting previously unselected package python3-softlayer.
Preparing to unpack .../39-python3-softlayer_5.8.5-2_all.deb ...
Unpacking python3-softlayer (5.8.5-2) ...
Setting up python3-iniconfig (1.1.1-1) ...
Setting up python3-attr (20.3.0-1) ...
Setting up python3-py (1.10.0-1) ...
Setting up python3-colorama (0.4.4-1) ...
Setting up python3-click (7.1.2-1) ...
Setting up python3-nose (1.3.7-7) ...
Setting up python3-mock (4.0.3-1) ...
Setting up flex-old (2.5.4a-10.1) ...
Setting up python3-wcwidth (0.1.9+dfsg1-2) ...
Setting up bisonc++-doc (6.04.01-1) ...
Setting up libmilter1.0.1:amd64 (8.15.2-22) ...
Setting up python3-jmespath (0.10.0-1) ...
Setting up python3-botocore (1.20.0+repack-1) ...
Setting up python3-liac-arff (2.5.0-1) ...
Setting up python3-argparse-manpage (1.2.2-1) ...
Setting up python3-ptable (0.9.2-2) ...
/usr/lib/python3/dist-packages/prettytable/prettytable.py:421: SyntaxWarning: "is" with a literal. Did you mean "=="?
  elif val is None or (isinstance(val, dict) and len(val) is 0):
/usr/lib/python3/dist-packages/prettytable/prettytable.py:441: SyntaxWarning: "is" with a literal. Did you mean "=="?
  elif val is None or (isinstance(val, dict) and len(val) is 0):
/usr/lib/python3/dist-packages/prettytable/prettytable.py:459: SyntaxWarning: "is" with a literal. Did you mean "=="?
  if val is None or (isinstance(val, dict) and len(val) is 0):
/usr/lib/python3/dist-packages/prettytable/prettytable.py:476: SyntaxWarning: "is" with a literal. Did you mean "=="?
  if val is None or (isinstance(val, dict) and len(val) is 0):
/usr/lib/python3/dist-packages/prettytable/prettytable.py:674: SyntaxWarning: "is" with a literal. Did you mean "=="?
  if val is None or (isinstance(val, dict) and len(val) is 0):
/usr/lib/python3/dist-packages/prettytable/prettytable.py:691: SyntaxWarning: "is" with a literal. Did you mean "=="?
  if val is None or (isinstance(val, dict) and len(val) is 0):
Setting up python3-toml (0.10.1-1) ...
Setting up python3-pluggy (0.13.0-6) ...
Setting up python3-libconf (2.0.1-3) ...
Setting up python3-pyasn1 (0.4.8-1) ...
Setting up python3-requests-file (1.5.1-1) ...
Setting up python3-future (0.18.2-5) ...
update-alternatives: using /usr/bin/python3-futurize to provide /usr/bin/futurize (futurize) in auto mode
update-alternatives: using /usr/bin/python3-pasteurize to provide /usr/bin/pasteurize (pasteurize) in auto mode
Setting up python3-argcomplete (1.8.1-1.5) ...
Setting up libnss3-tools (2:3.61-1+deb11u2) ...
Setting up python3-cffi-backend:amd64 (1.14.5-1) ...
Setting up bison++ (1.21.11-4+b1) ...
update-alternatives: using /usr/bin/bison++.yacc to provide /usr/bin/yacc (yacc) in auto mode
Setting up python3-tldextract (2.2.1-1) ...
/usr/lib/python3/dist-packages/tldextract/cli.py:51: SyntaxWarning: "is" with a literal. Did you mean "=="?
  elif len(args.input) is 0:
Setting up python3-prompt-toolkit (3.0.14-1) ...
Setting up python3-pytest (6.0.2-2) ...
Setting up python3-s3transfer (0.3.4-1) ...
Setting up libbobcat5 (5.07.00-1) ...
Setting up python3-pyasn1-modules (0.2.1-1) ...
Setting up python3-cryptography (3.3.2-1) ...
Setting up python3-boto3 (1.13.14-1) ...
Setting up python3-softlayer (5.8.5-2) ...
Setting up python3-ldap:amd64 (3.2.0-4+b3) ...
Setting up python3-lexicon (3.3.17-1) ...
Setting up python3-lib389 (1.4.4.11-2) ...
Setting up bisonc++ (6.04.01-1) ...
Setting up lexicon (3.3.17-1) ...
Processing triggers for man-db (2.9.4-2) ...
Processing triggers for libc-bin (2.31-13+deb11u5) ...

