magiclantern@debian-magiclantern:~/sauce/simplified/qemu-eos-build$ make -j16 && make plugins && cp tests/plugin/libmagiclantern.so arm-softmmu/plugins/

make[1]: Entering directory '/home/magiclantern/sauce/simplified/qemu-eos/slirp'

make[1]: Nothing to be done for 'all'.

make[1]: Leaving directory '/home/magiclantern/sauce/simplified/qemu-eos/slirp'

	 LEX convert-dtsv0-lexer.lex.c

	 BISON dtc-parser.tab.c

make[1]: flex: No such file or directory

make[1]: bison: No such file or directory

	 LEX dtc-lexer.lex.c

make[1]: flex: No such file or directory

make[1]: Entering directory '/home/magiclantern/sauce/simplified/qemu-eos/slirp'

make[1]: Nothing to be done for 'all'.

make[1]: Leaving directory '/home/magiclantern/sauce/simplified/qemu-eos/slirp'

	 LEX convert-dtsv0-lexer.lex.c

make[1]: flex: No such file or directory

	 BISON dtc-parser.tab.c

make[1]: bison: No such file or directory

	 LEX dtc-lexer.lex.c

make[1]: flex: No such file or directory

  BUILD   plugins

magiclantern@debian-magiclantern:~/sauce/simplified/qemu-eos-build$