joelwindows7@JOEL-ROG-GL503GE:~/sauce/simplified/qemu-eos-build$ gcc
gcc            gcc-ar         gcc-nm         gcc-ranlib
gcc-11         gcc-ar-11      gcc-nm-11      gcc-ranlib-11
joelwindows7@JOEL-ROG-GL503GE:~/sauce/simplified/qemu-eos-build$ gcc --version
gcc (Ubuntu 11.3.0-1ubuntu1~22.04) 11.3.0
Copyright (C) 2021 Free Software Foundation, Inc.
This is free software; see the source for copying conditions.  There is NO
warranty; not even for MERCHANTABILITY or FITNESS FOR A PARTICULAR PURPOSE.

joelwindows7@JOEL-ROG-GL503GE:~/sauce/simplified/qemu-eos-build$

joelwindows7@JOEL-ROG-GL503GE:~/sauce/simplified/qemu-eos-build$ sudo apt install gcc-10
0 upgraded, 4 newly installed, 0 to remove and 0 not upgraded.
Need to get 30.9 MB of archives.
After this operation, 94.4 MB of additional disk space will be used.
Do you want to continue? [Y/n] y
Get:1 http://archive.ubuntu.com/ubuntu jammy-updates/universe amd64 gcc-10-base amd64 10.4.0-4ubuntu1~22.04 [20.2 kB]
Get:2 http://archive.ubuntu.com/ubuntu jammy-updates/universe amd64 cpp-10 amd64 10.4.0-4ubuntu1~22.04 [9351 kB]
Get:3 http://archive.ubuntu.com/ubuntu jammy-updates/universe amd64 libgcc-10-dev amd64 10.4.0-4ubuntu1~22.04 [2494 kB]
Get:4 http://archive.ubuntu.com/ubuntu jammy-updates/universe amd64 gcc-10 amd64 10.4.0-4ubuntu1~22.04 [19.0 MB]
Fetched 30.9 MB in 33s (923 kB/s)
Selecting previously unselected package gcc-10-base:amd64.
(Reading database ... 82920 files and directories currently installed.)
Preparing to unpack .../gcc-10-base_10.4.0-4ubuntu1~22.04_amd64.deb ...
Unpacking gcc-10-base:amd64 (10.4.0-4ubuntu1~22.04) ...
Selecting previously unselected package cpp-10.
Preparing to unpack .../cpp-10_10.4.0-4ubuntu1~22.04_amd64.deb ...
Unpacking cpp-10 (10.4.0-4ubuntu1~22.04) ...
Selecting previously unselected package libgcc-10-dev:amd64.
Preparing to unpack .../libgcc-10-dev_10.4.0-4ubuntu1~22.04_amd64.deb ...
Unpacking libgcc-10-dev:amd64 (10.4.0-4ubuntu1~22.04) ...
Selecting previously unselected package gcc-10.
Preparing to unpack .../gcc-10_10.4.0-4ubuntu1~22.04_amd64.deb ...
Unpacking gcc-10 (10.4.0-4ubuntu1~22.04) ...
Setting up gcc-10-base:amd64 (10.4.0-4ubuntu1~22.04) ...
Setting up cpp-10 (10.4.0-4ubuntu1~22.04) ...
Setting up libgcc-10-dev:amd64 (10.4.0-4ubuntu1~22.04) ...
Setting up gcc-10 (10.4.0-4ubuntu1~22.04) ...
Processing triggers for man-db (2.10.2-1) ...
