joelwindows7@JOEL-ROG-GL503GE:~/sauce/simplified/magic-lantern$ cd platform/200D.101/
joelwindows7@JOEL-ROG-GL503GE:~/sauce/simplified/magic-lantern/platform/200D.101$ ls
Makefile                   TODO.txt  consts.h    function_overrides.c  include      property_whitelist.h
Makefile.platform.default  cfn.c     features.h  gui.h                 internals.h  stubs.S
joelwindows7@JOEL-ROG-GL503GE:~/sauce/simplified/magic-lantern/platform/200D.101$ make zip
Using /usr/bin/arm-none-eabi-gcc (from PATH).
[ RM dir   ]   /home/joelwindows7/sauce/simplified/magic-lantern/platform/200D.101/zip/
mkdir -p /home/joelwindows7/sauce/simplified/magic-lantern/platform/200D.101/zip
[ MKDIR    ]   ML directory structure...
[ CPP      ]   magiclantern.lds
mv tmp.lds magiclantern.lds
[ AS       ]   entry.o
[ AS       ]   ../../platform/200D.101/stubs.o
[ VERSION  ]   ../../platform/200D.101/version.c
../../build_tools/git_summary.py >> ../../platform/200D.101/version.c
[ CC       ]   version.o
[ CC       ]   backtrace.o
[ CC       ]   sgi.o
[ CC       ]   cpu.o
[ CC       ]   mmu_utils.o
[ CC       ]   patch_mmu.o
[ CC       ]   boot-d678.o
[ CC       ]   init.o
[ CC       ]   fio-ml.o
[ CC       ]   mem.o
[ CC       ]   ico.o
[ CC       ]   edmac.o
[ CC       ]   menu.o
[ CC       ]   debug.o
[ CC       ]   rand.o
[ CC       ]   posix.o
[ CC       ]   util.o
[ CC       ]   imath.o
[ CC       ]   electronic_level.o
[ CC       ]   cfn.o
[ CC       ]   gui.o
[ CC       ]   picstyle.o
[ CC       ]   exmem.o
[ CC       ]   compositor.o
[ CC       ]   bmp.o
[ CC       ]   rbf_font.o
[ CC       ]   config.o
[ CC       ]   stdio.o
../../src/stdio.c: In function 'snprintf':
../../src/stdio.c:87:8: warning: 'nonnull' argument 'fmt' compared to NULL [-Wnonnull-compare]
   87 |     if (fmt == NULL)
      |        ^
[ CC       ]   bitrate.o
[ CC       ]   lcdsensor.o
[ CC       ]   tweaks.o
[ CC       ]   tweaks-eyefi.o
[ CC       ]   lens.o
[ CC       ]   property.o
[ CC       ]   propvalues.o
[ CC       ]   gui-common.o
[ CC       ]   chdk-gui_draw.o
[ CC       ]   movtweaks.o
[ CC       ]   menuhelp.o
[ MENU IDX ]   ../../src/menuindexentries.h

No menuindex.txt! The "Complete user guide" menu is empty!
Run make docq to update menuindex.txt.

[ CC       ]   menuindex.o
[ CC       ]   af_patterns.o
[ CC       ]   focus.o
[ CC       ]   notify_box.o
[ CC       ]   bootflags.o
[ CC       ]   dialog_test.o
[ CC       ]   vram.o
[ CC       ]   greenscreen.o
[ CC       ]   fps-engio.o
[ CC       ]   shoot.o
[ CC       ]   hdr.o
[ CC       ]   lv-img-engio.o
[ CC       ]   state-object.o
[ CC       ]   tasks.o
[ CC       ]   vsync-lite.o
[ CC       ]   tskmon.o
[ CC       ]   battery.o
[ CC       ]   imgconv.o
[ CC       ]   histogram.o
[ CC       ]   falsecolor.o
[ CC       ]   audio-ak.o
[ CC       ]   zebra.o
[ CC       ]   vectorscope.o
[ CC       ]   beep.o
[ CC       ]   crop-mode-hack.o
[ CC       ]   ph_info_disp.o
[ CC       ]   flexinfo.o
[ CC       ]   screenshot.o
[ CC       ]   fileprefix.o
[ CC       ]   lvinfo.o
[ CC       ]   builtin-enforcing.o
[ CC       ]   powersave.o
[ CC       ]   ml-cbr.o
[ CC       ]   raw.o
[ CC       ]   chdk-dng.o
[ CC       ]   edmac-memcpy.o
[ CC       ]   cache_hacks.o
[ CC       ]   patch.o
[ CC       ]   cache.o
[ CC       ]   console.o
[ CC       ]   tcc-glue.o
make -C ../../tcc
make[1]: Entering directory '/home/joelwindows7/sauce/simplified/magic-lantern/tcc'
make[1]: Nothing to be done for 'all'.
make[1]: Leaving directory '/home/joelwindows7/sauce/simplified/magic-lantern/tcc'
[ CC       ]   module.o
../../src/module.c: In function '_module_load_all':
../../src/module.c:828:52: warning: cast between incompatible function types from 'unsigned int (*)(unsigned int)' to 'ml_cbr_action (*)(const char *, void *)' [-Wcast-function-type]
  828 |                         ml_register_cbr(cbr->name, (cbr_func)cbr->handler, 0);
      |                                                    ^
../../src/module.c: In function '_module_unload_all':
../../src/module.c:890:50: warning: cast between incompatible function types from 'unsigned int (*)(unsigned int)' to 'ml_cbr_action (*)(const char *, void *)' [-Wcast-function-type]
  890 |                     ml_unregister_cbr(cbr->name, (cbr_func)cbr->handler);
      |                                                  ^
../../src/module.c: In function '_module_load_all':
../../src/module.c:536:13: warning: 'snprintf' argument 5 may overlap destination object 'module_list' [-Wrestrict]
  536 |             snprintf(module_list[module_cnt].long_filename, sizeof(module_list[module_cnt].long_filename), "%s%s", MODULE_PATH, module_list[module_cnt].filename);
      |             ^~~~~~~~~~~~~~~~~~~~~~~~~~~~~~~~~~~~~~~~~~~~~~~~~~~~~~~~~~~~~~~~~~~~~~~~~~~~~~~~~~~~~~~~~~~~~~~~~~~~~~~~~~~~~~~~~~~~~~~~~~~~~~~~~~~~~~~~~~~~~~~~~~~~~
../../src/module.c:27:23: note: destination object referenced by 'restrict'-qualified argument 1 was declared here
   27 | static module_entry_t module_list[MODULE_COUNT_MAX];
      |                       ^~~~~~~~~~~
[ CC       ]   function_overrides.o
[ AR       ]   strrchr.o
[ AR       ]   dietlibc.a
[ AR       ]   lib_a-setjmp.o
[ AR       ]   newlib-libc.a
[ CP       ]   newlib-libm.a
[ CP       ]   gcc-libgcc.a
[ LD       ]   magiclantern
[ SYMBOLS  ]   magiclantern.sym
[ CP       ]   200D_101.sym
[ CP       ]   install
[ VERSION  ]   ../../platform/200D.101/version.bin
../../build_tools/git_summary.py >> ../../platform/200D.101/version.bin
[ OBJCOPY  ]   magiclantern.bin
[ STAT     ]   magiclantern.bin
magiclantern.bin: 239688 bytes
[ CC       ]   reboot.o
[ CC       ]   disp_direct.o
[ CC       ]   font_direct.o
[ CC       ]   footer.o
[ LD       ]   autoexec
[ XOR_CHK  ]   ../../build_tools/xor_chk
[ OBJCOPY  ]   autoexec.bin
[ XOR_CHK  ]   autoexec.bin
cp autoexec.bin /home/joelwindows7/sauce/simplified/magic-lantern/platform/200D.101/zip/
cp ../../data/fonts/*.rbf /home/joelwindows7/sauce/simplified/magic-lantern/platform/200D.101/zip/ML/fonts/
cp ../../data/vram/*.lut /home/joelwindows7/sauce/simplified/magic-lantern/platform/200D.101/zip/ML/data/
cp ../../data/cropmks/*.bmp /home/joelwindows7/sauce/simplified/magic-lantern/platform/200D.101/zip/ML/cropmks/
[ SCRIPTS  ]   install_extra_data
for target in  CONFIG_MODULES_install; do make $target; done
make[1]: Entering directory '/home/joelwindows7/sauce/simplified/magic-lantern/platform/200D.101'
make -C ../../modules
make[2]: Entering directory '/home/joelwindows7/sauce/simplified/magic-lantern/modules'
make[3]: Entering directory '/home/joelwindows7/sauce/simplified/magic-lantern/modules'
make[4]: Entering directory '/home/joelwindows7/sauce/simplified/magic-lantern/modules/mlv_lite'

Building module mlv_lite...
[ README   ]   module_strings.h
[ CC       ]   mlv_lite.o
[ CC       ]   ../mlv_rec/mlv.o
../mlv_rec/mlv.c:38:14: warning: mismatch in argument 3 type of built-in function 'strncpy'; expected 'unsigned int' [-Wbuiltin-declaration-mismatch]
   38 | extern char *strncpy(char *dest, const char *src, int n);
      |              ^~~~~~~
../mlv_rec/mlv.c:33:1: note: 'strncpy' is declared in header '<string.h>'
   32 | #include "../trace/trace.h"
  +++ |+#include <string.h>
   33 |
[ MODULE   ]   mlv_lite.mo
[ STRIP    ]   mlv_lite.mo
[ RM       ]
[ EXPORTS  ]   mlv_lite.sym
00000018 raw_movie_filename
00000170 raw_video_enabled
00000764 raw_rec_trace_ctx
00004b48 mlv_prng_lfsr
00004b7c mlv_generate_guid
00004c00 mlv_set_type
00004c10 mlv_init_fileheader
00004c5c mlv_set_timestamp
00004cc4 mlv_fill_lens
00004dc8 mlv_fill_wbal
00004ef0 mlv_fill_styl
00005024 mlv_fill_expo
00005178 mlv_fill_rtci
000052c4 mlv_fill_idnt
000053a0 mlv_build_vers
0000546c mlv_write_vers_blocks
[ DEPENDS  ]   mlv_lite.dep
make[4]: Leaving directory '/home/joelwindows7/sauce/simplified/magic-lantern/modules/mlv_lite'
make[4]: Entering directory '/home/joelwindows7/sauce/simplified/magic-lantern/modules/mlv_play'

Building module mlv_play...
[ README   ]   module_strings.h
[ CC       ]   mlv_play.o
mlv_play.c: In function 'mlv_play_start_fps_timer':
mlv_play.c:1596:39: warning: this statement may fall through [-Wimplicit-fallthrough=]
 1596 |             mlv_play_frame_dividers[1]++;
      |             ~~~~~~~~~~~~~~~~~~~~~~~~~~^~
mlv_play.c:1597:9: note: here
 1597 |         case 1:
      |         ^~~~
mlv_play.c: In function 'mlv_play_mlv.constprop':
mlv_play.c:1630:5: warning: 'memset' forming offset [44, 179] is out of the bounds [0, 44] of object 'wavi_block' with type 'mlv_rtci_hdr_t' [-Warray-bounds]
 1630 |     memset(&wavi_block, 0x00, sizeof(mlv_rawi_hdr_t));
      |     ^~~~~~~~~~~~~~~~~~~~~~~~~~~~~~~~~~~~~~~~~~~~~~~~~
mlv_play.c:1623:20: note: 'wavi_block' declared here
 1623 |     mlv_rtci_hdr_t wavi_block;
      |                    ^~~~~~~~~~
[ LD       ]   video.bmp.rsc
[ MODULE   ]   mlv_play.mo
[ STRIP    ]   mlv_play.mo
[ RM       ]
[ EXPORTS  ]   mlv_play.sym
00000118 _binary_video_bmp_start
00003dd8 mlv_play_file
00004436 _binary_video_bmp_size
0000454e _binary_video_bmp_end
[ DEPENDS  ]   mlv_play.dep
make[4]: Leaving directory '/home/joelwindows7/sauce/simplified/magic-lantern/modules/mlv_play'
make[4]: Entering directory '/home/joelwindows7/sauce/simplified/magic-lantern/modules/mlv_rec'

Building module mlv_rec...
[ README   ]   module_strings.h
[ CC       ]   mlv_rec.o
mlv_rec.c: In function 'raw_tag_str_start':
mlv_rec.c:3786:20: warning: pointer targets in passing argument 1 of 'ime_base_start' differ in signedness [-Wpointer-sign]
 3786 |     ime_base_start((unsigned char *)"Enter text", (unsigned char *)raw_tag_str_tmp, sizeof(raw_tag_str_tmp)-1, IME_UTF8, IME_CHARSET_ANY, NULL, raw_tag_str_done, 0, 0, 0, 0);
      |                    ^~~~~~~~~~~~~~~~~~~~~~~~~~~~~
      |                    |
      |                    unsigned char *
In file included from mlv_rec.c:78:
../ime_base/ime_base.h:70:31: note: expected 'char *' but argument is of type 'unsigned char *'
   70 | extern IME_WEAK(ret_0) void * ime_base_start (char *caption, char *text, int32_t max_length, int32_t codepage, int32_t charset, t_ime_update_cbr update_cbr, t_ime_done_cbr done_cbr, int32_t x, int32_t y, int32_t w, int32_t h );
      |                               ^~~~~~~~~~~~~~
mlv_rec.c:3786:51: warning: pointer targets in passing argument 2 of 'ime_base_start' differ in signedness [-Wpointer-sign]
 3786 |     ime_base_start((unsigned char *)"Enter text", (unsigned char *)raw_tag_str_tmp, sizeof(raw_tag_str_tmp)-1, IME_UTF8, IME_CHARSET_ANY, NULL, raw_tag_str_done, 0, 0, 0, 0);
      |                                                   ^~~~~~~~~~~~~~~~~~~~~~~~~~~~~~~~
      |                                                   |
      |                                                   unsigned char *
In file included from mlv_rec.c:78:
../ime_base/ime_base.h:70:31: note: expected 'char *' but argument is of type 'unsigned char *'
   70 | extern IME_WEAK(ret_0) void * ime_base_start (char *caption, char *text, int32_t max_length, int32_t codepage, int32_t charset, t_ime_update_cbr update_cbr, t_ime_done_cbr done_cbr, int32_t x, int32_t y, int32_t w, int32_t h );
      |                               ^~~~~~~~~~~~~~
[ CC       ]   mlv.o
mlv.c:38:14: warning: mismatch in argument 3 type of built-in function 'strncpy'; expected 'unsigned int' [-Wbuiltin-declaration-mismatch]
   38 | extern char *strncpy(char *dest, const char *src, int n);
      |              ^~~~~~~
mlv.c:33:1: note: 'strncpy' is declared in header '<string.h>'
   32 | #include "../trace/trace.h"
  +++ |+#include <string.h>
   33 |
[ MODULE   ]   mlv_rec.mo
[ STRIP    ]   mlv_rec.mo
[ RM       ]
[ EXPORTS  ]   mlv_rec.sym
00000068 mlv_block_queue
000000bc mlv_video_enabled
00000160 raw_rec_trace_ctx
00000168 mlv_mgr_queue
0000016c mlv_mgr_queue_close
00000170 mlv_job_alloc_queue
00000218 mlv_movie_filename
00007078 mlv_rec_queue_block
00007094 mlv_rec_set_rel_timestamp
000070e8 mlv_rec_get_free_slot
000071b4 mlv_rec_get_slot_info
00007288 mlv_rec_release_slot
000072d8 mlv_prng_lfsr
0000730c mlv_generate_guid
00007390 mlv_set_type
000073a0 mlv_init_fileheader
000073ec mlv_set_timestamp
00007454 mlv_fill_lens
00007558 mlv_fill_wbal
00007680 mlv_fill_styl
000077b4 mlv_fill_expo
00007908 mlv_fill_rtci
00007a54 mlv_fill_idnt
00007b30 mlv_build_vers
00007bfc mlv_write_vers_blocks
[ DEPENDS  ]   mlv_rec.dep
make[4]: Leaving directory '/home/joelwindows7/sauce/simplified/magic-lantern/modules/mlv_rec'
make[4]: Entering directory '/home/joelwindows7/sauce/simplified/magic-lantern/modules/mlv_snd'

Building module mlv_snd...
[ README   ]   module_strings.h
[ CC       ]   mlv_snd.o
[ MODULE   ]   mlv_snd.mo
[ STRIP    ]   mlv_snd.mo
[ RM       ]
[ EXPORTS  ]   mlv_snd.sym
00000078 mlv_snd_next_buffer
0000007c mlv_snd_current_buffer
00000928 raw_rec_cbr_starting
00000a70 raw_rec_cbr_started
00000c20 raw_rec_cbr_stopping
00000d48 raw_rec_cbr_mlv_block
[ DEPENDS  ]   mlv_snd.dep
make[4]: Leaving directory '/home/joelwindows7/sauce/simplified/magic-lantern/modules/mlv_snd'
make[4]: Entering directory '/home/joelwindows7/sauce/simplified/magic-lantern/modules/file_man'

Building module file_man...
[ README   ]   module_strings.h
[ CC       ]   file_man.o
file_man.c: In function 'format_date_size':
file_man.c:658:15: warning: mismatch in argument 2 type of built-in function 'memmove'; expected 'const void *' [-Wbuiltin-declaration-mismatch]
  658 |         void* memmove(void*, void*, int);
      |               ^~~~~~~
file_man.c:13:1: note: 'memmove' is declared in header '<string.h>'
   12 | #include "file_man.h"
  +++ |+#include <string.h>
   13 |
[ MODULE   ]   file_man.mo
[ STRIP    ]   file_man.mo
[ RM       ]
[ EXPORTS  ]   file_man.sym
00000004 fileman_filetypes
00002214 fileman_register_type
[ DEPENDS  ]   file_man.dep
make[4]: Leaving directory '/home/joelwindows7/sauce/simplified/magic-lantern/modules/file_man'
make[4]: Entering directory '/home/joelwindows7/sauce/simplified/magic-lantern/modules/pic_view'

Building module pic_view...
[ README   ]   module_strings.h
[ CC       ]   pic_view.o
[ MODULE   ]   pic_view.mo
[ STRIP    ]   pic_view.mo
[ RM       ]
[ EXPORTS  ]   pic_view.sym
[ DEPENDS  ]   pic_view.dep
make[4]: Leaving directory '/home/joelwindows7/sauce/simplified/magic-lantern/modules/pic_view'
make[4]: Entering directory '/home/joelwindows7/sauce/simplified/magic-lantern/modules/ettr'

Building module ettr...
[ README   ]   module_strings.h
[ CC       ]   ettr.o
[ MODULE   ]   ettr.mo
[ STRIP    ]   ettr.mo
[ RM       ]
[ EXPORTS  ]   ettr.sym
00003630 auto_ettr_export_correction
0000365c auto_ettr_intervalometer_warning
000036fc auto_ettr_intervalometer_wait
[ DEPENDS  ]   ettr.dep
make[4]: Leaving directory '/home/joelwindows7/sauce/simplified/magic-lantern/modules/ettr'
make[4]: Entering directory '/home/joelwindows7/sauce/simplified/magic-lantern/modules/dual_iso'

Building module dual_iso...
[ README   ]   module_strings.h
Help page 1: Quick start
Help page 2: Tips and tricks
[ CC       ]   dual_iso.o
[ MODULE   ]   dual_iso.mo
[ STRIP    ]   dual_iso.mo
[ RM       ]
[ EXPORTS  ]   dual_iso.sym
00001718 dual_iso_calc_dr_improvement
00001770 dual_iso_set_enabled
00001784 dual_iso_is_enabled
00001794 dual_iso_is_active
000017bc dual_iso_get_dr_improvement
00001964 dual_iso_get_recovery_iso
00001984 dual_iso_set_recovery_iso
[ DEPENDS  ]   dual_iso.dep
make[4]: Leaving directory '/home/joelwindows7/sauce/simplified/magic-lantern/modules/dual_iso'
make[4]: Entering directory '/home/joelwindows7/sauce/simplified/magic-lantern/modules/silent'

Building module silent...
[ README   ]   module_strings.h
[ CC       ]   silent.o
[ MODULE   ]   silent.mo
[ STRIP    ]   silent.mo
[ RM       ]
[ EXPORTS  ]   silent.sym
[ DEPENDS  ]   silent.dep
make[4]: Leaving directory '/home/joelwindows7/sauce/simplified/magic-lantern/modules/silent'
make[4]: Entering directory '/home/joelwindows7/sauce/simplified/magic-lantern/modules/dot_tune'

Building module dot_tune...
[ README   ]   module_strings.h
[ CC       ]   dot_tune.o
[ MODULE   ]   dot_tune.mo
[ STRIP    ]   dot_tune.mo
[ RM       ]
[ EXPORTS  ]   dot_tune.sym
[ DEPENDS  ]   dot_tune.dep
make[4]: Leaving directory '/home/joelwindows7/sauce/simplified/magic-lantern/modules/dot_tune'
make[4]: Entering directory '/home/joelwindows7/sauce/simplified/magic-lantern/modules/autoexpo'

Building module autoexpo...
[ README   ]   module_strings.h
[ CC       ]   autoexpo.o
autoexpo.c: In function 'autoexpo_shoot_task':
autoexpo.c:208:20: warning: suggest parentheses around '&&' within '||' [-Wparentheses]
  208 |         (!lv || lv && autoexpo_lv) &&
      |                 ~~~^~~~~~~~~~~~~~
[ MODULE   ]   autoexpo.mo
[ STRIP    ]   autoexpo.mo
[ RM       ]
[ EXPORTS  ]   autoexpo.sym
[ DEPENDS  ]   autoexpo.dep
make[4]: Leaving directory '/home/joelwindows7/sauce/simplified/magic-lantern/modules/autoexpo'
make[4]: Entering directory '/home/joelwindows7/sauce/simplified/magic-lantern/modules/arkanoid'

Building module arkanoid...
[ README   ]   module_strings.h
[ CC       ]   arkanoid.o
[ MODULE   ]   arkanoid.mo
[ STRIP    ]   arkanoid.mo
[ RM       ]
[ EXPORTS  ]   arkanoid.sym
[ DEPENDS  ]   arkanoid.dep
make[4]: Leaving directory '/home/joelwindows7/sauce/simplified/magic-lantern/modules/arkanoid'
make[4]: Entering directory '/home/joelwindows7/sauce/simplified/magic-lantern/modules/deflick'

Building module deflick...
[ README   ]   module_strings.h
[ CC       ]   deflick.o
deflick.c: In function '__module_prophandler_deflick_0x80020000':
deflick.c:201:17: warning: initialization of 'int *' from incompatible pointer type 'uint32_t *' {aka 'long unsigned int *'} [-Wincompatible-pointer-types]
  201 |     int* data = buf;
      |                 ^~~
[ MODULE   ]   deflick.mo
[ STRIP    ]   deflick.mo
[ RM       ]
[ EXPORTS  ]   deflick.sym
[ DEPENDS  ]   deflick.dep
make[4]: Leaving directory '/home/joelwindows7/sauce/simplified/magic-lantern/modules/deflick'
make[4]: Entering directory '/home/joelwindows7/sauce/simplified/magic-lantern/modules/lua'

Building module lua...
[ README   ]   module_strings.h
[ CC       ]   lua/ml-lua-shim.o
In file included from lua/ml-lua-shim.c:9:
dietlibc/include/unistd.h:72:5: warning: conflicting types for built-in function 'execl'; expected 'int(const char *, const char *, ...)' [-Wbuiltin-declaration-mismatch]
   72 | int execl(const char *path, ...) __THROW;
      |     ^~~~~
dietlibc/include/unistd.h:73:5: warning: conflicting types for built-in function 'execle'; expected 'int(const char *, const char *, ...)' [-Wbuiltin-declaration-mismatch]
   73 | int execle(const char *path, ...) __THROW;
      |     ^~~~~~
dietlibc/include/unistd.h:163:1: warning: ignoring attribute 'pure' because it conflicts with attribute 'const' [-Wattributes]
  163 | size_t getpagesize(void) __THROW __attribute__((__const__,__pure__));
      | ^~~~~~
[ CC       ]   lua/lapi.o
[ CC       ]   lua/lcode.o
[ CC       ]   lua/lctype.o
[ CC       ]   lua/ldebug.o
[ CC       ]   lua/ldo.o
[ CC       ]   lua/ldump.o
[ CC       ]   lua/lfunc.o
[ CC       ]   lua/lgc.o
lua/lgc.c: In function 'freeobj':
lua/lgc.c:691:7: warning: this statement may fall through [-Wimplicit-fallthrough=]
  691 |       luaS_remove(L, gco2ts(o));  /* remove it from hash table */
      |       ^~~~~~~~~~~~~~~~~~~~~~~~~
lua/lgc.c:693:5: note: here
  693 |     case LUA_TLNGSTR: {
      |     ^~~~
[ CC       ]   lua/llex.o
[ CC       ]   lua/lmem.o
[ CC       ]   lua/lobject.o
[ CC       ]   lua/lopcodes.o
[ CC       ]   lua/lparser.o
[ CC       ]   lua/lstate.o
[ CC       ]   lua/lstring.o
[ CC       ]   lua/ltable.o
lua/ltable.c: In function 'luaH_get':
lua/ltable.c:545:23: warning: this statement may fall through [-Wimplicit-fallthrough=]
  545 |     case LUA_TNUMFLT: {
      |                       ^
lua/ltable.c:551:5: note: here
  551 |     default: {
      |     ^~~~~~~
[ CC       ]   lua/ltm.o
[ CC       ]   lua/lundump.o
[ CC       ]   lua/lvm.o
[ CC       ]   lua/lzio.o
[ CC       ]   lua/lauxlib.o
In file included from lua/lauxlib.c:24:
lua/lauxlib.c: In function 'luaL_tolstring':
lua/lua.h:340:27: warning: implicit conversion from 'lua_Number' {aka 'float'} to 'double' when passing argument to function [-Wdouble-promotion]
  340 | #define lua_tonumber(L,i) lua_tonumberx(L,(i),NULL)
      |                           ^~~~~~~~~~~~~~~~~~~~~~~~~
lua/lauxlib.c:755:36: note: in expansion of macro 'lua_tonumber'
  755 |           lua_pushfstring(L, "%f", lua_tonumber(L, idx));
      |                                    ^~~~~~~~~~~~
lua/lauxlib.c: In function 'luaL_checkversion_':
lua/lauxlib.c:970:19: warning: implicit conversion from 'lua_Number' {aka 'float'} to 'double' when passing argument to function [-Wdouble-promotion]
  970 |                   ver, *v);
      |                   ^~~
lua/lauxlib.c:970:24: warning: implicit conversion from 'lua_Number' {aka 'const float'} to 'double' when passing argument to function [-Wdouble-promotion]
  970 |                   ver, *v);
      |                        ^~
[ CC       ]   lua/lbaselib.o
In file included from lua/lbaselib.c:12:
dietlibc/include/ctype.h:9:1: warning: ignoring attribute 'const' in declaration of a built-in function 'isblank' because it conflicts with attribute 'pure' [-Wattributes]
    9 | extern int isblank (int c) __THROW __attribute__ ((__const__));
      | ^~~~~~
<built-in>: note: previous declaration here
dietlibc/include/ctype.h:10:1: warning: ignoring attribute 'const' in declaration of a built-in function 'isalnum' because it conflicts with attribute 'pure' [-Wattributes]
   10 | extern int isalnum (int c) __THROW __attribute__ ((__const__));
      | ^~~~~~
<built-in>: note: previous declaration here
dietlibc/include/ctype.h:11:1: warning: ignoring attribute 'const' in declaration of a built-in function 'isalpha' because it conflicts with attribute 'pure' [-Wattributes]
   11 | extern int isalpha (int c) __THROW __attribute__ ((__const__));
      | ^~~~~~
<built-in>: note: previous declaration here
dietlibc/include/ctype.h:13:1: warning: ignoring attribute 'const' in declaration of a built-in function 'isspace' because it conflicts with attribute 'pure' [-Wattributes]
   13 | extern int isspace (int c) __THROW __attribute__ ((__const__));
      | ^~~~~~
<built-in>: note: previous declaration here
dietlibc/include/ctype.h:15:1: warning: ignoring attribute 'const' in declaration of a built-in function 'isupper' because it conflicts with attribute 'pure' [-Wattributes]
   15 | extern int isupper (int c) __THROW __attribute__ ((__const__));
      | ^~~~~~
<built-in>: note: previous declaration here
dietlibc/include/ctype.h:16:1: warning: ignoring attribute 'const' in declaration of a built-in function 'islower' because it conflicts with attribute 'pure' [-Wattributes]
   16 | extern int islower (int c) __THROW __attribute__ ((__const__));
      | ^~~~~~
<built-in>: note: previous declaration here
dietlibc/include/ctype.h:19:1: warning: ignoring attribute 'const' in declaration of a built-in function 'tolower' because it conflicts with attribute 'pure' [-Wattributes]
   19 | extern int tolower(int c) __THROW __attribute__ ((__const__));
      | ^~~~~~
<built-in>: note: previous declaration here
dietlibc/include/ctype.h:20:1: warning: ignoring attribute 'const' in declaration of a built-in function 'toupper' because it conflicts with attribute 'pure' [-Wattributes]
   20 | extern int toupper(int c) __THROW __attribute__ ((__const__));
      | ^~~~~~
<built-in>: note: previous declaration here
dietlibc/include/ctype.h:22:1: warning: ignoring attribute 'const' in declaration of a built-in function 'isprint' because it conflicts with attribute 'pure' [-Wattributes]
   22 | extern int isprint(int c) __THROW __attribute__ ((__const__));
      | ^~~~~~
<built-in>: note: previous declaration here
dietlibc/include/ctype.h:23:1: warning: ignoring attribute 'const' in declaration of a built-in function 'ispunct' because it conflicts with attribute 'pure' [-Wattributes]
   23 | extern int ispunct(int c) __THROW __attribute__ ((__const__));
      | ^~~~~~
<built-in>: note: previous declaration here
dietlibc/include/ctype.h:24:1: warning: ignoring attribute 'const' in declaration of a built-in function 'iscntrl' because it conflicts with attribute 'pure' [-Wattributes]
   24 | extern int iscntrl(int c) __THROW __attribute__ ((__const__));
      | ^~~~~~
<built-in>: note: previous declaration here
dietlibc/include/ctype.h:29:1: warning: ignoring attribute 'const' in declaration of a built-in function 'isgraph' because it conflicts with attribute 'pure' [-Wattributes]
   29 | extern int isgraph(int c) __THROW __attribute__ ((__const__));
      | ^~~~~~
<built-in>: note: previous declaration here
[ CC       ]   lua/lbitlib.o
[ CC       ]   lua/lcorolib.o
[ CC       ]   lua/ldblib.o
[ CC       ]   lua/liolib.o
In file included from lua/liolib.c:13:
dietlibc/include/ctype.h:9:1: warning: ignoring attribute 'const' in declaration of a built-in function 'isblank' because it conflicts with attribute 'pure' [-Wattributes]
    9 | extern int isblank (int c) __THROW __attribute__ ((__const__));
      | ^~~~~~
<built-in>: note: previous declaration here
dietlibc/include/ctype.h:10:1: warning: ignoring attribute 'const' in declaration of a built-in function 'isalnum' because it conflicts with attribute 'pure' [-Wattributes]
   10 | extern int isalnum (int c) __THROW __attribute__ ((__const__));
      | ^~~~~~
<built-in>: note: previous declaration here
dietlibc/include/ctype.h:11:1: warning: ignoring attribute 'const' in declaration of a built-in function 'isalpha' because it conflicts with attribute 'pure' [-Wattributes]
   11 | extern int isalpha (int c) __THROW __attribute__ ((__const__));
      | ^~~~~~
<built-in>: note: previous declaration here
dietlibc/include/ctype.h:13:1: warning: ignoring attribute 'const' in declaration of a built-in function 'isspace' because it conflicts with attribute 'pure' [-Wattributes]
   13 | extern int isspace (int c) __THROW __attribute__ ((__const__));
      | ^~~~~~
<built-in>: note: previous declaration here
dietlibc/include/ctype.h:15:1: warning: ignoring attribute 'const' in declaration of a built-in function 'isupper' because it conflicts with attribute 'pure' [-Wattributes]
   15 | extern int isupper (int c) __THROW __attribute__ ((__const__));
      | ^~~~~~
<built-in>: note: previous declaration here
dietlibc/include/ctype.h:16:1: warning: ignoring attribute 'const' in declaration of a built-in function 'islower' because it conflicts with attribute 'pure' [-Wattributes]
   16 | extern int islower (int c) __THROW __attribute__ ((__const__));
      | ^~~~~~
<built-in>: note: previous declaration here
dietlibc/include/ctype.h:19:1: warning: ignoring attribute 'const' in declaration of a built-in function 'tolower' because it conflicts with attribute 'pure' [-Wattributes]
   19 | extern int tolower(int c) __THROW __attribute__ ((__const__));
      | ^~~~~~
<built-in>: note: previous declaration here
dietlibc/include/ctype.h:20:1: warning: ignoring attribute 'const' in declaration of a built-in function 'toupper' because it conflicts with attribute 'pure' [-Wattributes]
   20 | extern int toupper(int c) __THROW __attribute__ ((__const__));
      | ^~~~~~
<built-in>: note: previous declaration here
dietlibc/include/ctype.h:22:1: warning: ignoring attribute 'const' in declaration of a built-in function 'isprint' because it conflicts with attribute 'pure' [-Wattributes]
   22 | extern int isprint(int c) __THROW __attribute__ ((__const__));
      | ^~~~~~
<built-in>: note: previous declaration here
dietlibc/include/ctype.h:23:1: warning: ignoring attribute 'const' in declaration of a built-in function 'ispunct' because it conflicts with attribute 'pure' [-Wattributes]
   23 | extern int ispunct(int c) __THROW __attribute__ ((__const__));
      | ^~~~~~
<built-in>: note: previous declaration here
dietlibc/include/ctype.h:24:1: warning: ignoring attribute 'const' in declaration of a built-in function 'iscntrl' because it conflicts with attribute 'pure' [-Wattributes]
   24 | extern int iscntrl(int c) __THROW __attribute__ ((__const__));
      | ^~~~~~
<built-in>: note: previous declaration here
dietlibc/include/ctype.h:29:1: warning: ignoring attribute 'const' in declaration of a built-in function 'isgraph' because it conflicts with attribute 'pure' [-Wattributes]
   29 | extern int isgraph(int c) __THROW __attribute__ ((__const__));
      | ^~~~~~
<built-in>: note: previous declaration here
In file included from lua/liolib.c:20:
lua/liolib.c: In function 'g_write':
lua/lua.h:340:27: warning: implicit conversion from 'lua_Number' {aka 'float'} to 'double' when passing argument to function [-Wdouble-promotion]
  340 | #define lua_tonumber(L,i) lua_tonumberx(L,(i),NULL)
      |                           ^~~~~~~~~~~~~~~~~~~~~~~~~
lua/liolib.c:611:46: note: in expansion of macro 'lua_tonumber'
  611 |                 : fprintf(f, LUA_NUMBER_FMT, lua_tonumber(L, arg));
      |                                              ^~~~~~~~~~~~
[ CC       ]   lua/lmathlib.o
lua/lmathlib.c: In function 'math_random':
lua/lmathlib.c:243:59: warning: implicit conversion from 'float' to 'double' to match other operand of binary expression [-Wdouble-promotion]
  243 |   double r = (double)l_rand() * (1.0 / ((double)L_RANDMAX + 1.0));
      |                                                           ^
lua/lmathlib.c:243:38: warning: implicit conversion from 'float' to 'double' to match other operand of binary expression [-Wdouble-promotion]
  243 |   double r = (double)l_rand() * (1.0 / ((double)L_RANDMAX + 1.0));
      |                                      ^
lua/lmathlib.c:265:27: warning: implicit conversion from 'float' to 'double' to match other operand of binary expression [-Wdouble-promotion]
  265 |   r *= (double)(up - low) + 1.0;
      |                           ^
[ CC       ]   lua/lstrlib.o
In file included from lua/lstrlib.c:13:
dietlibc/include/ctype.h:9:1: warning: ignoring attribute 'const' in declaration of a built-in function 'isblank' because it conflicts with attribute 'pure' [-Wattributes]
    9 | extern int isblank (int c) __THROW __attribute__ ((__const__));
      | ^~~~~~
<built-in>: note: previous declaration here
dietlibc/include/ctype.h:10:1: warning: ignoring attribute 'const' in declaration of a built-in function 'isalnum' because it conflicts with attribute 'pure' [-Wattributes]
   10 | extern int isalnum (int c) __THROW __attribute__ ((__const__));
      | ^~~~~~
<built-in>: note: previous declaration here
dietlibc/include/ctype.h:11:1: warning: ignoring attribute 'const' in declaration of a built-in function 'isalpha' because it conflicts with attribute 'pure' [-Wattributes]
   11 | extern int isalpha (int c) __THROW __attribute__ ((__const__));
      | ^~~~~~
<built-in>: note: previous declaration here
dietlibc/include/ctype.h:13:1: warning: ignoring attribute 'const' in declaration of a built-in function 'isspace' because it conflicts with attribute 'pure' [-Wattributes]
   13 | extern int isspace (int c) __THROW __attribute__ ((__const__));
      | ^~~~~~
<built-in>: note: previous declaration here
dietlibc/include/ctype.h:15:1: warning: ignoring attribute 'const' in declaration of a built-in function 'isupper' because it conflicts with attribute 'pure' [-Wattributes]
   15 | extern int isupper (int c) __THROW __attribute__ ((__const__));
      | ^~~~~~
<built-in>: note: previous declaration here
dietlibc/include/ctype.h:16:1: warning: ignoring attribute 'const' in declaration of a built-in function 'islower' because it conflicts with attribute 'pure' [-Wattributes]
   16 | extern int islower (int c) __THROW __attribute__ ((__const__));
      | ^~~~~~
<built-in>: note: previous declaration here
dietlibc/include/ctype.h:19:1: warning: ignoring attribute 'const' in declaration of a built-in function 'tolower' because it conflicts with attribute 'pure' [-Wattributes]
   19 | extern int tolower(int c) __THROW __attribute__ ((__const__));
      | ^~~~~~
<built-in>: note: previous declaration here
dietlibc/include/ctype.h:20:1: warning: ignoring attribute 'const' in declaration of a built-in function 'toupper' because it conflicts with attribute 'pure' [-Wattributes]
   20 | extern int toupper(int c) __THROW __attribute__ ((__const__));
      | ^~~~~~
<built-in>: note: previous declaration here
dietlibc/include/ctype.h:22:1: warning: ignoring attribute 'const' in declaration of a built-in function 'isprint' because it conflicts with attribute 'pure' [-Wattributes]
   22 | extern int isprint(int c) __THROW __attribute__ ((__const__));
      | ^~~~~~
<built-in>: note: previous declaration here
dietlibc/include/ctype.h:23:1: warning: ignoring attribute 'const' in declaration of a built-in function 'ispunct' because it conflicts with attribute 'pure' [-Wattributes]
   23 | extern int ispunct(int c) __THROW __attribute__ ((__const__));
      | ^~~~~~
<built-in>: note: previous declaration here
dietlibc/include/ctype.h:24:1: warning: ignoring attribute 'const' in declaration of a built-in function 'iscntrl' because it conflicts with attribute 'pure' [-Wattributes]
   24 | extern int iscntrl(int c) __THROW __attribute__ ((__const__));
      | ^~~~~~
<built-in>: note: previous declaration here
dietlibc/include/ctype.h:29:1: warning: ignoring attribute 'const' in declaration of a built-in function 'isgraph' because it conflicts with attribute 'pure' [-Wattributes]
   29 | extern int isgraph(int c) __THROW __attribute__ ((__const__));
      | ^~~~~~
<built-in>: note: previous declaration here
lua/lstrlib.c: In function 'str_format':
lua/lstrlib.c:910:44: warning: implicit conversion from 'lua_Number' {aka 'float'} to 'double' when passing argument to function [-Wdouble-promotion]
  910 |           nb = snprintf(buff, 65536, form, luaL_checknumber(L, arg));
      |                                            ^~~~~~~~~~~~~~~~~~~~~~~~
In file included from lua/lstrlib.c:22:
lua/lstrlib.c: In function 'str_pack':
lua/lauxlib.h:151:22: warning: this statement may fall through [-Wimplicit-fallthrough=]
  151 |    ((B)->b[(B)->n++] = (c)))
      |    ~~~~~~~~~~~~~~~~~~^~~~~~
lua/lstrlib.c:1252:22: note: in expansion of macro 'luaL_addchar'
 1252 |       case Kpadding: luaL_addchar(&b, LUA_PACKPADBYTE);  /* go through */
      |                      ^~~~~~~~~~~~
lua/lstrlib.c:1253:7: note: here
 1253 |       case Kpaddalign: case Knop:
      |       ^~~~
lua/lstrlib.c: In function 'match':
lua/lstrlib.c:501:16: warning: this statement may fall through [-Wimplicit-fallthrough=]
  501 |               s++;  /* 1 match already done */
      |               ~^~
lua/lstrlib.c:503:13: note: here
  503 |             case '*':  /* 0 or more repetitions */
      |             ^~~~
[ CC       ]   lua/ltablib.o
[ CC       ]   lua/lutf8lib.o
[ CC       ]   lua/loadlib.o
[ CC       ]   lua/linit.o
[ CC       ]   lua_globals.o
[ CC       ]   lua_console.o
[ CC       ]   lua_camera.o
[ CC       ]   lua_lv.o
[ CC       ]   lua_lens.o
[ CC       ]   lua_movie.o
[ CC       ]   lua_display.o
[ CC       ]   lua_key.o
[ CC       ]   lua_menu.o
[ CC       ]   lua_dryos.o
lua_dryos.c: In function 'luaCB_dryos_call':
lua_dryos.c:169:38: warning: implicit conversion from 'float' to 'double' when passing argument to function [-Wdouble-promotion]
  169 |         result = call(function_name, arg);
      |                                      ^~~
[ CC       ]   lua_interval.o
[ CC       ]   lua_battery.o
[ CC       ]   lua_task.o
[ CC       ]   lua_property.o
[ CC       ]   lua_constants.o
[ CC       ]   lua.o
[ AR       ]   fopen.o
[ AR       ]   dietlibc.a
[ CC       ]   umm_malloc/umm_malloc.o
[ MODULE   ]   lua.mo
arm-none-eabi-ld: lua/lauxlib.o: in function `panic':
/home/joelwindows7/sauce/simplified/magic-lantern/modules/lua/lua/lauxlib.c:952: warning: warning: your code uses stdio (7+k bloat).
arm-none-eabi-ld: dietlibc.a(vfprintf.o): in function `vfprintf':
vfprintf.c:(.text+0x34): warning: warning: the printf functions add several kilobytes of bloat.
[ STRIP    ]   lua.mo
[ RM       ]
[ STRIP    ]   lua.sym
[ STRIP    ]   lua.sym
[ RM       ]   localsyms
[ EXPORTS  ]   lua.sym
[ DEPENDS  ]   lua.dep
make[4]: Leaving directory '/home/joelwindows7/sauce/simplified/magic-lantern/modules/lua'
make[4]: Entering directory '/home/joelwindows7/sauce/simplified/magic-lantern/modules/bench'

Building module bench...
[ README   ]   module_strings.h
[ CC       ]   bench.o
In file included from bench.c:23:
mem_bench.c: In function 'mem_benchmark_task':
mem_bench.c:228:60: warning: cast between incompatible function types from 'void * (*)(void *, const void *, size_t)' {aka 'void * (*)(void *, const void *, unsigned int)'} to 'void (*)(int,  int,  int,  int)' [-Wcast-function-type]
  228 |     mem_benchmark_run("memcpy cacheable    ", &y, bufsize, (mem_bench_fun)memcpy,
      |                                                            ^
mem_bench.c:230:60: warning: cast between incompatible function types from 'void * (*)(void *, const void *, size_t)' {aka 'void * (*)(void *, const void *, unsigned int)'} to 'void (*)(int,  int,  int,  int)' [-Wcast-function-type]
  230 |     mem_benchmark_run("memcpy uncacheable  ", &y, bufsize, (mem_bench_fun)memcpy,
      |                                                            ^
mem_bench.c:232:60: warning: cast between incompatible function types from 'void * (*)(void *, void *, size_t)' {aka 'void * (*)(void *, void *, unsigned int)'} to 'void (*)(int,  int,  int,  int)' [-Wcast-function-type]
  232 |     mem_benchmark_run("memcpy64 cacheable  ", &y, bufsize, (mem_bench_fun)memcpy64,
      |                                                            ^
mem_bench.c:234:60: warning: cast between incompatible function types from 'void * (*)(void *, void *, size_t)' {aka 'void * (*)(void *, void *, unsigned int)'} to 'void (*)(int,  int,  int,  int)' [-Wcast-function-type]
  234 |     mem_benchmark_run("memcpy64 uncacheable", &y, bufsize, (mem_bench_fun)memcpy64,
      |                                                            ^
mem_bench.c:239:64: warning: cast between incompatible function types from 'void * (*)(void *, void *, size_t)' {aka 'void * (*)(void *, void *, unsigned int)'} to 'void (*)(int,  int,  int,  int)' [-Wcast-function-type]
  239 |         mem_benchmark_run("dma_memcpy cacheable", &y, bufsize, (mem_bench_fun)dma_memcpy,
      |                                                                ^
mem_bench.c:241:64: warning: cast between incompatible function types from 'void * (*)(void *, void *, size_t)' {aka 'void * (*)(void *, void *, unsigned int)'} to 'void (*)(int,  int,  int,  int)' [-Wcast-function-type]
  241 |         mem_benchmark_run("dma_memcpy uncacheab", &y, bufsize, (mem_bench_fun)dma_memcpy,
      |                                                                ^
mem_bench.c:247:64: warning: cast between incompatible function types from 'void * (*)(void *, void *, size_t)' {aka 'void * (*)(void *, void *, unsigned int)'} to 'void (*)(int,  int,  int,  int)' [-Wcast-function-type]
  247 |         mem_benchmark_run("edmac_memcpy        ", &y, bufsize, (mem_bench_fun)edmac_memcpy,
      |                                                                ^
mem_bench.c:253:60: warning: cast between incompatible function types from 'void * (*)(void *, int,  size_t)' {aka 'void * (*)(void *, int,  unsigned int)'} to 'void (*)(int,  int,  int,  int)' [-Wcast-function-type]
  253 |     mem_benchmark_run("memset cacheable    ", &y, bufsize, (mem_bench_fun)memset,
      |                                                            ^
mem_bench.c:255:60: warning: cast between incompatible function types from 'void * (*)(void *, int,  size_t)' {aka 'void * (*)(void *, int,  unsigned int)'} to 'void (*)(int,  int,  int,  int)' [-Wcast-function-type]
  255 |     mem_benchmark_run("memset uncacheable  ", &y, bufsize, (mem_bench_fun)memset,
      |                                                            ^
mem_bench.c:257:60: warning: cast between incompatible function types from 'void * (*)(void *, int,  size_t)' {aka 'void * (*)(void *, int,  unsigned int)'} to 'void (*)(int,  int,  int,  int)' [-Wcast-function-type]
  257 |     mem_benchmark_run("memset64 cacheable  ", &y, bufsize, (mem_bench_fun)memset64,
      |                                                            ^
mem_bench.c:259:60: warning: cast between incompatible function types from 'void * (*)(void *, int,  size_t)' {aka 'void * (*)(void *, int,  unsigned int)'} to 'void (*)(int,  int,  int,  int)' [-Wcast-function-type]
  259 |     mem_benchmark_run("memset64 uncacheable", &y, bufsize, (mem_bench_fun)memset64,
      |                                                            ^
mem_bench.c:261:60: warning: cast between incompatible function types from 'uint32_t (*)(uint32_t *, uint32_t)' {aka 'long unsigned int (*)(long unsigned int *, long unsigned int)'} to 'void (*)(int,  int,  int,  int)' [-Wcast-function-typ
]
  261 |     mem_benchmark_run("read32 cacheable    ", &y, bufsize, (mem_bench_fun)mem_test_read32,
      |                                                            ^
mem_bench.c:263:60: warning: cast between incompatible function types from 'uint32_t (*)(uint32_t *, uint32_t)' {aka 'long unsigned int (*)(long unsigned int *, long unsigned int)'} to 'void (*)(int,  int,  int,  int)' [-Wcast-function-typ
]
  263 |     mem_benchmark_run("read32 uncacheable  ", &y, bufsize, (mem_bench_fun)mem_test_read32,
      |                                                            ^
mem_bench.c:265:60: warning: cast between incompatible function types from 'uint64_t (*)(uint64_t *, uint32_t)' {aka 'long long unsigned int (*)(long long unsigned int *, long unsigned int)'} to 'void (*)(int,  int,  int,  int)' [-Wcast-function-type]
  265 |     mem_benchmark_run("read64 cacheable    ", &y, bufsize, (mem_bench_fun)mem_test_read64,
      |                                                            ^
mem_bench.c:267:60: warning: cast between incompatible function types from 'uint64_t (*)(uint64_t *, uint32_t)' {aka 'long long unsigned int (*)(long long unsigned int *, long unsigned int)'} to 'void (*)(int,  int,  int,  int)' [-Wcast-function-type]
  267 |     mem_benchmark_run("read64 uncacheable  ", &y, bufsize, (mem_bench_fun)mem_test_read64,
      |                                                            ^
In file included from bench.c:24:
mem_perf.c: In function 'mem_perf_test':
mem_perf.c:112:39: warning: implicit conversion from 'float' to 'double' when passing argument to function [-Wdouble-promotion]
  112 |             plot_add(coll, block_size / 1024.0f, speed);
      |                            ~~~~~~~~~~~^~~~~~~~~
mem_perf.c:112:50: warning: implicit conversion from 'float' to 'double' when passing argument to function [-Wdouble-promotion]
  112 |             plot_add(coll, block_size / 1024.0f, speed);
      |                                                  ^~~~~
[ MODULE   ]   bench.mo
[ STRIP    ]   bench.mo
[ RM       ]
[ EXPORTS  ]   bench.sym
[ DEPENDS  ]   bench.dep
make[4]: Leaving directory '/home/joelwindows7/sauce/simplified/magic-lantern/modules/bench'
make[4]: Entering directory '/home/joelwindows7/sauce/simplified/magic-lantern/modules/selftest'

Building module selftest...
[ README   ]   module_strings.h
[ CC       ]   selftest.o
[ MODULE   ]   selftest.mo
[ STRIP    ]   selftest.mo
[ RM       ]
[ EXPORTS  ]   selftest.sym
[ DEPENDS  ]   selftest.dep
make[4]: Leaving directory '/home/joelwindows7/sauce/simplified/magic-lantern/modules/selftest'
make[4]: Entering directory '/home/joelwindows7/sauce/simplified/magic-lantern/modules/adv_int'

Building module adv_int...
[ README   ]   module_strings.h
Help page 1: Usage
Help page 2: Exposure ramping
Help page 3: Focus ramping
Help page 4: Misc notes
Help page 5: AutoETTR compatibility
[ CC       ]   adv_int.o
[ MODULE   ]   adv_int.mo
[ STRIP    ]   adv_int.mo
[ RM       ]
[ EXPORTS  ]   adv_int.sym
[ DEPENDS  ]   adv_int.dep
make[4]: Leaving directory '/home/joelwindows7/sauce/simplified/magic-lantern/modules/adv_int'
make[4]: Entering directory '/home/joelwindows7/sauce/simplified/magic-lantern/modules/edmac'

Building module edmac...
[ README   ]   module_strings.h
[ CC       ]   edmac.o
[ CC       ]   edmac_util.o
[ CC       ]   edmac_test.o
[ CC       ]   md5.o
[ MODULE   ]   edmac.mo
[ STRIP    ]   edmac.mo
[ RM       ]
[ STRIP    ]   edmac.sym
[ STRIP    ]   edmac.sym
[ RM       ]   localsyms
[ EXPORTS  ]   edmac.sym
00001bb0 edmac_format_size
[ DEPENDS  ]   edmac.dep
make[4]: Leaving directory '/home/joelwindows7/sauce/simplified/magic-lantern/modules/edmac'
make[3]: Leaving directory '/home/joelwindows7/sauce/simplified/magic-lantern/modules'
make[2]: Leaving directory '/home/joelwindows7/sauce/simplified/magic-lantern/modules'
make -C ../../modules install
make[2]: Entering directory '/home/joelwindows7/sauce/simplified/magic-lantern/modules'
make[3]: Entering directory '/home/joelwindows7/sauce/simplified/magic-lantern/modules'
make[4]: Entering directory '/home/joelwindows7/sauce/simplified/magic-lantern/modules/mlv_lite'

Building module mlv_lite...
[ MODULE   ]   mlv_lite.mo
[ STRIP    ]   mlv_lite.mo
[ RM       ]
[ EXPORTS  ]   mlv_lite.sym
00000018 raw_movie_filename
00000170 raw_video_enabled
00000764 raw_rec_trace_ctx
00004b48 mlv_prng_lfsr
00004b7c mlv_generate_guid
00004c00 mlv_set_type
00004c10 mlv_init_fileheader
00004c5c mlv_set_timestamp
00004cc4 mlv_fill_lens
00004dc8 mlv_fill_wbal
00004ef0 mlv_fill_styl
00005024 mlv_fill_expo
00005178 mlv_fill_rtci
000052c4 mlv_fill_idnt
000053a0 mlv_build_vers
0000546c mlv_write_vers_blocks
[ DEPENDS  ]   mlv_lite.dep
make[4]: Leaving directory '/home/joelwindows7/sauce/simplified/magic-lantern/modules/mlv_lite'
make[4]: Entering directory '/home/joelwindows7/sauce/simplified/magic-lantern/modules/mlv_play'

Building module mlv_play...
make[4]: Leaving directory '/home/joelwindows7/sauce/simplified/magic-lantern/modules/mlv_play'
make[4]: Entering directory '/home/joelwindows7/sauce/simplified/magic-lantern/modules/mlv_rec'

Building module mlv_rec...
make[4]: Leaving directory '/home/joelwindows7/sauce/simplified/magic-lantern/modules/mlv_rec'
make[4]: Entering directory '/home/joelwindows7/sauce/simplified/magic-lantern/modules/mlv_snd'

Building module mlv_snd...
make[4]: Leaving directory '/home/joelwindows7/sauce/simplified/magic-lantern/modules/mlv_snd'
make[4]: Entering directory '/home/joelwindows7/sauce/simplified/magic-lantern/modules/file_man'

Building module file_man...
make[4]: Leaving directory '/home/joelwindows7/sauce/simplified/magic-lantern/modules/file_man'
make[4]: Entering directory '/home/joelwindows7/sauce/simplified/magic-lantern/modules/pic_view'

Building module pic_view...
make[4]: Leaving directory '/home/joelwindows7/sauce/simplified/magic-lantern/modules/pic_view'
make[4]: Entering directory '/home/joelwindows7/sauce/simplified/magic-lantern/modules/ettr'

Building module ettr...
make[4]: Leaving directory '/home/joelwindows7/sauce/simplified/magic-lantern/modules/ettr'
make[4]: Entering directory '/home/joelwindows7/sauce/simplified/magic-lantern/modules/dual_iso'

Building module dual_iso...
make[4]: Leaving directory '/home/joelwindows7/sauce/simplified/magic-lantern/modules/dual_iso'
make[4]: Entering directory '/home/joelwindows7/sauce/simplified/magic-lantern/modules/silent'

Building module silent...
make[4]: Leaving directory '/home/joelwindows7/sauce/simplified/magic-lantern/modules/silent'
make[4]: Entering directory '/home/joelwindows7/sauce/simplified/magic-lantern/modules/dot_tune'

Building module dot_tune...
make[4]: Leaving directory '/home/joelwindows7/sauce/simplified/magic-lantern/modules/dot_tune'
make[4]: Entering directory '/home/joelwindows7/sauce/simplified/magic-lantern/modules/autoexpo'

Building module autoexpo...
make[4]: Leaving directory '/home/joelwindows7/sauce/simplified/magic-lantern/modules/autoexpo'
make[4]: Entering directory '/home/joelwindows7/sauce/simplified/magic-lantern/modules/arkanoid'

Building module arkanoid...
make[4]: Leaving directory '/home/joelwindows7/sauce/simplified/magic-lantern/modules/arkanoid'
make[4]: Entering directory '/home/joelwindows7/sauce/simplified/magic-lantern/modules/deflick'

Building module deflick...
make[4]: Leaving directory '/home/joelwindows7/sauce/simplified/magic-lantern/modules/deflick'
make[4]: Entering directory '/home/joelwindows7/sauce/simplified/magic-lantern/modules/lua'

Building module lua...
make[4]: Leaving directory '/home/joelwindows7/sauce/simplified/magic-lantern/modules/lua'
make[4]: Entering directory '/home/joelwindows7/sauce/simplified/magic-lantern/modules/bench'

Building module bench...
make[4]: Leaving directory '/home/joelwindows7/sauce/simplified/magic-lantern/modules/bench'
make[4]: Entering directory '/home/joelwindows7/sauce/simplified/magic-lantern/modules/selftest'

Building module selftest...
make[4]: Leaving directory '/home/joelwindows7/sauce/simplified/magic-lantern/modules/selftest'
make[4]: Entering directory '/home/joelwindows7/sauce/simplified/magic-lantern/modules/adv_int'

Building module adv_int...
make[4]: Leaving directory '/home/joelwindows7/sauce/simplified/magic-lantern/modules/adv_int'
make[4]: Entering directory '/home/joelwindows7/sauce/simplified/magic-lantern/modules/edmac'

Building module edmac...
make[4]: Leaving directory '/home/joelwindows7/sauce/simplified/magic-lantern/modules/edmac'
make[3]: Leaving directory '/home/joelwindows7/sauce/simplified/magic-lantern/modules'
[ MKDIR    ]   ML directory structure...
python3 copy_modules_with_satisfied_deps.py /home/joelwindows7/sauce/simplified/magic-lantern/platform/200D.101/zip/ML/modules mlv_lite mlv_play mlv_rec mlv_snd file_man pic_view ettr dual_iso silent dot_tune autoexpo arkanoid deflick lua bench selftest adv_int edmac
These modules cannot be included (not possible to meet listed deps):
bench
        icache_unlock
        dcache_unlock
deflick
        raw_hist_get_percentile_level
edmac
        dmaConnection
        edmac_read_chan
        edmac_find_divider
        edmac_write_chan
mlv_lite
        raw_lv_settings_still_valid
        raw_lv_redirect_edmac
        edmac_memcpy_res_unlock
        focus_box_get_raw_crop_offset
        edmac_copy_rectangle_adv_cleanup
        get_picstyle_name
        edmac_copy_rectangle_cbr_start
        raw_lv_request
        edmac_memcpy_res_lock
        raw_lv_release
mlv_rec
        raw_lv_settings_still_valid
        edmac_memcpy_res_unlock
        focus_box_get_raw_crop_offset
        edmac_copy_rectangle_adv_cleanup
        get_picstyle_name
        edmac_copy_rectangle_cbr_start
        cache_fake
        raw_lv_request
        edmac_memcpy_res_lock
        raw_lv_release
lua
        set_interval_time
        get_interval_count
        get_interval_time
adv_int
        iso_toggle
        shutter_toggle
        aperture_toggle
        get_interval_count
silent
        raw_lv_settings_still_valid
        raw_lv_redirect_edmac
        get_interval_count
        get_interval_time
        raw_lv_request
        raw_lv_release
selftest
        edmac_copy_rectangle_finish
        edmac_copy_rectangle_adv_start
        edmac_write_chan
        bv_toggle
        edmac_copy_rectangle_adv
        edmac_memcpy_finish
        edmac_memcpy
        edmac_memcpy_start
        edmac_memcpy_res_lock
mlv_snd
        StartASIFDMAADC
        SetNextASIFADCBuffer
        SetSamplingRate
autoexpo
        get_ae_state
        get_bv
ettr
        expo_override_active
        expo_lock_update_value
        bv_auto
        raw_hist_get_overexposure_percentage
        get_interval_time
        bv_toggle
        raw_hist_get_percentile_levels
dot_tune
        get_afma
        get_afma_max
        get_afma_mode
        set_afma
        get_config_afma_wide_tele
        set_afma_mode

These modules will not be included (deps not solved):

These modules will be included (deps met):
mlv_play
file_man
pic_view
arkanoid
dual_iso
make[2]: Leaving directory '/home/joelwindows7/sauce/simplified/magic-lantern/modules'
make[1]: Leaving directory '/home/joelwindows7/sauce/simplified/magic-lantern/platform/200D.101'

installer_check: no installer for 200D.101.

mkdir -p /home/joelwindows7/sauce/simplified/magic-lantern/platform/200D.101/zip/ML/doc
cp -v ../../doc/cam/* /home/joelwindows7/sauce/simplified/magic-lantern/platform/200D.101/zip/ML/doc
cp: cannot stat '../../doc/cam/*': No such file or directory
make: [../../Makefile.inc:63: installdoc] Error 1 (ignored)
cp ../../doc/README.user /home/joelwindows7/sauce/simplified/magic-lantern/platform/200D.101/zip/ML/README
cp ../../doc/INSTALL.pdf /home/joelwindows7/sauce/simplified/magic-lantern/platform/200D.101/zip || echo "warning Unable to copy INSTALL.pdf"
cp: cannot stat '../../doc/INSTALL.pdf': No such file or directory
warning Unable to copy INSTALL.pdf
cp ../../doc/UserGuide.pdf /home/joelwindows7/sauce/simplified/magic-lantern/platform/200D.101/zip || echo "warning Unable to copy UserGuide.pdf"
cp: cannot stat '../../doc/UserGuide.pdf': No such file or directory
warning Unable to copy UserGuide.pdf
cp ../../src/logo.bmp /home/joelwindows7/sauce/simplified/magic-lantern/platform/200D.101/zip/ML/docs || echo "warning Unable to copy logo.bmp"
[ RM       ]   magiclantern-Nightly.2022Nov19.200D101.zip
chmod -x /home/joelwindows7/sauce/simplified/magic-lantern/platform/200D.101/zip/autoexec.bin
cd /home/joelwindows7/sauce/simplified/magic-lantern/platform/200D.101/zip; zip -z ../magiclantern-Nightly.2022Nov19.200D101.zip < \
        ../../../src/zip.txt -r .
  adding: ML/ (stored 0%)
  adding: ML/fonts/ (stored 0%)
  adding: ML/fonts/argnor23.rbf (deflated 84%)
  adding: ML/fonts/argnor32.rbf (deflated 86%)
  adding: ML/fonts/term20.rbf (deflated 80%)
  adding: ML/fonts/argnor28.rbf (deflated 84%)
  adding: ML/fonts/arghlf22.rbf (deflated 90%)
  adding: ML/fonts/term12.rbf (deflated 64%)
  adding: ML/README (deflated 61%)
  adding: ML/cropmks/ (stored 0%)
  adding: ML/cropmks/CineSco2.bmp (deflated 87%)
  adding: ML/cropmks/Passport.bmp (deflated 72%)
  adding: ML/cropmks/CrssMtr2.bmp (deflated 94%)
  adding: ML/cropmks/PhiPhoto.bmp (deflated 62%)
  adding: ML/cropmks/PhiVideo.bmp (deflated 68%)
  adding: ML/modules/ (stored 0%)
  adding: ML/modules/arkanoid.mo (deflated 52%)
  adding: ML/modules/mlv_play.mo (deflated 62%)
  adding: ML/modules/200D_101.sym (deflated 64%)
  adding: ML/modules/dual_iso.mo (deflated 51%)
  adding: ML/modules/file_man.mo (deflated 53%)
  adding: ML/modules/pic_view.mo (deflated 48%)
  adding: ML/docs (deflated 94%)
  adding: ML/scripts/ (stored 0%)
  adding: ML/scripts/api_test.lua (deflated 79%)
  adding: ML/scripts/calc.lua (deflated 69%)
  adding: ML/scripts/menutest.lua (deflated 76%)
  adding: ML/scripts/recdelay.lua (deflated 73%)
  adding: ML/scripts/copy2m.lua (deflated 67%)
  adding: ML/scripts/hello.lua (deflated 27%)
  adding: ML/scripts/unload.lua (deflated 54%)
  adding: ML/scripts/scrnshot.lua (deflated 47%)
  adding: ML/scripts/pong.lua (deflated 73%)
  adding: ML/scripts/lib/ (stored 0%)
  adding: ML/scripts/lib/logger.lua (deflated 70%)
  adding: ML/scripts/lib/strict.lua (deflated 54%)
  adding: ML/scripts/lib/config.lua (deflated 69%)
  adding: ML/scripts/lib/keys.lua (deflated 66%)
  adding: ML/scripts/editor.lua (deflated 82%)
  adding: ML/scripts/sokoban.lua (deflated 73%)
  adding: ML/data/ (stored 0%)
  adding: ML/data/apsc8r.lut (deflated 7%)
  adding: ML/data/ff8p.lut (deflated 17%)
  adding: ML/data/apsc8p.lut (deflated 17%)
  adding: ML/data/ff8r.lut (deflated 11%)
  adding: ML/doc/ (stored 0%)
  adding: autoexec.bin (deflated 43%)
enter new zip file comment (end with .):
[ RM dir   ]   /home/joelwindows7/sauce/simplified/magic-lantern/platform/200D.101/zip/

Program Headers:
  Type           Offset   VirtAddr   PhysAddr   FileSiz MemSiz  Flg Align
  LOAD           0x000100 0x001b7600 0x001b7600 0x3a848 0x46dec RWE 0x100



Tip: to compile faster, try one of these:
    make -j12
    export MAKEFLAGS='-j12'